============================== 
Run at 20251001 23:49:27 
============================== 
C:\Users\Administrator\AppData\Local\Programs\Python\Python313\python.exe: can't find '__main__' module in 'C:\\KSS'
 
============================== 
Run at 20251001 23:50:08 
============================== 
C:\KSS Working\venv\Scripts\python.exe: can't find '__main__' module in 'C:\\KSS'
 
============================== 
Run at 20251001 23:50:26 
============================== 
C:\KSS Working\venv\Scripts\python.exe: can't find '__main__' module in 'C:\\KSS'
 
============================== 
Run at 20251001 23:57:44 
============================== 
Traceback (most recent call last):
  File "C:\KSS_Working\gfiledownload.py", line 17, in <module>
    from google.oauth2 import service_account
ModuleNotFoundError: No module named 'google'
 
============================== 
Run at 20251001 23:58:16 
============================== 
Traceback (most recent call last):
  File "C:\KSS_Working\gfiledownload.py", line 17, in <module>
    from google.oauth2 import service_account
ModuleNotFoundError: No module named 'google'
 
============================== 
Run at 20251001 23:59:02 
============================== 
Traceback (most recent call last):
  File "C:\KSS_Working\gfiledownload.py", line 17, in <module>
    from google.oauth2 import service_account
ModuleNotFoundError: No module named 'google'
 
