===== Data Entry Log for 2025-10-06 ===== 
[00:04] Starting main.py 
ğŸ—‚ï¸  INPUT_DIR     : C:\KSS_Working\input
ğŸ“¦ PROCESSED_DIR : C:\KSS_Working\processed
ğŸ§° FAILED_DIR    : C:\KSS_Working\failed
âš ï¸ No JSON files found in input folder.
[00:04] Execution finished. 
 
[00:19] Starting main.py 
ğŸ—‚ï¸  INPUT_DIR     : C:\KSS_Working\input
ğŸ“¦ PROCESSED_DIR : C:\KSS_Working\processed
ğŸ§° FAILED_DIR    : C:\KSS_Working\failed
âš ï¸ No JSON files found in input folder.
[00:19] Execution finished. 
 
[00:34] Starting main.py 
ğŸ—‚ï¸  INPUT_DIR     : C:\KSS_Working\input
ğŸ“¦ PROCESSED_DIR : C:\KSS_Working\processed
ğŸ§° FAILED_DIR    : C:\KSS_Working\failed
âš ï¸ No JSON files found in input folder.
[00:34] Execution finished. 
 
[00:49] Starting main.py 
ğŸ—‚ï¸  INPUT_DIR     : C:\KSS_Working\input
ğŸ“¦ PROCESSED_DIR : C:\KSS_Working\processed
ğŸ§° FAILED_DIR    : C:\KSS_Working\failed
âš ï¸ No JSON files found in input folder.
[00:49] Execution finished. 
 
[01:04] Starting main.py 
ğŸ—‚ï¸  INPUT_DIR     : C:\KSS_Working\input
ğŸ“¦ PROCESSED_DIR : C:\KSS_Working\processed
ğŸ§° FAILED_DIR    : C:\KSS_Working\failed
âš ï¸ No JSON files found in input folder.
[01:04] Execution finished. 
 
[01:19] Starting main.py 
ğŸ—‚ï¸  INPUT_DIR     : C:\KSS_Working\input
ğŸ“¦ PROCESSED_DIR : C:\KSS_Working\processed
ğŸ§° FAILED_DIR    : C:\KSS_Working\failed
âš ï¸ No JSON files found in input folder.
[01:19] Execution finished. 
 
[01:34] Starting main.py 
ğŸ—‚ï¸  INPUT_DIR     : C:\KSS_Working\input
ğŸ“¦ PROCESSED_DIR : C:\KSS_Working\processed
ğŸ§° FAILED_DIR    : C:\KSS_Working\failed
âš ï¸ No JSON files found in input folder.
[01:34] Execution finished. 
 
[01:49] Starting main.py 
ğŸ—‚ï¸  INPUT_DIR     : C:\KSS_Working\input
ğŸ“¦ PROCESSED_DIR : C:\KSS_Working\processed
ğŸ§° FAILED_DIR    : C:\KSS_Working\failed
âš ï¸ No JSON files found in input folder.
[01:49] Execution finished. 
 
[02:04] Starting main.py 
ğŸ—‚ï¸  INPUT_DIR     : C:\KSS_Working\input
ğŸ“¦ PROCESSED_DIR : C:\KSS_Working\processed
ğŸ§° FAILED_DIR    : C:\KSS_Working\failed
âš ï¸ No JSON files found in input folder.
[02:04] Execution finished. 
 
[02:19] Starting main.py 
ğŸ—‚ï¸  INPUT_DIR     : C:\KSS_Working\input
ğŸ“¦ PROCESSED_DIR : C:\KSS_Working\processed
ğŸ§° FAILED_DIR    : C:\KSS_Working\failed
âš ï¸ No JSON files found in input folder.
[02:19] Execution finished. 
 
[02:34] Starting main.py 
ğŸ—‚ï¸  INPUT_DIR     : C:\KSS_Working\input
ğŸ“¦ PROCESSED_DIR : C:\KSS_Working\processed
ğŸ§° FAILED_DIR    : C:\KSS_Working\failed
âš ï¸ No JSON files found in input folder.
[02:34] Execution finished. 
 
[02:49] Starting main.py 
ğŸ—‚ï¸  INPUT_DIR     : C:\KSS_Working\input
ğŸ“¦ PROCESSED_DIR : C:\KSS_Working\processed
ğŸ§° FAILED_DIR    : C:\KSS_Working\failed
âš ï¸ No JSON files found in input folder.
[02:49] Execution finished. 
 
[03:04] Starting main.py 
ğŸ—‚ï¸  INPUT_DIR     : C:\KSS_Working\input
ğŸ“¦ PROCESSED_DIR : C:\KSS_Working\processed
ğŸ§° FAILED_DIR    : C:\KSS_Working\failed
âš ï¸ No JSON files found in input folder.
[03:04] Execution finished. 
 
[03:19] Starting main.py 
ğŸ—‚ï¸  INPUT_DIR     : C:\KSS_Working\input
ğŸ“¦ PROCESSED_DIR : C:\KSS_Working\processed
ğŸ§° FAILED_DIR    : C:\KSS_Working\failed
âš ï¸ No JSON files found in input folder.
[03:19] Execution finished. 
 
[03:34] Starting main.py 
ğŸ—‚ï¸  INPUT_DIR     : C:\KSS_Working\input
ğŸ“¦ PROCESSED_DIR : C:\KSS_Working\processed
ğŸ§° FAILED_DIR    : C:\KSS_Working\failed
âš ï¸ No JSON files found in input folder.
[03:34] Execution finished. 
 
[03:49] Starting main.py 
ğŸ—‚ï¸  INPUT_DIR     : C:\KSS_Working\input
ğŸ“¦ PROCESSED_DIR : C:\KSS_Working\processed
ğŸ§° FAILED_DIR    : C:\KSS_Working\failed
âš ï¸ No JSON files found in input folder.
[03:49] Execution finished. 
 
[04:04] Starting main.py 
ğŸ—‚ï¸  INPUT_DIR     : C:\KSS_Working\input
ğŸ“¦ PROCESSED_DIR : C:\KSS_Working\processed
ğŸ§° FAILED_DIR    : C:\KSS_Working\failed
âš ï¸ No JSON files found in input folder.
[04:04] Execution finished. 
 
[04:19] Starting main.py 
ğŸ—‚ï¸  INPUT_DIR     : C:\KSS_Working\input
ğŸ“¦ PROCESSED_DIR : C:\KSS_Working\processed
ğŸ§° FAILED_DIR    : C:\KSS_Working\failed
âš ï¸ No JSON files found in input folder.
[04:19] Execution finished. 
 
[04:34] Starting main.py 
ğŸ—‚ï¸  INPUT_DIR     : C:\KSS_Working\input
ğŸ“¦ PROCESSED_DIR : C:\KSS_Working\processed
ğŸ§° FAILED_DIR    : C:\KSS_Working\failed
âš ï¸ No JSON files found in input folder.
[04:34] Execution finished. 
 
[04:49] Starting main.py 
ğŸ—‚ï¸  INPUT_DIR     : C:\KSS_Working\input
ğŸ“¦ PROCESSED_DIR : C:\KSS_Working\processed
ğŸ§° FAILED_DIR    : C:\KSS_Working\failed
âš ï¸ No JSON files found in input folder.
[04:49] Execution finished. 
 
[05:04] Starting main.py 
ğŸ—‚ï¸  INPUT_DIR     : C:\KSS_Working\input
ğŸ“¦ PROCESSED_DIR : C:\KSS_Working\processed
ğŸ§° FAILED_DIR    : C:\KSS_Working\failed
âš ï¸ No JSON files found in input folder.
[05:04] Execution finished. 
 
[05:19] Starting main.py 
ğŸ—‚ï¸  INPUT_DIR     : C:\KSS_Working\input
ğŸ“¦ PROCESSED_DIR : C:\KSS_Working\processed
ğŸ§° FAILED_DIR    : C:\KSS_Working\failed
âš ï¸ No JSON files found in input folder.
[05:19] Execution finished. 
 
[05:34] Starting main.py 
ğŸ—‚ï¸  INPUT_DIR     : C:\KSS_Working\input
ğŸ“¦ PROCESSED_DIR : C:\KSS_Working\processed
ğŸ§° FAILED_DIR    : C:\KSS_Working\failed
âš ï¸ No JSON files found in input folder.
[05:34] Execution finished. 
 
[05:49] Starting main.py 
ğŸ—‚ï¸  INPUT_DIR     : C:\KSS_Working\input
ğŸ“¦ PROCESSED_DIR : C:\KSS_Working\processed
ğŸ§° FAILED_DIR    : C:\KSS_Working\failed
âš ï¸ No JSON files found in input folder.
[05:49] Execution finished. 
 
[06:04] Starting main.py 
ğŸ—‚ï¸  INPUT_DIR     : C:\KSS_Working\input
ğŸ“¦ PROCESSED_DIR : C:\KSS_Working\processed
ğŸ§° FAILED_DIR    : C:\KSS_Working\failed
âš ï¸ No JSON files found in input folder.
[06:04] Execution finished. 
 
[06:19] Starting main.py 
ğŸ—‚ï¸  INPUT_DIR     : C:\KSS_Working\input
ğŸ“¦ PROCESSED_DIR : C:\KSS_Working\processed
ğŸ§° FAILED_DIR    : C:\KSS_Working\failed
âš ï¸ No JSON files found in input folder.
[06:19] Execution finished. 
 
[06:34] Starting main.py 
ğŸ—‚ï¸  INPUT_DIR     : C:\KSS_Working\input
ğŸ“¦ PROCESSED_DIR : C:\KSS_Working\processed
ğŸ§° FAILED_DIR    : C:\KSS_Working\failed
âš ï¸ No JSON files found in input folder.
[06:34] Execution finished. 
 
[06:49] Starting main.py 
ğŸ—‚ï¸  INPUT_DIR     : C:\KSS_Working\input
ğŸ“¦ PROCESSED_DIR : C:\KSS_Working\processed
ğŸ§° FAILED_DIR    : C:\KSS_Working\failed
âš ï¸ No JSON files found in input folder.
[06:49] Execution finished. 
 
[07:04] Starting main.py 
ğŸ—‚ï¸  INPUT_DIR     : C:\KSS_Working\input
ğŸ“¦ PROCESSED_DIR : C:\KSS_Working\processed
ğŸ§° FAILED_DIR    : C:\KSS_Working\failed
âš ï¸ No JSON files found in input folder.
[07:04] Execution finished. 
 
[07:19] Starting main.py 
ğŸ—‚ï¸  INPUT_DIR     : C:\KSS_Working\input
ğŸ“¦ PROCESSED_DIR : C:\KSS_Working\processed
ğŸ§° FAILED_DIR    : C:\KSS_Working\failed
âš ï¸ No JSON files found in input folder.
[07:19] Execution finished. 
 
[07:34] Starting main.py 
ğŸ—‚ï¸  INPUT_DIR     : C:\KSS_Working\input
ğŸ“¦ PROCESSED_DIR : C:\KSS_Working\processed
ğŸ§° FAILED_DIR    : C:\KSS_Working\failed
âš ï¸ No JSON files found in input folder.
[07:34] Execution finished. 
 
[07:49] Starting main.py 
ğŸ—‚ï¸  INPUT_DIR     : C:\KSS_Working\input
ğŸ“¦ PROCESSED_DIR : C:\KSS_Working\processed
ğŸ§° FAILED_DIR    : C:\KSS_Working\failed
âš ï¸ No JSON files found in input folder.
[07:49] Execution finished. 
 
[08:04] Starting main.py 
ğŸ—‚ï¸  INPUT_DIR     : C:\KSS_Working\input
ğŸ“¦ PROCESSED_DIR : C:\KSS_Working\processed
ğŸ§° FAILED_DIR    : C:\KSS_Working\failed
âš ï¸ No JSON files found in input folder.
[08:04] Execution finished. 
 
[08:19] Starting main.py 
ğŸ—‚ï¸  INPUT_DIR     : C:\KSS_Working\input
ğŸ“¦ PROCESSED_DIR : C:\KSS_Working\processed
ğŸ§° FAILED_DIR    : C:\KSS_Working\failed
âš ï¸ No JSON files found in input folder.
[08:19] Execution finished. 
 
[08:34] Starting main.py 
ğŸ—‚ï¸  INPUT_DIR     : C:\KSS_Working\input
ğŸ“¦ PROCESSED_DIR : C:\KSS_Working\processed
ğŸ§° FAILED_DIR    : C:\KSS_Working\failed
âš ï¸ No JSON files found in input folder.
[08:34] Execution finished. 
 
[08:49] Starting main.py 
ğŸ—‚ï¸  INPUT_DIR     : C:\KSS_Working\input
ğŸ“¦ PROCESSED_DIR : C:\KSS_Working\processed
ğŸ§° FAILED_DIR    : C:\KSS_Working\failed
âš ï¸ No JSON files found in input folder.
[08:49] Execution finished. 
 
[09:04] Starting main.py 
ğŸ—‚ï¸  INPUT_DIR     : C:\KSS_Working\input
ğŸ“¦ PROCESSED_DIR : C:\KSS_Working\processed
ğŸ§° FAILED_DIR    : C:\KSS_Working\failed
âš ï¸ No JSON files found in input folder.
[09:04] Execution finished. 
 
[09:19] Starting main.py 
ğŸ—‚ï¸  INPUT_DIR     : C:\KSS_Working\input
ğŸ“¦ PROCESSED_DIR : C:\KSS_Working\processed
ğŸ§° FAILED_DIR    : C:\KSS_Working\failed
âš ï¸ No JSON files found in input folder.
[09:19] Execution finished. 
 
[09:34] Starting main.py 
ğŸ—‚ï¸  INPUT_DIR     : C:\KSS_Working\input
ğŸ“¦ PROCESSED_DIR : C:\KSS_Working\processed
ğŸ§° FAILED_DIR    : C:\KSS_Working\failed
âš ï¸ No JSON files found in input folder.
[09:34] Execution finished. 
 
[09:49] Starting main.py 
ğŸ—‚ï¸  INPUT_DIR     : C:\KSS_Working\input
ğŸ“¦ PROCESSED_DIR : C:\KSS_Working\processed
ğŸ§° FAILED_DIR    : C:\KSS_Working\failed
âš ï¸ No JSON files found in input folder.
[09:49] Execution finished. 
 
[10:04] Starting main.py 
ğŸ—‚ï¸  INPUT_DIR     : C:\KSS_Working\input
ğŸ“¦ PROCESSED_DIR : C:\KSS_Working\processed
ğŸ§° FAILED_DIR    : C:\KSS_Working\failed
âš ï¸ No JSON files found in input folder.
[10:04] Execution finished. 
 
[10:19] Starting main.py 
ğŸ—‚ï¸  INPUT_DIR     : C:\KSS_Working\input
ğŸ“¦ PROCESSED_DIR : C:\KSS_Working\processed
ğŸ§° FAILED_DIR    : C:\KSS_Working\failed
âš ï¸ No JSON files found in input folder.
[10:19] Execution finished. 
 
[10:34] Starting main.py 
ğŸ—‚ï¸  INPUT_DIR     : C:\KSS_Working\input
ğŸ“¦ PROCESSED_DIR : C:\KSS_Working\processed
ğŸ§° FAILED_DIR    : C:\KSS_Working\failed
âš ï¸ No JSON files found in input folder.
[10:34] Execution finished. 
 
[10:49] Starting main.py 
ğŸ—‚ï¸  INPUT_DIR     : C:\KSS_Working\input
ğŸ“¦ PROCESSED_DIR : C:\KSS_Working\processed
ğŸ§° FAILED_DIR    : C:\KSS_Working\failed

â–¶ï¸ Processing file: image1_20251006_051120.json
ğŸ“¸ C:\KSS_Working\screenshots\00_login_page.png
ğŸ“¸ C:\KSS_Working\screenshots\01_credentials_typed.png
âœ… Clicked Sign in
âœ… Branch selected: ARAKKONAM
ğŸ“¸ C:\KSS_Working\screenshots\02_branch_selected.png
âœ… Branch Submit clicked (handled popups if any)
ğŸ“¸ C:\KSS_Working\screenshots\03_after_branch_submit.png
â³ Waiting for Operations tile...
âš ï¸ Operations tile not found in time (Message: 
), navigating directly to MENU_URL
ğŸ“¸ C:\KSS_Working\screenshots\04_on_menu_page_attempt_1.png
âœ… On Menu page
ğŸ“¸ C:\KSS_Working\screenshots\05_booking_operation_expanded.png
âœ… Booking Operation expanded
ğŸ“¸ C:\KSS_Working\screenshots\06_consignment_clicked.png
âœ… Consignment clicked
âœ… API clicked; checking for iframe...
ğŸ” Found iframes: 1
ğŸ”„ Switched into iframe
ğŸ“¸ C:\KSS_Working\screenshots\07_consignment_form_ready.png
ğŸ¯ Consignment form is open and ready inside iframe
ğŸ“¸ C:\KSS_Working\screenshots\08_date_field_ready.png
ğŸ“… Date field is also ready
âœ… Source confirmed: ARAKKONAM
ğŸ“¸ C:\KSS_Working\screenshots\image1_20251006_051120_10_source_filled.png
âœ… GST Type set: Unregistered
ğŸ“¸ C:\KSS_Working\screenshots\image1_20251006_051120_17_gsttype_filled.png
â„¹ï¸ Skipping Consignee in verify_and_repair_fields because Consignee was already tried in fill flow.
ğŸ‰ All fields verified in pass 1.
âœ… 'Add Item' clicked.
ğŸ“¸ C:\KSS_Working\screenshots\image1_20251006_051120_21_additem_clicked.png
âœ… Popup closed with selector: id=btn-ok
ğŸ“¸ C:\KSS_Working\screenshots\image1_20251006_051120_22_insertitem_filled.png
âŒ Failed to click Add Invoice: Message: 
Stacktrace:
	GetHandleVerifier [0x0x169c333+65459]
	GetHandleVerifier [0x0x169c374+65524]
	(No symbol) [0x0x14bd973]
	(No symbol) [0x0x15076e7]
	(No symbol) [0x0x1507a8b]
	(No symbol) [0x0x154dea2]
	(No symbol) [0x0x1529e44]
	(No symbol) [0x0x154b606]
	(No symbol) [0x0x1529bf6]
	(No symbol) [0x0x14fb38e]
	(No symbol) [0x0x14fc274]
	GetHandleVerifier [0x0x191eda3+2697763]
	GetHandleVerifier [0x0x1919ec7+2677575]
	GetHandleVerifier [0x0x16c4194+228884]
	GetHandleVerifier [0x0x16b49f8+165496]
	GetHandleVerifier [0x0x16bb18d+192013]
	GetHandleVerifier [0x0x16a47d8+99416]
	GetHandleVerifier [0x0x16a4972+99826]
	GetHandleVerifier [0x0x168ebea+10346]
	BaseThreadInitThunk [0x0x76cd0419+25]
	RtlGetAppContainerNamedObjectPath [0x0x7751662d+237]
	RtlGetAppContainerNamedObjectPath [0x0x775165fd+189]

âŒ Failed to close Insert Item modal: Message: 
Stacktrace:
	GetHandleVerifier [0x0x169c333+65459]
	GetHandleVerifier [0x0x169c374+65524]
	(No symbol) [0x0x14bd973]
	(No symbol) [0x0x15076e7]
	(No symbol) [0x0x1507a8b]
	(No symbol) [0x0x154dea2]
	(No symbol) [0x0x1529e44]
	(No symbol) [0x0x154b606]
	(No symbol) [0x0x1529bf6]
	(No symbol) [0x0x14fb38e]
	(No symbol) [0x0x14fc274]
	GetHandleVerifier [0x0x191eda3+2697763]
	GetHandleVerifier [0x0x1919ec7+2677575]
	GetHandleVerifier [0x0x16c4194+228884]
	GetHandleVerifier [0x0x16b49f8+165496]
	GetHandleVerifier [0x0x16bb18d+192013]
	GetHandleVerifier [0x0x16a47d8+99416]
	GetHandleVerifier [0x0x16a4972+99826]
	GetHandleVerifier [0x0x168ebea+10346]
	BaseThreadInitThunk [0x0x76cd0419+25]
	RtlGetAppContainerNamedObjectPath [0x0x7751662d+237]
	RtlGetAppContainerNamedObjectPath [0x0x775165fd+189]

ğŸ“‚ File processed and moved to: C:\KSS_Working\processed\image1_20251006_051120.json
â³ Waiting 30s for inspection before closing browser...

ğŸ¯ All files processed.
[10:49] Execution finished. 
 
[11:04] Starting main.py 
ğŸ—‚ï¸  INPUT_DIR     : C:\KSS_Working\input
ğŸ“¦ PROCESSED_DIR : C:\KSS_Working\processed
ğŸ§° FAILED_DIR    : C:\KSS_Working\failed

â–¶ï¸ Processing file: image1_20251006_052120.json
ğŸ“¸ C:\KSS_Working\screenshots\00_login_page.png
ğŸ“¸ C:\KSS_Working\screenshots\01_credentials_typed.png
âœ… Clicked Sign in
âœ… Branch selected: ARAKKONAM
ğŸ“¸ C:\KSS_Working\screenshots\02_branch_selected.png
ğŸ“¸ C:\KSS_Working\screenshots\popup_handled_after_submit_attempt_1.png
âœ… Branch Submit clicked (handled popups if any)
ğŸ“¸ C:\KSS_Working\screenshots\03_after_branch_submit.png
â³ Waiting for Operations tile...
âš ï¸ Operations tile not found in time (Message: 
), navigating directly to MENU_URL
ğŸ“¸ C:\KSS_Working\screenshots\04_on_menu_page_attempt_1.png
âœ… On Menu page
ğŸ“¸ C:\KSS_Working\screenshots\05_booking_operation_expanded.png
âœ… Booking Operation expanded
ğŸ“¸ C:\KSS_Working\screenshots\06_consignment_clicked.png
âœ… Consignment clicked
âœ… API clicked; checking for iframe...
ğŸ” Found iframes: 1
ğŸ”„ Switched into iframe
ğŸ“¸ C:\KSS_Working\screenshots\07_consignment_form_ready.png
ğŸ¯ Consignment form is open and ready inside iframe
ğŸ“¸ C:\KSS_Working\screenshots\08_date_field_ready.png
ğŸ“… Date field is also ready
âœ… Source confirmed: ARAKKONAM
ğŸ“¸ C:\KSS_Working\screenshots\image1_20251006_052120_10_source_filled.png
âœ… GST Type set: Unregistered
ğŸ“¸ C:\KSS_Working\screenshots\image1_20251006_052120_17_gsttype_filled.png
â„¹ï¸ Skipping Consignee in verify_and_repair_fields because Consignee was already tried in fill flow.
ğŸ‰ All fields verified in pass 1.
âœ… 'Add Item' clicked.
ğŸ“¸ C:\KSS_Working\screenshots\image1_20251006_052120_21_additem_clicked.png
âœ… Popup closed with selector: id=btn-ok
ğŸ“¸ C:\KSS_Working\screenshots\image1_20251006_052120_22_insertitem_filled.png
âŒ Failed to click Add Invoice: Message: 
Stacktrace:
	GetHandleVerifier [0x0x169c333+65459]
	GetHandleVerifier [0x0x169c374+65524]
	(No symbol) [0x0x14bd973]
	(No symbol) [0x0x15076e7]
	(No symbol) [0x0x1507a8b]
	(No symbol) [0x0x154dea2]
	(No symbol) [0x0x1529e44]
	(No symbol) [0x0x154b606]
	(No symbol) [0x0x1529bf6]
	(No symbol) [0x0x14fb38e]
	(No symbol) [0x0x14fc274]
	GetHandleVerifier [0x0x191eda3+2697763]
	GetHandleVerifier [0x0x1919ec7+2677575]
	GetHandleVerifier [0x0x16c4194+228884]
	GetHandleVerifier [0x0x16b49f8+165496]
	GetHandleVerifier [0x0x16bb18d+192013]
	GetHandleVerifier [0x0x16a47d8+99416]
	GetHandleVerifier [0x0x16a4972+99826]
	GetHandleVerifier [0x0x168ebea+10346]
	BaseThreadInitThunk [0x0x76cd0419+25]
	RtlGetAppContainerNamedObjectPath [0x0x7751662d+237]
	RtlGetAppContainerNamedObjectPath [0x0x775165fd+189]

âŒ Failed to close Insert Item modal: Message: 
Stacktrace:
	GetHandleVerifier [0x0x169c333+65459]
	GetHandleVerifier [0x0x169c374+65524]
	(No symbol) [0x0x14bd973]
	(No symbol) [0x0x15076e7]
	(No symbol) [0x0x1507a8b]
	(No symbol) [0x0x154dea2]
	(No symbol) [0x0x1529e44]
	(No symbol) [0x0x154b606]
	(No symbol) [0x0x1529bf6]
	(No symbol) [0x0x14fb38e]
	(No symbol) [0x0x14fc274]
	GetHandleVerifier [0x0x191eda3+2697763]
	GetHandleVerifier [0x0x1919ec7+2677575]
	GetHandleVerifier [0x0x16c4194+228884]
	GetHandleVerifier [0x0x16b49f8+165496]
	GetHandleVerifier [0x0x16bb18d+192013]
	GetHandleVerifier [0x0x16a47d8+99416]
	GetHandleVerifier [0x0x16a4972+99826]
	GetHandleVerifier [0x0x168ebea+10346]
	BaseThreadInitThunk [0x0x76cd0419+25]
	RtlGetAppContainerNamedObjectPath [0x0x7751662d+237]
	RtlGetAppContainerNamedObjectPath [0x0x775165fd+189]

ğŸ“‚ File processed and moved to: C:\KSS_Working\processed\image1_20251006_052120.json
â³ Waiting 30s for inspection before closing browser...

â–¶ï¸ Processing file: img5_20251006_052301.json
ğŸ“¸ C:\KSS_Working\screenshots\00_login_page.png
ğŸ“¸ C:\KSS_Working\screenshots\01_credentials_typed.png
âœ… Clicked Sign in
âœ… Branch selected: ARAKKONAM
ğŸ“¸ C:\KSS_Working\screenshots\02_branch_selected.png
ğŸ“¸ C:\KSS_Working\screenshots\popup_handled_after_submit_attempt_1.png
âœ… Branch Submit clicked (handled popups if any)
ğŸ“¸ C:\KSS_Working\screenshots\03_after_branch_submit.png
â³ Waiting for Operations tile...
âš ï¸ Operations tile not found in time (Message: 
), navigating directly to MENU_URL
ğŸ“¸ C:\KSS_Working\screenshots\04_on_menu_page_attempt_1.png
âœ… On Menu page
ğŸ“¸ C:\KSS_Working\screenshots\05_booking_operation_expanded.png
âœ… Booking Operation expanded
ğŸ“¸ C:\KSS_Working\screenshots\06_consignment_clicked.png
âœ… Consignment clicked
âœ… API clicked; checking for iframe...
ğŸ” Found iframes: 1
ğŸ”„ Switched into iframe
ğŸ“¸ C:\KSS_Working\screenshots\07_consignment_form_ready.png
ğŸ¯ Consignment form is open and ready inside iframe
ğŸ“¸ C:\KSS_Working\screenshots\08_date_field_ready.png
ğŸ“… Date field is also ready
âœ… Source confirmed: ARAKKONAM
ğŸ“¸ C:\KSS_Working\screenshots\img5_20251006_052301_10_source_filled.png
âœ… GST Type set: Unregistered
ğŸ“¸ C:\KSS_Working\screenshots\img5_20251006_052301_17_gsttype_filled.png
â„¹ï¸ Skipping Consignee in verify_and_repair_fields because Consignee was already tried in fill flow.
ğŸ‰ All fields verified in pass 1.
âœ… 'Add Item' clicked.
ğŸ“¸ C:\KSS_Working\screenshots\img5_20251006_052301_21_additem_clicked.png
âœ… Popup closed with selector: id=btn-ok
âš ï¸ Content Name locator not found for ('xpath', "//*[@id='Name']")
âš ï¸ Content Name set to JSON value: 'PSC'
ğŸ“¸ C:\KSS_Working\screenshots\img5_20251006_052301_22_insertitem_filled.png
âŒ Failed to click Add Invoice: Message: 
Stacktrace:
	GetHandleVerifier [0x0x169c333+65459]
	GetHandleVerifier [0x0x169c374+65524]
	(No symbol) [0x0x14bd973]
	(No symbol) [0x0x15076e7]
	(No symbol) [0x0x1507a8b]
	(No symbol) [0x0x154dea2]
	(No symbol) [0x0x1529e44]
	(No symbol) [0x0x154b606]
	(No symbol) [0x0x1529bf6]
	(No symbol) [0x0x14fb38e]
	(No symbol) [0x0x14fc274]
	GetHandleVerifier [0x0x191eda3+2697763]
	GetHandleVerifier [0x0x1919ec7+2677575]
	GetHandleVerifier [0x0x16c4194+228884]
	GetHandleVerifier [0x0x16b49f8+165496]
	GetHandleVerifier [0x0x16bb18d+192013]
	GetHandleVerifier [0x0x16a47d8+99416]
	GetHandleVerifier [0x0x16a4972+99826]
	GetHandleVerifier [0x0x168ebea+10346]
	BaseThreadInitThunk [0x0x76cd0419+25]
	RtlGetAppContainerNamedObjectPath [0x0x7751662d+237]
	RtlGetAppContainerNamedObjectPath [0x0x775165fd+189]

âŒ Failed to close Insert Item modal: Message: 
Stacktrace:
	GetHandleVerifier [0x0x169c333+65459]
	GetHandleVerifier [0x0x169c374+65524]
	(No symbol) [0x0x14bd973]
	(No symbol) [0x0x15076e7]
	(No symbol) [0x0x1507a8b]
	(No symbol) [0x0x154dea2]
	(No symbol) [0x0x1529e44]
	(No symbol) [0x0x154b606]
	(No symbol) [0x0x1529bf6]
	(No symbol) [0x0x14fb38e]
	(No symbol) [0x0x14fc274]
	GetHandleVerifier [0x0x191eda3+2697763]
	GetHandleVerifier [0x0x1919ec7+2677575]
	GetHandleVerifier [0x0x16c4194+228884]
	GetHandleVerifier [0x0x16b49f8+165496]
	GetHandleVerifier [0x0x16bb18d+192013]
	GetHandleVerifier [0x0x16a47d8+99416]
	GetHandleVerifier [0x0x16a4972+99826]
	GetHandleVerifier [0x0x168ebea+10346]
	BaseThreadInitThunk [0x0x76cd0419+25]
	RtlGetAppContainerNamedObjectPath [0x0x7751662d+237]
	RtlGetAppContainerNamedObjectPath [0x0x775165fd+189]

ğŸ“‚ File processed and moved to: C:\KSS_Working\processed\img5_20251006_052301.json
â³ Waiting 30s for inspection before closing browser...

ğŸ¯ All files processed.
[11:04] Execution finished. 
 
[11:19] Starting main.py 
ğŸ—‚ï¸  INPUT_DIR     : C:\KSS_Working\input
ğŸ“¦ PROCESSED_DIR : C:\KSS_Working\processed
ğŸ§° FAILED_DIR    : C:\KSS_Working\failed
âš ï¸ No JSON files found in input folder.
[11:19] Execution finished. 
 
[11:34] Starting main.py 
ğŸ—‚ï¸  INPUT_DIR     : C:\KSS_Working\input
ğŸ“¦ PROCESSED_DIR : C:\KSS_Working\processed
ğŸ§° FAILED_DIR    : C:\KSS_Working\failed
âš ï¸ No JSON files found in input folder.
[11:34] Execution finished. 
 
[11:49] Starting main.py 
ğŸ—‚ï¸  INPUT_DIR     : C:\KSS_Working\input
ğŸ“¦ PROCESSED_DIR : C:\KSS_Working\processed
ğŸ§° FAILED_DIR    : C:\KSS_Working\failed
âš ï¸ No JSON files found in input folder.
[11:49] Execution finished. 
 
[11:50] Starting main.py 
ğŸ—‚ï¸  INPUT_DIR     : C:\KSS_Working\input
ğŸ“¦ PROCESSED_DIR : C:\KSS_Working\processed
ğŸ§° FAILED_DIR    : C:\KSS_Working\failed

â–¶ï¸ Processing file: invoices_samples-2_20251003_091337.json
ğŸ“¸ C:\KSS_Working\screenshots\00_login_page.png
ğŸ“¸ C:\KSS_Working\screenshots\01_credentials_typed.png
âœ… Clicked Sign in
âœ… Branch selected: ARAKKONAM
ğŸ“¸ C:\KSS_Working\screenshots\02_branch_selected.png
ğŸ“¸ C:\KSS_Working\screenshots\popup_handled_after_submit_attempt_1.png
âœ… Branch Submit clicked (handled popups if any)
ğŸ“¸ C:\KSS_Working\screenshots\03_after_branch_submit.png
â³ Waiting for Operations tile...
âš ï¸ Operations tile not found in time (Message: 
), navigating directly to MENU_URL
ğŸ“¸ C:\KSS_Working\screenshots\04_on_menu_page_attempt_1.png
âœ… On Menu page
ğŸ“¸ C:\KSS_Working\screenshots\05_booking_operation_expanded.png
âœ… Booking Operation expanded
ğŸ“¸ C:\KSS_Working\screenshots\06_consignment_clicked.png
âœ… Consignment clicked
âœ… API clicked; checking for iframe...
ğŸ” Found iframes: 1
ğŸ”„ Switched into iframe
ğŸ“¸ C:\KSS_Working\screenshots\07_consignment_form_ready.png
ğŸ¯ Consignment form is open and ready inside iframe
ğŸ“¸ C:\KSS_Working\screenshots\08_date_field_ready.png
ğŸ“… Date field is also ready
âœ… ConsignmentNo filled: 6000
ğŸ“¸ C:\KSS_Working\screenshots\invoices_samples-2_20251003_091337_08_consignment_no.png
âœ… Date filled: 20.09.2025
ğŸ“¸ C:\KSS_Working\screenshots\invoices_samples-2_20251003_091337_09_date_filled.png
âœ… Source confirmed: ARAKKONAM
ğŸ“¸ C:\KSS_Working\screenshots\invoices_samples-2_20251003_091337_10_source_filled.png
âœ… Destination confirmed: POONAMALLEE
ğŸ“¸ C:\KSS_Working\screenshots\invoices_samples-2_20251003_091337_11_destination_filled.png
âœ… Vehicle confirmed: TN23AM5290
ğŸ“¸ C:\KSS_Working\screenshots\invoices_samples-2_20251003_091337_12_vehicle_filled.png
âœ… E-Way Bill No filled: 561879967200
ğŸ“¸ C:\KSS_Working\screenshots\invoices_samples-2_20251003_091337_13_ewaybill_filled.png
âœ… Consignor confirmed: UltraTech Cement Limited
ğŸ“¸ C:\KSS_Working\screenshots\invoices_samples-2_20251003_091337_15_consignor_filled.png
âœ… GST Type set: Unregistered
ğŸ“¸ C:\KSS_Working\screenshots\invoices_samples-2_20251003_091337_17_gsttype_filled.png
âœ… Consignee confirmed: KEC International Limited
ğŸ“¸ C:\KSS_Working\screenshots\invoices_samples-2_20251003_091337_18_consignee_filled.png
âœ… Popup closed with selector: id=btn-ok
âœ… Delivery Address set: HCC - KEC CONSORTIUM CMRL, TAMIL NADU
ğŸ“¸ C:\KSS_Working\screenshots\invoices_samples-2_20251003_091337_19_deliveryaddress_filled.png
â„¹ï¸ Skipping Consignee in verify_and_repair_fields because Consignee was already tried in fill flow.
ğŸ‰ All fields verified in pass 1.
âœ… 'Add Item' clicked.
ğŸ“¸ C:\KSS_Working\screenshots\invoices_samples-2_20251003_091337_21_additem_clicked.png
âš ï¸ Missing ContentName or GoodsType in JSON; skipping Name field.
ğŸ“¸ C:\KSS_Working\screenshots\invoices_samples-2_20251003_091337_22_insertitem_filled.png
âœ… 'Add Invoice' clicked.
ğŸ“¸ C:\KSS_Working\screenshots\invoices_samples-2_20251003_091337_24_addinvoice_clicked.png
âœ… Insert Item modal closed.
ğŸ“¸ C:\KSS_Working\screenshots\invoices_samples-2_20251003_091337_25_insertitem_closed.png
âš ï¸ Rate did not stick after verification.
ğŸ“¸ C:\KSS_Working\screenshots\invoices_samples-2_20251003_091337_27_rate_filled.png
ğŸ“‚ File processed and moved to: C:\KSS_Working\processed\invoices_samples-2_20251003_091337.json
â³ Waiting 30s for inspection before closing browser...

â–¶ï¸ Processing file: sample_invoice1_20251003_091444.json
ğŸ“¸ C:\KSS_Working\screenshots\00_login_page.png
ğŸ“¸ C:\KSS_Working\screenshots\01_credentials_typed.png
âœ… Clicked Sign in
âœ… Branch selected: ARAKKONAM
ğŸ“¸ C:\KSS_Working\screenshots\02_branch_selected.png
ğŸ“¸ C:\KSS_Working\screenshots\popup_handled_after_submit_attempt_1.png
âœ… Branch Submit clicked (handled popups if any)
ğŸ“¸ C:\KSS_Working\screenshots\03_after_branch_submit.png
â³ Waiting for Operations tile...
âš ï¸ Operations tile not found in time (Message: 
), navigating directly to MENU_URL
ğŸ“¸ C:\KSS_Working\screenshots\04_on_menu_page_attempt_1.png
âœ… On Menu page
ğŸ“¸ C:\KSS_Working\screenshots\05_booking_operation_expanded.png
âœ… Booking Operation expanded
ğŸ“¸ C:\KSS_Working\screenshots\06_consignment_clicked.png
âœ… Consignment clicked
âœ… API clicked; checking for iframe...
ğŸ” Found iframes: 1
ğŸ”„ Switched into iframe
ğŸ“¸ C:\KSS_Working\screenshots\07_consignment_form_ready.png
ğŸ¯ Consignment form is open and ready inside iframe
ğŸ“¸ C:\KSS_Working\screenshots\08_date_field_ready.png
ğŸ“… Date field is also ready
âœ… ConsignmentNo filled: 5811
ğŸ“¸ C:\KSS_Working\screenshots\sample_invoice1_20251003_091444_08_consignment_no.png
âœ… Date filled: 14.09.2025
ğŸ“¸ C:\KSS_Working\screenshots\sample_invoice1_20251003_091444_09_date_filled.png
âœ… Source confirmed: ARAKKONAM
ğŸ“¸ C:\KSS_Working\screenshots\sample_invoice1_20251003_091444_10_source_filled.png
âœ… Destination confirmed: SRIPERUMBUDUR
ğŸ“¸ C:\KSS_Working\screenshots\sample_invoice1_20251003_091444_11_destination_filled.png
â†» Retry 1/5 for ('id', 'CNM_VEHICLENO') value 'TN45AV2964' (verify=equals)
âœ… Vehicle confirmed: TN45AV2964
ğŸ“¸ C:\KSS_Working\screenshots\sample_invoice1_20251003_091444_12_vehicle_filled.png
âœ… E-Way Bill No filled: 521877015989
ğŸ“¸ C:\KSS_Working\screenshots\sample_invoice1_20251003_091444_13_ewaybill_filled.png
âœ… Consignor confirmed: UltraTech Cement Limited
ğŸ“¸ C:\KSS_Working\screenshots\sample_invoice1_20251003_091444_15_consignor_filled.png
âœ… GST Type set: Unregistered
ğŸ“¸ C:\KSS_Working\screenshots\sample_invoice1_20251003_091444_17_gsttype_filled.png
âœ… Consignee confirmed: Oriental Structural Engineers
ğŸ“¸ C:\KSS_Working\screenshots\sample_invoice1_20251003_091444_18_consignee_filled.png
âœ… Delivery Address set: NO: 15/3A KAN, KANDAMANGALAM VILLAGE, TAMIL NADU
ğŸ“¸ C:\KSS_Working\screenshots\sample_invoice1_20251003_091444_19_deliveryaddress_filled.png
â„¹ï¸ Skipping Consignee in verify_and_repair_fields because Consignee was already tried in fill flow.
ğŸ‰ All fields verified in pass 1.
âœ… 'Add Item' clicked.
ğŸ“¸ C:\KSS_Working\screenshots\sample_invoice1_20251003_091444_21_additem_clicked.png
âš ï¸ Missing ContentName or GoodsType in JSON; skipping Name field.
ğŸ“¸ C:\KSS_Working\screenshots\sample_invoice1_20251003_091444_22_insertitem_filled.png
âœ… 'Add Invoice' clicked.
ğŸ“¸ C:\KSS_Working\screenshots\sample_invoice1_20251003_091444_24_addinvoice_clicked.png
âœ… Insert Item modal closed.
ğŸ“¸ C:\KSS_Working\screenshots\sample_invoice1_20251003_091444_25_insertitem_closed.png
âš ï¸ Rate did not stick after verification.
ğŸ“¸ C:\KSS_Working\screenshots\sample_invoice1_20251003_091444_27_rate_filled.png
âœ… Popup closed with selector: id=btn-ok
ğŸ“‚ File processed and moved to: C:\KSS_Working\processed\sample_invoice1_20251003_091444.json
â³ Waiting 30s for inspection before closing browser...

ğŸ¯ All files processed.
[11:50] Execution finished. 
 
[12:04] Starting main.py 
ğŸ—‚ï¸  INPUT_DIR     : C:\KSS_Working\input
ğŸ“¦ PROCESSED_DIR : C:\KSS_Working\processed
ğŸ§° FAILED_DIR    : C:\KSS_Working\failed
âš ï¸ No JSON files found in input folder.
[12:04] Execution finished. 
 
[12:07] Starting main.py 
[12:18] Starting main.py 
[12:34] Starting main.py 
ğŸ—‚ï¸  INPUT_DIR     : C:\KSS_Working\input
ğŸ“¦ PROCESSED_DIR : C:\KSS_Working\processed
ğŸ§° FAILED_DIR    : C:\KSS_Working\failed
âš ï¸ No JSON files found in input folder.
[12:34] Execution finished. 
 
[12:49] Starting main.py 
ğŸ—‚ï¸  INPUT_DIR     : C:\KSS_Working\input
ğŸ“¦ PROCESSED_DIR : C:\KSS_Working\processed
ğŸ§° FAILED_DIR    : C:\KSS_Working\failed
âš ï¸ No JSON files found in input folder.
[12:49] Execution finished. 
 
[13:04] Starting main.py 
ğŸ—‚ï¸  INPUT_DIR     : C:\KSS_Working\input
ğŸ“¦ PROCESSED_DIR : C:\KSS_Working\processed
ğŸ§° FAILED_DIR    : C:\KSS_Working\failed
âš ï¸ No JSON files found in input folder.
[13:04] Execution finished. 
 
[13:19] Starting main.py 
ğŸ—‚ï¸  INPUT_DIR     : C:\KSS_Working\input
ğŸ“¦ PROCESSED_DIR : C:\KSS_Working\processed
ğŸ§° FAILED_DIR    : C:\KSS_Working\failed
âš ï¸ No JSON files found in input folder.
[13:19] Execution finished. 
 
[13:34] Starting main.py 
ğŸ—‚ï¸  INPUT_DIR     : C:\KSS_Working\input
ğŸ“¦ PROCESSED_DIR : C:\KSS_Working\processed
ğŸ§° FAILED_DIR    : C:\KSS_Working\failed
âš ï¸ No JSON files found in input folder.
[13:34] Execution finished. 
 
[13:49] Starting main.py 
ğŸ—‚ï¸  INPUT_DIR     : C:\KSS_Working\input
ğŸ“¦ PROCESSED_DIR : C:\KSS_Working\processed
ğŸ§° FAILED_DIR    : C:\KSS_Working\failed
âš ï¸ No JSON files found in input folder.
[13:49] Execution finished. 
 
[14:04] Starting main.py 
ğŸ—‚ï¸  INPUT_DIR     : C:\KSS_Working\input
ğŸ“¦ PROCESSED_DIR : C:\KSS_Working\processed
ğŸ§° FAILED_DIR    : C:\KSS_Working\failed
âš ï¸ No JSON files found in input folder.
[14:04] Execution finished. 
 
[14:19] Starting main.py 
ğŸ—‚ï¸  INPUT_DIR     : C:\KSS_Working\input
ğŸ“¦ PROCESSED_DIR : C:\KSS_Working\processed
ğŸ§° FAILED_DIR    : C:\KSS_Working\failed
âš ï¸ No JSON files found in input folder.
[14:19] Execution finished. 
 
[14:34] Starting main.py 
ğŸ—‚ï¸  INPUT_DIR     : C:\KSS_Working\input
ğŸ“¦ PROCESSED_DIR : C:\KSS_Working\processed
ğŸ§° FAILED_DIR    : C:\KSS_Working\failed
âš ï¸ No JSON files found in input folder.
[14:34] Execution finished. 
 
[14:49] Starting main.py 
ğŸ—‚ï¸  INPUT_DIR     : C:\KSS_Working\input
ğŸ“¦ PROCESSED_DIR : C:\KSS_Working\processed
ğŸ§° FAILED_DIR    : C:\KSS_Working\failed
âš ï¸ No JSON files found in input folder.
[14:49] Execution finished. 
 
[15:04] Starting main.py 
ğŸ—‚ï¸  INPUT_DIR     : C:\KSS_Working\input
ğŸ“¦ PROCESSED_DIR : C:\KSS_Working\processed
ğŸ§° FAILED_DIR    : C:\KSS_Working\failed
âš ï¸ No JSON files found in input folder.
[15:04] Execution finished. 
 
[15:19] Starting main.py 
ğŸ—‚ï¸  INPUT_DIR     : C:\KSS_Working\input
ğŸ“¦ PROCESSED_DIR : C:\KSS_Working\processed
ğŸ§° FAILED_DIR    : C:\KSS_Working\failed
âš ï¸ No JSON files found in input folder.
[15:19] Execution finished. 
 
[15:34] Starting main.py 
ğŸ—‚ï¸  INPUT_DIR     : C:\KSS_Working\input
ğŸ“¦ PROCESSED_DIR : C:\KSS_Working\processed
ğŸ§° FAILED_DIR    : C:\KSS_Working\failed
âš ï¸ No JSON files found in input folder.
[15:34] Execution finished. 
 
[15:49] Starting main.py 
ğŸ—‚ï¸  INPUT_DIR     : C:\KSS_Working\input
ğŸ“¦ PROCESSED_DIR : C:\KSS_Working\processed
ğŸ§° FAILED_DIR    : C:\KSS_Working\failed
âš ï¸ No JSON files found in input folder.
[15:49] Execution finished. 
 
[16:04] Starting main.py 
ğŸ—‚ï¸  INPUT_DIR     : C:\KSS_Working\input
ğŸ“¦ PROCESSED_DIR : C:\KSS_Working\processed
ğŸ§° FAILED_DIR    : C:\KSS_Working\failed
âš ï¸ No JSON files found in input folder.
[16:04] Execution finished. 
 
[16:19] Starting main.py 
ğŸ—‚ï¸  INPUT_DIR     : C:\KSS_Working\input
ğŸ“¦ PROCESSED_DIR : C:\KSS_Working\processed
ğŸ§° FAILED_DIR    : C:\KSS_Working\failed
âš ï¸ No JSON files found in input folder.
[16:19] Execution finished. 
 
[16:34] Starting main.py 
ğŸ—‚ï¸  INPUT_DIR     : C:\KSS_Working\input
ğŸ“¦ PROCESSED_DIR : C:\KSS_Working\processed
ğŸ§° FAILED_DIR    : C:\KSS_Working\failed
âš ï¸ No JSON files found in input folder.
[16:34] Execution finished. 
 
[16:49] Starting main.py 
ğŸ—‚ï¸  INPUT_DIR     : C:\KSS_Working\input
ğŸ“¦ PROCESSED_DIR : C:\KSS_Working\processed
ğŸ§° FAILED_DIR    : C:\KSS_Working\failed
âš ï¸ No JSON files found in input folder.
[16:49] Execution finished. 
 
[17:04] Starting main.py 
ğŸ—‚ï¸  INPUT_DIR     : C:\KSS_Working\input
ğŸ“¦ PROCESSED_DIR : C:\KSS_Working\processed
ğŸ§° FAILED_DIR    : C:\KSS_Working\failed
âš ï¸ No JSON files found in input folder.
[17:04] Execution finished. 
 
[17:19] Starting main.py 
ğŸ—‚ï¸  INPUT_DIR     : C:\KSS_Working\input
ğŸ“¦ PROCESSED_DIR : C:\KSS_Working\processed
ğŸ§° FAILED_DIR    : C:\KSS_Working\failed
âš ï¸ No JSON files found in input folder.
[17:19] Execution finished. 
 
[17:34] Starting main.py 
ğŸ—‚ï¸  INPUT_DIR     : C:\KSS_Working\input
ğŸ“¦ PROCESSED_DIR : C:\KSS_Working\processed
ğŸ§° FAILED_DIR    : C:\KSS_Working\failed
âš ï¸ No JSON files found in input folder.
[17:34] Execution finished. 
 
[17:49] Starting main.py 
ğŸ—‚ï¸  INPUT_DIR     : C:\KSS_Working\input
ğŸ“¦ PROCESSED_DIR : C:\KSS_Working\processed
ğŸ§° FAILED_DIR    : C:\KSS_Working\failed
âš ï¸ No JSON files found in input folder.
[17:49] Execution finished. 
 
[18:04] Starting main.py 
ğŸ—‚ï¸  INPUT_DIR     : C:\KSS_Working\input
ğŸ“¦ PROCESSED_DIR : C:\KSS_Working\processed
ğŸ§° FAILED_DIR    : C:\KSS_Working\failed
âš ï¸ No JSON files found in input folder.
[18:04] Execution finished. 
 
[18:19] Starting main.py 
ğŸ—‚ï¸  INPUT_DIR     : C:\KSS_Working\input
ğŸ“¦ PROCESSED_DIR : C:\KSS_Working\processed
ğŸ§° FAILED_DIR    : C:\KSS_Working\failed
âš ï¸ No JSON files found in input folder.
[18:19] Execution finished. 
 
[18:34] Starting main.py 
ğŸ—‚ï¸  INPUT_DIR     : C:\KSS_Working\input
ğŸ“¦ PROCESSED_DIR : C:\KSS_Working\processed
ğŸ§° FAILED_DIR    : C:\KSS_Working\failed
âš ï¸ No JSON files found in input folder.
[18:34] Execution finished. 
 
[18:49] Starting main.py 
ğŸ—‚ï¸  INPUT_DIR     : C:\KSS_Working\input
ğŸ“¦ PROCESSED_DIR : C:\KSS_Working\processed
ğŸ§° FAILED_DIR    : C:\KSS_Working\failed
âš ï¸ No JSON files found in input folder.
[18:49] Execution finished. 
 
[19:04] Starting main.py 
ğŸ—‚ï¸  INPUT_DIR     : C:\KSS_Working\input
ğŸ“¦ PROCESSED_DIR : C:\KSS_Working\processed
ğŸ§° FAILED_DIR    : C:\KSS_Working\failed
âš ï¸ No JSON files found in input folder.
[19:04] Execution finished. 
 
[19:19] Starting main.py 
ğŸ—‚ï¸  INPUT_DIR     : C:\KSS_Working\input
ğŸ“¦ PROCESSED_DIR : C:\KSS_Working\processed
ğŸ§° FAILED_DIR    : C:\KSS_Working\failed
âš ï¸ No JSON files found in input folder.
[19:19] Execution finished. 
 
[19:34] Starting main.py 
ğŸ—‚ï¸  INPUT_DIR     : C:\KSS_Working\input
ğŸ“¦ PROCESSED_DIR : C:\KSS_Working\processed
ğŸ§° FAILED_DIR    : C:\KSS_Working\failed
âš ï¸ No JSON files found in input folder.
[19:34] Execution finished. 
 
[19:49] Starting main.py 
ğŸ—‚ï¸  INPUT_DIR     : C:\KSS_Working\input
ğŸ“¦ PROCESSED_DIR : C:\KSS_Working\processed
ğŸ§° FAILED_DIR    : C:\KSS_Working\failed
âš ï¸ No JSON files found in input folder.
[19:49] Execution finished. 
 
[20:04] Starting main.py 
ğŸ—‚ï¸  INPUT_DIR     : C:\KSS_Working\input
ğŸ“¦ PROCESSED_DIR : C:\KSS_Working\processed
ğŸ§° FAILED_DIR    : C:\KSS_Working\failed
âš ï¸ No JSON files found in input folder.
[20:04] Execution finished. 
 
[20:19] Starting main.py 
ğŸ—‚ï¸  INPUT_DIR     : C:\KSS_Working\input
ğŸ“¦ PROCESSED_DIR : C:\KSS_Working\processed
ğŸ§° FAILED_DIR    : C:\KSS_Working\failed
âš ï¸ No JSON files found in input folder.
[20:19] Execution finished. 
 
[20:34] Starting main.py 
ğŸ—‚ï¸  INPUT_DIR     : C:\KSS_Working\input
ğŸ“¦ PROCESSED_DIR : C:\KSS_Working\processed
ğŸ§° FAILED_DIR    : C:\KSS_Working\failed
âš ï¸ No JSON files found in input folder.
[20:34] Execution finished. 
 
[20:49] Starting main.py 
ğŸ—‚ï¸  INPUT_DIR     : C:\KSS_Working\input
ğŸ“¦ PROCESSED_DIR : C:\KSS_Working\processed
ğŸ§° FAILED_DIR    : C:\KSS_Working\failed
âš ï¸ No JSON files found in input folder.
[20:49] Execution finished. 
 
[21:04] Starting main.py 
ğŸ—‚ï¸  INPUT_DIR     : C:\KSS_Working\input
ğŸ“¦ PROCESSED_DIR : C:\KSS_Working\processed
ğŸ§° FAILED_DIR    : C:\KSS_Working\failed
âš ï¸ No JSON files found in input folder.
[21:04] Execution finished. 
 
[21:19] Starting main.py 
ğŸ—‚ï¸  INPUT_DIR     : C:\KSS_Working\input
ğŸ“¦ PROCESSED_DIR : C:\KSS_Working\processed
ğŸ§° FAILED_DIR    : C:\KSS_Working\failed
âš ï¸ No JSON files found in input folder.
[21:19] Execution finished. 
 
[21:34] Starting main.py 
ğŸ—‚ï¸  INPUT_DIR     : C:\KSS_Working\input
ğŸ“¦ PROCESSED_DIR : C:\KSS_Working\processed
ğŸ§° FAILED_DIR    : C:\KSS_Working\failed
âš ï¸ No JSON files found in input folder.
[21:34] Execution finished. 
 
[21:49] Starting main.py 
ğŸ—‚ï¸  INPUT_DIR     : C:\KSS_Working\input
ğŸ“¦ PROCESSED_DIR : C:\KSS_Working\processed
ğŸ§° FAILED_DIR    : C:\KSS_Working\failed
âš ï¸ No JSON files found in input folder.
[21:49] Execution finished. 
 
[22:04] Starting main.py 
ğŸ—‚ï¸  INPUT_DIR     : C:\KSS_Working\input
ğŸ“¦ PROCESSED_DIR : C:\KSS_Working\processed
ğŸ§° FAILED_DIR    : C:\KSS_Working\failed
âš ï¸ No JSON files found in input folder.
[22:04] Execution finished. 
 
[22:19] Starting main.py 
ğŸ—‚ï¸  INPUT_DIR     : C:\KSS_Working\input
ğŸ“¦ PROCESSED_DIR : C:\KSS_Working\processed
ğŸ§° FAILED_DIR    : C:\KSS_Working\failed
âš ï¸ No JSON files found in input folder.
[22:19] Execution finished. 
 
[22:34] Starting main.py 
ğŸ—‚ï¸  INPUT_DIR     : C:\KSS_Working\input
ğŸ“¦ PROCESSED_DIR : C:\KSS_Working\processed
ğŸ§° FAILED_DIR    : C:\KSS_Working\failed
âš ï¸ No JSON files found in input folder.
[22:34] Execution finished. 
 
[22:49] Starting main.py 
ğŸ—‚ï¸  INPUT_DIR     : C:\KSS_Working\input
ğŸ“¦ PROCESSED_DIR : C:\KSS_Working\processed
ğŸ§° FAILED_DIR    : C:\KSS_Working\failed
âš ï¸ No JSON files found in input folder.
[22:49] Execution finished. 
 
[23:04] Starting main.py 
ğŸ—‚ï¸  INPUT_DIR     : C:\KSS_Working\input
ğŸ“¦ PROCESSED_DIR : C:\KSS_Working\processed
ğŸ§° FAILED_DIR    : C:\KSS_Working\failed
âš ï¸ No JSON files found in input folder.
[23:04] Execution finished. 
 
[23:19] Starting main.py 
ğŸ—‚ï¸  INPUT_DIR     : C:\KSS_Working\input
ğŸ“¦ PROCESSED_DIR : C:\KSS_Working\processed
ğŸ§° FAILED_DIR    : C:\KSS_Working\failed
âš ï¸ No JSON files found in input folder.
[23:19] Execution finished. 
 
[23:34] Starting main.py 
ğŸ—‚ï¸  INPUT_DIR     : C:\KSS_Working\input
ğŸ“¦ PROCESSED_DIR : C:\KSS_Working\processed
ğŸ§° FAILED_DIR    : C:\KSS_Working\failed
âš ï¸ No JSON files found in input folder.
[23:34] Execution finished. 
 
[23:49] Starting main.py 
ğŸ—‚ï¸  INPUT_DIR     : C:\KSS_Working\input
ğŸ“¦ PROCESSED_DIR : C:\KSS_Working\processed
ğŸ§° FAILED_DIR    : C:\KSS_Working\failed
âš ï¸ No JSON files found in input folder.
[23:49] Execution finished. 
 
