===== Data Entry Log for 2025-10-24 ===== 
[00:04] Starting main.py 
âœ… Connected to Remote PostgreSQL
ğŸš€ Starting DB driven processing loop...
Using JSON column: extracted_json
erp_updated_at: False, erp_note: False
âš ï¸ No pending rows found. Exiting loop.
ğŸ Finished DB loop.
[00:04] Execution finished. 
 
[00:19] Starting main.py 
âœ… Connected to Remote PostgreSQL
ğŸš€ Starting DB driven processing loop...
Using JSON column: extracted_json
erp_updated_at: False, erp_note: False
âš ï¸ No pending rows found. Exiting loop.
ğŸ Finished DB loop.
[00:19] Execution finished. 
 
[00:34] Starting main.py 
âœ… Connected to Remote PostgreSQL
ğŸš€ Starting DB driven processing loop...
Using JSON column: extracted_json
erp_updated_at: False, erp_note: False
âš ï¸ No pending rows found. Exiting loop.
ğŸ Finished DB loop.
[00:34] Execution finished. 
 
[00:49] Starting main.py 
âœ… Connected to Remote PostgreSQL
ğŸš€ Starting DB driven processing loop...
Using JSON column: extracted_json
erp_updated_at: False, erp_note: False
âš ï¸ No pending rows found. Exiting loop.
ğŸ Finished DB loop.
[00:49] Execution finished. 
 
[01:04] Starting main.py 
âœ… Connected to Remote PostgreSQL
ğŸš€ Starting DB driven processing loop...
Using JSON column: extracted_json
erp_updated_at: False, erp_note: False
âš ï¸ No pending rows found. Exiting loop.
ğŸ Finished DB loop.
[01:04] Execution finished. 
 
[01:19] Starting main.py 
âœ… Connected to Remote PostgreSQL
ğŸš€ Starting DB driven processing loop...
Using JSON column: extracted_json
erp_updated_at: False, erp_note: False
âš ï¸ No pending rows found. Exiting loop.
ğŸ Finished DB loop.
[01:19] Execution finished. 
 
[01:34] Starting main.py 
âœ… Connected to Remote PostgreSQL
ğŸš€ Starting DB driven processing loop...
Using JSON column: extracted_json
erp_updated_at: False, erp_note: False
âš ï¸ No pending rows found. Exiting loop.
ğŸ Finished DB loop.
[01:34] Execution finished. 
 
[01:49] Starting main.py 
âœ… Connected to Remote PostgreSQL
ğŸš€ Starting DB driven processing loop...
Using JSON column: extracted_json
erp_updated_at: False, erp_note: False
âš ï¸ No pending rows found. Exiting loop.
ğŸ Finished DB loop.
[01:49] Execution finished. 
 
[02:04] Starting main.py 
âœ… Connected to Remote PostgreSQL
ğŸš€ Starting DB driven processing loop...
Using JSON column: extracted_json
erp_updated_at: False, erp_note: False
âš ï¸ No pending rows found. Exiting loop.
ğŸ Finished DB loop.
[02:04] Execution finished. 
 
[02:19] Starting main.py 
âœ… Connected to Remote PostgreSQL
ğŸš€ Starting DB driven processing loop...
Using JSON column: extracted_json
erp_updated_at: False, erp_note: False
âš ï¸ No pending rows found. Exiting loop.
ğŸ Finished DB loop.
[02:19] Execution finished. 
 
[02:34] Starting main.py 
âœ… Connected to Remote PostgreSQL
ğŸš€ Starting DB driven processing loop...
Using JSON column: extracted_json
erp_updated_at: False, erp_note: False
âš ï¸ No pending rows found. Exiting loop.
ğŸ Finished DB loop.
[02:34] Execution finished. 
 
[02:49] Starting main.py 
âœ… Connected to Remote PostgreSQL
ğŸš€ Starting DB driven processing loop...
Using JSON column: extracted_json
erp_updated_at: False, erp_note: False
âš ï¸ No pending rows found. Exiting loop.
ğŸ Finished DB loop.
[02:49] Execution finished. 
 
[03:04] Starting main.py 
âœ… Connected to Remote PostgreSQL
ğŸš€ Starting DB driven processing loop...
Using JSON column: extracted_json
erp_updated_at: False, erp_note: False
âš ï¸ No pending rows found. Exiting loop.
ğŸ Finished DB loop.
[03:04] Execution finished. 
 
[03:19] Starting main.py 
âœ… Connected to Remote PostgreSQL
ğŸš€ Starting DB driven processing loop...
Using JSON column: extracted_json
erp_updated_at: False, erp_note: False
âš ï¸ No pending rows found. Exiting loop.
ğŸ Finished DB loop.
[03:19] Execution finished. 
 
[03:34] Starting main.py 
âœ… Connected to Remote PostgreSQL
ğŸš€ Starting DB driven processing loop...
Using JSON column: extracted_json
erp_updated_at: False, erp_note: False
âš ï¸ No pending rows found. Exiting loop.
ğŸ Finished DB loop.
[03:34] Execution finished. 
 
[03:49] Starting main.py 
âœ… Connected to Remote PostgreSQL
ğŸš€ Starting DB driven processing loop...
Using JSON column: extracted_json
erp_updated_at: False, erp_note: False
âš ï¸ No pending rows found. Exiting loop.
ğŸ Finished DB loop.
[03:49] Execution finished. 
 
[04:04] Starting main.py 
âœ… Connected to Remote PostgreSQL
ğŸš€ Starting DB driven processing loop...
Using JSON column: extracted_json
erp_updated_at: False, erp_note: False
âš ï¸ No pending rows found. Exiting loop.
ğŸ Finished DB loop.
[04:04] Execution finished. 
 
[04:19] Starting main.py 
âœ… Connected to Remote PostgreSQL
ğŸš€ Starting DB driven processing loop...
Using JSON column: extracted_json
erp_updated_at: False, erp_note: False
âš ï¸ No pending rows found. Exiting loop.
ğŸ Finished DB loop.
[04:19] Execution finished. 
 
[04:34] Starting main.py 
âœ… Connected to Remote PostgreSQL
ğŸš€ Starting DB driven processing loop...
Using JSON column: extracted_json
erp_updated_at: False, erp_note: False
âš ï¸ No pending rows found. Exiting loop.
ğŸ Finished DB loop.
[04:34] Execution finished. 
 
[04:49] Starting main.py 
âœ… Connected to Remote PostgreSQL
ğŸš€ Starting DB driven processing loop...
Using JSON column: extracted_json
erp_updated_at: False, erp_note: False
âš ï¸ No pending rows found. Exiting loop.
ğŸ Finished DB loop.
[04:49] Execution finished. 
 
[05:04] Starting main.py 
âœ… Connected to Remote PostgreSQL
ğŸš€ Starting DB driven processing loop...
Using JSON column: extracted_json
erp_updated_at: False, erp_note: False
âš ï¸ No pending rows found. Exiting loop.
ğŸ Finished DB loop.
[05:04] Execution finished. 
 
[05:19] Starting main.py 
âœ… Connected to Remote PostgreSQL
ğŸš€ Starting DB driven processing loop...
Using JSON column: extracted_json
erp_updated_at: False, erp_note: False
âš ï¸ No pending rows found. Exiting loop.
ğŸ Finished DB loop.
[05:19] Execution finished. 
 
[05:34] Starting main.py 
âœ… Connected to Remote PostgreSQL
ğŸš€ Starting DB driven processing loop...
Using JSON column: extracted_json
erp_updated_at: False, erp_note: False
âš ï¸ No pending rows found. Exiting loop.
ğŸ Finished DB loop.
[05:34] Execution finished. 
 
[05:49] Starting main.py 
âœ… Connected to Remote PostgreSQL
ğŸš€ Starting DB driven processing loop...
Using JSON column: extracted_json
erp_updated_at: False, erp_note: False
âš ï¸ No pending rows found. Exiting loop.
ğŸ Finished DB loop.
[05:49] Execution finished. 
 
[06:04] Starting main.py 
âœ… Connected to Remote PostgreSQL
ğŸš€ Starting DB driven processing loop...
Using JSON column: extracted_json
erp_updated_at: False, erp_note: False
âš ï¸ No pending rows found. Exiting loop.
ğŸ Finished DB loop.
[06:04] Execution finished. 
 
[06:19] Starting main.py 
âœ… Connected to Remote PostgreSQL
ğŸš€ Starting DB driven processing loop...
Using JSON column: extracted_json
erp_updated_at: False, erp_note: False
âš ï¸ No pending rows found. Exiting loop.
ğŸ Finished DB loop.
[06:19] Execution finished. 
 
[06:34] Starting main.py 
âœ… Connected to Remote PostgreSQL
ğŸš€ Starting DB driven processing loop...
Using JSON column: extracted_json
erp_updated_at: False, erp_note: False
âš ï¸ No pending rows found. Exiting loop.
ğŸ Finished DB loop.
[06:34] Execution finished. 
 
[06:49] Starting main.py 
âœ… Connected to Remote PostgreSQL
ğŸš€ Starting DB driven processing loop...
Using JSON column: extracted_json
erp_updated_at: False, erp_note: False
âš ï¸ No pending rows found. Exiting loop.
ğŸ Finished DB loop.
[06:49] Execution finished. 
 
[07:04] Starting main.py 
âœ… Connected to Remote PostgreSQL
ğŸš€ Starting DB driven processing loop...
Using JSON column: extracted_json
erp_updated_at: False, erp_note: False
âš ï¸ No pending rows found. Exiting loop.
ğŸ Finished DB loop.
[07:04] Execution finished. 
 
[07:19] Starting main.py 
âœ… Connected to Remote PostgreSQL
ğŸš€ Starting DB driven processing loop...
Using JSON column: extracted_json
erp_updated_at: False, erp_note: False
âš ï¸ No pending rows found. Exiting loop.
ğŸ Finished DB loop.
[07:19] Execution finished. 
 
[07:34] Starting main.py 
âœ… Connected to Remote PostgreSQL
ğŸš€ Starting DB driven processing loop...
Using JSON column: extracted_json
erp_updated_at: False, erp_note: False
âš ï¸ No pending rows found. Exiting loop.
ğŸ Finished DB loop.
[07:34] Execution finished. 
 
[07:49] Starting main.py 
âœ… Connected to Remote PostgreSQL
ğŸš€ Starting DB driven processing loop...
Using JSON column: extracted_json
erp_updated_at: False, erp_note: False
âš ï¸ No pending rows found. Exiting loop.
ğŸ Finished DB loop.
[07:49] Execution finished. 
 
[08:04] Starting main.py 
âœ… Connected to Remote PostgreSQL
ğŸš€ Starting DB driven processing loop...
Using JSON column: extracted_json
erp_updated_at: False, erp_note: False
âš ï¸ No pending rows found. Exiting loop.
ğŸ Finished DB loop.
[08:04] Execution finished. 
 
[08:19] Starting main.py 
âœ… Connected to Remote PostgreSQL
ğŸš€ Starting DB driven processing loop...
Using JSON column: extracted_json
erp_updated_at: False, erp_note: False
âš ï¸ No pending rows found. Exiting loop.
ğŸ Finished DB loop.
[08:19] Execution finished. 
 
[08:34] Starting main.py 
âœ… Connected to Remote PostgreSQL
ğŸš€ Starting DB driven processing loop...
Using JSON column: extracted_json
erp_updated_at: False, erp_note: False
âš ï¸ No pending rows found. Exiting loop.
ğŸ Finished DB loop.
[08:34] Execution finished. 
 
[08:49] Starting main.py 
âœ… Connected to Remote PostgreSQL
ğŸš€ Starting DB driven processing loop...
Using JSON column: extracted_json
erp_updated_at: False, erp_note: False
âš ï¸ No pending rows found. Exiting loop.
ğŸ Finished DB loop.
[08:49] Execution finished. 
 
[09:04] Starting main.py 
âœ… Connected to Remote PostgreSQL
ğŸš€ Starting DB driven processing loop...
Using JSON column: extracted_json
erp_updated_at: False, erp_note: False
âš ï¸ No pending rows found. Exiting loop.
ğŸ Finished DB loop.
[09:04] Execution finished. 
 
[09:19] Starting main.py 
âœ… Connected to Remote PostgreSQL
ğŸš€ Starting DB driven processing loop...
Using JSON column: extracted_json
erp_updated_at: False, erp_note: False
âš ï¸ No pending rows found. Exiting loop.
ğŸ Finished DB loop.
[09:19] Execution finished. 
 
[09:34] Starting main.py 
âœ… Connected to Remote PostgreSQL
ğŸš€ Starting DB driven processing loop...
Using JSON column: extracted_json
erp_updated_at: False, erp_note: False
âš ï¸ No pending rows found. Exiting loop.
ğŸ Finished DB loop.
[09:34] Execution finished. 
 
[09:49] Starting main.py 
âœ… Connected to Remote PostgreSQL
ğŸš€ Starting DB driven processing loop...
Using JSON column: extracted_json
erp_updated_at: False, erp_note: False
âš ï¸ No pending rows found. Exiting loop.
ğŸ Finished DB loop.
[09:49] Execution finished. 
 
[10:04] Starting main.py 
âœ… Connected to Remote PostgreSQL
ğŸš€ Starting DB driven processing loop...
Using JSON column: extracted_json
erp_updated_at: False, erp_note: False
âš ï¸ No pending rows found. Exiting loop.
ğŸ Finished DB loop.
[10:04] Execution finished. 
 
[10:19] Starting main.py 
âœ… Connected to Remote PostgreSQL
ğŸš€ Starting DB driven processing loop...
Using JSON column: extracted_json
erp_updated_at: False, erp_note: False
âš ï¸ No pending rows found. Exiting loop.
ğŸ Finished DB loop.
[10:19] Execution finished. 
 
[10:34] Starting main.py 
âœ… Connected to Remote PostgreSQL
ğŸš€ Starting DB driven processing loop...
Using JSON column: extracted_json
erp_updated_at: False, erp_note: False
âš ï¸ No pending rows found. Exiting loop.
ğŸ Finished DB loop.
[10:34] Execution finished. 
 
[10:49] Starting main.py 
âœ… Connected to Remote PostgreSQL
ğŸš€ Starting DB driven processing loop...
Using JSON column: extracted_json
erp_updated_at: False, erp_note: False
âš ï¸ No pending rows found. Exiting loop.
ğŸ Finished DB loop.
[10:49] Execution finished. 
 
[11:04] Starting main.py 
âœ… Connected to Remote PostgreSQL
ğŸš€ Starting DB driven processing loop...
Using JSON column: extracted_json
erp_updated_at: False, erp_note: False
âš ï¸ No pending rows found. Exiting loop.
ğŸ Finished DB loop.
[11:04] Execution finished. 
 
[11:19] Starting main.py 
âœ… Connected to Remote PostgreSQL
ğŸš€ Starting DB driven processing loop...
Using JSON column: extracted_json
erp_updated_at: False, erp_note: False
âš ï¸ No pending rows found. Exiting loop.
ğŸ Finished DB loop.
[11:19] Execution finished. 
 
[11:34] Starting main.py 
âœ… Connected to Remote PostgreSQL
ğŸš€ Starting DB driven processing loop...
Using JSON column: extracted_json
erp_updated_at: False, erp_note: False
âš ï¸ No pending rows found. Exiting loop.
ğŸ Finished DB loop.
[11:34] Execution finished. 
 
[11:49] Starting main.py 
âœ… Connected to Remote PostgreSQL
ğŸš€ Starting DB driven processing loop...
Using JSON column: extracted_json
erp_updated_at: False, erp_note: False
âš ï¸ No pending rows found. Exiting loop.
ğŸ Finished DB loop.
[11:49] Execution finished. 
 
[12:04] Starting main.py 
âœ… Connected to Remote PostgreSQL
ğŸš€ Starting DB driven processing loop...
Using JSON column: extracted_json
erp_updated_at: False, erp_note: False
âš ï¸ No pending rows found. Exiting loop.
ğŸ Finished DB loop.
[12:04] Execution finished. 
 
[12:19] Starting main.py 
âœ… Connected to Remote PostgreSQL
ğŸš€ Starting DB driven processing loop...
Using JSON column: extracted_json
erp_updated_at: False, erp_note: False
âš ï¸ No pending rows found. Exiting loop.
ğŸ Finished DB loop.
[12:19] Execution finished. 
 
[12:34] Starting main.py 
âœ… Connected to Remote PostgreSQL
ğŸš€ Starting DB driven processing loop...
Using JSON column: extracted_json
erp_updated_at: False, erp_note: False
âš ï¸ No pending rows found. Exiting loop.
ğŸ Finished DB loop.
[12:34] Execution finished. 
 
[12:49] Starting main.py 
âœ… Connected to Remote PostgreSQL
ğŸš€ Starting DB driven processing loop...
Using JSON column: extracted_json
erp_updated_at: False, erp_note: False
âš ï¸ No pending rows found. Exiting loop.
ğŸ Finished DB loop.
[12:49] Execution finished. 
 
[13:04] Starting main.py 
âœ… Connected to Remote PostgreSQL
ğŸš€ Starting DB driven processing loop...
Using JSON column: extracted_json
erp_updated_at: False, erp_note: False
âš ï¸ No pending rows found. Exiting loop.
ğŸ Finished DB loop.
[13:04] Execution finished. 
 
[13:19] Starting main.py 
âœ… Connected to Remote PostgreSQL
ğŸš€ Starting DB driven processing loop...
Using JSON column: extracted_json
erp_updated_at: False, erp_note: False
âš ï¸ No pending rows found. Exiting loop.
ğŸ Finished DB loop.
[13:19] Execution finished. 
 
[13:34] Starting main.py 
âœ… Connected to Remote PostgreSQL
ğŸš€ Starting DB driven processing loop...
Using JSON column: extracted_json
erp_updated_at: False, erp_note: False
ğŸ“— Using extracted_json (status NOT STARTED or other).

â–¶ï¸ Claimed doc_id=1, file=UltraTechCement_Invoice_20251024_075912_206264.pdf
ğŸ“¸ C:\KSS_Working\screenshots\00_login_page.png
ğŸ“¸ C:\KSS_Working\screenshots\01_credentials_typed.png
âœ… Clicked Sign in
âœ… Branch selected: ARAKKONAM
ğŸ“¸ C:\KSS_Working\screenshots\02_branch_selected.png
âœ… Branch Submit clicked (handled popups if any)
ğŸ“¸ C:\KSS_Working\screenshots\03_after_branch_submit.png
â³ Waiting for Operations tile...
âš ï¸ Operations tile not found in time (Message: 
), navigating directly to MENU_URL
ğŸ“¸ C:\KSS_Working\screenshots\04_on_menu_page_attempt_1.png
âœ… On Menu page
ğŸ“¸ C:\KSS_Working\screenshots\05_booking_operation_expanded.png
âœ… Booking Operation expanded
ğŸ“¸ C:\KSS_Working\screenshots\06_consignment_clicked.png
âœ… Consignment clicked
âœ… API clicked; checking for iframe...
ğŸ” Found iframes: 1
ğŸ”„ Switched into iframe
ğŸ“¸ C:\KSS_Working\screenshots\07_consignment_form_ready.png
ğŸ¯ Consignment form is open and ready inside iframe
ğŸ“¸ C:\KSS_Working\screenshots\08_date_field_ready.png
ğŸ“… Date field is also ready
âœ… ConsignmentNo filled: 6585
ğŸ“¸ C:\KSS_Working\screenshots\UltraTechCement_Invoice_20251024_075912_206264_08_consignment_no.png
âœ… Date filled: 03.10.2025
ğŸ“¸ C:\KSS_Working\screenshots\UltraTechCement_Invoice_20251024_075912_206264_09_date_filled.png
âœ… Source confirmed: ARAKKONAM
ğŸ“¸ C:\KSS_Working\screenshots\UltraTechCement_Invoice_20251024_075912_206264_10_source_filled.png
â†» Retry 1/6 for ('id', 'CNM_TO_STN_NAME') value 'DESTINATION GUMMIDIPOONDI' (have='', verify=equals)
â†» Retry 2/6 for ('id', 'CNM_TO_STN_NAME') value 'DESTINATION GUMMIDIPOONDI' (have='', verify=equals)
â†» Retry 3/6 for ('id', 'CNM_TO_STN_NAME') value 'DESTINATION GUMMIDIPOONDI' (have='', verify=equals)
â†» Retry 4/6 for ('id', 'CNM_TO_STN_NAME') value 'DESTINATION GUMMIDIPOONDI' (have='', verify=equals)
â†» Retry 5/6 for ('id', 'CNM_TO_STN_NAME') value 'DESTINATION GUMMIDIPOONDI' (have='', verify=equals)
â†» Retry 6/6 for ('id', 'CNM_TO_STN_NAME') value 'DESTINATION GUMMIDIPOONDI' (have='', verify=equals)
âŒ Failed to set ('id', 'CNM_TO_STN_NAME') after 6 attempts.
âš ï¸ Destination not confirmed: DESTINATION GUMMIDIPOONDI
ğŸ“¸ C:\KSS_Working\screenshots\UltraTechCement_Invoice_20251024_075912_206264_11_destination_filled.png
âœ… Vehicle confirmed: TN88L6422
ğŸ“¸ C:\KSS_Working\screenshots\UltraTechCement_Invoice_20251024_075912_206264_12_vehicle_filled.png
âœ… E-Way Bill No filled: 501886761626
ğŸ“¸ C:\KSS_Working\screenshots\UltraTechCement_Invoice_20251024_075912_206264_13_ewaybill_filled.png
âœ… Consignor confirmed: UltraTech Cement Limited
ğŸ“¸ C:\KSS_Working\screenshots\UltraTechCement_Invoice_20251024_075912_206264_15_consignor_filled.png
âœ… GST Type set: Unregistered
ğŸ“¸ C:\KSS_Working\screenshots\UltraTechCement_Invoice_20251024_075912_206264_17_gsttype_filled.png
â†» Retry 1/3 for ('id', 'CNM_CNE_NAME') value 'NO.140 GNT ROAD NO.140 GNT ROAD' (have='', verify=equals)
â†» Retry 2/3 for ('id', 'CNM_CNE_NAME') value 'NO.140 GNT ROAD NO.140 GNT ROAD' (have='', verify=equals)
â†» Retry 3/3 for ('id', 'CNM_CNE_NAME') value 'NO.140 GNT ROAD NO.140 GNT ROAD' (have='', verify=equals)
âŒ Failed to set ('id', 'CNM_CNE_NAME') after 3 attempts.
âš ï¸ Consignee empty after initial attempts â€” toggling GST Type once and retrying.
ğŸ” GST toggled from 'Unregistered' to 'Registered' and verified.
ğŸ“¸ C:\KSS_Working\screenshots\gst_toggled.png
â†» Retry 1/3 for ('id', 'CNM_CNE_NAME') value 'NO.140 GNT ROAD NO.140 GNT ROAD' (have='', verify=equals)
â†» Retry 2/3 for ('id', 'CNM_CNE_NAME') value 'NO.140 GNT ROAD NO.140 GNT ROAD' (have='', verify=equals)
â†» Retry 3/3 for ('id', 'CNM_CNE_NAME') value 'NO.140 GNT ROAD NO.140 GNT ROAD' (have='', verify=equals)
âŒ Failed to set ('id', 'CNM_CNE_NAME') after 3 attempts.
âŒ Consignee still not found after GST toggle â€” moving on.
ğŸ“¸ C:\KSS_Working\screenshots\UltraTechCement_Invoice_20251024_075912_206264_18_consignee_filled.png
âœ… Delivery Address set: 140 GNT ROAD 140 GNT ROAD, STAMIL NADU
ğŸ“¸ C:\KSS_Working\screenshots\UltraTechCement_Invoice_20251024_075912_206264_19_deliveryaddress_filled.png
â„¹ï¸ Skipping Consignee in verify_and_repair_fields because Consignee was already tried in fill flow.
ğŸ” Pass 1: 'Destination' not verified (have='', want [equals] 'DESTINATION GUMMIDIPOONDI') â€” fixing...
â†» Retry 1/5 for ('id', 'CNM_TO_STN_NAME') value 'DESTINATION GUMMIDIPOONDI' (have='', verify=equals)
â†» Retry 2/5 for ('id', 'CNM_TO_STN_NAME') value 'DESTINATION GUMMIDIPOONDI' (have='', verify=equals)
â†» Retry 3/5 for ('id', 'CNM_TO_STN_NAME') value 'DESTINATION GUMMIDIPOONDI' (have='', verify=equals)
â†» Retry 4/5 for ('id', 'CNM_TO_STN_NAME') value 'DESTINATION GUMMIDIPOONDI' (have='', verify=equals)
â†» Retry 5/5 for ('id', 'CNM_TO_STN_NAME') value 'DESTINATION GUMMIDIPOONDI' (have='', verify=equals)
âŒ Failed to set ('id', 'CNM_TO_STN_NAME') after 5 attempts.
âŒ 'Destination' still not correct after repair attempt.
â†» Fields still incorrect after pass 1: Destination
ğŸ” Pass 2: 'Destination' not verified (have='', want [equals] 'DESTINATION GUMMIDIPOONDI') â€” fixing...
â†» Retry 1/5 for ('id', 'CNM_TO_STN_NAME') value 'DESTINATION GUMMIDIPOONDI' (have='', verify=equals)
â†» Retry 2/5 for ('id', 'CNM_TO_STN_NAME') value 'DESTINATION GUMMIDIPOONDI' (have='', verify=equals)
â†» Retry 3/5 for ('id', 'CNM_TO_STN_NAME') value 'DESTINATION GUMMIDIPOONDI' (have='', verify=equals)
â†» Retry 4/5 for ('id', 'CNM_TO_STN_NAME') value 'DESTINATION GUMMIDIPOONDI' (have='', verify=equals)
â†» Retry 5/5 for ('id', 'CNM_TO_STN_NAME') value 'DESTINATION GUMMIDIPOONDI' (have='', verify=equals)
âŒ Failed to set ('id', 'CNM_TO_STN_NAME') after 5 attempts.
âŒ 'Destination' still not correct after repair attempt.
â†» Fields still incorrect after pass 2: Destination
ğŸ” Pass 3: 'Destination' not verified (have='', want [equals] 'DESTINATION GUMMIDIPOONDI') â€” fixing...
â†» Retry 1/5 for ('id', 'CNM_TO_STN_NAME') value 'DESTINATION GUMMIDIPOONDI' (have='', verify=equals)
â†» Retry 2/5 for ('id', 'CNM_TO_STN_NAME') value 'DESTINATION GUMMIDIPOONDI' (have='', verify=equals)
â†» Retry 3/5 for ('id', 'CNM_TO_STN_NAME') value 'DESTINATION GUMMIDIPOONDI' (have='', verify=equals)
â†» Retry 4/5 for ('id', 'CNM_TO_STN_NAME') value 'DESTINATION GUMMIDIPOONDI' (have='', verify=equals)
â†» Retry 5/5 for ('id', 'CNM_TO_STN_NAME') value 'DESTINATION GUMMIDIPOONDI' (have='', verify=equals)
âŒ Failed to set ('id', 'CNM_TO_STN_NAME') after 5 attempts.
âŒ 'Destination' still not correct after repair attempt.
â†» Fields still incorrect after pass 3: Destination
âš ï¸ Verification finished with unresolved fields after max passes.
âœ… 'Add Item' clicked.
ğŸ“¸ C:\KSS_Working\screenshots\UltraTechCement_Invoice_20251024_075912_206264_21_additem_clicked.png
ğŸ“¸ C:\KSS_Working\screenshots\UltraTechCement_Invoice_20251024_075912_206264_22_insertitem_contentname_ok.png
ğŸ“¸ C:\KSS_Working\screenshots\UltraTechCement_Invoice_20251024_075912_206264_22_insertitem_filled.png
âœ… 'Add Invoice' clicked.
ğŸ“¸ C:\KSS_Working\screenshots\UltraTechCement_Invoice_20251024_075912_206264_24_addinvoice_clicked.png
âœ… Insert Item modal closed.
ğŸ“¸ C:\KSS_Working\screenshots\UltraTechCement_Invoice_20251024_075912_206264_25_insertitem_closed.png
âš ï¸ Rate did not stick after verification.
ğŸ“¸ C:\KSS_Working\screenshots\UltraTechCement_Invoice_20251024_075912_206264_27_rate_filled.png
âœ… Popup closed with selector: id=btn-ok
âœ… Popup closed with selector: xpath=//button[normalize-space()='OK']
âœ… All required fields filled successfully â€” returning True.
ğŸ§¾ Validation built: 2 field(s) failed.
ğŸ—ƒï¸ ValidationStatus saved into extracted_json for doc_id=1
âœ… doc_id 1 processed successfully.
âŒ process_row_with_driver exception: name 'update_overall_status' is not defined
Traceback (most recent call last):
  File "C:\KSS_Working\main.py", line 228, in process_row_with_driver
    update_overall_status(conn, doc_id)
    ^^^^^^^^^^^^^^^^^^^^^
NameError: name 'update_overall_status' is not defined

âŒ doc_id 1 failed during setup: name 'update_overall_status' is not defined
Traceback (most recent call last):
  File "C:\KSS_Working\main.py", line 301, in main_db_process
    raise Exception(msg)
Exception: name 'update_overall_status' is not defined

â³ Waiting 30s before closing browser...
ğŸ“— Using extracted_json (status NOT STARTED or other).

â–¶ï¸ Claimed doc_id=7, file=UltraTechCement_Invoice_20251024_075912_207776.pdf
ğŸ“¸ C:\KSS_Working\screenshots\00_login_page.png
ğŸ“¸ C:\KSS_Working\screenshots\01_credentials_typed.png
âœ… Clicked Sign in
âœ… Branch selected: ARAKKONAM
ğŸ“¸ C:\KSS_Working\screenshots\02_branch_selected.png
ğŸ“¸ C:\KSS_Working\screenshots\popup_handled_after_submit_attempt_1.png
âœ… Branch Submit clicked (handled popups if any)
ğŸ“¸ C:\KSS_Working\screenshots\03_after_branch_submit.png
â³ Waiting for Operations tile...
âš ï¸ Operations tile not found in time (Message: 
), navigating directly to MENU_URL
ğŸ“¸ C:\KSS_Working\screenshots\04_on_menu_page_attempt_1.png
âœ… On Menu page
ğŸ“¸ C:\KSS_Working\screenshots\05_booking_operation_expanded.png
âœ… Booking Operation expanded
ğŸ“¸ C:\KSS_Working\screenshots\06_consignment_clicked.png
âœ… Consignment clicked
âœ… API clicked; checking for iframe...
ğŸ” Found iframes: 1
ğŸ”„ Switched into iframe
ğŸ“¸ C:\KSS_Working\screenshots\07_consignment_form_ready.png
ğŸ¯ Consignment form is open and ready inside iframe
ğŸ“¸ C:\KSS_Working\screenshots\08_date_field_ready.png
ğŸ“… Date field is also ready
âœ… ConsignmentNo filled: 6616
ğŸ“¸ C:\KSS_Working\screenshots\UltraTechCement_Invoice_20251024_075912_207776_08_consignment_no.png
âœ… Date filled: 03.10.2025
ğŸ“¸ C:\KSS_Working\screenshots\UltraTechCement_Invoice_20251024_075912_207776_09_date_filled.png
âœ… Source confirmed: ARAKKONAM
ğŸ“¸ C:\KSS_Working\screenshots\UltraTechCement_Invoice_20251024_075912_207776_10_source_filled.png
âœ… Destination confirmed: PALLIPATTU
ğŸ“¸ C:\KSS_Working\screenshots\UltraTechCement_Invoice_20251024_075912_207776_11_destination_filled.png
â†» Retry 1/6 for ('id', 'CNM_VEHICLENO') value 'TN73BZ7347' (have='', verify=equals)
â†» Retry 2/6 for ('id', 'CNM_VEHICLENO') value 'TN73BZ7347' (have='', verify=equals)
â†» Retry 3/6 for ('id', 'CNM_VEHICLENO') value 'TN73BZ7347' (have='', verify=equals)
â†» Retry 4/6 for ('id', 'CNM_VEHICLENO') value 'TN73BZ7347' (have='', verify=equals)
â†» Retry 5/6 for ('id', 'CNM_VEHICLENO') value 'TN73BZ7347' (have='', verify=equals)
â†» Retry 6/6 for ('id', 'CNM_VEHICLENO') value 'TN73BZ7347' (have='', verify=equals)
âŒ Failed to set ('id', 'CNM_VEHICLENO') after 6 attempts.
âš ï¸ Vehicle not confirmed: TN73BZ7347
ğŸ“¸ C:\KSS_Working\screenshots\UltraTechCement_Invoice_20251024_075912_207776_12_vehicle_filled.png
âœ… E-Way Bill No filled: 551886992908
ğŸ“¸ C:\KSS_Working\screenshots\UltraTechCement_Invoice_20251024_075912_207776_13_ewaybill_filled.png
âœ… Consignor confirmed: UltraTech Cement Limited
ğŸ“¸ C:\KSS_Working\screenshots\UltraTechCement_Invoice_20251024_075912_207776_15_consignor_filled.png
âœ… GST Type set: Unregistered
ğŸ“¸ C:\KSS_Working\screenshots\UltraTechCement_Invoice_20251024_075912_207776_17_gsttype_filled.png
â†» Retry 1/3 for ('id', 'CNM_CNE_NAME') value 'K.S. TRADERS' (have='', verify=equals)
â†» Retry 2/3 for ('id', 'CNM_CNE_NAME') value 'K.S. TRADERS' (have='', verify=equals)
â†» Retry 3/3 for ('id', 'CNM_CNE_NAME') value 'K.S. TRADERS' (have='', verify=equals)
âŒ Failed to set ('id', 'CNM_CNE_NAME') after 3 attempts.
âš ï¸ Consignee empty after initial attempts â€” toggling GST Type once and retrying.
ğŸ” GST toggled from 'Unregistered' to 'Registered' and verified.
ğŸ“¸ C:\KSS_Working\screenshots\gst_toggled.png
â†» Retry 1/3 for ('id', 'CNM_CNE_NAME') value 'K.S. TRADERS' (have='', verify=equals)
â†» Retry 2/3 for ('id', 'CNM_CNE_NAME') value 'K.S. TRADERS' (have='', verify=equals)
â†» Retry 3/3 for ('id', 'CNM_CNE_NAME') value 'K.S. TRADERS' (have='', verify=equals)
âŒ Failed to set ('id', 'CNM_CNE_NAME') after 3 attempts.
âŒ Consignee still not found after GST toggle â€” moving on.
ğŸ“¸ C:\KSS_Working\screenshots\UltraTechCement_Invoice_20251024_075912_207776_18_consignee_filled.png
âœ… Delivery Address set: NO R83/1 TNHB, CHITOOR ROAD, KAKKALUR BYE PASS ROAD, TAMIL NADU
ğŸ“¸ C:\KSS_Working\screenshots\UltraTechCement_Invoice_20251024_075912_207776_19_deliveryaddress_filled.png
â„¹ï¸ Skipping Consignee in verify_and_repair_fields because Consignee was already tried in fill flow.
ğŸ” Pass 1: 'Vehicle' not verified (have='', want [equals] 'TN73BZ7347') â€” fixing...
â†» Retry 1/5 for ('id', 'CNM_VEHICLENO') value 'TN73BZ7347' (have='', verify=equals)
â†» Retry 2/5 for ('id', 'CNM_VEHICLENO') value 'TN73BZ7347' (have='', verify=equals)
â†» Retry 3/5 for ('id', 'CNM_VEHICLENO') value 'TN73BZ7347' (have='', verify=equals)
â†» Retry 4/5 for ('id', 'CNM_VEHICLENO') value 'TN73BZ7347' (have='', verify=equals)
â†» Retry 5/5 for ('id', 'CNM_VEHICLENO') value 'TN73BZ7347' (have='', verify=equals)
âŒ Failed to set ('id', 'CNM_VEHICLENO') after 5 attempts.
âŒ 'Vehicle' still not correct after repair attempt.
â†» Fields still incorrect after pass 1: Vehicle
ğŸ” Pass 2: 'Vehicle' not verified (have='', want [equals] 'TN73BZ7347') â€” fixing...
â†» Retry 1/5 for ('id', 'CNM_VEHICLENO') value 'TN73BZ7347' (have='', verify=equals)
â†» Retry 2/5 for ('id', 'CNM_VEHICLENO') value 'TN73BZ7347' (have='', verify=equals)
â†» Retry 3/5 for ('id', 'CNM_VEHICLENO') value 'TN73BZ7347' (have='', verify=equals)
â†» Retry 4/5 for ('id', 'CNM_VEHICLENO') value 'TN73BZ7347' (have='', verify=equals)
â†» Retry 5/5 for ('id', 'CNM_VEHICLENO') value 'TN73BZ7347' (have='', verify=equals)
âŒ Failed to set ('id', 'CNM_VEHICLENO') after 5 attempts.
âŒ 'Vehicle' still not correct after repair attempt.
â†» Fields still incorrect after pass 2: Vehicle
ğŸ” Pass 3: 'Vehicle' not verified (have='', want [equals] 'TN73BZ7347') â€” fixing...
â†» Retry 1/5 for ('id', 'CNM_VEHICLENO') value 'TN73BZ7347' (have='', verify=equals)
â†» Retry 2/5 for ('id', 'CNM_VEHICLENO') value 'TN73BZ7347' (have='', verify=equals)
â†» Retry 3/5 for ('id', 'CNM_VEHICLENO') value 'TN73BZ7347' (have='', verify=equals)
â†» Retry 4/5 for ('id', 'CNM_VEHICLENO') value 'TN73BZ7347' (have='', verify=equals)
â†» Retry 5/5 for ('id', 'CNM_VEHICLENO') value 'TN73BZ7347' (have='', verify=equals)
âŒ Failed to set ('id', 'CNM_VEHICLENO') after 5 attempts.
âŒ 'Vehicle' still not correct after repair attempt.
â†» Fields still incorrect after pass 3: Vehicle
âš ï¸ Verification finished with unresolved fields after max passes.
âœ… 'Add Item' clicked.
ğŸ“¸ C:\KSS_Working\screenshots\UltraTechCement_Invoice_20251024_075912_207776_21_additem_clicked.png
ğŸ“¸ C:\KSS_Working\screenshots\UltraTechCement_Invoice_20251024_075912_207776_22_insertitem_contentname_ok.png
ğŸ“¸ C:\KSS_Working\screenshots\UltraTechCement_Invoice_20251024_075912_207776_22_insertitem_filled.png
âœ… 'Add Invoice' clicked.
ğŸ“¸ C:\KSS_Working\screenshots\UltraTechCement_Invoice_20251024_075912_207776_24_addinvoice_clicked.png
âœ… Insert Item modal closed.
ğŸ“¸ C:\KSS_Working\screenshots\UltraTechCement_Invoice_20251024_075912_207776_25_insertitem_closed.png
âš ï¸ Rate did not stick after verification.
ğŸ“¸ C:\KSS_Working\screenshots\UltraTechCement_Invoice_20251024_075912_207776_27_rate_filled.png
âœ… Popup closed with selector: id=btn-ok
âœ… All required fields filled successfully â€” returning True.
ğŸ§¾ Validation built: 5 field(s) failed.
ğŸ—ƒï¸ ValidationStatus saved into extracted_json for doc_id=7
âœ… doc_id 7 processed successfully.
âŒ process_row_with_driver exception: name 'update_overall_status' is not defined
Traceback (most recent call last):
  File "C:\KSS_Working\main.py", line 228, in process_row_with_driver
    update_overall_status(conn, doc_id)
    ^^^^^^^^^^^^^^^^^^^^^
NameError: name 'update_overall_status' is not defined

âŒ doc_id 7 failed during setup: name 'update_overall_status' is not defined
Traceback (most recent call last):
  File "C:\KSS_Working\main.py", line 301, in main_db_process
    raise Exception(msg)
Exception: name 'update_overall_status' is not defined

â³ Waiting 30s before closing browser...
ğŸ“— Using extracted_json (status NOT STARTED or other).

â–¶ï¸ Claimed doc_id=9, file=UltraTechCement_Invoice_20251024_075912_206956.pdf
ğŸ“¸ C:\KSS_Working\screenshots\00_login_page.png
ğŸ“¸ C:\KSS_Working\screenshots\01_credentials_typed.png
âœ… Clicked Sign in
âœ… Branch selected: ARAKKONAM
ğŸ“¸ C:\KSS_Working\screenshots\02_branch_selected.png
ğŸ“¸ C:\KSS_Working\screenshots\popup_handled_after_submit_attempt_1.png
âœ… Branch Submit clicked (handled popups if any)
ğŸ“¸ C:\KSS_Working\screenshots\03_after_branch_submit.png
â³ Waiting for Operations tile...
âš ï¸ Operations tile not found in time (Message: 
), navigating directly to MENU_URL
ğŸ“¸ C:\KSS_Working\screenshots\04_on_menu_page_attempt_1.png
âœ… On Menu page
ğŸ“¸ C:\KSS_Working\screenshots\05_booking_operation_expanded.png
âœ… Booking Operation expanded
ğŸ“¸ C:\KSS_Working\screenshots\06_consignment_clicked.png
âœ… Consignment clicked
âœ… API clicked; checking for iframe...
ğŸ” Found iframes: 1
ğŸ”„ Switched into iframe
ğŸ“¸ C:\KSS_Working\screenshots\07_consignment_form_ready.png
ğŸ¯ Consignment form is open and ready inside iframe
ğŸ“¸ C:\KSS_Working\screenshots\08_date_field_ready.png
ğŸ“… Date field is also ready
âœ… ConsignmentNo filled: 6612
ğŸ“¸ C:\KSS_Working\screenshots\UltraTechCement_Invoice_20251024_075912_206956_08_consignment_no.png
âœ… Date filled: 03.10.2025
ğŸ“¸ C:\KSS_Working\screenshots\UltraTechCement_Invoice_20251024_075912_206956_09_date_filled.png
âœ… Source confirmed: ARAKKONAM
ğŸ“¸ C:\KSS_Working\screenshots\UltraTechCement_Invoice_20251024_075912_206956_10_source_filled.png
â†» Retry 1/6 for ('id', 'CNM_TO_STN_NAME') value 'CHENGALPET JESPATCH' (have='', verify=equals)
â†» Retry 2/6 for ('id', 'CNM_TO_STN_NAME') value 'CHENGALPET JESPATCH' (have='', verify=equals)
â†» Retry 3/6 for ('id', 'CNM_TO_STN_NAME') value 'CHENGALPET JESPATCH' (have='', verify=equals)
â†» Retry 4/6 for ('id', 'CNM_TO_STN_NAME') value 'CHENGALPET JESPATCH' (have='', verify=equals)
â†» Retry 5/6 for ('id', 'CNM_TO_STN_NAME') value 'CHENGALPET JESPATCH' (have='', verify=equals)
â†» Retry 6/6 for ('id', 'CNM_TO_STN_NAME') value 'CHENGALPET JESPATCH' (have='', verify=equals)
âŒ Failed to set ('id', 'CNM_TO_STN_NAME') after 6 attempts.
âš ï¸ Destination not confirmed: CHENGALPET JESPATCH
ğŸ“¸ C:\KSS_Working\screenshots\UltraTechCement_Invoice_20251024_075912_206956_11_destination_filled.png
âœ… Vehicle confirmed: TN73BY3733
ğŸ“¸ C:\KSS_Working\screenshots\UltraTechCement_Invoice_20251024_075912_206956_12_vehicle_filled.png
âœ… E-Way Bill No filled: 591886955338
ğŸ“¸ C:\KSS_Working\screenshots\UltraTechCement_Invoice_20251024_075912_206956_13_ewaybill_filled.png
âœ… Consignor confirmed: UltraTech Cement Limited
ğŸ“¸ C:\KSS_Working\screenshots\UltraTechCement_Invoice_20251024_075912_206956_15_consignor_filled.png
âœ… GST Type set: Unregistered
ğŸ“¸ C:\KSS_Working\screenshots\UltraTechCement_Invoice_20251024_075912_206956_17_gsttype_filled.png
â†» Retry 1/3 for ('id', 'CNM_CNE_NAME') value 'SLT CEMENT MARKETERS PVT LTD' (have='', verify=equals)
â†» Retry 2/3 for ('id', 'CNM_CNE_NAME') value 'SLT CEMENT MARKETERS PVT LTD' (have='', verify=equals)
â†» Retry 3/3 for ('id', 'CNM_CNE_NAME') value 'SLT CEMENT MARKETERS PVT LTD' (have='', verify=equals)
âŒ Failed to set ('id', 'CNM_CNE_NAME') after 3 attempts.
âš ï¸ Consignee empty after initial attempts â€” toggling GST Type once and retrying.
ğŸ” GST toggled from 'Unregistered' to 'Registered' and verified.
ğŸ“¸ C:\KSS_Working\screenshots\gst_toggled.png
â†» Retry 1/3 for ('id', 'CNM_CNE_NAME') value 'SLT CEMENT MARKETERS PVT LTD' (have='', verify=equals)
â†» Retry 2/3 for ('id', 'CNM_CNE_NAME') value 'SLT CEMENT MARKETERS PVT LTD' (have='', verify=equals)
â†» Retry 3/3 for ('id', 'CNM_CNE_NAME') value 'SLT CEMENT MARKETERS PVT LTD' (have='', verify=equals)
âŒ Failed to set ('id', 'CNM_CNE_NAME') after 3 attempts.
âŒ Consignee still not found after GST toggle â€” moving on.
ğŸ“¸ C:\KSS_Working\screenshots\UltraTechCement_Invoice_20251024_075912_206956_18_consignee_filled.png
âœ… Delivery Address set: KAMALAM, WE MURUGAN KOIL STREET EXTN, 12 CHENGALPATTU MAIN ROAD, SANTHOSH NAGAR, TAMIL NADU
ğŸ“¸ C:\KSS_Working\screenshots\UltraTechCement_Invoice_20251024_075912_206956_19_deliveryaddress_filled.png
â„¹ï¸ Skipping Consignee in verify_and_repair_fields because Consignee was already tried in fill flow.
ğŸ” Pass 1: 'Destination' not verified (have='', want [equals] 'CHENGALPET JESPATCH') â€” fixing...
â†» Retry 1/5 for ('id', 'CNM_TO_STN_NAME') value 'CHENGALPET JESPATCH' (have='', verify=equals)
â†» Retry 2/5 for ('id', 'CNM_TO_STN_NAME') value 'CHENGALPET JESPATCH' (have='', verify=equals)
â†» Retry 3/5 for ('id', 'CNM_TO_STN_NAME') value 'CHENGALPET JESPATCH' (have='', verify=equals)
â†» Retry 4/5 for ('id', 'CNM_TO_STN_NAME') value 'CHENGALPET JESPATCH' (have='', verify=equals)
â†» Retry 5/5 for ('id', 'CNM_TO_STN_NAME') value 'CHENGALPET JESPATCH' (have='', verify=equals)
âŒ Failed to set ('id', 'CNM_TO_STN_NAME') after 5 attempts.
âŒ 'Destination' still not correct after repair attempt.
â†» Fields still incorrect after pass 1: Destination
ğŸ” Pass 2: 'Destination' not verified (have='', want [equals] 'CHENGALPET JESPATCH') â€” fixing...
â†» Retry 1/5 for ('id', 'CNM_TO_STN_NAME') value 'CHENGALPET JESPATCH' (have='', verify=equals)
â†» Retry 2/5 for ('id', 'CNM_TO_STN_NAME') value 'CHENGALPET JESPATCH' (have='', verify=equals)
â†» Retry 3/5 for ('id', 'CNM_TO_STN_NAME') value 'CHENGALPET JESPATCH' (have='', verify=equals)
â†» Retry 4/5 for ('id', 'CNM_TO_STN_NAME') value 'CHENGALPET JESPATCH' (have='', verify=equals)
â†» Retry 5/5 for ('id', 'CNM_TO_STN_NAME') value 'CHENGALPET JESPATCH' (have='', verify=equals)
âŒ Failed to set ('id', 'CNM_TO_STN_NAME') after 5 attempts.
âŒ 'Destination' still not correct after repair attempt.
â†» Fields still incorrect after pass 2: Destination
ğŸ” Pass 3: 'Destination' not verified (have='', want [equals] 'CHENGALPET JESPATCH') â€” fixing...
â†» Retry 1/5 for ('id', 'CNM_TO_STN_NAME') value 'CHENGALPET JESPATCH' (have='', verify=equals)
â†» Retry 2/5 for ('id', 'CNM_TO_STN_NAME') value 'CHENGALPET JESPATCH' (have='', verify=equals)
â†» Retry 3/5 for ('id', 'CNM_TO_STN_NAME') value 'CHENGALPET JESPATCH' (have='', verify=equals)
â†» Retry 4/5 for ('id', 'CNM_TO_STN_NAME') value 'CHENGALPET JESPATCH' (have='', verify=equals)
â†» Retry 5/5 for ('id', 'CNM_TO_STN_NAME') value 'CHENGALPET JESPATCH' (have='', verify=equals)
âŒ Failed to set ('id', 'CNM_TO_STN_NAME') after 5 attempts.
âŒ 'Destination' still not correct after repair attempt.
â†» Fields still incorrect after pass 3: Destination
âš ï¸ Verification finished with unresolved fields after max passes.
âœ… 'Add Item' clicked.
ğŸ“¸ C:\KSS_Working\screenshots\UltraTechCement_Invoice_20251024_075912_206956_21_additem_clicked.png
ğŸ“¸ C:\KSS_Working\screenshots\UltraTechCement_Invoice_20251024_075912_206956_22_insertitem_contentname_ok.png
ğŸ“¸ C:\KSS_Working\screenshots\UltraTechCement_Invoice_20251024_075912_206956_22_insertitem_filled.png
âœ… 'Add Invoice' clicked.
ğŸ“¸ C:\KSS_Working\screenshots\UltraTechCement_Invoice_20251024_075912_206956_24_addinvoice_clicked.png
âœ… Insert Item modal closed.
ğŸ“¸ C:\KSS_Working\screenshots\UltraTechCement_Invoice_20251024_075912_206956_25_insertitem_closed.png
âš ï¸ Rate did not stick after verification.
ğŸ“¸ C:\KSS_Working\screenshots\UltraTechCement_Invoice_20251024_075912_206956_27_rate_filled.png
âœ… Popup closed with selector: id=btn-ok
âœ… All required fields filled successfully â€” returning True.
ğŸ§¾ Validation built: 5 field(s) failed.
ğŸ—ƒï¸ ValidationStatus saved into extracted_json for doc_id=9
âœ… doc_id 9 processed successfully.
âŒ process_row_with_driver exception: name 'update_overall_status' is not defined
Traceback (most recent call last):
  File "C:\KSS_Working\main.py", line 228, in process_row_with_driver
    update_overall_status(conn, doc_id)
    ^^^^^^^^^^^^^^^^^^^^^
NameError: name 'update_overall_status' is not defined
C:\KSS_Working\main.py:233: DeprecationWarning: datetime.datetime.utcnow() is deprecated and scheduled for removal in a future version. Use timezone-aware objects to represent datetimes in UTC: datetime.datetime.now(datetime.UTC).
  ts = datetime.utcnow().strftime("%Y%m%d_%H%M%S")

âŒ doc_id 9 failed during setup: name 'update_overall_status' is not defined
Traceback (most recent call last):
  File "C:\KSS_Working\main.py", line 301, in main_db_process
    raise Exception(msg)
Exception: name 'update_overall_status' is not defined

â³ Waiting 30s before closing browser...
ğŸ“— Using extracted_json (status NOT STARTED or other).

â–¶ï¸ Claimed doc_id=2, file=UltraTechCement_Invoice_20251024_075912_203936.pdf
ğŸ“¸ C:\KSS_Working\screenshots\00_login_page.png
ğŸ“¸ C:\KSS_Working\screenshots\01_credentials_typed.png
âœ… Clicked Sign in
âœ… Branch selected: ARAKKONAM
ğŸ“¸ C:\KSS_Working\screenshots\02_branch_selected.png
ğŸ“¸ C:\KSS_Working\screenshots\popup_handled_after_submit_attempt_1.png
âœ… Branch Submit clicked (handled popups if any)
ğŸ“¸ C:\KSS_Working\screenshots\03_after_branch_submit.png
â³ Waiting for Operations tile...
âš ï¸ Operations tile not found in time (Message: 
), navigating directly to MENU_URL
ğŸ“¸ C:\KSS_Working\screenshots\04_on_menu_page_attempt_1.png
âœ… On Menu page
ğŸ“¸ C:\KSS_Working\screenshots\05_booking_operation_expanded.png
âœ… Booking Operation expanded
ğŸ“¸ C:\KSS_Working\screenshots\06_consignment_clicked.png
âœ… Consignment clicked
âœ… API clicked; checking for iframe...
ğŸ” Found iframes: 1
ğŸ”„ Switched into iframe
ğŸ“¸ C:\KSS_Working\screenshots\07_consignment_form_ready.png
ğŸ¯ Consignment form is open and ready inside iframe
ğŸ“¸ C:\KSS_Working\screenshots\08_date_field_ready.png
ğŸ“… Date field is also ready
âœ… Date filled: 03.10.2025
ğŸ“¸ C:\KSS_Working\screenshots\UltraTechCement_Invoice_20251024_075912_203936_09_date_filled.png
âœ… Source confirmed: ARAKKONAM
ğŸ“¸ C:\KSS_Working\screenshots\UltraTechCement_Invoice_20251024_075912_203936_10_source_filled.png
âœ… Destination confirmed: ARAKKONAM
ğŸ“¸ C:\KSS_Working\screenshots\UltraTechCement_Invoice_20251024_075912_203936_11_destination_filled.png
âœ… Vehicle confirmed: TN73U1383
ğŸ“¸ C:\KSS_Working\screenshots\UltraTechCement_Invoice_20251024_075912_203936_12_vehicle_filled.png
âœ… E-Way Bill No filled: 581886745765
ğŸ“¸ C:\KSS_Working\screenshots\UltraTechCement_Invoice_20251024_075912_203936_13_ewaybill_filled.png
âœ… Consignor confirmed: UltraTech Cement Limited
ğŸ“¸ C:\KSS_Working\screenshots\UltraTechCement_Invoice_20251024_075912_203936_15_consignor_filled.png
âœ… GST Type set: Unregistered
ğŸ“¸ C:\KSS_Working\screenshots\UltraTechCement_Invoice_20251024_075912_203936_17_gsttype_filled.png
â†» Retry 1/3 for ('id', 'CNM_CNE_NAME') value '#21' (have='', verify=equals)
â†» Retry 2/3 for ('id', 'CNM_CNE_NAME') value '#21' (have='', verify=equals)
â†» Retry 3/3 for ('id', 'CNM_CNE_NAME') value '#21' (have='', verify=equals)
âŒ Failed to set ('id', 'CNM_CNE_NAME') after 3 attempts.
âš ï¸ Consignee empty after initial attempts â€” toggling GST Type once and retrying.
ğŸ” GST toggled from 'Unregistered' to 'Registered' and verified.
ğŸ“¸ C:\KSS_Working\screenshots\gst_toggled.png
â†» Retry 1/3 for ('id', 'CNM_CNE_NAME') value '#21' (have='', verify=equals)
â†» Retry 2/3 for ('id', 'CNM_CNE_NAME') value '#21' (have='', verify=equals)
â†» Retry 3/3 for ('id', 'CNM_CNE_NAME') value '#21' (have='', verify=equals)
âŒ Failed to set ('id', 'CNM_CNE_NAME') after 3 attempts.
âŒ Consignee still not found after GST toggle â€” moving on.
ğŸ“¸ C:\KSS_Working\screenshots\UltraTechCement_Invoice_20251024_075912_203936_18_consignee_filled.png
âœ… Delivery Address set: 21, 3RD MAIN ROAD, DHANDEESWARAM NAGAR 3RD STREET, VELACHERY CHENNAI, TAMIL NADU SEGMENT
ğŸ“¸ C:\KSS_Working\screenshots\UltraTechCement_Invoice_20251024_075912_203936_19_deliveryaddress_filled.png
â„¹ï¸ Skipping Consignee in verify_and_repair_fields because Consignee was already tried in fill flow.
ğŸ‰ All fields verified in pass 1.
âœ… 'Add Item' clicked.
ğŸ“¸ C:\KSS_Working\screenshots\UltraTechCement_Invoice_20251024_075912_203936_21_additem_clicked.png
ğŸ“¸ C:\KSS_Working\screenshots\UltraTechCement_Invoice_20251024_075912_203936_22_insertitem_contentname_ok.png
ğŸ“¸ C:\KSS_Working\screenshots\UltraTechCement_Invoice_20251024_075912_203936_22_insertitem_filled.png
âœ… 'Add Invoice' clicked.
ğŸ“¸ C:\KSS_Working\screenshots\UltraTechCement_Invoice_20251024_075912_203936_24_addinvoice_clicked.png
âœ… Insert Item modal closed.
ğŸ“¸ C:\KSS_Working\screenshots\UltraTechCement_Invoice_20251024_075912_203936_25_insertitem_closed.png
âš ï¸ Rate did not stick after verification.
ğŸ“¸ C:\KSS_Working\screenshots\UltraTechCement_Invoice_20251024_075912_203936_27_rate_filled.png
âœ… Popup closed with selector: id=btn-ok
âœ… Popup closed with selector: xpath=//button[normalize-space()='OK']
âŒ Validation failed â€” missing or unfilled fields: ['ConsignmentNo']
ğŸ§¾ Validation built: 1 field(s) failed.
ğŸ—ƒï¸ ValidationStatus saved into extracted_json for doc_id=2
âŒ doc_id 2 marked as Failed due to form fill issues.
â³ Waiting 30s before closing browser...
ğŸ“— Using extracted_json (status NOT STARTED or other).

â–¶ï¸ Claimed doc_id=3, file=UltraTechCement_Invoice_20251024_075912_209346.pdf
ğŸ“¸ C:\KSS_Working\screenshots\00_login_page.png
ğŸ“¸ C:\KSS_Working\screenshots\01_credentials_typed.png
âœ… Clicked Sign in
âœ… Branch selected: ARAKKONAM
ğŸ“¸ C:\KSS_Working\screenshots\02_branch_selected.png
ğŸ“¸ C:\KSS_Working\screenshots\popup_handled_after_submit_attempt_1.png
âœ… Branch Submit clicked (handled popups if any)
ğŸ“¸ C:\KSS_Working\screenshots\03_after_branch_submit.png
â³ Waiting for Operations tile...
âš ï¸ Operations tile not found in time (Message: 
), navigating directly to MENU_URL
ğŸ“¸ C:\KSS_Working\screenshots\04_on_menu_page_attempt_1.png
âœ… On Menu page
ğŸ“¸ C:\KSS_Working\screenshots\05_booking_operation_expanded.png
âœ… Booking Operation expanded
ğŸ“¸ C:\KSS_Working\screenshots\06_consignment_clicked.png
âœ… Consignment clicked
âœ… API clicked; checking for iframe...
ğŸ” Found iframes: 1
ğŸ”„ Switched into iframe
ğŸ“¸ C:\KSS_Working\screenshots\07_consignment_form_ready.png
ğŸ¯ Consignment form is open and ready inside iframe
ğŸ“¸ C:\KSS_Working\screenshots\08_date_field_ready.png
ğŸ“… Date field is also ready
âœ… ConsignmentNo filled: 6608
ğŸ“¸ C:\KSS_Working\screenshots\UltraTechCement_Invoice_20251024_075912_209346_08_consignment_no.png
âœ… Date filled: 04.10.2025
ğŸ“¸ C:\KSS_Working\screenshots\UltraTechCement_Invoice_20251024_075912_209346_09_date_filled.png
âœ… Source confirmed: ARAKKONAM
ğŸ“¸ C:\KSS_Working\screenshots\UltraTechCement_Invoice_20251024_075912_209346_10_source_filled.png
âœ… Destination confirmed: MYLAPORE
ğŸ“¸ C:\KSS_Working\screenshots\UltraTechCement_Invoice_20251024_075912_209346_11_destination_filled.png
âœ… Vehicle confirmed: TN73BY0885
ğŸ“¸ C:\KSS_Working\screenshots\UltraTechCement_Invoice_20251024_075912_209346_12_vehicle_filled.png
âœ… E-Way Bill No filled: 551887001543
ğŸ“¸ C:\KSS_Working\screenshots\UltraTechCement_Invoice_20251024_075912_209346_13_ewaybill_filled.png
âœ… Consignor confirmed: UltraTech Cement Limited
ğŸ“¸ C:\KSS_Working\screenshots\UltraTechCement_Invoice_20251024_075912_209346_15_consignor_filled.png
âœ… GST Type set: Unregistered
ğŸ“¸ C:\KSS_Working\screenshots\UltraTechCement_Invoice_20251024_075912_209346_17_gsttype_filled.png
âœ… Delivery Address set: I 1137475975 VETRISELVI, ED ST JONES ROAD 96, DR, BESANT ROAD, REE OF SUPPLY: CHENN 4, MYLAPORE
ğŸ“¸ C:\KSS_Working\screenshots\UltraTechCement_Invoice_20251024_075912_209346_19_deliveryaddress_filled.png
â„¹ï¸ Skipping Consignee in verify_and_repair_fields because Consignee was already tried in fill flow.
ğŸ‰ All fields verified in pass 1.
âœ… 'Add Item' clicked.
ğŸ“¸ C:\KSS_Working\screenshots\UltraTechCement_Invoice_20251024_075912_209346_21_additem_clicked.png
ğŸ“¸ C:\KSS_Working\screenshots\UltraTechCement_Invoice_20251024_075912_209346_22_insertitem_contentname_ok.png
ğŸ“¸ C:\KSS_Working\screenshots\UltraTechCement_Invoice_20251024_075912_209346_22_insertitem_filled.png
âœ… 'Add Invoice' clicked.
ğŸ“¸ C:\KSS_Working\screenshots\UltraTechCement_Invoice_20251024_075912_209346_24_addinvoice_clicked.png
âœ… Insert Item modal closed.
ğŸ“¸ C:\KSS_Working\screenshots\UltraTechCement_Invoice_20251024_075912_209346_25_insertitem_closed.png
âš ï¸ Rate did not stick after verification.
ğŸ“¸ C:\KSS_Working\screenshots\UltraTechCement_Invoice_20251024_075912_209346_27_rate_filled.png
âŒ Validation failed â€” missing or unfilled fields: ['Consignee']
ğŸ§¾ Validation built: 3 field(s) failed.
ğŸ—ƒï¸ ValidationStatus saved into extracted_json for doc_id=3
âŒ doc_id 3 marked as Failed due to form fill issues.
â³ Waiting 30s before closing browser...
ğŸ“— Using extracted_json (status NOT STARTED or other).

â–¶ï¸ Claimed doc_id=8, file=UltraTechCement_Invoice_20251024_075912_210133.pdf
ğŸ“¸ C:\KSS_Working\screenshots\00_login_page.png
ğŸ“¸ C:\KSS_Working\screenshots\01_credentials_typed.png
âœ… Clicked Sign in
âœ… Branch selected: ARAKKONAM
ğŸ“¸ C:\KSS_Working\screenshots\02_branch_selected.png
ğŸ“¸ C:\KSS_Working\screenshots\popup_handled_after_submit_attempt_1.png
âœ… Branch Submit clicked (handled popups if any)
ğŸ“¸ C:\KSS_Working\screenshots\03_after_branch_submit.png
â³ Waiting for Operations tile...
âš ï¸ Operations tile not found in time (Message: 
), navigating directly to MENU_URL
ğŸ“¸ C:\KSS_Working\screenshots\04_on_menu_page_attempt_1.png
âœ… On Menu page
ğŸ“¸ C:\KSS_Working\screenshots\05_booking_operation_expanded.png
âœ… Booking Operation expanded
ğŸ“¸ C:\KSS_Working\screenshots\06_consignment_clicked.png
âœ… Consignment clicked
âœ… API clicked; checking for iframe...
ğŸ” Found iframes: 1
ğŸ”„ Switched into iframe
ğŸ“¸ C:\KSS_Working\screenshots\07_consignment_form_ready.png
ğŸ¯ Consignment form is open and ready inside iframe
ğŸ“¸ C:\KSS_Working\screenshots\08_date_field_ready.png
ğŸ“… Date field is also ready
âœ… ConsignmentNo filled: 6563
ğŸ“¸ C:\KSS_Working\screenshots\UltraTechCement_Invoice_20251024_075912_210133_08_consignment_no.png
âœ… Date filled: 03.10.2025
ğŸ“¸ C:\KSS_Working\screenshots\UltraTechCement_Invoice_20251024_075912_210133_09_date_filled.png
âœ… Source confirmed: ARAKKONAM
ğŸ“¸ C:\KSS_Working\screenshots\UltraTechCement_Invoice_20251024_075912_210133_10_source_filled.png
âœ… Destination confirmed: MADURAI
ğŸ“¸ C:\KSS_Working\screenshots\UltraTechCement_Invoice_20251024_075912_210133_11_destination_filled.png
âœ… Vehicle confirmed: TN73BY0885
ğŸ“¸ C:\KSS_Working\screenshots\UltraTechCement_Invoice_20251024_075912_210133_12_vehicle_filled.png
âœ… E-Way Bill No filled: 581886426336
ğŸ“¸ C:\KSS_Working\screenshots\UltraTechCement_Invoice_20251024_075912_210133_13_ewaybill_filled.png
âœ… Consignor confirmed: UltraTech Cement Limited
ğŸ“¸ C:\KSS_Working\screenshots\UltraTechCement_Invoice_20251024_075912_210133_15_consignor_filled.png
âœ… GST Type set: Unregistered
ğŸ“¸ C:\KSS_Working\screenshots\UltraTechCement_Invoice_20251024_075912_210133_17_gsttype_filled.png
âœ… Consignee confirmed: VASU AGENCIES
ğŸ“¸ C:\KSS_Working\screenshots\UltraTechCement_Invoice_20251024_075912_210133_18_consignee_filled.png
âœ… Delivery Address set: AKT MUTHU, 26-B, PLOT 4A JL LIVING, THAIYUR R, EAST JONES ROAD, TAMIL NADU
ğŸ“¸ C:\KSS_Working\screenshots\UltraTechCement_Invoice_20251024_075912_210133_19_deliveryaddress_filled.png
â„¹ï¸ Skipping Consignee in verify_and_repair_fields because Consignee was already tried in fill flow.
ğŸ‰ All fields verified in pass 1.
âœ… 'Add Item' clicked.
ğŸ“¸ C:\KSS_Working\screenshots\UltraTechCement_Invoice_20251024_075912_210133_21_additem_clicked.png
ğŸ“¸ C:\KSS_Working\screenshots\UltraTechCement_Invoice_20251024_075912_210133_22_insertitem_contentname_ok.png
ğŸ“¸ C:\KSS_Working\screenshots\UltraTechCement_Invoice_20251024_075912_210133_22_insertitem_filled.png
âœ… 'Add Invoice' clicked.
ğŸ“¸ C:\KSS_Working\screenshots\UltraTechCement_Invoice_20251024_075912_210133_24_addinvoice_clicked.png
âœ… Insert Item modal closed.
ğŸ“¸ C:\KSS_Working\screenshots\UltraTechCement_Invoice_20251024_075912_210133_25_insertitem_closed.png
âš ï¸ Rate did not stick after verification.
ğŸ“¸ C:\KSS_Working\screenshots\UltraTechCement_Invoice_20251024_075912_210133_27_rate_filled.png
âœ… Popup closed with selector: id=btn-ok
âœ… All required fields filled successfully â€” returning True.
ğŸ§¾ Validation built: 3 field(s) failed.
ğŸ—ƒï¸ ValidationStatus saved into extracted_json for doc_id=8
âœ… doc_id 8 processed successfully.
âŒ process_row_with_driver exception: name 'update_overall_status' is not defined
Traceback (most recent call last):
  File "C:\KSS_Working\main.py", line 228, in process_row_with_driver
    update_overall_status(conn, doc_id)
    ^^^^^^^^^^^^^^^^^^^^^
NameError: name 'update_overall_status' is not defined

âŒ doc_id 8 failed during setup: name 'update_overall_status' is not defined
Traceback (most recent call last):
  File "C:\KSS_Working\main.py", line 301, in main_db_process
    raise Exception(msg)
Exception: name 'update_overall_status' is not defined

â³ Waiting 30s before closing browser...
ğŸ“— Using extracted_json (status NOT STARTED or other).

â–¶ï¸ Claimed doc_id=4, file=UltraTechCement_Invoice_20251024_075912_205429.pdf
ğŸ“¸ C:\KSS_Working\screenshots\00_login_page.png
ğŸ“¸ C:\KSS_Working\screenshots\01_credentials_typed.png
âœ… Clicked Sign in
âœ… Branch selected: ARAKKONAM
ğŸ“¸ C:\KSS_Working\screenshots\02_branch_selected.png
ğŸ“¸ C:\KSS_Working\screenshots\popup_handled_after_submit_attempt_1.png
âœ… Branch Submit clicked (handled popups if any)
ğŸ“¸ C:\KSS_Working\screenshots\03_after_branch_submit.png
â³ Waiting for Operations tile...
âš ï¸ Operations tile not found in time (Message: 
), navigating directly to MENU_URL
ğŸ“¸ C:\KSS_Working\screenshots\04_on_menu_page_attempt_1.png
âœ… On Menu page
ğŸ“¸ C:\KSS_Working\screenshots\05_booking_operation_expanded.png
âœ… Booking Operation expanded
ğŸ“¸ C:\KSS_Working\screenshots\06_consignment_clicked.png
âœ… Consignment clicked
âœ… API clicked; checking for iframe...
ğŸ” Found iframes: 1
ğŸ”„ Switched into iframe
ğŸ“¸ C:\KSS_Working\screenshots\07_consignment_form_ready.png
ğŸ¯ Consignment form is open and ready inside iframe
ğŸ“¸ C:\KSS_Working\screenshots\08_date_field_ready.png
ğŸ“… Date field is also ready
âœ… ConsignmentNo filled: 6614
ğŸ“¸ C:\KSS_Working\screenshots\UltraTechCement_Invoice_20251024_075912_205429_08_consignment_no.png
âœ… Date filled: 03.10.2025
ğŸ“¸ C:\KSS_Working\screenshots\UltraTechCement_Invoice_20251024_075912_205429_09_date_filled.png
âœ… Source confirmed: ARAKKONAM
ğŸ“¸ C:\KSS_Working\screenshots\UltraTechCement_Invoice_20251024_075912_205429_10_source_filled.png
â†» Retry 1/6 for ('id', 'CNM_TO_STN_NAME') value 'THIRUMASHISA' (have='THIRUMASHISAI', verify=equals)
â†» Retry 2/6 for ('id', 'CNM_TO_STN_NAME') value 'THIRUMASHISA' (have='THIRUMASHISAI', verify=equals)
â†» Retry 3/6 for ('id', 'CNM_TO_STN_NAME') value 'THIRUMASHISA' (have='THIRUMASHISAI', verify=equals)
â†» Retry 4/6 for ('id', 'CNM_TO_STN_NAME') value 'THIRUMASHISA' (have='THIRUMASHISAI', verify=equals)
â†» Retry 5/6 for ('id', 'CNM_TO_STN_NAME') value 'THIRUMASHISA' (have='THIRUMASHISAI', verify=equals)
â†» Retry 6/6 for ('id', 'CNM_TO_STN_NAME') value 'THIRUMASHISA' (have='THIRUMASHISAI', verify=equals)
âŒ Failed to set ('id', 'CNM_TO_STN_NAME') after 6 attempts.
âš ï¸ Destination not confirmed: THIRUMASHISA
ğŸ“¸ C:\KSS_Working\screenshots\UltraTechCement_Invoice_20251024_075912_205429_11_destination_filled.png
âœ… Vehicle confirmed: TN73BY4009
ğŸ“¸ C:\KSS_Working\screenshots\UltraTechCement_Invoice_20251024_075912_205429_12_vehicle_filled.png
âœ… E-Way Bill No filled: 551886954812
ğŸ“¸ C:\KSS_Working\screenshots\UltraTechCement_Invoice_20251024_075912_205429_13_ewaybill_filled.png
âœ… Consignor confirmed: UltraTech Cement Limited
ğŸ“¸ C:\KSS_Working\screenshots\UltraTechCement_Invoice_20251024_075912_205429_15_consignor_filled.png
âœ… GST Type set: Unregistered
ğŸ“¸ C:\KSS_Working\screenshots\UltraTechCement_Invoice_20251024_075912_205429_17_gsttype_filled.png
â†» Retry 1/3 for ('id', 'CNM_CNE_NAME') value 'SLT CEMENT MARKETERS PVT LTD' (have='', verify=equals)
â†» Retry 2/3 for ('id', 'CNM_CNE_NAME') value 'SLT CEMENT MARKETERS PVT LTD' (have='', verify=equals)
â†» Retry 3/3 for ('id', 'CNM_CNE_NAME') value 'SLT CEMENT MARKETERS PVT LTD' (have='', verify=equals)
âŒ Failed to set ('id', 'CNM_CNE_NAME') after 3 attempts.
âš ï¸ Consignee empty after initial attempts â€” toggling GST Type once and retrying.
ğŸ” GST toggled from 'Unregistered' to 'Registered' and verified.
ğŸ“¸ C:\KSS_Working\screenshots\gst_toggled.png
â†» Retry 1/3 for ('id', 'CNM_CNE_NAME') value 'SLT CEMENT MARKETERS PVT LTD' (have='', verify=equals)
â†» Retry 2/3 for ('id', 'CNM_CNE_NAME') value 'SLT CEMENT MARKETERS PVT LTD' (have='', verify=equals)
â†» Retry 3/3 for ('id', 'CNM_CNE_NAME') value 'SLT CEMENT MARKETERS PVT LTD' (have='', verify=equals)
âŒ Failed to set ('id', 'CNM_CNE_NAME') after 3 attempts.
âŒ Consignee still not found after GST toggle â€” moving on.
ğŸ“¸ C:\KSS_Working\screenshots\UltraTechCement_Invoice_20251024_075912_205429_18_consignee_filled.png
âœ… Delivery Address set: LAKSHMI, 60 MURUGAN KOIL STREET EXTN, 267 VELLAVEDU HIGH ROAD, SANTHOSH NAGAR, TAMIL NADU
ğŸ“¸ C:\KSS_Working\screenshots\UltraTechCement_Invoice_20251024_075912_205429_19_deliveryaddress_filled.png
â„¹ï¸ Skipping Consignee in verify_and_repair_fields because Consignee was already tried in fill flow.
ğŸ” Pass 1: 'Destination' not verified (have='THIRUMASHISAI', want [equals] 'THIRUMASHISA') â€” fixing...
â†» Retry 1/5 for ('id', 'CNM_TO_STN_NAME') value 'THIRUMASHISA' (have='THIRUMASHISAI', verify=equals)
â†» Retry 2/5 for ('id', 'CNM_TO_STN_NAME') value 'THIRUMASHISA' (have='THIRUMASHISAI', verify=equals)
â†» Retry 3/5 for ('id', 'CNM_TO_STN_NAME') value 'THIRUMASHISA' (have='THIRUMASHISAI', verify=equals)
â†» Retry 4/5 for ('id', 'CNM_TO_STN_NAME') value 'THIRUMASHISA' (have='THIRUMASHISAI', verify=equals)
â†» Retry 5/5 for ('id', 'CNM_TO_STN_NAME') value 'THIRUMASHISA' (have='THIRUMASHISAI', verify=equals)
âŒ Failed to set ('id', 'CNM_TO_STN_NAME') after 5 attempts.
âŒ 'Destination' still not correct after repair attempt.
â†» Fields still incorrect after pass 1: Destination
ğŸ” Pass 2: 'Destination' not verified (have='THIRUMASHISAI', want [equals] 'THIRUMASHISA') â€” fixing...
â†» Retry 1/5 for ('id', 'CNM_TO_STN_NAME') value 'THIRUMASHISA' (have='THIRUMASHISAI', verify=equals)
â†» Retry 2/5 for ('id', 'CNM_TO_STN_NAME') value 'THIRUMASHISA' (have='THIRUMASHISAI', verify=equals)
â†» Retry 3/5 for ('id', 'CNM_TO_STN_NAME') value 'THIRUMASHISA' (have='THIRUMASHISAI', verify=equals)
â†» Retry 4/5 for ('id', 'CNM_TO_STN_NAME') value 'THIRUMASHISA' (have='THIRUMASHISAI', verify=equals)
â†» Retry 5/5 for ('id', 'CNM_TO_STN_NAME') value 'THIRUMASHISA' (have='THIRUMASHISAI', verify=equals)
âŒ Failed to set ('id', 'CNM_TO_STN_NAME') after 5 attempts.
âŒ 'Destination' still not correct after repair attempt.
â†» Fields still incorrect after pass 2: Destination
ğŸ” Pass 3: 'Destination' not verified (have='THIRUMASHISAI', want [equals] 'THIRUMASHISA') â€” fixing...
â†» Retry 1/5 for ('id', 'CNM_TO_STN_NAME') value 'THIRUMASHISA' (have='THIRUMASHISAI', verify=equals)
â†» Retry 2/5 for ('id', 'CNM_TO_STN_NAME') value 'THIRUMASHISA' (have='THIRUMASHISAI', verify=equals)
â†» Retry 3/5 for ('id', 'CNM_TO_STN_NAME') value 'THIRUMASHISA' (have='THIRUMASHISAI', verify=equals)
â†» Retry 4/5 for ('id', 'CNM_TO_STN_NAME') value 'THIRUMASHISA' (have='THIRUMASHISAI', verify=equals)
â†» Retry 5/5 for ('id', 'CNM_TO_STN_NAME') value 'THIRUMASHISA' (have='THIRUMASHISAI', verify=equals)
âŒ Failed to set ('id', 'CNM_TO_STN_NAME') after 5 attempts.
âŒ 'Destination' still not correct after repair attempt.
â†» Fields still incorrect after pass 3: Destination
âš ï¸ Verification finished with unresolved fields after max passes.
âœ… 'Add Item' clicked.
ğŸ“¸ C:\KSS_Working\screenshots\UltraTechCement_Invoice_20251024_075912_205429_21_additem_clicked.png
ğŸ“¸ C:\KSS_Working\screenshots\UltraTechCement_Invoice_20251024_075912_205429_22_insertitem_contentname_ok.png
ğŸ“¸ C:\KSS_Working\screenshots\UltraTechCement_Invoice_20251024_075912_205429_22_insertitem_filled.png
âœ… 'Add Invoice' clicked.
ğŸ“¸ C:\KSS_Working\screenshots\UltraTechCement_Invoice_20251024_075912_205429_24_addinvoice_clicked.png
âœ… Insert Item modal closed.
ğŸ“¸ C:\KSS_Working\screenshots\UltraTechCement_Invoice_20251024_075912_205429_25_insertitem_closed.png
âš ï¸ Rate did not stick after verification.
ğŸ“¸ C:\KSS_Working\screenshots\UltraTechCement_Invoice_20251024_075912_205429_27_rate_filled.png
âœ… All required fields filled successfully â€” returning True.
ğŸ§¾ Validation built: 5 field(s) failed.
ğŸ—ƒï¸ ValidationStatus saved into extracted_json for doc_id=4
âœ… doc_id 4 processed successfully.
âŒ process_row_with_driver exception: name 'update_overall_status' is not defined
Traceback (most recent call last):
  File "C:\KSS_Working\main.py", line 228, in process_row_with_driver
    update_overall_status(conn, doc_id)
    ^^^^^^^^^^^^^^^^^^^^^
NameError: name 'update_overall_status' is not defined

âŒ doc_id 4 failed during setup: name 'update_overall_status' is not defined
Traceback (most recent call last):
  File "C:\KSS_Working\main.py", line 301, in main_db_process
    raise Exception(msg)
Exception: name 'update_overall_status' is not defined

â³ Waiting 30s before closing browser...
ğŸ“— Using extracted_json (status NOT STARTED or other).

â–¶ï¸ Claimed doc_id=5, file=UltraTechCement_Invoice_20251024_075912_202727.pdf
ğŸ“¸ C:\KSS_Working\screenshots\00_login_page.png
ğŸ“¸ C:\KSS_Working\screenshots\01_credentials_typed.png
âœ… Clicked Sign in
âœ… Branch selected: ARAKKONAM
ğŸ“¸ C:\KSS_Working\screenshots\02_branch_selected.png
ğŸ“¸ C:\KSS_Working\screenshots\popup_handled_after_submit_attempt_1.png
âœ… Branch Submit clicked (handled popups if any)
ğŸ“¸ C:\KSS_Working\screenshots\03_after_branch_submit.png
â³ Waiting for Operations tile...
âš ï¸ Operations tile not found in time (Message: 
), navigating directly to MENU_URL
ğŸ“¸ C:\KSS_Working\screenshots\04_on_menu_page_attempt_1.png
âœ… On Menu page
ğŸ“¸ C:\KSS_Working\screenshots\05_booking_operation_expanded.png
âœ… Booking Operation expanded
ğŸ“¸ C:\KSS_Working\screenshots\06_consignment_clicked.png
âœ… Consignment clicked
âœ… API clicked; checking for iframe...
ğŸ” Found iframes: 1
ğŸ”„ Switched into iframe
ğŸ“¸ C:\KSS_Working\screenshots\07_consignment_form_ready.png
ğŸ¯ Consignment form is open and ready inside iframe
ğŸ“¸ C:\KSS_Working\screenshots\08_date_field_ready.png
ğŸ“… Date field is also ready
âœ… ConsignmentNo filled: 6606
ğŸ“¸ C:\KSS_Working\screenshots\UltraTechCement_Invoice_20251024_075912_202727_08_consignment_no.png
âœ… Date filled: 03.10.2025
ğŸ“¸ C:\KSS_Working\screenshots\UltraTechCement_Invoice_20251024_075912_202727_09_date_filled.png
âœ… Source confirmed: ARAKKONAM
ğŸ“¸ C:\KSS_Working\screenshots\UltraTechCement_Invoice_20251024_075912_202727_10_source_filled.png
âœ… Destination confirmed: SITTALAPAKKAM
ğŸ“¸ C:\KSS_Working\screenshots\UltraTechCement_Invoice_20251024_075912_202727_11_destination_filled.png
âœ… Vehicle confirmed: TN52U3488
ğŸ“¸ C:\KSS_Working\screenshots\UltraTechCement_Invoice_20251024_075912_202727_12_vehicle_filled.png
âœ… E-Way Bill No filled: 511887001061
ğŸ“¸ C:\KSS_Working\screenshots\UltraTechCement_Invoice_20251024_075912_202727_13_ewaybill_filled.png
âœ… Consignor confirmed: UltraTech Cement Limited
ğŸ“¸ C:\KSS_Working\screenshots\UltraTechCement_Invoice_20251024_075912_202727_15_consignor_filled.png
âœ… GST Type set: Unregistered
ğŸ“¸ C:\KSS_Working\screenshots\UltraTechCement_Invoice_20251024_075912_202727_17_gsttype_filled.png
â†» Retry 1/3 for ('id', 'CNM_CNE_NAME') value 'ASTRO HOMES LLP' (have='', verify=equals)
â†» Retry 2/3 for ('id', 'CNM_CNE_NAME') value 'ASTRO HOMES LLP' (have='', verify=equals)
â†» Retry 3/3 for ('id', 'CNM_CNE_NAME') value 'ASTRO HOMES LLP' (have='', verify=equals)
âŒ Failed to set ('id', 'CNM_CNE_NAME') after 3 attempts.
âš ï¸ Consignee empty after initial attempts â€” toggling GST Type once and retrying.
ğŸ” GST toggled from 'Unregistered' to 'Registered' and verified.
ğŸ“¸ C:\KSS_Working\screenshots\gst_toggled.png
â†» Retry 1/3 for ('id', 'CNM_CNE_NAME') value 'ASTRO HOMES LLP' (have='', verify=equals)
â†» Retry 2/3 for ('id', 'CNM_CNE_NAME') value 'ASTRO HOMES LLP' (have='', verify=equals)
â†» Retry 3/3 for ('id', 'CNM_CNE_NAME') value 'ASTRO HOMES LLP' (have='', verify=equals)
âŒ Failed to set ('id', 'CNM_CNE_NAME') after 3 attempts.
âŒ Consignee still not found after GST toggle â€” moving on.
ğŸ“¸ C:\KSS_Working\screenshots\UltraTechCement_Invoice_20251024_075912_202727_18_consignee_filled.png
âœ… Delivery Address set: ASTRO HOMES LLP 16/27 09 2025 ASTRO HOMES LLP, FLAT 2 241 PERIYAR SALAL, 62, KARANAI MAIN ROAD, ARAS, TAMIL NADU
ğŸ“¸ C:\KSS_Working\screenshots\UltraTechCement_Invoice_20251024_075912_202727_19_deliveryaddress_filled.png
â„¹ï¸ Skipping Consignee in verify_and_repair_fields because Consignee was already tried in fill flow.
ğŸ‰ All fields verified in pass 1.
âœ… 'Add Item' clicked.
ğŸ“¸ C:\KSS_Working\screenshots\UltraTechCement_Invoice_20251024_075912_202727_21_additem_clicked.png
ğŸ“¸ C:\KSS_Working\screenshots\UltraTechCement_Invoice_20251024_075912_202727_22_insertitem_contentname_ok.png
ğŸ“¸ C:\KSS_Working\screenshots\UltraTechCement_Invoice_20251024_075912_202727_22_insertitem_filled.png
âœ… 'Add Invoice' clicked.
ğŸ“¸ C:\KSS_Working\screenshots\UltraTechCement_Invoice_20251024_075912_202727_24_addinvoice_clicked.png
âœ… Insert Item modal closed.
ğŸ“¸ C:\KSS_Working\screenshots\UltraTechCement_Invoice_20251024_075912_202727_25_insertitem_closed.png
âš ï¸ Rate did not stick after verification.
ğŸ“¸ C:\KSS_Working\screenshots\UltraTechCement_Invoice_20251024_075912_202727_27_rate_filled.png
âœ… Popup closed with selector: id=btn-ok
âœ… All required fields filled successfully â€” returning True.
ğŸ§¾ Validation built: 4 field(s) failed.
ğŸ—ƒï¸ ValidationStatus saved into extracted_json for doc_id=5
âœ… doc_id 5 processed successfully.
âŒ process_row_with_driver exception: name 'update_overall_status' is not defined
Traceback (most recent call last):
  File "C:\KSS_Working\main.py", line 228, in process_row_with_driver
    update_overall_status(conn, doc_id)
    ^^^^^^^^^^^^^^^^^^^^^
NameError: name 'update_overall_status' is not defined

âŒ doc_id 5 failed during setup: name 'update_overall_status' is not defined
Traceback (most recent call last):
  File "C:\KSS_Working\main.py", line 301, in main_db_process
    raise Exception(msg)
Exception: name 'update_overall_status' is not defined

â³ Waiting 30s before closing browser...
ğŸ“— Using extracted_json (status NOT STARTED or other).

â–¶ï¸ Claimed doc_id=6, file=UltraTechCement_Invoice_20251024_075912_208554.pdf
ğŸ“¸ C:\KSS_Working\screenshots\00_login_page.png
ğŸ“¸ C:\KSS_Working\screenshots\01_credentials_typed.png
âœ… Clicked Sign in
âœ… Branch selected: ARAKKONAM
ğŸ“¸ C:\KSS_Working\screenshots\02_branch_selected.png
ğŸ“¸ C:\KSS_Working\screenshots\popup_handled_after_submit_attempt_1.png
âœ… Branch Submit clicked (handled popups if any)
ğŸ“¸ C:\KSS_Working\screenshots\03_after_branch_submit.png
â³ Waiting for Operations tile...
âš ï¸ Operations tile not found in time (Message: 
), navigating directly to MENU_URL
ğŸ“¸ C:\KSS_Working\screenshots\04_on_menu_page_attempt_1.png
âœ… On Menu page
ğŸ“¸ C:\KSS_Working\screenshots\05_booking_operation_expanded.png
âœ… Booking Operation expanded
ğŸ“¸ C:\KSS_Working\screenshots\06_consignment_clicked.png
âœ… Consignment clicked
âœ… API clicked; checking for iframe...
ğŸ” Found iframes: 1
ğŸ”„ Switched into iframe
ğŸ“¸ C:\KSS_Working\screenshots\07_consignment_form_ready.png
ğŸ¯ Consignment form is open and ready inside iframe
ğŸ“¸ C:\KSS_Working\screenshots\08_date_field_ready.png
ğŸ“… Date field is also ready
âœ… ConsignmentNo filled: 6590
ğŸ“¸ C:\KSS_Working\screenshots\UltraTechCement_Invoice_20251024_075912_208554_08_consignment_no.png
âœ… Date filled: 03.10.2025
ğŸ“¸ C:\KSS_Working\screenshots\UltraTechCement_Invoice_20251024_075912_208554_09_date_filled.png
âœ… Source confirmed: ARAKKONAM
ğŸ“¸ C:\KSS_Working\screenshots\UltraTechCement_Invoice_20251024_075912_208554_10_source_filled.png
âœ… Destination confirmed: ARAKKONAM
ğŸ“¸ C:\KSS_Working\screenshots\UltraTechCement_Invoice_20251024_075912_208554_11_destination_filled.png
âœ… Vehicle confirmed: TN88L6472
ğŸ“¸ C:\KSS_Working\screenshots\UltraTechCement_Invoice_20251024_075912_208554_12_vehicle_filled.png
âœ… E-Way Bill No filled: 501886879581
ğŸ“¸ C:\KSS_Working\screenshots\UltraTechCement_Invoice_20251024_075912_208554_13_ewaybill_filled.png
âœ… Consignor confirmed: UltraTech Cement Limited
ğŸ“¸ C:\KSS_Working\screenshots\UltraTechCement_Invoice_20251024_075912_208554_15_consignor_filled.png
âœ… GST Type set: Unregistered
ğŸ“¸ C:\KSS_Working\screenshots\UltraTechCement_Invoice_20251024_075912_208554_17_gsttype_filled.png
âœ… Consignee confirmed: K R HARDWARE
ğŸ“¸ C:\KSS_Working\screenshots\UltraTechCement_Invoice_20251024_075912_208554_18_consignee_filled.png
âœ… Delivery Address set: K R HARDWARE 1137456147/ SRI VENKATESHWARA AGENCY, 6, KUNDRATHUR MAIN ROAD, 64 KAMARAJ MAIN ROAD, TAMIL NADU
ğŸ“¸ C:\KSS_Working\screenshots\UltraTechCement_Invoice_20251024_075912_208554_19_deliveryaddress_filled.png
â„¹ï¸ Skipping Consignee in verify_and_repair_fields because Consignee was already tried in fill flow.
ğŸ‰ All fields verified in pass 1.
âœ… 'Add Item' clicked.
ğŸ“¸ C:\KSS_Working\screenshots\UltraTechCement_Invoice_20251024_075912_208554_21_additem_clicked.png
ğŸ“¸ C:\KSS_Working\screenshots\UltraTechCement_Invoice_20251024_075912_208554_22_insertitem_contentname_ok.png
ğŸ“¸ C:\KSS_Working\screenshots\UltraTechCement_Invoice_20251024_075912_208554_22_insertitem_filled.png
âœ… 'Add Invoice' clicked.
ğŸ“¸ C:\KSS_Working\screenshots\UltraTechCement_Invoice_20251024_075912_208554_24_addinvoice_clicked.png
âœ… Insert Item modal closed.
ğŸ“¸ C:\KSS_Working\screenshots\UltraTechCement_Invoice_20251024_075912_208554_25_insertitem_closed.png
âš ï¸ Rate did not stick after verification.
ğŸ“¸ C:\KSS_Working\screenshots\UltraTechCement_Invoice_20251024_075912_208554_27_rate_filled.png
âœ… Popup closed with selector: id=btn-ok
âœ… All required fields filled successfully â€” returning True.
ğŸ§¾ Validation built: 3 field(s) failed.
ğŸ—ƒï¸ ValidationStatus saved into extracted_json for doc_id=6
âœ… doc_id 6 processed successfully.
âŒ process_row_with_driver exception: name 'update_overall_status' is not defined
Traceback (most recent call last):
  File "C:\KSS_Working\main.py", line 228, in process_row_with_driver
    update_overall_status(conn, doc_id)
    ^^^^^^^^^^^^^^^^^^^^^
NameError: name 'update_overall_status' is not defined

âŒ doc_id 6 failed during setup: name 'update_overall_status' is not defined
Traceback (most recent call last):
  File "C:\KSS_Working\main.py", line 301, in main_db_process
    raise Exception(msg)
Exception: name 'update_overall_status' is not defined

â³ Waiting 30s before closing browser...
ğŸ“— Using extracted_json (status NOT STARTED or other).

â–¶ï¸ Claimed doc_id=10, file=UltraTechCement_Invoice_20251024_075912_204627.pdf
ğŸ“¸ C:\KSS_Working\screenshots\00_login_page.png
ğŸ“¸ C:\KSS_Working\screenshots\01_credentials_typed.png
âœ… Clicked Sign in
âœ… Branch selected: ARAKKONAM
ğŸ“¸ C:\KSS_Working\screenshots\02_branch_selected.png
ğŸ“¸ C:\KSS_Working\screenshots\popup_handled_after_submit_attempt_1.png
âœ… Branch Submit clicked (handled popups if any)
ğŸ“¸ C:\KSS_Working\screenshots\03_after_branch_submit.png
â³ Waiting for Operations tile...
âš ï¸ Operations tile not found in time (Message: 
), navigating directly to MENU_URL
ğŸ“¸ C:\KSS_Working\screenshots\04_on_menu_page_attempt_1.png
âœ… On Menu page
ğŸ“¸ C:\KSS_Working\screenshots\05_booking_operation_expanded.png
âœ… Booking Operation expanded
ğŸ“¸ C:\KSS_Working\screenshots\06_consignment_clicked.png
âœ… Consignment clicked
âœ… API clicked; checking for iframe...
ğŸ” Found iframes: 1
ğŸ”„ Switched into iframe
ğŸ“¸ C:\KSS_Working\screenshots\07_consignment_form_ready.png
ğŸ¯ Consignment form is open and ready inside iframe
ğŸ“¸ C:\KSS_Working\screenshots\08_date_field_ready.png
ğŸ“… Date field is also ready
âœ… ConsignmentNo filled: 6591
ğŸ“¸ C:\KSS_Working\screenshots\UltraTechCement_Invoice_20251024_075912_204627_08_consignment_no.png
âœ… Date filled: 03.10.2025
ğŸ“¸ C:\KSS_Working\screenshots\UltraTechCement_Invoice_20251024_075912_204627_09_date_filled.png
âœ… Source confirmed: ARAKKONAM
ğŸ“¸ C:\KSS_Working\screenshots\UltraTechCement_Invoice_20251024_075912_204627_10_source_filled.png
âœ… Destination confirmed: AMBATTUR
ğŸ“¸ C:\KSS_Working\screenshots\UltraTechCement_Invoice_20251024_075912_204627_11_destination_filled.png
âœ… Vehicle confirmed: TN19F6397
ğŸ“¸ C:\KSS_Working\screenshots\UltraTechCement_Invoice_20251024_075912_204627_12_vehicle_filled.png
âœ… E-Way Bill No filled: 591886812851
ğŸ“¸ C:\KSS_Working\screenshots\UltraTechCement_Invoice_20251024_075912_204627_13_ewaybill_filled.png
âœ… Consignor confirmed: UltraTech Cement Limited
ğŸ“¸ C:\KSS_Working\screenshots\UltraTechCement_Invoice_20251024_075912_204627_15_consignor_filled.png
âœ… GST Type set: Unregistered
ğŸ“¸ C:\KSS_Working\screenshots\UltraTechCement_Invoice_20251024_075912_204627_17_gsttype_filled.png
âœ… Consignee confirmed: S.V.SERVICES
ğŸ“¸ C:\KSS_Working\screenshots\UltraTechCement_Invoice_20251024_075912_204627_18_consignee_filled.png
âœ… Popup closed with selector: id=btn-ok
âœ… Delivery Address set: NO, 696, POONAMALLE HIGH ROAD, 200 FEET ROAD, TAMIL NADU
ğŸ“¸ C:\KSS_Working\screenshots\UltraTechCement_Invoice_20251024_075912_204627_19_deliveryaddress_filled.png
â„¹ï¸ Skipping Consignee in verify_and_repair_fields because Consignee was already tried in fill flow.
ğŸ‰ All fields verified in pass 1.
âœ… 'Add Item' clicked.
ğŸ“¸ C:\KSS_Working\screenshots\UltraTechCement_Invoice_20251024_075912_204627_21_additem_clicked.png
ğŸ“¸ C:\KSS_Working\screenshots\UltraTechCement_Invoice_20251024_075912_204627_22_insertitem_contentname_ok.png
ğŸ“¸ C:\KSS_Working\screenshots\UltraTechCement_Invoice_20251024_075912_204627_22_insertitem_filled.png
âœ… 'Add Invoice' clicked.
ğŸ“¸ C:\KSS_Working\screenshots\UltraTechCement_Invoice_20251024_075912_204627_24_addinvoice_clicked.png
âœ… Insert Item modal closed.
ğŸ“¸ C:\KSS_Working\screenshots\UltraTechCement_Invoice_20251024_075912_204627_25_insertitem_closed.png
âš ï¸ Rate did not stick after verification.
ğŸ“¸ C:\KSS_Working\screenshots\UltraTechCement_Invoice_20251024_075912_204627_27_rate_filled.png
âœ… All required fields filled successfully â€” returning True.
ğŸ§¾ Validation built: 3 field(s) failed.
ğŸ—ƒï¸ ValidationStatus saved into extracted_json for doc_id=10
âœ… doc_id 10 processed successfully.
âŒ process_row_with_driver exception: name 'update_overall_status' is not defined
Traceback (most recent call last):
  File "C:\KSS_Working\main.py", line 228, in process_row_with_driver
    update_overall_status(conn, doc_id)
    ^^^^^^^^^^^^^^^^^^^^^
NameError: name 'update_overall_status' is not defined

âŒ doc_id 10 failed during setup: name 'update_overall_status' is not defined
Traceback (most recent call last):
  File "C:\KSS_Working\main.py", line 301, in main_db_process
    raise Exception(msg)
Exception: name 'update_overall_status' is not defined

â³ Waiting 30s before closing browser...
âš ï¸ No pending rows found. Exiting loop.
ğŸ Finished DB loop.
[13:34] Execution finished. 
 
[14:19] Starting main.py 
âœ… Connected to Remote PostgreSQL
ğŸš€ Starting DB driven processing loop...
Using JSON column: extracted_json
erp_updated_at: False, erp_note: False
âš ï¸ No pending rows found. Exiting loop.
ğŸ Finished DB loop.
[14:19] Execution finished. 
 
[14:34] Starting main.py 
âœ… Connected to Remote PostgreSQL
ğŸš€ Starting DB driven processing loop...
Using JSON column: extracted_json
erp_updated_at: False, erp_note: False
âš ï¸ No pending rows found. Exiting loop.
ğŸ Finished DB loop.
[14:34] Execution finished. 
 
[14:49] Starting main.py 
âœ… Connected to Remote PostgreSQL
ğŸš€ Starting DB driven processing loop...
Using JSON column: extracted_json
erp_updated_at: False, erp_note: False
âš ï¸ No pending rows found. Exiting loop.
ğŸ Finished DB loop.
[14:49] Execution finished. 
 
[15:04] Starting main.py 
âœ… Connected to Remote PostgreSQL
ğŸš€ Starting DB driven processing loop...
Using JSON column: extracted_json
erp_updated_at: False, erp_note: False
âš ï¸ No pending rows found. Exiting loop.
ğŸ Finished DB loop.
[15:04] Execution finished. 
 
[15:19] Starting main.py 
âœ… Connected to Remote PostgreSQL
ğŸš€ Starting DB driven processing loop...
Using JSON column: extracted_json
erp_updated_at: False, erp_note: False
âš ï¸ No pending rows found. Exiting loop.
ğŸ Finished DB loop.
[15:19] Execution finished. 
 
[15:34] Starting main.py 
âœ… Connected to Remote PostgreSQL
ğŸš€ Starting DB driven processing loop...
Using JSON column: extracted_json
erp_updated_at: False, erp_note: False
âš ï¸ No pending rows found. Exiting loop.
ğŸ Finished DB loop.
[15:34] Execution finished. 
 
[15:49] Starting main.py 
âœ… Connected to Remote PostgreSQL
ğŸš€ Starting DB driven processing loop...
Using JSON column: extracted_json
erp_updated_at: False, erp_note: False
âš ï¸ No pending rows found. Exiting loop.
ğŸ Finished DB loop.
[15:49] Execution finished. 
 
[16:04] Starting main.py 
âœ… Connected to Remote PostgreSQL
ğŸš€ Starting DB driven processing loop...
Using JSON column: extracted_json
erp_updated_at: False, erp_note: False
âš ï¸ No pending rows found. Exiting loop.
ğŸ Finished DB loop.
[16:04] Execution finished. 
 
[16:19] Starting main.py 
âœ… Connected to Remote PostgreSQL
ğŸš€ Starting DB driven processing loop...
Using JSON column: extracted_json
erp_updated_at: False, erp_note: False
âš ï¸ No pending rows found. Exiting loop.
ğŸ Finished DB loop.
[16:19] Execution finished. 
 
[16:34] Starting main.py 
âœ… Connected to Remote PostgreSQL
ğŸš€ Starting DB driven processing loop...
Using JSON column: extracted_json
erp_updated_at: False, erp_note: False
âš ï¸ No pending rows found. Exiting loop.
ğŸ Finished DB loop.
[16:34] Execution finished. 
 
[16:49] Starting main.py 
âœ… Connected to Remote PostgreSQL
ğŸš€ Starting DB driven processing loop...
Using JSON column: extracted_json
erp_updated_at: False, erp_note: False
âš ï¸ No pending rows found. Exiting loop.
ğŸ Finished DB loop.
[16:49] Execution finished. 
 
[17:04] Starting main.py 
âœ… Connected to Remote PostgreSQL
ğŸš€ Starting DB driven processing loop...
Using JSON column: extracted_json
erp_updated_at: False, erp_note: False
âš ï¸ No pending rows found. Exiting loop.
ğŸ Finished DB loop.
[17:04] Execution finished. 
 
[17:19] Starting main.py 
âœ… Connected to Remote PostgreSQL
ğŸš€ Starting DB driven processing loop...
Using JSON column: extracted_json
erp_updated_at: False, erp_note: False
âš ï¸ No pending rows found. Exiting loop.
ğŸ Finished DB loop.
[17:19] Execution finished. 
 
[17:34] Starting main.py 
âœ… Connected to Remote PostgreSQL
ğŸš€ Starting DB driven processing loop...
Using JSON column: extracted_json
erp_updated_at: False, erp_note: False
âš ï¸ No pending rows found. Exiting loop.
ğŸ Finished DB loop.
[17:49] Starting main.py 
âœ… Connected to Remote PostgreSQL
ğŸš€ Starting DB driven processing loop...
Using JSON column: extracted_json
erp_updated_at: False, erp_note: False
âš ï¸ No pending rows found. Exiting loop.
ğŸ Finished DB loop.
[17:49] Execution finished. 
 
[18:04] Starting main.py 
âœ… Connected to Remote PostgreSQL
ğŸš€ Starting DB driven processing loop...
Using JSON column: extracted_json
erp_updated_at: False, erp_note: False
âš ï¸ No pending rows found. Exiting loop.
ğŸ Finished DB loop.
[18:04] Execution finished. 
 
[18:19] Starting main.py 
âœ… Connected to Remote PostgreSQL
ğŸš€ Starting DB driven processing loop...
Using JSON column: extracted_json
erp_updated_at: False, erp_note: False
âš ï¸ No pending rows found. Exiting loop.
ğŸ Finished DB loop.
[18:19] Execution finished. 
 
[18:34] Starting main.py 
âœ… Connected to Remote PostgreSQL
ğŸš€ Starting DB driven processing loop...
Using JSON column: extracted_json
erp_updated_at: False, erp_note: False
ğŸ“— Using extracted_json (status NOT STARTED or other).

â–¶ï¸ Claimed doc_id=1, file=UltraTechCement_Invoice_20251024_075912_206264.pdf
âŒ doc_id 1 failed during setup: Message: invalid session id: session deleted as the browser has closed the connection
from disconnected: not connected to DevTools
  (Session info: chrome=141.0.7390.108); For documentation on this error, please visit: https://www.selenium.dev/documentation/webdriver/troubleshooting/errors#invalidsessionidexception
Stacktrace:
	GetHandleVerifier [0x0x11efe43+66515]
	GetHandleVerifier [0x0x11efe84+66580]
	(No symbol) [0x0xfddc48]
	(No symbol) [0x0xfcce80]
	(No symbol) [0x0xfeb81b]
	(No symbol) [0x0x1051c25]
	(No symbol) [0x0x106c4d9]
	(No symbol) [0x0x104afc6]
	(No symbol) [0x0x101c2ca]
	(No symbol) [0x0x101d154]
	GetHandleVerifier [0x0x1447353+2521315]
	GetHandleVerifier [0x0x14422d3+2500707]
	GetHandleVerifier [0x0x1217c94+229924]
	GetHandleVerifier [0x0x12081f8+165768]
	GetHandleVerifier [0x0x120ecad+193085]
	GetHandleVerifier [0x0x11f8158+100072]
	GetHandleVerifier [0x0x11f82f0+100480]
	GetHandleVerifier [0x0x11e25aa+11066]
	BaseThreadInitThunk [0x0x76cd0419+25]
	RtlGetAppContainerNamedObjectPath [0x0x7751662d+237]
	RtlGetAppContainerNamedObjectPath [0x0x775165fd+189]

Traceback (most recent call last):
  File "C:\KSS_Working\main.py", line 298, in main_db_process
    login(driver)
    ~~~~~^^^^^^^^
  File "C:\KSS_Working\login_page.py", line 28, in login
    driver.get(BASE_URL)
    ~~~~~~~~~~^^^^^^^^^^
  File "C:\KSS_Working\venv\Lib\site-packages\selenium\webdriver\remote\webdriver.py", line 483, in get
    self.execute(Command.GET, {"url": url})
    ~~~~~~~~~~~~^^^^^^^^^^^^^^^^^^^^^^^^^^^
  File "C:\KSS_Working\venv\Lib\site-packages\selenium\webdriver\remote\webdriver.py", line 458, in execute
    self.error_handler.check_response(response)
    ~~~~~~~~~~~~~~~~~~~~~~~~~~~~~~~~~^^^^^^^^^^
  File "C:\KSS_Working\venv\Lib\site-packages\selenium\webdriver\remote\errorhandler.py", line 232, in check_response
    raise exception_class(message, screen, stacktrace)
selenium.common.exceptions.InvalidSessionIdException: Message: invalid session id: session deleted as the browser has closed the connection
from disconnected: not connected to DevTools
  (Session info: chrome=141.0.7390.108); For documentation on this error, please visit: https://www.selenium.dev/documentation/webdriver/troubleshooting/errors#invalidsessionidexception
Stacktrace:
	GetHandleVerifier [0x0x11efe43+66515]
	GetHandleVerifier [0x0x11efe84+66580]
	(No symbol) [0x0xfddc48]
	(No symbol) [0x0xfcce80]
	(No symbol) [0x0xfeb81b]
	(No symbol) [0x0x1051c25]
	(No symbol) [0x0x106c4d9]
	(No symbol) [0x0x104afc6]
	(No symbol) [0x0x101c2ca]
	(No symbol) [0x0x101d154]
	GetHandleVerifier [0x0x1447353+2521315]
	GetHandleVerifier [0x0x14422d3+2500707]
	GetHandleVerifier [0x0x1217c94+229924]
	GetHandleVerifier [0x0x12081f8+165768]
	GetHandleVerifier [0x0x120ecad+193085]
	GetHandleVerifier [0x0x11f8158+100072]
	GetHandleVerifier [0x0x11f82f0+100480]
	GetHandleVerifier [0x0x11e25aa+11066]
	BaseThreadInitThunk [0x0x76cd0419+25]
	RtlGetAppContainerNamedObjectPath [0x0x7751662d+237]
	RtlGetAppContainerNamedObjectPath [0x0x775165fd+189]


â³ Waiting 30s before closing browser...
âš ï¸ No pending rows found. Exiting loop.
ğŸ Finished DB loop.
[18:34] Execution finished. 
 
[18:49] Starting main.py 
âœ… Connected to Remote PostgreSQL
ğŸš€ Starting DB driven processing loop...
Using JSON column: extracted_json
erp_updated_at: False, erp_note: False
âš ï¸ No pending rows found. Exiting loop.
ğŸ Finished DB loop.
[18:49] Execution finished. 
 
[19:04] Starting main.py 
âœ… Connected to Remote PostgreSQL
ğŸš€ Starting DB driven processing loop...
Using JSON column: extracted_json
erp_updated_at: False, erp_note: False
âš ï¸ No pending rows found. Exiting loop.
ğŸ Finished DB loop.
[19:04] Execution finished. 
 
[19:19] Starting main.py 
âœ… Connected to Remote PostgreSQL
ğŸš€ Starting DB driven processing loop...
Using JSON column: extracted_json
erp_updated_at: False, erp_note: False
âš ï¸ No pending rows found. Exiting loop.
ğŸ Finished DB loop.
[19:19] Execution finished. 
 
[19:34] Starting main.py 
âœ… Connected to Remote PostgreSQL
ğŸš€ Starting DB driven processing loop...
Using JSON column: extracted_json
erp_updated_at: False, erp_note: False
âš ï¸ No pending rows found. Exiting loop.
ğŸ Finished DB loop.
[19:34] Execution finished. 
 
[19:49] Starting main.py 
âœ… Connected to Remote PostgreSQL
ğŸš€ Starting DB driven processing loop...
Using JSON column: extracted_json
erp_updated_at: False, erp_note: False
âš ï¸ No pending rows found. Exiting loop.
ğŸ Finished DB loop.
[19:49] Execution finished. 
 
[20:04] Starting main.py 
âœ… Connected to Remote PostgreSQL
ğŸš€ Starting DB driven processing loop...
Using JSON column: extracted_json
erp_updated_at: False, erp_note: False
âš ï¸ No pending rows found. Exiting loop.
ğŸ Finished DB loop.
[20:04] Execution finished. 
 
[20:19] Starting main.py 
âœ… Connected to Remote PostgreSQL
ğŸš€ Starting DB driven processing loop...
Using JSON column: extracted_json
erp_updated_at: False, erp_note: False
âš ï¸ No pending rows found. Exiting loop.
ğŸ Finished DB loop.
[20:19] Execution finished. 
 
[20:34] Starting main.py 
âœ… Connected to Remote PostgreSQL
ğŸš€ Starting DB driven processing loop...
Using JSON column: extracted_json
erp_updated_at: False, erp_note: False
âš ï¸ No pending rows found. Exiting loop.
ğŸ Finished DB loop.
[20:34] Execution finished. 
 
[20:49] Starting main.py 
âœ… Connected to Remote PostgreSQL
ğŸš€ Starting DB driven processing loop...
Using JSON column: extracted_json
erp_updated_at: False, erp_note: False
âš ï¸ No pending rows found. Exiting loop.
ğŸ Finished DB loop.
[20:49] Execution finished. 
 
[21:04] Starting main.py 
âœ… Connected to Remote PostgreSQL
ğŸš€ Starting DB driven processing loop...
Using JSON column: extracted_json
erp_updated_at: False, erp_note: False
âš ï¸ No pending rows found. Exiting loop.
ğŸ Finished DB loop.
[21:04] Execution finished. 
 
[21:19] Starting main.py 
âœ… Connected to Remote PostgreSQL
ğŸš€ Starting DB driven processing loop...
Using JSON column: extracted_json
erp_updated_at: False, erp_note: False
âš ï¸ No pending rows found. Exiting loop.
ğŸ Finished DB loop.
[21:19] Execution finished. 
 
[21:34] Starting main.py 
âœ… Connected to Remote PostgreSQL
ğŸš€ Starting DB driven processing loop...
Using JSON column: extracted_json
erp_updated_at: False, erp_note: False
âš ï¸ No pending rows found. Exiting loop.
ğŸ Finished DB loop.
[21:34] Execution finished. 
 
[21:49] Starting main.py 
âœ… Connected to Remote PostgreSQL
ğŸš€ Starting DB driven processing loop...
Using JSON column: extracted_json
erp_updated_at: False, erp_note: False
âš ï¸ No pending rows found. Exiting loop.
ğŸ Finished DB loop.
[21:49] Execution finished. 
 
[22:04] Starting main.py 
âœ… Connected to Remote PostgreSQL
ğŸš€ Starting DB driven processing loop...
Using JSON column: extracted_json
erp_updated_at: False, erp_note: False
âš ï¸ No pending rows found. Exiting loop.
ğŸ Finished DB loop.
[22:04] Execution finished. 
 
[22:19] Starting main.py 
âœ… Connected to Remote PostgreSQL
ğŸš€ Starting DB driven processing loop...
Using JSON column: extracted_json
erp_updated_at: False, erp_note: False
âš ï¸ No pending rows found. Exiting loop.
ğŸ Finished DB loop.
[22:19] Execution finished. 
 
[22:34] Starting main.py 
âœ… Connected to Remote PostgreSQL
ğŸš€ Starting DB driven processing loop...
Using JSON column: extracted_json
erp_updated_at: False, erp_note: False
âš ï¸ No pending rows found. Exiting loop.
ğŸ Finished DB loop.
[22:34] Execution finished. 
 
[22:49] Starting main.py 
âœ… Connected to Remote PostgreSQL
ğŸš€ Starting DB driven processing loop...
Using JSON column: extracted_json
erp_updated_at: False, erp_note: False
âš ï¸ No pending rows found. Exiting loop.
ğŸ Finished DB loop.
[22:49] Execution finished. 
 
[23:04] Starting main.py 
âœ… Connected to Remote PostgreSQL
ğŸš€ Starting DB driven processing loop...
Using JSON column: extracted_json
erp_updated_at: False, erp_note: False
âš ï¸ No pending rows found. Exiting loop.
ğŸ Finished DB loop.
[23:04] Execution finished. 
 
[23:19] Starting main.py 
âœ… Connected to Remote PostgreSQL
ğŸš€ Starting DB driven processing loop...
Using JSON column: extracted_json
erp_updated_at: False, erp_note: False
âš ï¸ No pending rows found. Exiting loop.
ğŸ Finished DB loop.
[23:19] Execution finished. 
 
[23:34] Starting main.py 
âœ… Connected to Remote PostgreSQL
ğŸš€ Starting DB driven processing loop...
Using JSON column: extracted_json
erp_updated_at: False, erp_note: False
âš ï¸ No pending rows found. Exiting loop.
ğŸ Finished DB loop.
[23:34] Execution finished. 
 
[23:49] Starting main.py 
âœ… Connected to Remote PostgreSQL
ğŸš€ Starting DB driven processing loop...
Using JSON column: extracted_json
erp_updated_at: False, erp_note: False
âš ï¸ No pending rows found. Exiting loop.
ğŸ Finished DB loop.
[23:49] Execution finished. 
 
