===== Data Entry Log for 2025-10-18 ===== 
[00:04] Starting main.py 
ğŸ—‚ï¸  INPUT_DIR     : C:\KSS_Working\input
ğŸ“¦ PROCESSED_DIR : C:\KSS_Working\processed
ğŸ§° FAILED_DIR    : C:\KSS_Working\failed
âš ï¸ No JSON files found in input folder.
[00:04] Execution finished. 
 
[00:19] Starting main.py 
ğŸ—‚ï¸  INPUT_DIR     : C:\KSS_Working\input
ğŸ“¦ PROCESSED_DIR : C:\KSS_Working\processed
ğŸ§° FAILED_DIR    : C:\KSS_Working\failed
âš ï¸ No JSON files found in input folder.
[00:19] Execution finished. 
 
[00:34] Starting main.py 
ğŸ—‚ï¸  INPUT_DIR     : C:\KSS_Working\input
ğŸ“¦ PROCESSED_DIR : C:\KSS_Working\processed
ğŸ§° FAILED_DIR    : C:\KSS_Working\failed
âš ï¸ No JSON files found in input folder.
[00:34] Execution finished. 
 
[00:49] Starting main.py 
ğŸ—‚ï¸  INPUT_DIR     : C:\KSS_Working\input
ğŸ“¦ PROCESSED_DIR : C:\KSS_Working\processed
ğŸ§° FAILED_DIR    : C:\KSS_Working\failed
âš ï¸ No JSON files found in input folder.
[00:49] Execution finished. 
 
[01:04] Starting main.py 
ğŸ—‚ï¸  INPUT_DIR     : C:\KSS_Working\input
ğŸ“¦ PROCESSED_DIR : C:\KSS_Working\processed
ğŸ§° FAILED_DIR    : C:\KSS_Working\failed
âš ï¸ No JSON files found in input folder.
[01:04] Execution finished. 
 
[01:19] Starting main.py 
ğŸ—‚ï¸  INPUT_DIR     : C:\KSS_Working\input
ğŸ“¦ PROCESSED_DIR : C:\KSS_Working\processed
ğŸ§° FAILED_DIR    : C:\KSS_Working\failed
âš ï¸ No JSON files found in input folder.
[01:19] Execution finished. 
 
[01:34] Starting main.py 
ğŸ—‚ï¸  INPUT_DIR     : C:\KSS_Working\input
ğŸ“¦ PROCESSED_DIR : C:\KSS_Working\processed
ğŸ§° FAILED_DIR    : C:\KSS_Working\failed
âš ï¸ No JSON files found in input folder.
[01:34] Execution finished. 
 
[01:49] Starting main.py 
ğŸ—‚ï¸  INPUT_DIR     : C:\KSS_Working\input
ğŸ“¦ PROCESSED_DIR : C:\KSS_Working\processed
ğŸ§° FAILED_DIR    : C:\KSS_Working\failed
âš ï¸ No JSON files found in input folder.
[01:49] Execution finished. 
 
[02:04] Starting main.py 
ğŸ—‚ï¸  INPUT_DIR     : C:\KSS_Working\input
ğŸ“¦ PROCESSED_DIR : C:\KSS_Working\processed
ğŸ§° FAILED_DIR    : C:\KSS_Working\failed
âš ï¸ No JSON files found in input folder.
[02:04] Execution finished. 
 
[02:19] Starting main.py 
ğŸ—‚ï¸  INPUT_DIR     : C:\KSS_Working\input
ğŸ“¦ PROCESSED_DIR : C:\KSS_Working\processed
ğŸ§° FAILED_DIR    : C:\KSS_Working\failed
âš ï¸ No JSON files found in input folder.
[02:19] Execution finished. 
 
[02:34] Starting main.py 
ğŸ—‚ï¸  INPUT_DIR     : C:\KSS_Working\input
ğŸ“¦ PROCESSED_DIR : C:\KSS_Working\processed
ğŸ§° FAILED_DIR    : C:\KSS_Working\failed
âš ï¸ No JSON files found in input folder.
[02:34] Execution finished. 
 
[02:49] Starting main.py 
ğŸ—‚ï¸  INPUT_DIR     : C:\KSS_Working\input
ğŸ“¦ PROCESSED_DIR : C:\KSS_Working\processed
ğŸ§° FAILED_DIR    : C:\KSS_Working\failed
âš ï¸ No JSON files found in input folder.
[02:49] Execution finished. 
 
[03:04] Starting main.py 
ğŸ—‚ï¸  INPUT_DIR     : C:\KSS_Working\input
ğŸ“¦ PROCESSED_DIR : C:\KSS_Working\processed
ğŸ§° FAILED_DIR    : C:\KSS_Working\failed
âš ï¸ No JSON files found in input folder.
[03:04] Execution finished. 
 
[03:19] Starting main.py 
ğŸ—‚ï¸  INPUT_DIR     : C:\KSS_Working\input
ğŸ“¦ PROCESSED_DIR : C:\KSS_Working\processed
ğŸ§° FAILED_DIR    : C:\KSS_Working\failed
âš ï¸ No JSON files found in input folder.
[03:19] Execution finished. 
 
[03:34] Starting main.py 
ğŸ—‚ï¸  INPUT_DIR     : C:\KSS_Working\input
ğŸ“¦ PROCESSED_DIR : C:\KSS_Working\processed
ğŸ§° FAILED_DIR    : C:\KSS_Working\failed
âš ï¸ No JSON files found in input folder.
[03:34] Execution finished. 
 
[03:49] Starting main.py 
ğŸ—‚ï¸  INPUT_DIR     : C:\KSS_Working\input
ğŸ“¦ PROCESSED_DIR : C:\KSS_Working\processed
ğŸ§° FAILED_DIR    : C:\KSS_Working\failed
âš ï¸ No JSON files found in input folder.
[03:49] Execution finished. 
 
[04:04] Starting main.py 
ğŸ—‚ï¸  INPUT_DIR     : C:\KSS_Working\input
ğŸ“¦ PROCESSED_DIR : C:\KSS_Working\processed
ğŸ§° FAILED_DIR    : C:\KSS_Working\failed
âš ï¸ No JSON files found in input folder.
[04:04] Execution finished. 
 
[04:19] Starting main.py 
ğŸ—‚ï¸  INPUT_DIR     : C:\KSS_Working\input
ğŸ“¦ PROCESSED_DIR : C:\KSS_Working\processed
ğŸ§° FAILED_DIR    : C:\KSS_Working\failed
âš ï¸ No JSON files found in input folder.
[04:19] Execution finished. 
 
[04:34] Starting main.py 
ğŸ—‚ï¸  INPUT_DIR     : C:\KSS_Working\input
ğŸ“¦ PROCESSED_DIR : C:\KSS_Working\processed
ğŸ§° FAILED_DIR    : C:\KSS_Working\failed
âš ï¸ No JSON files found in input folder.
[04:34] Execution finished. 
 
[04:49] Starting main.py 
ğŸ—‚ï¸  INPUT_DIR     : C:\KSS_Working\input
ğŸ“¦ PROCESSED_DIR : C:\KSS_Working\processed
ğŸ§° FAILED_DIR    : C:\KSS_Working\failed
âš ï¸ No JSON files found in input folder.
[04:49] Execution finished. 
 
[05:04] Starting main.py 
ğŸ—‚ï¸  INPUT_DIR     : C:\KSS_Working\input
ğŸ“¦ PROCESSED_DIR : C:\KSS_Working\processed
ğŸ§° FAILED_DIR    : C:\KSS_Working\failed
âš ï¸ No JSON files found in input folder.
[05:04] Execution finished. 
 
[05:19] Starting main.py 
ğŸ—‚ï¸  INPUT_DIR     : C:\KSS_Working\input
ğŸ“¦ PROCESSED_DIR : C:\KSS_Working\processed
ğŸ§° FAILED_DIR    : C:\KSS_Working\failed
âš ï¸ No JSON files found in input folder.
[05:19] Execution finished. 
 
[05:34] Starting main.py 
ğŸ—‚ï¸  INPUT_DIR     : C:\KSS_Working\input
ğŸ“¦ PROCESSED_DIR : C:\KSS_Working\processed
ğŸ§° FAILED_DIR    : C:\KSS_Working\failed
âš ï¸ No JSON files found in input folder.
[05:34] Execution finished. 
 
[05:49] Starting main.py 
ğŸ—‚ï¸  INPUT_DIR     : C:\KSS_Working\input
ğŸ“¦ PROCESSED_DIR : C:\KSS_Working\processed
ğŸ§° FAILED_DIR    : C:\KSS_Working\failed
âš ï¸ No JSON files found in input folder.
[05:49] Execution finished. 
 
[06:04] Starting main.py 
ğŸ—‚ï¸  INPUT_DIR     : C:\KSS_Working\input
ğŸ“¦ PROCESSED_DIR : C:\KSS_Working\processed
ğŸ§° FAILED_DIR    : C:\KSS_Working\failed
âš ï¸ No JSON files found in input folder.
[06:04] Execution finished. 
 
[06:19] Starting main.py 
ğŸ—‚ï¸  INPUT_DIR     : C:\KSS_Working\input
ğŸ“¦ PROCESSED_DIR : C:\KSS_Working\processed
ğŸ§° FAILED_DIR    : C:\KSS_Working\failed
âš ï¸ No JSON files found in input folder.
[06:19] Execution finished. 
 
[06:34] Starting main.py 
ğŸ—‚ï¸  INPUT_DIR     : C:\KSS_Working\input
ğŸ“¦ PROCESSED_DIR : C:\KSS_Working\processed
ğŸ§° FAILED_DIR    : C:\KSS_Working\failed
âš ï¸ No JSON files found in input folder.
[06:34] Execution finished. 
 
[06:49] Starting main.py 
ğŸ—‚ï¸  INPUT_DIR     : C:\KSS_Working\input
ğŸ“¦ PROCESSED_DIR : C:\KSS_Working\processed
ğŸ§° FAILED_DIR    : C:\KSS_Working\failed
âš ï¸ No JSON files found in input folder.
[06:49] Execution finished. 
 
[07:04] Starting main.py 
ğŸ—‚ï¸  INPUT_DIR     : C:\KSS_Working\input
ğŸ“¦ PROCESSED_DIR : C:\KSS_Working\processed
ğŸ§° FAILED_DIR    : C:\KSS_Working\failed
âš ï¸ No JSON files found in input folder.
[07:04] Execution finished. 
 
[07:19] Starting main.py 
ğŸ—‚ï¸  INPUT_DIR     : C:\KSS_Working\input
ğŸ“¦ PROCESSED_DIR : C:\KSS_Working\processed
ğŸ§° FAILED_DIR    : C:\KSS_Working\failed
âš ï¸ No JSON files found in input folder.
[07:19] Execution finished. 
 
[07:34] Starting main.py 
ğŸ—‚ï¸  INPUT_DIR     : C:\KSS_Working\input
ğŸ“¦ PROCESSED_DIR : C:\KSS_Working\processed
ğŸ§° FAILED_DIR    : C:\KSS_Working\failed
âš ï¸ No JSON files found in input folder.
[07:34] Execution finished. 
 
[07:49] Starting main.py 
ğŸ—‚ï¸  INPUT_DIR     : C:\KSS_Working\input
ğŸ“¦ PROCESSED_DIR : C:\KSS_Working\processed
ğŸ§° FAILED_DIR    : C:\KSS_Working\failed
âš ï¸ No JSON files found in input folder.
[07:49] Execution finished. 
 
[08:04] Starting main.py 
ğŸ—‚ï¸  INPUT_DIR     : C:\KSS_Working\input
ğŸ“¦ PROCESSED_DIR : C:\KSS_Working\processed
ğŸ§° FAILED_DIR    : C:\KSS_Working\failed
âš ï¸ No JSON files found in input folder.
[08:04] Execution finished. 
 
[08:19] Starting main.py 
ğŸ—‚ï¸  INPUT_DIR     : C:\KSS_Working\input
ğŸ“¦ PROCESSED_DIR : C:\KSS_Working\processed
ğŸ§° FAILED_DIR    : C:\KSS_Working\failed
âš ï¸ No JSON files found in input folder.
[08:19] Execution finished. 
 
[08:34] Starting main.py 
ğŸ—‚ï¸  INPUT_DIR     : C:\KSS_Working\input
ğŸ“¦ PROCESSED_DIR : C:\KSS_Working\processed
ğŸ§° FAILED_DIR    : C:\KSS_Working\failed
âš ï¸ No JSON files found in input folder.
[08:34] Execution finished. 
 
[08:49] Starting main.py 
ğŸ—‚ï¸  INPUT_DIR     : C:\KSS_Working\input
ğŸ“¦ PROCESSED_DIR : C:\KSS_Working\processed
ğŸ§° FAILED_DIR    : C:\KSS_Working\failed
âš ï¸ No JSON files found in input folder.
[08:49] Execution finished. 
 
[09:04] Starting main.py 
ğŸ—‚ï¸  INPUT_DIR     : C:\KSS_Working\input
ğŸ“¦ PROCESSED_DIR : C:\KSS_Working\processed
ğŸ§° FAILED_DIR    : C:\KSS_Working\failed
âš ï¸ No JSON files found in input folder.
[09:04] Execution finished. 
 
[09:19] Starting main.py 
ğŸ—‚ï¸  INPUT_DIR     : C:\KSS_Working\input
ğŸ“¦ PROCESSED_DIR : C:\KSS_Working\processed
ğŸ§° FAILED_DIR    : C:\KSS_Working\failed
âš ï¸ No JSON files found in input folder.
[09:19] Execution finished. 
 
[09:34] Starting main.py 
ğŸ—‚ï¸  INPUT_DIR     : C:\KSS_Working\input
ğŸ“¦ PROCESSED_DIR : C:\KSS_Working\processed
ğŸ§° FAILED_DIR    : C:\KSS_Working\failed
âš ï¸ No JSON files found in input folder.
[09:34] Execution finished. 
 
[09:49] Starting main.py 
ğŸ—‚ï¸  INPUT_DIR     : C:\KSS_Working\input
ğŸ“¦ PROCESSED_DIR : C:\KSS_Working\processed
ğŸ§° FAILED_DIR    : C:\KSS_Working\failed
âš ï¸ No JSON files found in input folder.
[09:49] Execution finished. 
 
[10:04] Starting main.py 
ğŸ—‚ï¸  INPUT_DIR     : C:\KSS_Working\input
ğŸ“¦ PROCESSED_DIR : C:\KSS_Working\processed
ğŸ§° FAILED_DIR    : C:\KSS_Working\failed
âš ï¸ No JSON files found in input folder.
[10:04] Execution finished. 
 
[10:19] Starting main.py 
ğŸ—‚ï¸  INPUT_DIR     : C:\KSS_Working\input
ğŸ“¦ PROCESSED_DIR : C:\KSS_Working\processed
ğŸ§° FAILED_DIR    : C:\KSS_Working\failed
âš ï¸ No JSON files found in input folder.
[10:19] Execution finished. 
 
[10:34] Starting main.py 
ğŸ—‚ï¸  INPUT_DIR     : C:\KSS_Working\input
ğŸ“¦ PROCESSED_DIR : C:\KSS_Working\processed
ğŸ§° FAILED_DIR    : C:\KSS_Working\failed
âš ï¸ No JSON files found in input folder.
[10:34] Execution finished. 
 
[10:49] Starting main.py 
ğŸ—‚ï¸  INPUT_DIR     : C:\KSS_Working\input
ğŸ“¦ PROCESSED_DIR : C:\KSS_Working\processed
ğŸ§° FAILED_DIR    : C:\KSS_Working\failed
âš ï¸ No JSON files found in input folder.
[10:49] Execution finished. 
 
[11:04] Starting main.py 
ğŸ—‚ï¸  INPUT_DIR     : C:\KSS_Working\input
ğŸ“¦ PROCESSED_DIR : C:\KSS_Working\processed
ğŸ§° FAILED_DIR    : C:\KSS_Working\failed
âš ï¸ No JSON files found in input folder.
[11:04] Execution finished. 
 
[11:19] Starting main.py 
ğŸ—‚ï¸  INPUT_DIR     : C:\KSS_Working\input
ğŸ“¦ PROCESSED_DIR : C:\KSS_Working\processed
ğŸ§° FAILED_DIR    : C:\KSS_Working\failed
âš ï¸ No JSON files found in input folder.
[11:19] Execution finished. 
 
[11:34] Starting main.py 
ğŸ—‚ï¸  INPUT_DIR     : C:\KSS_Working\input
ğŸ“¦ PROCESSED_DIR : C:\KSS_Working\processed
ğŸ§° FAILED_DIR    : C:\KSS_Working\failed
âš ï¸ No JSON files found in input folder.
[11:34] Execution finished. 
 
[11:49] Starting main.py 
ğŸ—‚ï¸  INPUT_DIR     : C:\KSS_Working\input
ğŸ“¦ PROCESSED_DIR : C:\KSS_Working\processed
ğŸ§° FAILED_DIR    : C:\KSS_Working\failed
âš ï¸ No JSON files found in input folder.
[11:49] Execution finished. 
 
[12:04] Starting main.py 
ğŸ—‚ï¸  INPUT_DIR     : C:\KSS_Working\input
ğŸ“¦ PROCESSED_DIR : C:\KSS_Working\processed
ğŸ§° FAILED_DIR    : C:\KSS_Working\failed
âš ï¸ No JSON files found in input folder.
[12:04] Execution finished. 
 
[12:19] Starting main.py 
C:\KSS_Working\main.py:241: DeprecationWarning: datetime.datetime.utcnow() is deprecated and scheduled for removal in a future version. Use timezone-aware objects to represent datetimes in UTC: datetime.datetime.now(datetime.UTC).
  ts = datetime.utcnow().strftime("%Y%m%d_%H%M%S")
âœ… Connected to Remote PostgreSQL
Starting DB driven processing loop...
Using JSON column: extracted_json
erp_updated_at column present: False
erp_note column present: False

â–¶ï¸ Claimed doc_id=5, file=UltraTechCement_Invoice_2025-10-14_06-13-31.pdf
ğŸ“¸ C:\KSS_Working\screenshots\00_login_page.png
ğŸ“¸ C:\KSS_Working\screenshots\01_credentials_typed.png
âœ… Clicked Sign in
âœ… Branch selected: ARAKKONAM
ğŸ“¸ C:\KSS_Working\screenshots\02_branch_selected.png
ğŸ“¸ C:\KSS_Working\screenshots\popup_handled_after_submit_attempt_1.png
âœ… Branch Submit clicked (handled popups if any)
ğŸ“¸ C:\KSS_Working\screenshots\03_after_branch_submit.png
â³ Waiting for Operations tile...
âš ï¸ Operations tile not found in time (Message: 
), navigating directly to MENU_URL
ğŸ“¸ C:\KSS_Working\screenshots\04_on_menu_page_attempt_1.png
âœ… On Menu page
ğŸ“¸ C:\KSS_Working\screenshots\05_booking_operation_expanded.png
âœ… Booking Operation expanded
ğŸ“¸ C:\KSS_Working\screenshots\06_consignment_clicked.png
âœ… Consignment clicked
âœ… API clicked; checking for iframe...
ğŸ” Found iframes: 1
ğŸ”„ Switched into iframe
ğŸ“¸ C:\KSS_Working\screenshots\07_consignment_form_ready.png
ğŸ¯ Consignment form is open and ready inside iframe
ğŸ“¸ C:\KSS_Working\screenshots\08_date_field_ready.png
ğŸ“… Date field is also ready
âœ… ConsignmentNo filled: 5811
ğŸ“¸ C:\KSS_Working\screenshots\UltraTechCement_Invoice_2025-10-14_06-13-31_08_consignment_no.png
âœ… Date filled: 14.09.2025
ğŸ“¸ C:\KSS_Working\screenshots\UltraTechCement_Invoice_2025-10-14_06-13-31_09_date_filled.png
âœ… Source confirmed: ARAKKONAM
ğŸ“¸ C:\KSS_Working\screenshots\UltraTechCement_Invoice_2025-10-14_06-13-31_10_source_filled.png
âœ… Destination confirmed: SRIPERUMBUDUR
ğŸ“¸ C:\KSS_Working\screenshots\UltraTechCement_Invoice_2025-10-14_06-13-31_11_destination_filled.png
âœ… Vehicle confirmed: TN45AV2964
ğŸ“¸ C:\KSS_Working\screenshots\UltraTechCement_Invoice_2025-10-14_06-13-31_12_vehicle_filled.png
âœ… E-Way Bill No filled: 521877015989
ğŸ“¸ C:\KSS_Working\screenshots\UltraTechCement_Invoice_2025-10-14_06-13-31_13_ewaybill_filled.png
âœ… Consignor confirmed: UltraTech Cement Limited
ğŸ“¸ C:\KSS_Working\screenshots\UltraTechCement_Invoice_2025-10-14_06-13-31_15_consignor_filled.png
âœ… GST Type set: Unregistered
ğŸ“¸ C:\KSS_Working\screenshots\UltraTechCement_Invoice_2025-10-14_06-13-31_17_gsttype_filled.png
âœ… Consignee confirmed: Oriental Structural Engineers
ğŸ“¸ C:\KSS_Working\screenshots\UltraTechCement_Invoice_2025-10-14_06-13-31_18_consignee_filled.png
âœ… Delivery Address set: NO: 15/3A KAN, KANDAMANGALAM VILLAGE, TAMIL NADU
ğŸ“¸ C:\KSS_Working\screenshots\UltraTechCement_Invoice_2025-10-14_06-13-31_19_deliveryaddress_filled.png
â„¹ï¸ Skipping Consignee in verify_and_repair_fields because Consignee was already tried in fill flow.
ğŸ‰ All fields verified in pass 1.
âœ… 'Add Item' clicked.
ğŸ“¸ C:\KSS_Working\screenshots\UltraTechCement_Invoice_2025-10-14_06-13-31_21_additem_clicked.png
ğŸ“¸ C:\KSS_Working\screenshots\UltraTechCement_Invoice_2025-10-14_06-13-31_22_insertitem_contentname_ok.png
ğŸ“¸ C:\KSS_Working\screenshots\UltraTechCement_Invoice_2025-10-14_06-13-31_22_insertitem_filled.png
âœ… 'Add Invoice' clicked.
ğŸ“¸ C:\KSS_Working\screenshots\UltraTechCement_Invoice_2025-10-14_06-13-31_24_addinvoice_clicked.png
âœ… Insert Item modal closed.
ğŸ“¸ C:\KSS_Working\screenshots\UltraTechCement_Invoice_2025-10-14_06-13-31_25_insertitem_closed.png
âš ï¸ Rate did not stick after verification.
ğŸ“¸ C:\KSS_Working\screenshots\UltraTechCement_Invoice_2025-10-14_06-13-31_27_rate_filled.png
âœ… Popup closed with selector: id=btn-ok
âœ… doc_id 5 processed successfully.
â³ Waiting 30s for inspection before closing browser...

â–¶ï¸ Claimed doc_id=7, file=UltraTechCement_Invoice_2025-10-15_06-23-31.pdf
ğŸ“¸ C:\KSS_Working\screenshots\00_login_page.png
ğŸ“¸ C:\KSS_Working\screenshots\01_credentials_typed.png
âœ… Clicked Sign in
âœ… Branch selected: ARAKKONAM
ğŸ“¸ C:\KSS_Working\screenshots\02_branch_selected.png
ğŸ“¸ C:\KSS_Working\screenshots\popup_handled_after_submit_attempt_1.png
âœ… Branch Submit clicked (handled popups if any)
ğŸ“¸ C:\KSS_Working\screenshots\03_after_branch_submit.png
â³ Waiting for Operations tile...
âš ï¸ Operations tile not found in time (Message: 
), navigating directly to MENU_URL
ğŸ“¸ C:\KSS_Working\screenshots\04_on_menu_page_attempt_1.png
âœ… On Menu page
ğŸ“¸ C:\KSS_Working\screenshots\05_booking_operation_expanded.png
âœ… Booking Operation expanded
ğŸ“¸ C:\KSS_Working\screenshots\06_consignment_clicked.png
âœ… Consignment clicked
âœ… API clicked; checking for iframe...
ğŸ” Found iframes: 1
ğŸ”„ Switched into iframe
ğŸ“¸ C:\KSS_Working\screenshots\07_consignment_form_ready.png
ğŸ¯ Consignment form is open and ready inside iframe
ğŸ“¸ C:\KSS_Working\screenshots\08_date_field_ready.png
ğŸ“… Date field is also ready
âœ… ConsignmentNo filled: 4132
ğŸ“¸ C:\KSS_Working\screenshots\UltraTechCement_Invoice_2025-10-15_06-23-31_08_consignment_no.png
âœ… Date filled: 07.08.2025
ğŸ“¸ C:\KSS_Working\screenshots\UltraTechCement_Invoice_2025-10-15_06-23-31_09_date_filled.png
âŒ doc_id 7 failed: Message: 

Traceback (most recent call last):
  File "C:\KSS_Working\main.py", line 190, in process_row_with_driver
    fill_consignment_form(driver, data=data, prefix=prefix)
    ~~~~~~~~~~~~~~~~~~~~~^^^^^^^^^^^^^^^^^^^^^^^^^^^^^^^^^^
  File "C:\KSS_Working\consignment_form.py", line 891, in fill_consignment_form
    ok = set_autocomplete_verify(driver, (By.ID, "CNM_FROM_STN_NAME"), source_val, verify="equals", max_attempts=5)
  File "C:\KSS_Working\consignment_form.py", line 286, in set_autocomplete_verify
    safe_click(driver, field_locator)
    ~~~~~~~~~~^^^^^^^^^^^^^^^^^^^^^^^
  File "C:\KSS_Working\consignment_form.py", line 168, in safe_click
    ok = _retry(_action)
  File "C:\KSS_Working\consignment_form.py", line 152, in _retry
    return f()
  File "C:\KSS_Working\consignment_form.py", line 161, in _action
    el = WebDriverWait(driver, timeout).until(EC.element_to_be_clickable(locator))
  File "C:\KSS_Working\venv\Lib\site-packages\selenium\webdriver\support\wait.py", line 138, in until
    raise TimeoutException(message, screen, stacktrace)
selenium.common.exceptions.TimeoutException: Message: 


â³ Waiting 30s for inspection before closing browser...

â–¶ï¸ Claimed doc_id=8, file=UltraTechCement_Invoice_2025-10-18_04-50-38.pdf
ğŸ“¸ C:\KSS_Working\screenshots\00_login_page.png
ğŸ“¸ C:\KSS_Working\screenshots\01_credentials_typed.png
âœ… Clicked Sign in
âœ… Branch selected: ARAKKONAM
ğŸ“¸ C:\KSS_Working\screenshots\02_branch_selected.png
ğŸ“¸ C:\KSS_Working\screenshots\popup_handled_after_submit_attempt_1.png
âœ… Branch Submit clicked (handled popups if any)
ğŸ“¸ C:\KSS_Working\screenshots\03_after_branch_submit.png
â³ Waiting for Operations tile...
âš ï¸ Operations tile not found in time (Message: 
), navigating directly to MENU_URL
ğŸ“¸ C:\KSS_Working\screenshots\04_on_menu_page_attempt_1.png
âœ… On Menu page
ğŸ“¸ C:\KSS_Working\screenshots\05_booking_operation_expanded.png
âœ… Booking Operation expanded
ğŸ“¸ C:\KSS_Working\screenshots\06_consignment_clicked.png
âœ… Consignment clicked
âœ… API clicked; checking for iframe...
ğŸ” Found iframes: 1
ğŸ”„ Switched into iframe
ğŸ“¸ C:\KSS_Working\screenshots\07_consignment_form_ready.png
ğŸ¯ Consignment form is open and ready inside iframe
ğŸ“¸ C:\KSS_Working\screenshots\08_date_field_ready.png
ğŸ“… Date field is also ready
âœ… ConsignmentNo filled: 5157
ğŸ“¸ C:\KSS_Working\screenshots\UltraTechCement_Invoice_2025-10-18_04-50-38_08_consignment_no.png
âœ… Date filled: 30.08.2025
ğŸ“¸ C:\KSS_Working\screenshots\UltraTechCement_Invoice_2025-10-18_04-50-38_09_date_filled.png
âœ… Source confirmed: ARAKKONAM
ğŸ“¸ C:\KSS_Working\screenshots\UltraTechCement_Invoice_2025-10-18_04-50-38_10_source_filled.png
âœ… Destination confirmed: PONNERI
ğŸ“¸ C:\KSS_Working\screenshots\UltraTechCement_Invoice_2025-10-18_04-50-38_11_destination_filled.png
âœ… Vehicle confirmed: TN73BY4009
ğŸ“¸ C:\KSS_Working\screenshots\UltraTechCement_Invoice_2025-10-18_04-50-38_12_vehicle_filled.png
âœ… E-Way Bill No filled: 581869636048
ğŸ“¸ C:\KSS_Working\screenshots\UltraTechCement_Invoice_2025-10-18_04-50-38_13_ewaybill_filled.png
âœ… Consignor confirmed: UltraTech Cement Limited
ğŸ“¸ C:\KSS_Working\screenshots\UltraTechCement_Invoice_2025-10-18_04-50-38_15_consignor_filled.png
âœ… GST Type set: Unregistered
ğŸ“¸ C:\KSS_Working\screenshots\UltraTechCement_Invoice_2025-10-18_04-50-38_17_gsttype_filled.png
â†» Retry 1/3 for ('id', 'CNM_CNE_NAME') value 'SLT CEMENT MARKETERS PVT LTD' (verify=equals)
â†» Retry 2/3 for ('id', 'CNM_CNE_NAME') value 'SLT CEMENT MARKETERS PVT LTD' (verify=equals)
â†» Retry 3/3 for ('id', 'CNM_CNE_NAME') value 'SLT CEMENT MARKETERS PVT LTD' (verify=equals)
âš ï¸ Consignee empty after initial attempts â€” toggling GST Type once and retrying.
ğŸ” GST toggled from 'Unregistered' to 'Registered' and verified.
ğŸ“¸ C:\KSS_Working\screenshots\gst_toggled.png
â†» Retry 1/3 for ('id', 'CNM_CNE_NAME') value 'SLT CEMENT MARKETERS PVT LTD' (verify=equals)
â†» Retry 2/3 for ('id', 'CNM_CNE_NAME') value 'SLT CEMENT MARKETERS PVT LTD' (verify=equals)
â†» Retry 3/3 for ('id', 'CNM_CNE_NAME') value 'SLT CEMENT MARKETERS PVT LTD' (verify=equals)
âŒ Consignee still not found after GST toggle â€” moving on.
ğŸ“¸ C:\KSS_Working\screenshots\UltraTechCement_Invoice_2025-10-18_04-50-38_18_consignee_filled.png
âœ… Delivery Address set: KUMAARASAAMI, 60 MURUGAN KOIL STREET EXTN, 197 LAKSHMI AMMAN KOIL STREET, SANTHOSH NAGAR, TAMIL NADU
ğŸ“¸ C:\KSS_Working\screenshots\UltraTechCement_Invoice_2025-10-18_04-50-38_19_deliveryaddress_filled.png
â„¹ï¸ Skipping Consignee in verify_and_repair_fields because Consignee was already tried in fill flow.
ğŸ‰ All fields verified in pass 1.
âœ… 'Add Item' clicked.
ğŸ“¸ C:\KSS_Working\screenshots\UltraTechCement_Invoice_2025-10-18_04-50-38_21_additem_clicked.png
ğŸ“¸ C:\KSS_Working\screenshots\UltraTechCement_Invoice_2025-10-18_04-50-38_22_insertitem_contentname_ok.png
ğŸ“¸ C:\KSS_Working\screenshots\UltraTechCement_Invoice_2025-10-18_04-50-38_22_insertitem_filled.png
âœ… 'Add Invoice' clicked.
ğŸ“¸ C:\KSS_Working\screenshots\UltraTechCement_Invoice_2025-10-18_04-50-38_24_addinvoice_clicked.png
âœ… Insert Item modal closed.
ğŸ“¸ C:\KSS_Working\screenshots\UltraTechCement_Invoice_2025-10-18_04-50-38_25_insertitem_closed.png
âš ï¸ Rate did not stick after verification.
ğŸ“¸ C:\KSS_Working\screenshots\UltraTechCement_Invoice_2025-10-18_04-50-38_27_rate_filled.png
âœ… Popup closed with selector: id=btn-ok
âœ… doc_id 8 processed successfully.
â³ Waiting 30s for inspection before closing browser...
âš ï¸ No pending rows found. Exiting loop.
Finished DB loop.
[12:19] Execution finished. 
 
[12:34] Starting main.py 
âœ… Connected to Remote PostgreSQL
Starting DB driven processing loop...
Using JSON column: extracted_json
erp_updated_at column present: False
erp_note column present: False
âš ï¸ No pending rows found. Exiting loop.
Finished DB loop.
[12:34] Execution finished. 
 
[12:49] Starting main.py 
âœ… Connected to Remote PostgreSQL
Starting DB driven processing loop...
Using JSON column: extracted_json
erp_updated_at column present: False
erp_note column present: False
âš ï¸ No pending rows found. Exiting loop.
Finished DB loop.
[12:49] Execution finished. 
 
[13:04] Starting main.py 
âœ… Connected to Remote PostgreSQL
Starting DB driven processing loop...
Using JSON column: extracted_json
erp_updated_at column present: False
erp_note column present: False
âš ï¸ No pending rows found. Exiting loop.
Finished DB loop.
[13:04] Execution finished. 
 
[13:19] Starting main.py 
âœ… Connected to Remote PostgreSQL
Starting DB driven processing loop...
Using JSON column: extracted_json
erp_updated_at column present: False
erp_note column present: False
âš ï¸ No pending rows found. Exiting loop.
Finished DB loop.
[13:19] Execution finished. 
 
[13:34] Starting main.py 
âœ… Connected to Remote PostgreSQL
Starting DB driven processing loop...
Using JSON column: extracted_json
erp_updated_at column present: False
erp_note column present: False
âš ï¸ No pending rows found. Exiting loop.
Finished DB loop.
[13:34] Execution finished. 
 
[13:49] Starting main.py 
âœ… Connected to Remote PostgreSQL
Starting DB driven processing loop...
Using JSON column: extracted_json
erp_updated_at column present: False
erp_note column present: False
âš ï¸ No pending rows found. Exiting loop.
Finished DB loop.
[13:49] Execution finished. 
 
[14:04] Starting main.py 
âœ… Connected to Remote PostgreSQL
Starting DB driven processing loop...
Using JSON column: extracted_json
erp_updated_at column present: False
erp_note column present: False
âš ï¸ No pending rows found. Exiting loop.
Finished DB loop.
[14:04] Execution finished. 
 
[14:19] Starting main.py 
âœ… Connected to Remote PostgreSQL
Starting DB driven processing loop...
Using JSON column: extracted_json
erp_updated_at column present: False
erp_note column present: False
âš ï¸ No pending rows found. Exiting loop.
Finished DB loop.
[14:19] Execution finished. 
 
[14:34] Starting main.py 
âœ… Connected to Remote PostgreSQL
Starting DB driven processing loop...
Using JSON column: extracted_json
erp_updated_at column present: False
erp_note column present: False
âš ï¸ No pending rows found. Exiting loop.
Finished DB loop.
[14:34] Execution finished. 
 
[14:49] Starting main.py 
âœ… Connected to Remote PostgreSQL
Starting DB driven processing loop...
Using JSON column: extracted_json
erp_updated_at column present: False
erp_note column present: False
âš ï¸ No pending rows found. Exiting loop.
Finished DB loop.
[14:49] Execution finished. 
 
[15:04] Starting main.py 
âœ… Connected to Remote PostgreSQL
Starting DB driven processing loop...
Using JSON column: extracted_json
erp_updated_at column present: False
erp_note column present: False
âš ï¸ No pending rows found. Exiting loop.
Finished DB loop.
[15:04] Execution finished. 
 
[15:19] Starting main.py 
âœ… Connected to Remote PostgreSQL
Starting DB driven processing loop...
Using JSON column: extracted_json
erp_updated_at column present: False
erp_note column present: False
âš ï¸ No pending rows found. Exiting loop.
Finished DB loop.
[15:19] Execution finished. 
 
[15:34] Starting main.py 
âœ… Connected to Remote PostgreSQL
Starting DB driven processing loop...
Using JSON column: extracted_json
erp_updated_at column present: False
erp_note column present: False
âš ï¸ No pending rows found. Exiting loop.
Finished DB loop.
[15:34] Execution finished. 
 
[15:49] Starting main.py 
âœ… Connected to Remote PostgreSQL
Starting DB driven processing loop...
Using JSON column: extracted_json
erp_updated_at column present: False
erp_note column present: False
âš ï¸ No pending rows found. Exiting loop.
Finished DB loop.
[15:49] Execution finished. 
 
[16:04] Starting main.py 
[16:19] Starting main.py 
âœ… Connected to Remote PostgreSQL
Starting DB driven processing loop...
Using JSON column: extracted_json
erp_updated_at column present: False
erp_note column present: False
âš ï¸ No pending rows found. Exiting loop.
Finished DB loop.
[16:19] Execution finished. 
 
[16:34] Starting main.py 
C:\KSS_Working\main.py:264: DeprecationWarning: datetime.datetime.utcnow() is deprecated and scheduled for removal in a future version. Use timezone-aware objects to represent datetimes in UTC: datetime.datetime.now(datetime.UTC).
  ts = datetime.utcnow().strftime("%Y%m%d_%H%M%S")
âœ… Connected to Remote PostgreSQL
Starting DB driven processing loop...
Using JSON column: extracted_json
erp_updated_at column present: False
erp_note column present: False
ğŸ“— Using extracted_json for NOT STARTED entry.

â–¶ï¸ Claimed doc_id=1, file=UltraTechCement_Invoice_20251018_130459_440777.pdf
ğŸ“¸ C:\KSS_Working\screenshots\00_login_page.png
ğŸ“¸ C:\KSS_Working\screenshots\01_credentials_typed.png
âœ… Clicked Sign in
âœ… Branch selected: ARAKKONAM
ğŸ“¸ C:\KSS_Working\screenshots\02_branch_selected.png
ğŸ“¸ C:\KSS_Working\screenshots\popup_handled_after_submit_attempt_1.png
âœ… Branch Submit clicked (handled popups if any)
ğŸ“¸ C:\KSS_Working\screenshots\03_after_branch_submit.png
â³ Waiting for Operations tile...
âš ï¸ Operations tile not found in time (Message: 
), navigating directly to MENU_URL
ğŸ“¸ C:\KSS_Working\screenshots\04_on_menu_page_attempt_1.png
âœ… On Menu page
ğŸ“¸ C:\KSS_Working\screenshots\05_booking_operation_expanded.png
âœ… Booking Operation expanded
ğŸ“¸ C:\KSS_Working\screenshots\06_consignment_clicked.png
âœ… Consignment clicked
âœ… API clicked; checking for iframe...
ğŸ” Found iframes: 1
ğŸ”„ Switched into iframe
ğŸ“¸ C:\KSS_Working\screenshots\07_consignment_form_ready.png
ğŸ¯ Consignment form is open and ready inside iframe
ğŸ“¸ C:\KSS_Working\screenshots\08_date_field_ready.png
ğŸ“… Date field is also ready
âœ… ConsignmentNo filled: 5157
ğŸ“¸ C:\KSS_Working\screenshots\UltraTechCement_Invoice_20251018_130459_440777_08_consignment_no.png
âœ… Date filled: 30.08.2025
ğŸ“¸ C:\KSS_Working\screenshots\UltraTechCement_Invoice_20251018_130459_440777_09_date_filled.png
âœ… Source confirmed: ARAKKONAM
ğŸ“¸ C:\KSS_Working\screenshots\UltraTechCement_Invoice_20251018_130459_440777_10_source_filled.png
âœ… Destination confirmed: PONNERI
ğŸ“¸ C:\KSS_Working\screenshots\UltraTechCement_Invoice_20251018_130459_440777_11_destination_filled.png
âœ… Vehicle confirmed: TN73BY4009
ğŸ“¸ C:\KSS_Working\screenshots\UltraTechCement_Invoice_20251018_130459_440777_12_vehicle_filled.png
âœ… E-Way Bill No filled: 581869636048
ğŸ“¸ C:\KSS_Working\screenshots\UltraTechCement_Invoice_20251018_130459_440777_13_ewaybill_filled.png
âœ… Consignor confirmed: UltraTech Cement Limited
ğŸ“¸ C:\KSS_Working\screenshots\UltraTechCement_Invoice_20251018_130459_440777_15_consignor_filled.png
âœ… GST Type set: Unregistered
ğŸ“¸ C:\KSS_Working\screenshots\UltraTechCement_Invoice_20251018_130459_440777_17_gsttype_filled.png
â†» Retry 1/3 for ('id', 'CNM_CNE_NAME') value 'SLT CEMENT MARKETERS PVT LTD' (verify=equals)
â†» Retry 2/3 for ('id', 'CNM_CNE_NAME') value 'SLT CEMENT MARKETERS PVT LTD' (verify=equals)
â†» Retry 3/3 for ('id', 'CNM_CNE_NAME') value 'SLT CEMENT MARKETERS PVT LTD' (verify=equals)
âš ï¸ Consignee empty after initial attempts â€” toggling GST Type once and retrying.
ğŸ” GST toggled from 'Unregistered' to 'Registered' and verified.
ğŸ“¸ C:\KSS_Working\screenshots\gst_toggled.png
â†» Retry 1/3 for ('id', 'CNM_CNE_NAME') value 'SLT CEMENT MARKETERS PVT LTD' (verify=equals)
â†» Retry 2/3 for ('id', 'CNM_CNE_NAME') value 'SLT CEMENT MARKETERS PVT LTD' (verify=equals)
â†» Retry 3/3 for ('id', 'CNM_CNE_NAME') value 'SLT CEMENT MARKETERS PVT LTD' (verify=equals)
âŒ Consignee still not found after GST toggle â€” moving on.
ğŸ“¸ C:\KSS_Working\screenshots\UltraTechCement_Invoice_20251018_130459_440777_18_consignee_filled.png
âœ… Delivery Address set: KUMAARASAAMI, 60 MURUGAN KOIL STREET EXTN, 197 LAKSHMI AMMAN KOIL STREET, SANTHOSH NAGAR, TAMIL NADU
ğŸ“¸ C:\KSS_Working\screenshots\UltraTechCement_Invoice_20251018_130459_440777_19_deliveryaddress_filled.png
â„¹ï¸ Skipping Consignee in verify_and_repair_fields because Consignee was already tried in fill flow.
ğŸ‰ All fields verified in pass 1.
âœ… 'Add Item' clicked.
ğŸ“¸ C:\KSS_Working\screenshots\UltraTechCement_Invoice_20251018_130459_440777_21_additem_clicked.png
ğŸ“¸ C:\KSS_Working\screenshots\UltraTechCement_Invoice_20251018_130459_440777_22_insertitem_contentname_ok.png
ğŸ“¸ C:\KSS_Working\screenshots\UltraTechCement_Invoice_20251018_130459_440777_22_insertitem_filled.png
âœ… 'Add Invoice' clicked.
ğŸ“¸ C:\KSS_Working\screenshots\UltraTechCement_Invoice_20251018_130459_440777_24_addinvoice_clicked.png
âœ… Insert Item modal closed.
ğŸ“¸ C:\KSS_Working\screenshots\UltraTechCement_Invoice_20251018_130459_440777_25_insertitem_closed.png
âš ï¸ Rate did not stick after verification.
ğŸ“¸ C:\KSS_Working\screenshots\UltraTechCement_Invoice_20251018_130459_440777_27_rate_filled.png
âœ… Popup closed with selector: id=btn-ok
âœ… Submit button clicked successfully.
ğŸ“¸ C:\KSS_Working\screenshots\UltraTechCement_Invoice_20251018_130459_440777_28_submit_clicked.png
âš ï¸ No success message found after submit â€” may have failed.
ğŸ“¸ C:\KSS_Working\screenshots\UltraTechCement_Invoice_20251018_130459_440777_29_submit_no_success.png
âŒ doc_id 1 failed: Submit failed or no success confirmation
â³ Waiting 30s for inspection before closing browser...
ğŸ“— Using extracted_json for NOT STARTED entry.

â–¶ï¸ Claimed doc_id=3, file=UltraTechCement_Invoice_20251018_100413_838942.pdf
ğŸ“¸ C:\KSS_Working\screenshots\00_login_page.png
ğŸ“¸ C:\KSS_Working\screenshots\01_credentials_typed.png
âœ… Clicked Sign in
âœ… Branch selected: ARAKKONAM
ğŸ“¸ C:\KSS_Working\screenshots\02_branch_selected.png
ğŸ“¸ C:\KSS_Working\screenshots\popup_handled_after_submit_attempt_1.png
âœ… Branch Submit clicked (handled popups if any)
ğŸ“¸ C:\KSS_Working\screenshots\03_after_branch_submit.png
â³ Waiting for Operations tile...
âš ï¸ Operations tile not found in time (Message: 
), navigating directly to MENU_URL
ğŸ“¸ C:\KSS_Working\screenshots\04_on_menu_page_attempt_1.png
âœ… On Menu page
ğŸ“¸ C:\KSS_Working\screenshots\05_booking_operation_expanded.png
âœ… Booking Operation expanded
ğŸ“¸ C:\KSS_Working\screenshots\06_consignment_clicked.png
âœ… Consignment clicked
âœ… API clicked; checking for iframe...
ğŸ” Found iframes: 1
ğŸ”„ Switched into iframe
ğŸ“¸ C:\KSS_Working\screenshots\07_consignment_form_ready.png
ğŸ¯ Consignment form is open and ready inside iframe
ğŸ“¸ C:\KSS_Working\screenshots\08_date_field_ready.png
ğŸ“… Date field is also ready
âœ… ConsignmentNo filled: 6000
ğŸ“¸ C:\KSS_Working\screenshots\UltraTechCement_Invoice_20251018_100413_838942_08_consignment_no.png
âœ… Date filled: 20.09.2025
ğŸ“¸ C:\KSS_Working\screenshots\UltraTechCement_Invoice_20251018_100413_838942_09_date_filled.png
âŒ doc_id 3 failed: Message: 

Traceback (most recent call last):
  File "C:\KSS_Working\main.py", line 198, in process_row_with_driver
    submit_ok = fill_consignment_form(driver, data=data, prefix=prefix)
  File "C:\KSS_Working\consignment_form.py", line 891, in fill_consignment_form
    ok = set_autocomplete_verify(driver, (By.ID, "CNM_FROM_STN_NAME"), source_val, verify="equals", max_attempts=5)
  File "C:\KSS_Working\consignment_form.py", line 286, in set_autocomplete_verify
    safe_click(driver, field_locator)
    ~~~~~~~~~~^^^^^^^^^^^^^^^^^^^^^^^
  File "C:\KSS_Working\consignment_form.py", line 168, in safe_click
    ok = _retry(_action)
  File "C:\KSS_Working\consignment_form.py", line 152, in _retry
    return f()
  File "C:\KSS_Working\consignment_form.py", line 161, in _action
    el = WebDriverWait(driver, timeout).until(EC.element_to_be_clickable(locator))
  File "C:\KSS_Working\venv\Lib\site-packages\selenium\webdriver\support\wait.py", line 138, in until
    raise TimeoutException(message, screen, stacktrace)
selenium.common.exceptions.TimeoutException: Message: 


â³ Waiting 30s for inspection before closing browser...
âš ï¸ No pending rows found. Exiting loop.
Finished DB loop.
[16:34] Execution finished. 
 
[16:49] Starting main.py 
âœ… Connected to Remote PostgreSQL
Starting DB driven processing loop...
Using JSON column: extracted_json
erp_updated_at column present: False
erp_note column present: False
âš ï¸ No pending rows found. Exiting loop.
Finished DB loop.
[16:49] Execution finished. 
 
[17:04] Starting main.py 
âœ… Connected to Remote PostgreSQL
Starting DB driven processing loop...
Using JSON column: extracted_json
erp_updated_at column present: False
erp_note column present: False
âš ï¸ No pending rows found. Exiting loop.
Finished DB loop.
[17:04] Execution finished. 
 
[17:19] Starting main.py 
âœ… Connected to Remote PostgreSQL
Starting DB driven processing loop...
Using JSON column: extracted_json
erp_updated_at column present: False
erp_note column present: False
âš ï¸ No pending rows found. Exiting loop.
Finished DB loop.
[17:19] Execution finished. 
 
[17:34] Starting main.py 
âœ… Connected to Remote PostgreSQL
Starting DB driven processing loop...
Using JSON column: extracted_json
erp_updated_at column present: False
erp_note column present: False
âš ï¸ No pending rows found. Exiting loop.
Finished DB loop.
[17:34] Execution finished. 
 
[17:49] Starting main.py 
âœ… Connected to Remote PostgreSQL
Starting DB driven processing loop...
Using JSON column: extracted_json
erp_updated_at column present: False
erp_note column present: False
âš ï¸ No pending rows found. Exiting loop.
Finished DB loop.
[17:49] Execution finished. 
 
[18:04] Starting main.py 
âœ… Connected to Remote PostgreSQL
Starting DB driven processing loop...
Using JSON column: extracted_json
erp_updated_at column present: False
erp_note column present: False
âš ï¸ No pending rows found. Exiting loop.
Finished DB loop.
[18:04] Execution finished. 
 
[18:19] Starting main.py 
âœ… Connected to Remote PostgreSQL
Starting DB driven processing loop...
Using JSON column: extracted_json
erp_updated_at column present: False
erp_note column present: False
âš ï¸ No pending rows found. Exiting loop.
Finished DB loop.
[18:19] Execution finished. 
 
[18:34] Starting main.py 
âœ… Connected to Remote PostgreSQL
Starting DB driven processing loop...
Using JSON column: extracted_json
erp_updated_at column present: False
erp_note column present: False
âš ï¸ No pending rows found. Exiting loop.
Finished DB loop.
[18:34] Execution finished. 
 
[18:49] Starting main.py 
âœ… Connected to Remote PostgreSQL
Starting DB driven processing loop...
Using JSON column: extracted_json
erp_updated_at column present: False
erp_note column present: False
âš ï¸ No pending rows found. Exiting loop.
Finished DB loop.
[18:49] Execution finished. 
 
[19:04] Starting main.py 
âœ… Connected to Remote PostgreSQL
Starting DB driven processing loop...
Using JSON column: extracted_json
erp_updated_at column present: False
erp_note column present: False
âš ï¸ No pending rows found. Exiting loop.
Finished DB loop.
[19:04] Execution finished. 
 
[19:19] Starting main.py 
âœ… Connected to Remote PostgreSQL
Starting DB driven processing loop...
Using JSON column: extracted_json
erp_updated_at column present: False
erp_note column present: False
âš ï¸ No pending rows found. Exiting loop.
Finished DB loop.
[19:19] Execution finished. 
 
[19:34] Starting main.py 
âœ… Connected to Remote PostgreSQL
Starting DB driven processing loop...
Using JSON column: extracted_json
erp_updated_at column present: False
erp_note column present: False
âš ï¸ No pending rows found. Exiting loop.
Finished DB loop.
[19:34] Execution finished. 
 
[19:49] Starting main.py 
âœ… Connected to Remote PostgreSQL
Starting DB driven processing loop...
Using JSON column: extracted_json
erp_updated_at column present: False
erp_note column present: False
âš ï¸ No pending rows found. Exiting loop.
Finished DB loop.
[19:49] Execution finished. 
 
[20:04] Starting main.py 
âœ… Connected to Remote PostgreSQL
Starting DB driven processing loop...
Using JSON column: extracted_json
erp_updated_at column present: False
erp_note column present: False
âš ï¸ No pending rows found. Exiting loop.
Finished DB loop.
[20:04] Execution finished. 
 
[20:19] Starting main.py 
C:\KSS_Working\main.py:264: DeprecationWarning: datetime.datetime.utcnow() is deprecated and scheduled for removal in a future version. Use timezone-aware objects to represent datetimes in UTC: datetime.datetime.now(datetime.UTC).
  ts = datetime.utcnow().strftime("%Y%m%d_%H%M%S")
âœ… Connected to Remote PostgreSQL
Starting DB driven processing loop...
Using JSON column: extracted_json
erp_updated_at column present: False
erp_note column present: False
ğŸ“— Using extracted_json for NOT STARTED entry.

â–¶ï¸ Claimed doc_id=1, file=UltraTechCement_Invoice_20251018_130459_440777.pdf
ğŸ“¸ C:\KSS_Working\screenshots\00_login_page.png
ğŸ“¸ C:\KSS_Working\screenshots\01_credentials_typed.png
âœ… Clicked Sign in
âœ… Branch selected: ARAKKONAM
ğŸ“¸ C:\KSS_Working\screenshots\02_branch_selected.png
ğŸ“¸ C:\KSS_Working\screenshots\popup_handled_after_submit_attempt_1.png
âœ… Branch Submit clicked (handled popups if any)
ğŸ“¸ C:\KSS_Working\screenshots\03_after_branch_submit.png
â³ Waiting for Operations tile...
âš ï¸ Operations tile not found in time (Message: 
), navigating directly to MENU_URL
ğŸ“¸ C:\KSS_Working\screenshots\04_on_menu_page_attempt_1.png
âœ… On Menu page
ğŸ“¸ C:\KSS_Working\screenshots\05_booking_operation_expanded.png
âœ… Booking Operation expanded
ğŸ“¸ C:\KSS_Working\screenshots\06_consignment_clicked.png
âœ… Consignment clicked
âœ… API clicked; checking for iframe...
ğŸ” Found iframes: 1
ğŸ”„ Switched into iframe
ğŸ“¸ C:\KSS_Working\screenshots\07_consignment_form_ready.png
ğŸ¯ Consignment form is open and ready inside iframe
ğŸ“¸ C:\KSS_Working\screenshots\08_date_field_ready.png
ğŸ“… Date field is also ready
âœ… ConsignmentNo filled: 5157
ğŸ“¸ C:\KSS_Working\screenshots\UltraTechCement_Invoice_20251018_130459_440777_08_consignment_no.png
âœ… Date filled: 30.08.2025
ğŸ“¸ C:\KSS_Working\screenshots\UltraTechCement_Invoice_20251018_130459_440777_09_date_filled.png
âœ… Source confirmed: ARAKKONAM
ğŸ“¸ C:\KSS_Working\screenshots\UltraTechCement_Invoice_20251018_130459_440777_10_source_filled.png
âœ… Destination confirmed: PONNERI
ğŸ“¸ C:\KSS_Working\screenshots\UltraTechCement_Invoice_20251018_130459_440777_11_destination_filled.png
âœ… Vehicle confirmed: TN73BY4009
ğŸ“¸ C:\KSS_Working\screenshots\UltraTechCement_Invoice_20251018_130459_440777_12_vehicle_filled.png
âœ… E-Way Bill No filled: 581869636048
ğŸ“¸ C:\KSS_Working\screenshots\UltraTechCement_Invoice_20251018_130459_440777_13_ewaybill_filled.png
âœ… Consignor confirmed: UltraTech Cement Limited
ğŸ“¸ C:\KSS_Working\screenshots\UltraTechCement_Invoice_20251018_130459_440777_15_consignor_filled.png
âœ… GST Type set: Unregistered
ğŸ“¸ C:\KSS_Working\screenshots\UltraTechCement_Invoice_20251018_130459_440777_17_gsttype_filled.png
â†» Retry 1/3 for ('id', 'CNM_CNE_NAME') value 'SLT CEMENT MARKETERS PVT LTD' (verify=equals)
â†» Retry 2/3 for ('id', 'CNM_CNE_NAME') value 'SLT CEMENT MARKETERS PVT LTD' (verify=equals)
â†» Retry 3/3 for ('id', 'CNM_CNE_NAME') value 'SLT CEMENT MARKETERS PVT LTD' (verify=equals)
âš ï¸ Consignee empty after initial attempts â€” toggling GST Type once and retrying.
ğŸ” GST toggled from 'Unregistered' to 'Registered' and verified.
ğŸ“¸ C:\KSS_Working\screenshots\gst_toggled.png
â†» Retry 1/3 for ('id', 'CNM_CNE_NAME') value 'SLT CEMENT MARKETERS PVT LTD' (verify=equals)
â†» Retry 2/3 for ('id', 'CNM_CNE_NAME') value 'SLT CEMENT MARKETERS PVT LTD' (verify=equals)
â†» Retry 3/3 for ('id', 'CNM_CNE_NAME') value 'SLT CEMENT MARKETERS PVT LTD' (verify=equals)
âŒ Consignee still not found after GST toggle â€” moving on.
ğŸ“¸ C:\KSS_Working\screenshots\UltraTechCement_Invoice_20251018_130459_440777_18_consignee_filled.png
âœ… Delivery Address set: KUMAARASAAMI, 60 MURUGAN KOIL STREET EXTN, 197 LAKSHMI AMMAN KOIL STREET, SANTHOSH NAGAR, TAMIL NADU
ğŸ“¸ C:\KSS_Working\screenshots\UltraTechCement_Invoice_20251018_130459_440777_19_deliveryaddress_filled.png
â„¹ï¸ Skipping Consignee in verify_and_repair_fields because Consignee was already tried in fill flow.
ğŸ‰ All fields verified in pass 1.
âœ… 'Add Item' clicked.
ğŸ“¸ C:\KSS_Working\screenshots\UltraTechCement_Invoice_20251018_130459_440777_21_additem_clicked.png
ğŸ“¸ C:\KSS_Working\screenshots\UltraTechCement_Invoice_20251018_130459_440777_22_insertitem_contentname_ok.png
ğŸ“¸ C:\KSS_Working\screenshots\UltraTechCement_Invoice_20251018_130459_440777_22_insertitem_filled.png
âœ… 'Add Invoice' clicked.
ğŸ“¸ C:\KSS_Working\screenshots\UltraTechCement_Invoice_20251018_130459_440777_24_addinvoice_clicked.png
âœ… Insert Item modal closed.
ğŸ“¸ C:\KSS_Working\screenshots\UltraTechCement_Invoice_20251018_130459_440777_25_insertitem_closed.png
âš ï¸ Rate did not stick after verification.
ğŸ“¸ C:\KSS_Working\screenshots\UltraTechCement_Invoice_20251018_130459_440777_27_rate_filled.png
âœ… Popup closed with selector: id=btn-ok
âœ… Submit button clicked successfully.
ğŸ“¸ C:\KSS_Working\screenshots\UltraTechCement_Invoice_20251018_130459_440777_28_submit_clicked.png
âš ï¸ No success message found after submit â€” may have failed.
ğŸ“¸ C:\KSS_Working\screenshots\UltraTechCement_Invoice_20251018_130459_440777_29_submit_no_success.png
âŒ doc_id 1 failed: Submit failed or no success confirmation
â³ Waiting 30s for inspection before closing browser...
ğŸ“— Using extracted_json for NOT STARTED entry.

â–¶ï¸ Claimed doc_id=3, file=UltraTechCement_Invoice_20251018_100413_838942.pdf
ğŸ“¸ C:\KSS_Working\screenshots\00_login_page.png
ğŸ“¸ C:\KSS_Working\screenshots\01_credentials_typed.png
âœ… Clicked Sign in
âœ… Branch selected: ARAKKONAM
ğŸ“¸ C:\KSS_Working\screenshots\02_branch_selected.png
ğŸ“¸ C:\KSS_Working\screenshots\popup_handled_after_submit_attempt_1.png
âœ… Branch Submit clicked (handled popups if any)
ğŸ“¸ C:\KSS_Working\screenshots\03_after_branch_submit.png
â³ Waiting for Operations tile...
âš ï¸ Operations tile not found in time (Message: 
), navigating directly to MENU_URL
ğŸ“¸ C:\KSS_Working\screenshots\04_on_menu_page_attempt_1.png
âœ… On Menu page
ğŸ“¸ C:\KSS_Working\screenshots\05_booking_operation_expanded.png
âœ… Booking Operation expanded
ğŸ“¸ C:\KSS_Working\screenshots\06_consignment_clicked.png
âœ… Consignment clicked
âœ… API clicked; checking for iframe...
ğŸ” Found iframes: 1
ğŸ”„ Switched into iframe
ğŸ“¸ C:\KSS_Working\screenshots\07_consignment_form_ready.png
ğŸ¯ Consignment form is open and ready inside iframe
ğŸ“¸ C:\KSS_Working\screenshots\08_date_field_ready.png
ğŸ“… Date field is also ready
âœ… ConsignmentNo filled: 6000
ğŸ“¸ C:\KSS_Working\screenshots\UltraTechCement_Invoice_20251018_100413_838942_08_consignment_no.png
âœ… Date filled: 20.09.2025
ğŸ“¸ C:\KSS_Working\screenshots\UltraTechCement_Invoice_20251018_100413_838942_09_date_filled.png
âŒ doc_id 3 failed: Message: 

Traceback (most recent call last):
  File "C:\KSS_Working\main.py", line 198, in process_row_with_driver
    submit_ok = fill_consignment_form(driver, data=data, prefix=prefix)
  File "C:\KSS_Working\consignment_form.py", line 891, in fill_consignment_form
    ok = set_autocomplete_verify(driver, (By.ID, "CNM_FROM_STN_NAME"), source_val, verify="equals", max_attempts=5)
  File "C:\KSS_Working\consignment_form.py", line 286, in set_autocomplete_verify
    safe_click(driver, field_locator)
    ~~~~~~~~~~^^^^^^^^^^^^^^^^^^^^^^^
  File "C:\KSS_Working\consignment_form.py", line 168, in safe_click
    ok = _retry(_action)
  File "C:\KSS_Working\consignment_form.py", line 152, in _retry
    return f()
  File "C:\KSS_Working\consignment_form.py", line 161, in _action
    el = WebDriverWait(driver, timeout).until(EC.element_to_be_clickable(locator))
  File "C:\KSS_Working\venv\Lib\site-packages\selenium\webdriver\support\wait.py", line 138, in until
    raise TimeoutException(message, screen, stacktrace)
selenium.common.exceptions.TimeoutException: Message: 


â³ Waiting 30s for inspection before closing browser...
âš ï¸ No pending rows found. Exiting loop.
Finished DB loop.
[20:19] Execution finished. 
 
[20:34] Starting main.py 
âœ… Connected to Remote PostgreSQL
Starting DB driven processing loop...
Using JSON column: extracted_json
erp_updated_at column present: False
erp_note column present: False
âš ï¸ No pending rows found. Exiting loop.
Finished DB loop.
[20:34] Execution finished. 
 
[20:49] Starting main.py 
âœ… Connected to Remote PostgreSQL
Starting DB driven processing loop...
Using JSON column: extracted_json
erp_updated_at column present: False
erp_note column present: False
âš ï¸ No pending rows found. Exiting loop.
Finished DB loop.
[20:49] Execution finished. 
 
[21:04] Starting main.py 
âœ… Connected to Remote PostgreSQL
Starting DB driven processing loop...
Using JSON column: extracted_json
erp_updated_at column present: False
erp_note column present: False
âš ï¸ No pending rows found. Exiting loop.
Finished DB loop.
[21:04] Execution finished. 
 
[21:19] Starting main.py 
âœ… Connected to Remote PostgreSQL
Starting DB driven processing loop...
Using JSON column: extracted_json
erp_updated_at column present: False
erp_note column present: False
âš ï¸ No pending rows found. Exiting loop.
Finished DB loop.
[21:19] Execution finished. 
 
[21:34] Starting main.py 
âœ… Connected to Remote PostgreSQL
Starting DB driven processing loop...
Using JSON column: extracted_json
erp_updated_at column present: False
erp_note column present: False
âš ï¸ No pending rows found. Exiting loop.
Finished DB loop.
[21:34] Execution finished. 
 
[21:49] Starting main.py 
âœ… Connected to Remote PostgreSQL
Starting DB driven processing loop...
Using JSON column: extracted_json
erp_updated_at column present: False
erp_note column present: False
âš ï¸ No pending rows found. Exiting loop.
Finished DB loop.
[21:49] Execution finished. 
 
[22:04] Starting main.py 
âœ… Connected to Remote PostgreSQL
Starting DB driven processing loop...
Using JSON column: extracted_json
erp_updated_at column present: False
erp_note column present: False
âš ï¸ No pending rows found. Exiting loop.
Finished DB loop.
[22:04] Execution finished. 
 
[22:19] Starting main.py 
âœ… Connected to Remote PostgreSQL
Starting DB driven processing loop...
Using JSON column: extracted_json
erp_updated_at column present: False
erp_note column present: False
âš ï¸ No pending rows found. Exiting loop.
Finished DB loop.
[22:19] Execution finished. 
 
[22:34] Starting main.py 
âœ… Connected to Remote PostgreSQL
Starting DB driven processing loop...
Using JSON column: extracted_json
erp_updated_at column present: False
erp_note column present: False
âš ï¸ No pending rows found. Exiting loop.
Finished DB loop.
[22:34] Execution finished. 
 
[22:49] Starting main.py 
C:\KSS_Working\main.py:257: DeprecationWarning: datetime.datetime.utcnow() is deprecated and scheduled for removal in a future version. Use timezone-aware objects to represent datetimes in UTC: datetime.datetime.now(datetime.UTC).
  ts = datetime.utcnow().strftime("%Y%m%d_%H%M%S")
âœ… Connected to Remote PostgreSQL
Starting DB driven processing loop...
Using JSON column: extracted_json
erp_updated_at column present: False
erp_note column present: False
ğŸ“— Using extracted_json because previous erp_entry_status was NOT STARTED or other.

â–¶ï¸ Claimed doc_id=8, file=UltraTechCement_Invoice_20251018_170606_879605.pdf
ğŸ“¸ C:\KSS_Working\screenshots\00_login_page.png
ğŸ“¸ C:\KSS_Working\screenshots\01_credentials_typed.png
âœ… Clicked Sign in
âœ… Branch selected: ARAKKONAM
ğŸ“¸ C:\KSS_Working\screenshots\02_branch_selected.png
ğŸ“¸ C:\KSS_Working\screenshots\popup_handled_after_submit_attempt_1.png
âœ… Branch Submit clicked (handled popups if any)
ğŸ“¸ C:\KSS_Working\screenshots\03_after_branch_submit.png
â³ Waiting for Operations tile...
âš ï¸ Operations tile not found in time (Message: 
), navigating directly to MENU_URL
ğŸ“¸ C:\KSS_Working\screenshots\04_on_menu_page_attempt_1.png
âœ… On Menu page
ğŸ“¸ C:\KSS_Working\screenshots\05_booking_operation_expanded.png
âœ… Booking Operation expanded
ğŸ“¸ C:\KSS_Working\screenshots\06_consignment_clicked.png
âœ… Consignment clicked
âœ… API clicked; checking for iframe...
ğŸ” Found iframes: 1
ğŸ”„ Switched into iframe
ğŸ“¸ C:\KSS_Working\screenshots\07_consignment_form_ready.png
ğŸ¯ Consignment form is open and ready inside iframe
ğŸ“¸ C:\KSS_Working\screenshots\08_date_field_ready.png
ğŸ“… Date field is also ready
âœ… ConsignmentNo filled: 6573
ğŸ“¸ C:\KSS_Working\screenshots\UltraTechCement_Invoice_20251018_170606_879605_08_consignment_no.png
âœ… Date filled: 02.10.2025
ğŸ“¸ C:\KSS_Working\screenshots\UltraTechCement_Invoice_20251018_170606_879605_09_date_filled.png
âœ… Source confirmed: ARAKKONAM
ğŸ“¸ C:\KSS_Working\screenshots\UltraTechCement_Invoice_20251018_170606_879605_10_source_filled.png
âœ… Destination confirmed: GUDUVANCHERRY
ğŸ“¸ C:\KSS_Working\screenshots\UltraTechCement_Invoice_20251018_170606_879605_11_destination_filled.png
âœ… Vehicle confirmed: TN73BY3714
ğŸ“¸ C:\KSS_Working\screenshots\UltraTechCement_Invoice_20251018_170606_879605_12_vehicle_filled.png
âœ… E-Way Bill No filled: 511886419900
ğŸ“¸ C:\KSS_Working\screenshots\UltraTechCement_Invoice_20251018_170606_879605_13_ewaybill_filled.png
âœ… Consignor confirmed: UltraTech Cement Limited
ğŸ“¸ C:\KSS_Working\screenshots\UltraTechCement_Invoice_20251018_170606_879605_15_consignor_filled.png
âœ… GST Type set: Unregistered
ğŸ“¸ C:\KSS_Working\screenshots\UltraTechCement_Invoice_20251018_170606_879605_17_gsttype_filled.png
âœ… Consignee confirmed: P. SELVARAJ AND COMPANY
ğŸ“¸ C:\KSS_Working\screenshots\UltraTechCement_Invoice_20251018_170606_879605_18_consignee_filled.png
âœ… Delivery Address set: TAMIL NADU STATE CODE
ğŸ“¸ C:\KSS_Working\screenshots\UltraTechCement_Invoice_20251018_170606_879605_19_deliveryaddress_filled.png
â„¹ï¸ Skipping Consignee in verify_and_repair_fields because Consignee was already tried in fill flow.
ğŸ‰ All fields verified in pass 1.
âœ… 'Add Item' clicked.
ğŸ“¸ C:\KSS_Working\screenshots\UltraTechCement_Invoice_20251018_170606_879605_21_additem_clicked.png
ğŸ“¸ C:\KSS_Working\screenshots\UltraTechCement_Invoice_20251018_170606_879605_22_insertitem_contentname_failed.png
âŒ Could not set Content Name to 'PSC BAG'. Last seen value: ''
âš ï¸ Could not set Content Name 'PSC BAG'; proceeding.
ğŸ“¸ C:\KSS_Working\screenshots\UltraTechCement_Invoice_20251018_170606_879605_22_insertitem_filled.png
âœ… 'Add Invoice' clicked.
ğŸ“¸ C:\KSS_Working\screenshots\UltraTechCement_Invoice_20251018_170606_879605_24_addinvoice_clicked.png
âœ… Insert Item modal closed.
ğŸ“¸ C:\KSS_Working\screenshots\UltraTechCement_Invoice_20251018_170606_879605_25_insertitem_closed.png
âœ… Rate filled: 671.09
ğŸ“¸ C:\KSS_Working\screenshots\UltraTechCement_Invoice_20251018_170606_879605_27_rate_filled.png
âœ… Submit button clicked successfully.
ğŸ“¸ C:\KSS_Working\screenshots\UltraTechCement_Invoice_20251018_170606_879605_28_submit_clicked.png
âš ï¸ No success message found after submit â€” may have failed.
ğŸ“¸ C:\KSS_Working\screenshots\UltraTechCement_Invoice_20251018_170606_879605_29_submit_no_success.png
âŒ doc_id 8 failed: Submit failed or no success confirmation
â³ Waiting 30s for inspection before closing browser...
âš ï¸ No pending rows found. Exiting loop.
Finished DB loop.
[22:49] Execution finished. 
 
[23:04] Starting main.py 
âœ… Connected to Remote PostgreSQL
Starting DB driven processing loop...
Using JSON column: extracted_json
erp_updated_at column present: False
erp_note column present: False
âš ï¸ No pending rows found. Exiting loop.
Finished DB loop.
[23:04] Execution finished. 
 
[23:19] Starting main.py 
âœ… Connected to Remote PostgreSQL
Starting DB driven processing loop...
Using JSON column: extracted_json
erp_updated_at column present: False
erp_note column present: False
âš ï¸ No pending rows found. Exiting loop.
Finished DB loop.
[23:19] Execution finished. 
 
[23:34] Starting main.py 
C:\KSS_Working\main.py:257: DeprecationWarning: datetime.datetime.utcnow() is deprecated and scheduled for removal in a future version. Use timezone-aware objects to represent datetimes in UTC: datetime.datetime.now(datetime.UTC).
  ts = datetime.utcnow().strftime("%Y%m%d_%H%M%S")
âœ… Connected to Remote PostgreSQL
Starting DB driven processing loop...
Using JSON column: extracted_json
erp_updated_at column present: False
erp_note column present: False
ğŸ“— Using extracted_json because previous erp_entry_status was NOT STARTED or other.

â–¶ï¸ Claimed doc_id=10, file=UltraTechCement_Invoice_20251018_175059_300546.pdf
ğŸ“¸ C:\KSS_Working\screenshots\00_login_page.png
ğŸ“¸ C:\KSS_Working\screenshots\01_credentials_typed.png
âœ… Clicked Sign in
âœ… Branch selected: ARAKKONAM
ğŸ“¸ C:\KSS_Working\screenshots\02_branch_selected.png
ğŸ“¸ C:\KSS_Working\screenshots\popup_handled_after_submit_attempt_1.png
âœ… Branch Submit clicked (handled popups if any)
ğŸ“¸ C:\KSS_Working\screenshots\03_after_branch_submit.png
â³ Waiting for Operations tile...
âš ï¸ Operations tile not found in time (Message: 
), navigating directly to MENU_URL
ğŸ“¸ C:\KSS_Working\screenshots\04_on_menu_page_attempt_1.png
âœ… On Menu page
ğŸ“¸ C:\KSS_Working\screenshots\05_booking_operation_expanded.png
âœ… Booking Operation expanded
ğŸ“¸ C:\KSS_Working\screenshots\06_consignment_clicked.png
âœ… Consignment clicked
âœ… API clicked; checking for iframe...
ğŸ” Found iframes: 1
ğŸ”„ Switched into iframe
ğŸ“¸ C:\KSS_Working\screenshots\07_consignment_form_ready.png
ğŸ¯ Consignment form is open and ready inside iframe
ğŸ“¸ C:\KSS_Working\screenshots\08_date_field_ready.png
ğŸ“… Date field is also ready
âœ… ConsignmentNo filled: 6616
ğŸ“¸ C:\KSS_Working\screenshots\UltraTechCement_Invoice_20251018_175059_300546_08_consignment_no.png
âœ… Date filled: 03.10.2025
ğŸ“¸ C:\KSS_Working\screenshots\UltraTechCement_Invoice_20251018_175059_300546_09_date_filled.png
âœ… Source confirmed: ARAKKONAM
ğŸ“¸ C:\KSS_Working\screenshots\UltraTechCement_Invoice_20251018_175059_300546_10_source_filled.png
âœ… Destination confirmed: PALLIPATTU
ğŸ“¸ C:\KSS_Working\screenshots\UltraTechCement_Invoice_20251018_175059_300546_11_destination_filled.png
â†» Retry 1/5 for ('id', 'CNM_VEHICLENO') value 'TN73BZ7347' (verify=equals)
â†» Retry 2/5 for ('id', 'CNM_VEHICLENO') value 'TN73BZ7347' (verify=equals)
â†» Retry 3/5 for ('id', 'CNM_VEHICLENO') value 'TN73BZ7347' (verify=equals)
â†» Retry 4/5 for ('id', 'CNM_VEHICLENO') value 'TN73BZ7347' (verify=equals)
â†» Retry 5/5 for ('id', 'CNM_VEHICLENO') value 'TN73BZ7347' (verify=equals)
âš ï¸ Vehicle not confirmed: TN73BZ7347
ğŸ“¸ C:\KSS_Working\screenshots\UltraTechCement_Invoice_20251018_175059_300546_12_vehicle_filled.png
âœ… E-Way Bill No filled: 551886992908
ğŸ“¸ C:\KSS_Working\screenshots\UltraTechCement_Invoice_20251018_175059_300546_13_ewaybill_filled.png
âœ… Consignor confirmed: UltraTech Cement Limited
ğŸ“¸ C:\KSS_Working\screenshots\UltraTechCement_Invoice_20251018_175059_300546_15_consignor_filled.png
âœ… GST Type set: Unregistered
ğŸ“¸ C:\KSS_Working\screenshots\UltraTechCement_Invoice_20251018_175059_300546_17_gsttype_filled.png
âœ… Delivery Address set: NO R83/1 TNHB, CHITOOR ROAD, KAKKALUR BYE PASS ROAD, TAMIL NADU
ğŸ“¸ C:\KSS_Working\screenshots\UltraTechCement_Invoice_20251018_175059_300546_19_deliveryaddress_filled.png
â„¹ï¸ Skipping Consignee in verify_and_repair_fields because Consignee was already tried in fill flow.
ğŸ” Pass 1: 'Vehicle' not verified (have='', want [equals] 'TN73BZ7347') â€” fixing...
â†» Retry 1/5 for ('id', 'CNM_VEHICLENO') value 'TN73BZ7347' (verify=equals)
â†» Retry 2/5 for ('id', 'CNM_VEHICLENO') value 'TN73BZ7347' (verify=equals)
â†» Retry 3/5 for ('id', 'CNM_VEHICLENO') value 'TN73BZ7347' (verify=equals)
â†» Retry 4/5 for ('id', 'CNM_VEHICLENO') value 'TN73BZ7347' (verify=equals)
â†» Retry 5/5 for ('id', 'CNM_VEHICLENO') value 'TN73BZ7347' (verify=equals)
âŒ 'Vehicle' still not correct after repair attempt.
â†» Fields still incorrect after pass 1: Vehicle
ğŸ” Pass 2: 'Vehicle' not verified (have='', want [equals] 'TN73BZ7347') â€” fixing...
â†» Retry 1/5 for ('id', 'CNM_VEHICLENO') value 'TN73BZ7347' (verify=equals)
â†» Retry 2/5 for ('id', 'CNM_VEHICLENO') value 'TN73BZ7347' (verify=equals)
â†» Retry 3/5 for ('id', 'CNM_VEHICLENO') value 'TN73BZ7347' (verify=equals)
â†» Retry 4/5 for ('id', 'CNM_VEHICLENO') value 'TN73BZ7347' (verify=equals)
â†» Retry 5/5 for ('id', 'CNM_VEHICLENO') value 'TN73BZ7347' (verify=equals)
âŒ 'Vehicle' still not correct after repair attempt.
â†» Fields still incorrect after pass 2: Vehicle
ğŸ” Pass 3: 'Vehicle' not verified (have='', want [equals] 'TN73BZ7347') â€” fixing...
â†» Retry 1/5 for ('id', 'CNM_VEHICLENO') value 'TN73BZ7347' (verify=equals)
â†» Retry 2/5 for ('id', 'CNM_VEHICLENO') value 'TN73BZ7347' (verify=equals)
â†» Retry 3/5 for ('id', 'CNM_VEHICLENO') value 'TN73BZ7347' (verify=equals)
â†» Retry 4/5 for ('id', 'CNM_VEHICLENO') value 'TN73BZ7347' (verify=equals)
â†» Retry 5/5 for ('id', 'CNM_VEHICLENO') value 'TN73BZ7347' (verify=equals)
âŒ 'Vehicle' still not correct after repair attempt.
â†» Fields still incorrect after pass 3: Vehicle
âš ï¸ Verification finished with unresolved fields after max passes.
âœ… 'Add Item' clicked.
ğŸ“¸ C:\KSS_Working\screenshots\UltraTechCement_Invoice_20251018_175059_300546_21_additem_clicked.png
ğŸ“¸ C:\KSS_Working\screenshots\UltraTechCement_Invoice_20251018_175059_300546_22_insertitem_contentname_ok.png
ğŸ“¸ C:\KSS_Working\screenshots\UltraTechCement_Invoice_20251018_175059_300546_22_insertitem_filled.png
âœ… 'Add Invoice' clicked.
ğŸ“¸ C:\KSS_Working\screenshots\UltraTechCement_Invoice_20251018_175059_300546_24_addinvoice_clicked.png
âœ… Insert Item modal closed.
ğŸ“¸ C:\KSS_Working\screenshots\UltraTechCement_Invoice_20251018_175059_300546_25_insertitem_closed.png
âš ï¸ Rate did not stick after verification.
ğŸ“¸ C:\KSS_Working\screenshots\UltraTechCement_Invoice_20251018_175059_300546_27_rate_filled.png
âœ… Popup closed with selector: id=btn-ok
âœ… Submit button clicked successfully.
ğŸ“¸ C:\KSS_Working\screenshots\UltraTechCement_Invoice_20251018_175059_300546_28_submit_clicked.png
âš ï¸ No success message found after submit â€” may have failed.
ğŸ“¸ C:\KSS_Working\screenshots\UltraTechCement_Invoice_20251018_175059_300546_29_submit_no_success.png
âŒ doc_id 10 failed: Submit failed or no success confirmation
â³ Waiting 30s for inspection before closing browser...
âš ï¸ No pending rows found. Exiting loop.
Finished DB loop.
[23:34] Execution finished. 
 
[23:49] Starting main.py 
âœ… Connected to Remote PostgreSQL
Starting DB driven processing loop...
Using JSON column: extracted_json
erp_updated_at column present: False
erp_note column present: False
âš ï¸ No pending rows found. Exiting loop.
Finished DB loop.
[23:49] Execution finished. 
 
