===== Data Entry Log for 2025-11-10 ===== 
[00:29] Starting main.py 
‚úÖ Connected to Remote PostgreSQL
üöÄ Starting DB driven processing loop...
‚ö†Ô∏è No pending rows found. Exiting loop.
üèÅ Finished DB loop.
[00:29] Execution finished. 
 
[00:34] Starting main.py 
‚úÖ Connected to Remote PostgreSQL
üöÄ Starting DB driven processing loop...

‚ñ∂Ô∏è Claimed doc_id=34, file=UltraTechCement_Invoice_20251109_144153_201056.pdf
üì∏ C:\KSS_Working\screenshots\00_login_page.png
üì∏ C:\KSS_Working\screenshots\01_credentials_typed.png
‚úÖ Clicked Sign in
üìò Using corrected_json (status FIXED).
‚úÖ Branch selected: ARAKKONAM
üì∏ C:\KSS_Working\screenshots\02_branch_selected.png
üì∏ C:\KSS_Working\screenshots\popup_handled_after_submit_attempt_1.png
‚úÖ Branch Submit clicked (handled popups if any)
üì∏ C:\KSS_Working\screenshots\03_after_branch_submit.png
‚è≥ Waiting for Operations tile...
‚ö†Ô∏è Operations tile not found in time (Message: 
), navigating directly to MENU_URL
üì∏ C:\KSS_Working\screenshots\04_on_menu_page_attempt_1.png
‚úÖ On Menu page
üì∏ C:\KSS_Working\screenshots\05_booking_operation_expanded.png
‚úÖ Booking Operation expanded
üì∏ C:\KSS_Working\screenshots\06_consignment_clicked.png
‚úÖ Consignment clicked
‚úÖ API clicked; checking for iframe...
üîç Found iframes: 1
üîÑ Switched into iframe
üì∏ C:\KSS_Working\screenshots\07_consignment_form_ready.png
üéØ Consignment form is open and ready inside iframe
üì∏ C:\KSS_Working\screenshots\08_date_field_ready.png
üìÖ Date field is also ready
üì∏ C:\KSS_Working\screenshots\UltraTechCement_Invoice_20251109_144153_201056_08_consignment_no_typed.png
‚è± Immediate check for Consignment No: expected='6587', ui_val='6587'
üì∏ C:\KSS_Working\screenshots\UltraTechCement_Invoice_20251109_144153_201056_08_consignment_no.png
‚è± Immediate check for Date: expected='03.10.2025', ui_val='03/10/2025'
üì∏ C:\KSS_Working\screenshots\UltraTechCement_Invoice_20251109_144153_201056_09_date_filled.png
‚è± Immediate check for Source: expected='ARAKKONAM', ui_val='ARAKKONAM'
üì∏ C:\KSS_Working\screenshots\UltraTechCement_Invoice_20251109_144153_201056_10_source_filled.png
‚è± Immediate check for Destination: expected='GUDUVANCHERRY', ui_val='GUDUVANCHERRY'
üì∏ C:\KSS_Working\screenshots\UltraTechCement_Invoice_20251109_144153_201056_11_destination_filled.png
‚è± Immediate check for Vehicle: expected='TN49AT5526', ui_val='TN49AT5526'
üì∏ C:\KSS_Working\screenshots\UltraTechCement_Invoice_20251109_144153_201056_12_vehicle_filled.png
‚è± Immediate check for E-Way Bill No: expected='571886895616', ui_val='571886895616'
üì∏ C:\KSS_Working\screenshots\UltraTechCement_Invoice_20251109_144153_201056_13_ewaybill_filled.png
‚è± Immediate check for Consignor: expected='UltraTech Cement Limited', ui_val='ULTRATECH CEMENT LIMITED-AKM'
üì∏ C:\KSS_Working\screenshots\UltraTechCement_Invoice_20251109_144153_201056_15_consignor_filled.png
‚è± Immediate check for GST Type: expected='Unregistered', ui_val='Unregistered'
üì∏ C:\KSS_Working\screenshots\UltraTechCement_Invoice_20251109_144153_201056_17_gsttype_filled.png
‚è± Immediate check for Consignee: expected='S.V.SERVICES', ui_val='S.V.SERVICES'
üì∏ C:\KSS_Working\screenshots\UltraTechCement_Invoice_20251109_144153_201056_18_consignee_filled.png
‚è± Immediate check for Delivery Address: expected='MR, ISMAIL, NO 8, GUDUVANCHERYMAIN ROAD, GUDUVANCHERRYGUDUVANCHERRY, GUDUVANCHERRY', ui_val='MR, ISMAIL, NO 8, GUDUVANCHERYMAIN ROAD, GUDUVANCHERRYGUDUVANCHERRY, GUDUVANCHERRY'
‚Üª Delivery Address: first immediate check failed ‚Äî retrying once.
‚è± Immediate check for Delivery Address: expected='MR, ISMAIL, NO 8, GUDUVANCHERYMAIN ROAD, GUDUVANCHERRYGUDUVANCHERRY, GUDUVANCHERRY', ui_val='MR, ISMAIL, NO 8, GUDUVANCHERYMAIN ROAD, GUDUVANCHERRYGUDUVANCHERRY, GUDUVANCHERRY'
‚úÖ Delivery Address passed on retry.
üì∏ C:\KSS_Working\screenshots\UltraTechCement_Invoice_20251109_144153_201056_19_deliveryaddress_filled.png
üì∏ C:\KSS_Working\screenshots\UltraTechCement_Invoice_20251109_144153_201056_21_additem_clicked.png
‚è± Immediate check for Invoice No: expected='6978028715', ui_val='6978028715'
‚è± Immediate check for Content Name (Goods Name): expected='PPC BAG', ui_val='PPC BAG'
üì∏ C:\KSS_Working\screenshots\UltraTechCement_Invoice_20251109_144153_201056_22_insertitem_contentname.png
‚è± Immediate check for Actual Weight: expected='10.000', ui_val='10.000'
‚è± Immediate check for E-WayBill ValidUpto: expected='04-10-2025 23:59:00', ui_val='04/10/2025'
‚è± Immediate check for Invoice Date: expected='03.10.2025', ui_val='03/10/2025'
‚è± Immediate check for E-Way Bill Date: expected='03.10.2025', ui_val='03/10/2025'
‚è± Immediate check for E-Way Bill No: expected='571886895616', ui_val='571886895616'
üì∏ C:\KSS_Working\screenshots\UltraTechCement_Invoice_20251109_144153_201056_22_insertitem_filled.png
üì∏ C:\KSS_Working\screenshots\UltraTechCement_Invoice_20251109_144153_201056_24_addinvoice_clicked.png
üì∏ C:\KSS_Working\screenshots\UltraTechCement_Invoice_20251109_144153_201056_25_insertitem_closed.png
‚è± Immediate check for Rate: expected='671.00', ui_val='671'
üì∏ C:\KSS_Working\screenshots\UltraTechCement_Invoice_20251109_144153_201056_27_rate_filled.png
‚úÖ Popup closed with selector: id=btn-ok
‚ÑπÔ∏è Post-rate generic popup closed.

================= FIELD ENTRY AUDIT (DB vs ERP UI) =================
Field                    OK  Score  Mode      Expected  |  UI
-------------------------------------------------------------
Consignment No           ‚úî   1.0    equals    6587  |  6587
                             note: numeric~= OK
Date                     ‚úî   1.0    date      03.10.2025  |  03/10/2025
                             note: date normalized OK
Source                   ‚úî   1.0    equals    ARAKKONAM  |  ARAKKONAM
                             note: fuzzy OK
Destination              ‚úî   1.0    equals    GUDUVANCHERRY  |  GUDUVANCHERRY
                             note: fuzzy OK
Vehicle                  ‚úî   1.0    equals    TN49AT5526  |  TN49AT5526
                             note: numeric~= OK
E-Way Bill No            ‚úî   1.0    contains  571886895616  |  571886895616
                             note: substring OK
Consignor                ‚úî   1.0    contains  UltraTech Cement Limited  |  ULTRATECH CEMENT LIMITED-AKM
                             note: substring OK
GST Type                 ‚úî   1.0    equals    Unregistered  |  Unregistered
                             note: fuzzy OK
Consignee                ‚úî   1.0    equals    S.V.SERVICES  |  S.V.SERVICES
                             note: fuzzy OK
Delivery Address         ‚úî   1.0    equals    MR, ISMAIL, NO 8, GUDUVANCHERYMAIN ROAD, GUDUVANCHERRYGUDUVANCHERRY, GUDUVANCHERRY  |  MR, ISMAIL, NO 8, GUDUVANCHERYMAIN ROAD, GUDUVANCHERRYGUDUVANCHERRY, GUDUVANCHERRY
                             note: numeric~= OK
Delivery Address         ‚úî   1.0    equals    MR, ISMAIL, NO 8, GUDUVANCHERYMAIN ROAD, GUDUVANCHERRYGUDUVANCHERRY, GUDUVANCHERRY  |  MR, ISMAIL, NO 8, GUDUVANCHERYMAIN ROAD, GUDUVANCHERRYGUDUVANCHERRY, GUDUVANCHERRY
                             note: numeric~= OK
Invoice No               ‚úî   1.0    equals    6978028715  |  6978028715
                             note: numeric~= OK
Content Name (Goods Name) ‚úî   1.0    equals    PPC BAG  |  PPC BAG
                             note: fuzzy OK
Actual Weight            ‚úî   1.0    equals    10.000  |  10.000
                             note: numeric~= OK
E-WayBill ValidUpto      ‚úî   1.0    date      04-10-2025 23:59:00  |  04/10/2025
                             note: date normalized OK
Invoice Date             ‚úî   1.0    date      03.10.2025  |  03/10/2025
                             note: date normalized OK
E-Way Bill Date          ‚úî   1.0    date      03.10.2025  |  03/10/2025
                             note: date normalized OK
E-Way Bill No            ‚úî   1.0    contains  571886895616  |  571886895616
                             note: substring OK
Rate                     ‚úî   1.0    equals    671.00  |  671
                             note: numeric~= OK
-------------------------------------------------------------
‚úÖ Result: all fields passed (>=70% / numeric/date OK).
====================================================================

‚úÖ Submit button clicked successfully.
üì∏ C:\KSS_Working\screenshots\UltraTechCement_Invoice_20251109_144153_201056_28_submit_clicked.png
üéâ Submission successful ‚Äî success message detected.
üóÉÔ∏è ValidationStatus saved into extracted_json for doc_id=34
‚úÖ doc_id 34 processed & submitted successfully. Status = Completed AHR
‚úÖ overall_status set to 'Completed' for doc_id=34
‚è≥ Waiting 5s before closing browser...
‚ö†Ô∏è No pending rows found. Exiting loop.
üèÅ Finished DB loop.
[00:34] Execution finished. 
 
[00:39] Starting main.py 
‚úÖ Connected to Remote PostgreSQL
üöÄ Starting DB driven processing loop...
‚ö†Ô∏è No pending rows found. Exiting loop.
üèÅ Finished DB loop.
[00:39] Execution finished. 
 
[00:44] Starting main.py 
‚úÖ Connected to Remote PostgreSQL
üöÄ Starting DB driven processing loop...
‚ö†Ô∏è No pending rows found. Exiting loop.
üèÅ Finished DB loop.
[00:44] Execution finished. 
 
[00:49] Starting main.py 
‚úÖ Connected to Remote PostgreSQL
üöÄ Starting DB driven processing loop...
‚ö†Ô∏è No pending rows found. Exiting loop.
üèÅ Finished DB loop.
[00:49] Execution finished. 
 
[00:54] Starting main.py 
‚úÖ Connected to Remote PostgreSQL
üöÄ Starting DB driven processing loop...
‚ö†Ô∏è No pending rows found. Exiting loop.
üèÅ Finished DB loop.
[00:54] Execution finished. 
 
[00:59] Starting main.py 
‚úÖ Connected to Remote PostgreSQL
üöÄ Starting DB driven processing loop...
‚ö†Ô∏è No pending rows found. Exiting loop.
üèÅ Finished DB loop.
[00:59] Execution finished. 
 
[01:04] Starting main.py 
‚úÖ Connected to Remote PostgreSQL
üöÄ Starting DB driven processing loop...
‚ö†Ô∏è No pending rows found. Exiting loop.
üèÅ Finished DB loop.
[01:04] Execution finished. 
 
[01:09] Starting main.py 
‚úÖ Connected to Remote PostgreSQL
üöÄ Starting DB driven processing loop...
‚ö†Ô∏è No pending rows found. Exiting loop.
üèÅ Finished DB loop.
[01:09] Execution finished. 
 
[01:14] Starting main.py 
‚úÖ Connected to Remote PostgreSQL
üöÄ Starting DB driven processing loop...
‚ö†Ô∏è No pending rows found. Exiting loop.
üèÅ Finished DB loop.
[01:14] Execution finished. 
 
[01:19] Starting main.py 
‚úÖ Connected to Remote PostgreSQL
üöÄ Starting DB driven processing loop...
‚ö†Ô∏è No pending rows found. Exiting loop.
üèÅ Finished DB loop.
[01:19] Execution finished. 
 
[01:24] Starting main.py 
‚úÖ Connected to Remote PostgreSQL
üöÄ Starting DB driven processing loop...
‚ö†Ô∏è No pending rows found. Exiting loop.
üèÅ Finished DB loop.
[01:24] Execution finished. 
 
[01:29] Starting main.py 
‚úÖ Connected to Remote PostgreSQL
üöÄ Starting DB driven processing loop...
‚ö†Ô∏è No pending rows found. Exiting loop.
üèÅ Finished DB loop.
[01:29] Execution finished. 
 
[01:34] Starting main.py 
‚úÖ Connected to Remote PostgreSQL
üöÄ Starting DB driven processing loop...
‚ö†Ô∏è No pending rows found. Exiting loop.
üèÅ Finished DB loop.
[01:34] Execution finished. 
 
[01:39] Starting main.py 
‚úÖ Connected to Remote PostgreSQL
üöÄ Starting DB driven processing loop...
‚ö†Ô∏è No pending rows found. Exiting loop.
üèÅ Finished DB loop.
[01:39] Execution finished. 
 
[01:41] Starting main.py 
‚úÖ Connected to Remote PostgreSQL
üöÄ Starting DB driven processing loop...

‚ñ∂Ô∏è Claimed doc_id=71, file=UltraTechCement_Invoice_20251109_200804_283252.pdf
üì∏ C:\KSS_Working\screenshots\00_login_page.png
üì∏ C:\KSS_Working\screenshots\01_credentials_typed.png
‚úÖ Clicked Sign in
üìó Using extracted_json (status NOT STARTED or other).
‚ùå process_row_with_driver exception: Message: Could not locate element with visible text: ARAKONAM; For documentation on this error, please visit: https://www.selenium.dev/documentation/webdriver/troubleshooting/errors#nosuchelementexception

Traceback (most recent call last):
  File "C:\KSS_Working\main.py", line 251, in process_row_with_driver
    select_branch(driver, branch)
    ~~~~~~~~~~~~~^^^^^^^^^^^^^^^^
  File "C:\KSS_Working\branch_page.py", line 86, in select_branch
    Select(branch).select_by_visible_text(branch_name)
    ~~~~~~~~~~~~~~~~~~~~~~~~~~~~~~~~~~~~~^^^^^^^^^^^^^
  File "C:\KSS_Working\venv\Lib\site-packages\selenium\webdriver\support\select.py", line 139, in select_by_visible_text
    raise NoSuchElementException(f"Could not locate element with visible text: {text}")
selenium.common.exceptions.NoSuchElementException: Message: Could not locate element with visible text: ARAKONAM; For documentation on this error, please visit: https://www.selenium.dev/documentation/webdriver/troubleshooting/errors#nosuchelementexception


‚ùå doc_id 71 failed during processing: Message: Could not locate element with visible text: ARAKONAM; For documentation on this error, please visit: https://www.selenium.dev/documentation/webdriver/troubleshooting/errors#nosuchelementexception

Traceback (most recent call last):
  File "C:\KSS_Working\main.py", line 380, in main_db_process
    raise Exception(msg)
Exception: Message: Could not locate element with visible text: ARAKONAM; For documentation on this error, please visit: https://www.selenium.dev/documentation/webdriver/troubleshooting/errors#nosuchelementexception


‚è≥ Waiting 5s before closing browser...

‚ñ∂Ô∏è Claimed doc_id=71, file=UltraTechCement_Invoice_20251109_200804_283252.pdf
üì∏ C:\KSS_Working\screenshots\00_login_page.png
üì∏ C:\KSS_Working\screenshots\01_credentials_typed.png
‚úÖ Clicked Sign in
üìó Using extracted_json (status NOT STARTED or other).
‚ùå process_row_with_driver exception: Message: Could not locate element with visible text: ARAKONAM; For documentation on this error, please visit: https://www.selenium.dev/documentation/webdriver/troubleshooting/errors#nosuchelementexception

Traceback (most recent call last):
  File "C:\KSS_Working\main.py", line 251, in process_row_with_driver
    select_branch(driver, branch)
    ~~~~~~~~~~~~~^^^^^^^^^^^^^^^^
  File "C:\KSS_Working\branch_page.py", line 86, in select_branch
    Select(branch).select_by_visible_text(branch_name)
    ~~~~~~~~~~~~~~~~~~~~~~~~~~~~~~~~~~~~~^^^^^^^^^^^^^
  File "C:\KSS_Working\venv\Lib\site-packages\selenium\webdriver\support\select.py", line 139, in select_by_visible_text
    raise NoSuchElementException(f"Could not locate element with visible text: {text}")
selenium.common.exceptions.NoSuchElementException: Message: Could not locate element with visible text: ARAKONAM; For documentation on this error, please visit: https://www.selenium.dev/documentation/webdriver/troubleshooting/errors#nosuchelementexception


‚ùå doc_id 71 failed during processing: Message: Could not locate element with visible text: ARAKONAM; For documentation on this error, please visit: https://www.selenium.dev/documentation/webdriver/troubleshooting/errors#nosuchelementexception

Traceback (most recent call last):
  File "C:\KSS_Working\main.py", line 380, in main_db_process
    raise Exception(msg)
Exception: Message: Could not locate element with visible text: ARAKONAM; For documentation on this error, please visit: https://www.selenium.dev/documentation/webdriver/troubleshooting/errors#nosuchelementexception


‚è≥ Waiting 5s before closing browser...

‚ñ∂Ô∏è Claimed doc_id=71, file=UltraTechCement_Invoice_20251109_200804_283252.pdf
üì∏ C:\KSS_Working\screenshots\00_login_page.png
üì∏ C:\KSS_Working\screenshots\01_credentials_typed.png
‚úÖ Clicked Sign in
üìó Using extracted_json (status NOT STARTED or other).
‚ùå process_row_with_driver exception: Message: Could not locate element with visible text: ARAKONAM; For documentation on this error, please visit: https://www.selenium.dev/documentation/webdriver/troubleshooting/errors#nosuchelementexception

Traceback (most recent call last):
  File "C:\KSS_Working\main.py", line 251, in process_row_with_driver
    select_branch(driver, branch)
    ~~~~~~~~~~~~~^^^^^^^^^^^^^^^^
  File "C:\KSS_Working\branch_page.py", line 86, in select_branch
    Select(branch).select_by_visible_text(branch_name)
    ~~~~~~~~~~~~~~~~~~~~~~~~~~~~~~~~~~~~~^^^^^^^^^^^^^
  File "C:\KSS_Working\venv\Lib\site-packages\selenium\webdriver\support\select.py", line 139, in select_by_visible_text
    raise NoSuchElementException(f"Could not locate element with visible text: {text}")
selenium.common.exceptions.NoSuchElementException: Message: Could not locate element with visible text: ARAKONAM; For documentation on this error, please visit: https://www.selenium.dev/documentation/webdriver/troubleshooting/errors#nosuchelementexception


‚ùå doc_id 71 failed during processing: Message: Could not locate element with visible text: ARAKONAM; For documentation on this error, please visit: https://www.selenium.dev/documentation/webdriver/troubleshooting/errors#nosuchelementexception

Traceback (most recent call last):
  File "C:\KSS_Working\main.py", line 380, in main_db_process
    raise Exception(msg)
Exception: Message: Could not locate element with visible text: ARAKONAM; For documentation on this error, please visit: https://www.selenium.dev/documentation/webdriver/troubleshooting/errors#nosuchelementexception


‚è≥ Waiting 5s before closing browser...

‚ñ∂Ô∏è Claimed doc_id=71, file=UltraTechCement_Invoice_20251109_200804_283252.pdf
üì∏ C:\KSS_Working\screenshots\00_login_page.png
üì∏ C:\KSS_Working\screenshots\01_credentials_typed.png
‚úÖ Clicked Sign in
üìó Using extracted_json (status NOT STARTED or other).
‚ùå process_row_with_driver exception: Message: Could not locate element with visible text: ARAKONAM; For documentation on this error, please visit: https://www.selenium.dev/documentation/webdriver/troubleshooting/errors#nosuchelementexception

Traceback (most recent call last):
  File "C:\KSS_Working\main.py", line 251, in process_row_with_driver
    select_branch(driver, branch)
    ~~~~~~~~~~~~~^^^^^^^^^^^^^^^^
  File "C:\KSS_Working\branch_page.py", line 86, in select_branch
    Select(branch).select_by_visible_text(branch_name)
    ~~~~~~~~~~~~~~~~~~~~~~~~~~~~~~~~~~~~~^^^^^^^^^^^^^
  File "C:\KSS_Working\venv\Lib\site-packages\selenium\webdriver\support\select.py", line 139, in select_by_visible_text
    raise NoSuchElementException(f"Could not locate element with visible text: {text}")
selenium.common.exceptions.NoSuchElementException: Message: Could not locate element with visible text: ARAKONAM; For documentation on this error, please visit: https://www.selenium.dev/documentation/webdriver/troubleshooting/errors#nosuchelementexception


‚ùå doc_id 71 failed during processing: Message: Could not locate element with visible text: ARAKONAM; For documentation on this error, please visit: https://www.selenium.dev/documentation/webdriver/troubleshooting/errors#nosuchelementexception

Traceback (most recent call last):
  File "C:\KSS_Working\main.py", line 380, in main_db_process
    raise Exception(msg)
Exception: Message: Could not locate element with visible text: ARAKONAM; For documentation on this error, please visit: https://www.selenium.dev/documentation/webdriver/troubleshooting/errors#nosuchelementexception


‚è≥ Waiting 5s before closing browser...

‚ñ∂Ô∏è Claimed doc_id=71, file=UltraTechCement_Invoice_20251109_200804_283252.pdf
üì∏ C:\KSS_Working\screenshots\00_login_page.png
üì∏ C:\KSS_Working\screenshots\01_credentials_typed.png
‚úÖ Clicked Sign in
üìó Using extracted_json (status NOT STARTED or other).
‚ùå process_row_with_driver exception: Message: Could not locate element with visible text: ARAKONAM; For documentation on this error, please visit: https://www.selenium.dev/documentation/webdriver/troubleshooting/errors#nosuchelementexception

Traceback (most recent call last):
  File "C:\KSS_Working\main.py", line 251, in process_row_with_driver
    select_branch(driver, branch)
    ~~~~~~~~~~~~~^^^^^^^^^^^^^^^^
  File "C:\KSS_Working\branch_page.py", line 86, in select_branch
    Select(branch).select_by_visible_text(branch_name)
    ~~~~~~~~~~~~~~~~~~~~~~~~~~~~~~~~~~~~~^^^^^^^^^^^^^
  File "C:\KSS_Working\venv\Lib\site-packages\selenium\webdriver\support\select.py", line 139, in select_by_visible_text
    raise NoSuchElementException(f"Could not locate element with visible text: {text}")
selenium.common.exceptions.NoSuchElementException: Message: Could not locate element with visible text: ARAKONAM; For documentation on this error, please visit: https://www.selenium.dev/documentation/webdriver/troubleshooting/errors#nosuchelementexception


‚ùå doc_id 71 failed during processing: Message: Could not locate element with visible text: ARAKONAM; For documentation on this error, please visit: https://www.selenium.dev/documentation/webdriver/troubleshooting/errors#nosuchelementexception

Traceback (most recent call last):
  File "C:\KSS_Working\main.py", line 380, in main_db_process
    raise Exception(msg)
Exception: Message: Could not locate element with visible text: ARAKONAM; For documentation on this error, please visit: https://www.selenium.dev/documentation/webdriver/troubleshooting/errors#nosuchelementexception


‚è≥ Waiting 5s before closing browser...

‚ñ∂Ô∏è Claimed doc_id=71, file=UltraTechCement_Invoice_20251109_200804_283252.pdf
üì∏ C:\KSS_Working\screenshots\00_login_page.png
üì∏ C:\KSS_Working\screenshots\01_credentials_typed.png
‚úÖ Clicked Sign in
üìó Using extracted_json (status NOT STARTED or other).
‚ùå process_row_with_driver exception: Message: Could not locate element with visible text: ARAKONAM; For documentation on this error, please visit: https://www.selenium.dev/documentation/webdriver/troubleshooting/errors#nosuchelementexception

Traceback (most recent call last):
  File "C:\KSS_Working\main.py", line 251, in process_row_with_driver
    select_branch(driver, branch)
    ~~~~~~~~~~~~~^^^^^^^^^^^^^^^^
  File "C:\KSS_Working\branch_page.py", line 86, in select_branch
    Select(branch).select_by_visible_text(branch_name)
    ~~~~~~~~~~~~~~~~~~~~~~~~~~~~~~~~~~~~~^^^^^^^^^^^^^
  File "C:\KSS_Working\venv\Lib\site-packages\selenium\webdriver\support\select.py", line 139, in select_by_visible_text
    raise NoSuchElementException(f"Could not locate element with visible text: {text}")
selenium.common.exceptions.NoSuchElementException: Message: Could not locate element with visible text: ARAKONAM; For documentation on this error, please visit: https://www.selenium.dev/documentation/webdriver/troubleshooting/errors#nosuchelementexception


‚ùå doc_id 71 failed during processing: Message: Could not locate element with visible text: ARAKONAM; For documentation on this error, please visit: https://www.selenium.dev/documentation/webdriver/troubleshooting/errors#nosuchelementexception

Traceback (most recent call last):
  File "C:\KSS_Working\main.py", line 380, in main_db_process
    raise Exception(msg)
Exception: Message: Could not locate element with visible text: ARAKONAM; For documentation on this error, please visit: https://www.selenium.dev/documentation/webdriver/troubleshooting/errors#nosuchelementexception


‚è≥ Waiting 5s before closing browser...

‚ñ∂Ô∏è Claimed doc_id=71, file=UltraTechCement_Invoice_20251109_200804_283252.pdf
üì∏ C:\KSS_Working\screenshots\00_login_page.png
üì∏ C:\KSS_Working\screenshots\01_credentials_typed.png
‚úÖ Clicked Sign in
üìó Using extracted_json (status NOT STARTED or other).
‚ùå process_row_with_driver exception: Message: Could not locate element with visible text: ARAKONAM; For documentation on this error, please visit: https://www.selenium.dev/documentation/webdriver/troubleshooting/errors#nosuchelementexception

Traceback (most recent call last):
  File "C:\KSS_Working\main.py", line 251, in process_row_with_driver
    select_branch(driver, branch)
    ~~~~~~~~~~~~~^^^^^^^^^^^^^^^^
  File "C:\KSS_Working\branch_page.py", line 86, in select_branch
    Select(branch).select_by_visible_text(branch_name)
    ~~~~~~~~~~~~~~~~~~~~~~~~~~~~~~~~~~~~~^^^^^^^^^^^^^
  File "C:\KSS_Working\venv\Lib\site-packages\selenium\webdriver\support\select.py", line 139, in select_by_visible_text
    raise NoSuchElementException(f"Could not locate element with visible text: {text}")
selenium.common.exceptions.NoSuchElementException: Message: Could not locate element with visible text: ARAKONAM; For documentation on this error, please visit: https://www.selenium.dev/documentation/webdriver/troubleshooting/errors#nosuchelementexception


‚ùå doc_id 71 failed during processing: Message: Could not locate element with visible text: ARAKONAM; For documentation on this error, please visit: https://www.selenium.dev/documentation/webdriver/troubleshooting/errors#nosuchelementexception

Traceback (most recent call last):
  File "C:\KSS_Working\main.py", line 380, in main_db_process
    raise Exception(msg)
Exception: Message: Could not locate element with visible text: ARAKONAM; For documentation on this error, please visit: https://www.selenium.dev/documentation/webdriver/troubleshooting/errors#nosuchelementexception


‚è≥ Waiting 5s before closing browser...

‚ñ∂Ô∏è Claimed doc_id=71, file=UltraTechCement_Invoice_20251109_200804_283252.pdf
üì∏ C:\KSS_Working\screenshots\00_login_page.png
üì∏ C:\KSS_Working\screenshots\01_credentials_typed.png
‚úÖ Clicked Sign in
üìó Using extracted_json (status NOT STARTED or other).
‚ùå process_row_with_driver exception: Message: Could not locate element with visible text: ARAKONAM; For documentation on this error, please visit: https://www.selenium.dev/documentation/webdriver/troubleshooting/errors#nosuchelementexception

Traceback (most recent call last):
  File "C:\KSS_Working\main.py", line 251, in process_row_with_driver
    select_branch(driver, branch)
    ~~~~~~~~~~~~~^^^^^^^^^^^^^^^^
  File "C:\KSS_Working\branch_page.py", line 86, in select_branch
    Select(branch).select_by_visible_text(branch_name)
    ~~~~~~~~~~~~~~~~~~~~~~~~~~~~~~~~~~~~~^^^^^^^^^^^^^
  File "C:\KSS_Working\venv\Lib\site-packages\selenium\webdriver\support\select.py", line 139, in select_by_visible_text
    raise NoSuchElementException(f"Could not locate element with visible text: {text}")
selenium.common.exceptions.NoSuchElementException: Message: Could not locate element with visible text: ARAKONAM; For documentation on this error, please visit: https://www.selenium.dev/documentation/webdriver/troubleshooting/errors#nosuchelementexception


‚ùå doc_id 71 failed during processing: Message: Could not locate element with visible text: ARAKONAM; For documentation on this error, please visit: https://www.selenium.dev/documentation/webdriver/troubleshooting/errors#nosuchelementexception

Traceback (most recent call last):
  File "C:\KSS_Working\main.py", line 380, in main_db_process
    raise Exception(msg)
Exception: Message: Could not locate element with visible text: ARAKONAM; For documentation on this error, please visit: https://www.selenium.dev/documentation/webdriver/troubleshooting/errors#nosuchelementexception


‚è≥ Waiting 5s before closing browser...

‚ñ∂Ô∏è Claimed doc_id=71, file=UltraTechCement_Invoice_20251109_200804_283252.pdf
üì∏ C:\KSS_Working\screenshots\00_login_page.png
üì∏ C:\KSS_Working\screenshots\01_credentials_typed.png
‚úÖ Clicked Sign in
üìó Using extracted_json (status NOT STARTED or other).
‚ùå process_row_with_driver exception: Message: Could not locate element with visible text: ARAKONAM; For documentation on this error, please visit: https://www.selenium.dev/documentation/webdriver/troubleshooting/errors#nosuchelementexception

Traceback (most recent call last):
  File "C:\KSS_Working\main.py", line 251, in process_row_with_driver
    select_branch(driver, branch)
    ~~~~~~~~~~~~~^^^^^^^^^^^^^^^^
  File "C:\KSS_Working\branch_page.py", line 86, in select_branch
    Select(branch).select_by_visible_text(branch_name)
    ~~~~~~~~~~~~~~~~~~~~~~~~~~~~~~~~~~~~~^^^^^^^^^^^^^
  File "C:\KSS_Working\venv\Lib\site-packages\selenium\webdriver\support\select.py", line 139, in select_by_visible_text
    raise NoSuchElementException(f"Could not locate element with visible text: {text}")
selenium.common.exceptions.NoSuchElementException: Message: Could not locate element with visible text: ARAKONAM; For documentation on this error, please visit: https://www.selenium.dev/documentation/webdriver/troubleshooting/errors#nosuchelementexception


‚ùå doc_id 71 failed during processing: Message: Could not locate element with visible text: ARAKONAM; For documentation on this error, please visit: https://www.selenium.dev/documentation/webdriver/troubleshooting/errors#nosuchelementexception

Traceback (most recent call last):
  File "C:\KSS_Working\main.py", line 380, in main_db_process
    raise Exception(msg)
Exception: Message: Could not locate element with visible text: ARAKONAM; For documentation on this error, please visit: https://www.selenium.dev/documentation/webdriver/troubleshooting/errors#nosuchelementexception


‚è≥ Waiting 5s before closing browser...

‚ñ∂Ô∏è Claimed doc_id=71, file=UltraTechCement_Invoice_20251109_200804_283252.pdf
üì∏ C:\KSS_Working\screenshots\00_login_page.png
üì∏ C:\KSS_Working\screenshots\01_credentials_typed.png
‚úÖ Clicked Sign in
üìó Using extracted_json (status NOT STARTED or other).
‚ùå process_row_with_driver exception: Message: Could not locate element with visible text: ARAKONAM; For documentation on this error, please visit: https://www.selenium.dev/documentation/webdriver/troubleshooting/errors#nosuchelementexception

Traceback (most recent call last):
  File "C:\KSS_Working\main.py", line 251, in process_row_with_driver
    select_branch(driver, branch)
    ~~~~~~~~~~~~~^^^^^^^^^^^^^^^^
  File "C:\KSS_Working\branch_page.py", line 86, in select_branch
    Select(branch).select_by_visible_text(branch_name)
    ~~~~~~~~~~~~~~~~~~~~~~~~~~~~~~~~~~~~~^^^^^^^^^^^^^
  File "C:\KSS_Working\venv\Lib\site-packages\selenium\webdriver\support\select.py", line 139, in select_by_visible_text
    raise NoSuchElementException(f"Could not locate element with visible text: {text}")
selenium.common.exceptions.NoSuchElementException: Message: Could not locate element with visible text: ARAKONAM; For documentation on this error, please visit: https://www.selenium.dev/documentation/webdriver/troubleshooting/errors#nosuchelementexception


‚ùå doc_id 71 failed during processing: Message: Could not locate element with visible text: ARAKONAM; For documentation on this error, please visit: https://www.selenium.dev/documentation/webdriver/troubleshooting/errors#nosuchelementexception

Traceback (most recent call last):
  File "C:\KSS_Working\main.py", line 380, in main_db_process
    raise Exception(msg)
Exception: Message: Could not locate element with visible text: ARAKONAM; For documentation on this error, please visit: https://www.selenium.dev/documentation/webdriver/troubleshooting/errors#nosuchelementexception


‚è≥ Waiting 5s before closing browser...

‚ñ∂Ô∏è Claimed doc_id=71, file=UltraTechCement_Invoice_20251109_200804_283252.pdf
üì∏ C:\KSS_Working\screenshots\00_login_page.png
üì∏ C:\KSS_Working\screenshots\01_credentials_typed.png
‚úÖ Clicked Sign in
üìó Using extracted_json (status NOT STARTED or other).
‚ùå process_row_with_driver exception: Message: Could not locate element with visible text: ARAKONAM; For documentation on this error, please visit: https://www.selenium.dev/documentation/webdriver/troubleshooting/errors#nosuchelementexception

Traceback (most recent call last):
  File "C:\KSS_Working\main.py", line 251, in process_row_with_driver
    select_branch(driver, branch)
    ~~~~~~~~~~~~~^^^^^^^^^^^^^^^^
  File "C:\KSS_Working\branch_page.py", line 86, in select_branch
    Select(branch).select_by_visible_text(branch_name)
    ~~~~~~~~~~~~~~~~~~~~~~~~~~~~~~~~~~~~~^^^^^^^^^^^^^
  File "C:\KSS_Working\venv\Lib\site-packages\selenium\webdriver\support\select.py", line 139, in select_by_visible_text
    raise NoSuchElementException(f"Could not locate element with visible text: {text}")
selenium.common.exceptions.NoSuchElementException: Message: Could not locate element with visible text: ARAKONAM; For documentation on this error, please visit: https://www.selenium.dev/documentation/webdriver/troubleshooting/errors#nosuchelementexception


‚ùå doc_id 71 failed during processing: Message: Could not locate element with visible text: ARAKONAM; For documentation on this error, please visit: https://www.selenium.dev/documentation/webdriver/troubleshooting/errors#nosuchelementexception

Traceback (most recent call last):
  File "C:\KSS_Working\main.py", line 380, in main_db_process
    raise Exception(msg)
Exception: Message: Could not locate element with visible text: ARAKONAM; For documentation on this error, please visit: https://www.selenium.dev/documentation/webdriver/troubleshooting/errors#nosuchelementexception


‚è≥ Waiting 5s before closing browser...

‚ñ∂Ô∏è Claimed doc_id=71, file=UltraTechCement_Invoice_20251109_200804_283252.pdf
üì∏ C:\KSS_Working\screenshots\00_login_page.png
üì∏ C:\KSS_Working\screenshots\01_credentials_typed.png
‚úÖ Clicked Sign in
üìó Using extracted_json (status NOT STARTED or other).
‚ùå process_row_with_driver exception: Message: Could not locate element with visible text: ARAKONAM; For documentation on this error, please visit: https://www.selenium.dev/documentation/webdriver/troubleshooting/errors#nosuchelementexception

Traceback (most recent call last):
  File "C:\KSS_Working\main.py", line 251, in process_row_with_driver
    select_branch(driver, branch)
    ~~~~~~~~~~~~~^^^^^^^^^^^^^^^^
  File "C:\KSS_Working\branch_page.py", line 86, in select_branch
    Select(branch).select_by_visible_text(branch_name)
    ~~~~~~~~~~~~~~~~~~~~~~~~~~~~~~~~~~~~~^^^^^^^^^^^^^
  File "C:\KSS_Working\venv\Lib\site-packages\selenium\webdriver\support\select.py", line 139, in select_by_visible_text
    raise NoSuchElementException(f"Could not locate element with visible text: {text}")
selenium.common.exceptions.NoSuchElementException: Message: Could not locate element with visible text: ARAKONAM; For documentation on this error, please visit: https://www.selenium.dev/documentation/webdriver/troubleshooting/errors#nosuchelementexception


‚ùå doc_id 71 failed during processing: Message: Could not locate element with visible text: ARAKONAM; For documentation on this error, please visit: https://www.selenium.dev/documentation/webdriver/troubleshooting/errors#nosuchelementexception

Traceback (most recent call last):
  File "C:\KSS_Working\main.py", line 380, in main_db_process
    raise Exception(msg)
Exception: Message: Could not locate element with visible text: ARAKONAM; For documentation on this error, please visit: https://www.selenium.dev/documentation/webdriver/troubleshooting/errors#nosuchelementexception


‚è≥ Waiting 5s before closing browser...

‚ñ∂Ô∏è Claimed doc_id=73, file=UltraTechCement_Invoice_20251109_200804_407103.pdf
üì∏ C:\KSS_Working\screenshots\00_login_page.png
üì∏ C:\KSS_Working\screenshots\01_credentials_typed.png
‚úÖ Clicked Sign in
üìó Using extracted_json (status NOT STARTED or other).
‚ùå process_row_with_driver exception: Message: Could not locate element with visible text: ARAKONAM; For documentation on this error, please visit: https://www.selenium.dev/documentation/webdriver/troubleshooting/errors#nosuchelementexception

Traceback (most recent call last):
  File "C:\KSS_Working\main.py", line 251, in process_row_with_driver
    select_branch(driver, branch)
    ~~~~~~~~~~~~~^^^^^^^^^^^^^^^^
  File "C:\KSS_Working\branch_page.py", line 86, in select_branch
    Select(branch).select_by_visible_text(branch_name)
    ~~~~~~~~~~~~~~~~~~~~~~~~~~~~~~~~~~~~~^^^^^^^^^^^^^
  File "C:\KSS_Working\venv\Lib\site-packages\selenium\webdriver\support\select.py", line 139, in select_by_visible_text
    raise NoSuchElementException(f"Could not locate element with visible text: {text}")
selenium.common.exceptions.NoSuchElementException: Message: Could not locate element with visible text: ARAKONAM; For documentation on this error, please visit: https://www.selenium.dev/documentation/webdriver/troubleshooting/errors#nosuchelementexception


‚ùå doc_id 73 failed during processing: Message: Could not locate element with visible text: ARAKONAM; For documentation on this error, please visit: https://www.selenium.dev/documentation/webdriver/troubleshooting/errors#nosuchelementexception

Traceback (most recent call last):
  File "C:\KSS_Working\main.py", line 380, in main_db_process
    raise Exception(msg)
Exception: Message: Could not locate element with visible text: ARAKONAM; For documentation on this error, please visit: https://www.selenium.dev/documentation/webdriver/troubleshooting/errors#nosuchelementexception

[01:49] Starting main.py 
‚úÖ Connected to Remote PostgreSQL
üöÄ Starting DB driven processing loop...

‚ñ∂Ô∏è Claimed doc_id=74, file=UltraTechCement_Invoice_20251109_200804_461536.pdf
üì∏ C:\KSS_Working\screenshots\00_login_page.png
üì∏ C:\KSS_Working\screenshots\01_credentials_typed.png
‚úÖ Clicked Sign in
üìó Using extracted_json (status NOT STARTED or other).
‚ö†Ô∏è select_branch attempt failed for 'ARAKONAM': Message: Could not locate element with visible text: ARAKONAM; For documentation on this error, please visit: https://www.selenium.dev/documentation/webdriver/troubleshooting/errors#nosuchelementexception

‚úÖ Branch selected: ARAKKONAM
üì∏ C:\KSS_Working\screenshots\02_branch_selected.png
üì∏ C:\KSS_Working\screenshots\popup_handled_after_submit_attempt_1.png
‚úÖ Branch Submit clicked (handled popups if any)
üì∏ C:\KSS_Working\screenshots\03_after_branch_submit.png
‚úÖ select_branch succeeded for fallback 'ARAKKONAM'
‚è≥ Waiting for Operations tile...
‚ö†Ô∏è Operations tile not found in time (Message: 
), navigating directly to MENU_URL
üì∏ C:\KSS_Working\screenshots\04_on_menu_page_attempt_1.png
‚úÖ On Menu page
üì∏ C:\KSS_Working\screenshots\05_booking_operation_expanded.png
‚úÖ Booking Operation expanded
üì∏ C:\KSS_Working\screenshots\06_consignment_clicked.png
‚úÖ Consignment clicked
‚úÖ API clicked; checking for iframe...
üîç Found iframes: 1
üîÑ Switched into iframe
üì∏ C:\KSS_Working\screenshots\07_consignment_form_ready.png
üéØ Consignment form is open and ready inside iframe
üì∏ C:\KSS_Working\screenshots\08_date_field_ready.png
üìÖ Date field is also ready
üì∏ C:\KSS_Working\screenshots\UltraTechCement_Invoice_20251109_200804_461536_08_consignment_no_typed.png
‚è± Immediate check for Consignment No: expected='6661', ui_val='6661'
üì∏ C:\KSS_Working\screenshots\UltraTechCement_Invoice_20251109_200804_461536_08_consignment_no.png
‚è± Immediate check for Date: expected='04.10.2025', ui_val='04/10/2025'
üì∏ C:\KSS_Working\screenshots\UltraTechCement_Invoice_20251109_200804_461536_09_date_filled.png
‚è± Immediate check for Source: expected='ARAKONAM', ui_val=''
‚Üª Source: first immediate check failed ‚Äî retrying once.
‚è± Immediate check for Source: expected='ARAKONAM', ui_val=''
‚ùå Source failed after retry.
üì∏ C:\KSS_Working\screenshots\UltraTechCement_Invoice_20251109_200804_461536_UltraTechCement_Invoice_20251109_200804_461536_Source_failed_after_retry.png
üì∏ C:\KSS_Working\screenshots\UltraTechCement_Invoice_20251109_200804_461536_10_source_filled.png
‚ùå Persist check failed for Source: cleared after blur.
‚è± Immediate check for Destination: expected='VILLUPURAM', ui_val=''
‚Üª Destination: first immediate check failed ‚Äî retrying once.
‚è± Immediate check for Destination: expected='VILLUPURAM', ui_val=''
‚ùå Destination failed after retry.
üì∏ C:\KSS_Working\screenshots\UltraTechCement_Invoice_20251109_200804_461536_UltraTechCement_Invoice_20251109_200804_461536_Destination_failed_after_retry.png
üì∏ C:\KSS_Working\screenshots\UltraTechCement_Invoice_20251109_200804_461536_11_destination_filled.png
‚ùå Persist check failed for Destination: cleared after blur.
‚è± Immediate check for Vehicle: expected='TN88L6496', ui_val='TN88L6496'
üì∏ C:\KSS_Working\screenshots\UltraTechCement_Invoice_20251109_200804_461536_12_vehicle_filled.png
‚è± Immediate check for E-Way Bill No: expected='None', ui_val='None'
üì∏ C:\KSS_Working\screenshots\UltraTechCement_Invoice_20251109_200804_461536_13_ewaybill_filled.png
‚è± Immediate check for Consignor: expected='UltraTech Cement Limited', ui_val='ULTRATECH CEMENT LIMITED-AKM'
üì∏ C:\KSS_Working\screenshots\UltraTechCement_Invoice_20251109_200804_461536_15_consignor_filled.png
‚è± Immediate check for GST Type: expected='Unregistered', ui_val='Unregistered'
üì∏ C:\KSS_Working\screenshots\UltraTechCement_Invoice_20251109_200804_461536_17_gsttype_filled.png
‚è± Immediate check for Consignee: expected='SPYN ASSOCIATES LLP', ui_val='SPYN ASSOCIATES LLP'
üì∏ C:\KSS_Working\screenshots\UltraTechCement_Invoice_20251109_200804_461536_18_consignee_filled.png
‚è± Immediate check for Delivery Address: expected='CHITTERI POST, 631003', ui_val='CHITTERI POST, 631003'
‚Üª Delivery Address: first immediate check failed ‚Äî retrying once.
‚è± Immediate check for Delivery Address: expected='CHITTERI POST, 631003', ui_val='CHITTERI POST, 631003'
‚úÖ Delivery Address passed on retry.
üì∏ C:\KSS_Working\screenshots\UltraTechCement_Invoice_20251109_200804_461536_19_deliveryaddress_filled.png
üì∏ C:\KSS_Working\screenshots\UltraTechCement_Invoice_20251109_200804_461536_21_additem_clicked.png
‚è± Immediate check for Invoice No: expected='6978029002', ui_val='6978029002'
‚è± Immediate check for Content Name (Goods Name): expected='PPC BAG', ui_val='PPC BAG'
üì∏ C:\KSS_Working\screenshots\UltraTechCement_Invoice_20251109_200804_461536_22_insertitem_contentname.png
‚è± Immediate check for Actual Weight: expected='13.000', ui_val='13.000'
‚è± Immediate check for E-WayBill ValidUpto: expected='05-10-2025 23:59:00', ui_val='05/10/2025'
‚è± Immediate check for Invoice Date: expected='04.10.2025', ui_val='04/10/2025'
‚è± Immediate check for E-Way Bill Date: expected='04.10.2025', ui_val='04/10/2025'
‚è± Immediate check for E-Way Bill No: expected='None', ui_val=''
‚Üª E-Way Bill No: first immediate check failed ‚Äî retrying once.
‚è± Immediate check for E-Way Bill No: expected='None', ui_val=''
‚ùå E-Way Bill No failed after retry.
üì∏ C:\KSS_Working\screenshots\UltraTechCement_Invoice_20251109_200804_461536_UltraTechCement_Invoice_20251109_200804_461536_E-Way Bill No_failed_after_retry.png
üì∏ C:\KSS_Working\screenshots\UltraTechCement_Invoice_20251109_200804_461536_22_insertitem_filled.png
üì∏ C:\KSS_Working\screenshots\UltraTechCement_Invoice_20251109_200804_461536_24_addinvoice_clicked.png
üì∏ C:\KSS_Working\screenshots\UltraTechCement_Invoice_20251109_200804_461536_25_insertitem_closed.png
‚è± Immediate check for Rate: expected='822.00', ui_val='822'
üì∏ C:\KSS_Working\screenshots\UltraTechCement_Invoice_20251109_200804_461536_27_rate_filled.png
‚úÖ Popup closed with selector: id=btn-ok
‚ÑπÔ∏è Post-rate generic popup closed.

================= FIELD ENTRY AUDIT (DB vs ERP UI) =================
Field                    OK  Score  Mode      Expected  |  UI
-------------------------------------------------------------
Consignment No           ‚úî   1.0    equals    6661  |  6661
                             note: numeric~= OK
Date                     ‚úî   1.0    date      04.10.2025  |  04/10/2025
                             note: date normalized OK
Source                   ‚úñ   0.0    equals    ARAKONAM  |  
                             note: UI empty
Source                   ‚úñ   0.0    equals    ARAKONAM  |  
                             note: UI empty
Source                   ‚úñ   0.0    equals    ARAKONAM  |  
                             note: not persisted (ERP doesn't have this value)
Destination              ‚úñ   0.0    equals    VILLUPURAM  |  
                             note: UI empty
Destination              ‚úñ   0.0    equals    VILLUPURAM  |  
                             note: UI empty
Destination              ‚úñ   0.0    equals    VILLUPURAM  |  
                             note: not persisted (ERP doesn't have this value)
Vehicle                  ‚úî   1.0    equals    TN88L6496  |  TN88L6496
                             note: numeric~= OK
E-Way Bill No            ‚úî   1.0    contains  None  |  None
                             note: substring OK
Consignor                ‚úî   1.0    contains  UltraTech Cement Limited  |  ULTRATECH CEMENT LIMITED-AKM
                             note: substring OK
GST Type                 ‚úî   1.0    equals    Unregistered  |  Unregistered
                             note: fuzzy OK
Consignee                ‚úî   1.0    equals    SPYN ASSOCIATES LLP  |  SPYN ASSOCIATES LLP
                             note: fuzzy OK
Delivery Address         ‚úî   1.0    equals    CHITTERI POST, 631003  |  CHITTERI POST, 631003
                             note: numeric~= OK
Delivery Address         ‚úî   1.0    equals    CHITTERI POST, 631003  |  CHITTERI POST, 631003
                             note: numeric~= OK
Invoice No               ‚úî   1.0    equals    6978029002  |  6978029002
                             note: numeric~= OK
Content Name (Goods Name) ‚úî   1.0    equals    PPC BAG  |  PPC BAG
                             note: fuzzy OK
Actual Weight            ‚úî   1.0    equals    13.000  |  13.000
                             note: numeric~= OK
E-WayBill ValidUpto      ‚úî   1.0    date      05-10-2025 23:59:00  |  05/10/2025
                             note: date normalized OK
Invoice Date             ‚úî   1.0    date      04.10.2025  |  04/10/2025
                             note: date normalized OK
E-Way Bill Date          ‚úî   1.0    date      04.10.2025  |  04/10/2025
                             note: date normalized OK
E-Way Bill No            ‚úñ   0.0    contains  None  |  
                             note: UI empty
E-Way Bill No            ‚úñ   0.0    contains  None  |  
                             note: UI empty
Rate                     ‚úî   1.0    equals    822.00  |  822
                             note: numeric~= OK
-------------------------------------------------------------
‚ùå Result: 8 field(s) failed 70% rule / empty mismatch.
====================================================================

üóÉÔ∏è ValidationStatus saved into extracted_json for doc_id=74
‚ùå doc_id 74 marked Failed due to validation errors.
‚è≥ Waiting 5s before closing browser...

‚ñ∂Ô∏è Claimed doc_id=75, file=UltraTechCement_Invoice_20251109_200804_504323.pdf
üì∏ C:\KSS_Working\screenshots\00_login_page.png
üì∏ C:\KSS_Working\screenshots\01_credentials_typed.png
‚úÖ Clicked Sign in
üìó Using extracted_json (status NOT STARTED or other).
‚ö†Ô∏è select_branch attempt failed for 'ARAKONAM': Message: Could not locate element with visible text: ARAKONAM; For documentation on this error, please visit: https://www.selenium.dev/documentation/webdriver/troubleshooting/errors#nosuchelementexception

‚úÖ Branch selected: ARAKKONAM
üì∏ C:\KSS_Working\screenshots\02_branch_selected.png
üì∏ C:\KSS_Working\screenshots\popup_handled_after_submit_attempt_1.png
‚úÖ Branch Submit clicked (handled popups if any)
üì∏ C:\KSS_Working\screenshots\03_after_branch_submit.png
‚úÖ select_branch succeeded for fallback 'ARAKKONAM'
‚è≥ Waiting for Operations tile...
‚ö†Ô∏è Operations tile not found in time (Message: 
), navigating directly to MENU_URL
üì∏ C:\KSS_Working\screenshots\04_on_menu_page_attempt_1.png
‚úÖ On Menu page
üì∏ C:\KSS_Working\screenshots\05_booking_operation_expanded.png
‚úÖ Booking Operation expanded
üì∏ C:\KSS_Working\screenshots\06_consignment_clicked.png
‚úÖ Consignment clicked
‚úÖ API clicked; checking for iframe...
üîç Found iframes: 1
üîÑ Switched into iframe
üì∏ C:\KSS_Working\screenshots\07_consignment_form_ready.png
üéØ Consignment form is open and ready inside iframe
üì∏ C:\KSS_Working\screenshots\08_date_field_ready.png
üìÖ Date field is also ready
üì∏ C:\KSS_Working\screenshots\UltraTechCement_Invoice_20251109_200804_504323_08_consignment_no_typed.png
‚è± Immediate check for Consignment No: expected='6447', ui_val='6447'
üì∏ C:\KSS_Working\screenshots\UltraTechCement_Invoice_20251109_200804_504323_08_consignment_no.png
‚è± Immediate check for Date: expected='29.09.2025', ui_val='29/09/2025'
üì∏ C:\KSS_Working\screenshots\UltraTechCement_Invoice_20251109_200804_504323_09_date_filled.png
‚è± Immediate check for Source: expected='ARAKONAM', ui_val=''
‚Üª Source: first immediate check failed ‚Äî retrying once.
‚è± Immediate check for Source: expected='ARAKONAM', ui_val=''
‚ùå Source failed after retry.
üì∏ C:\KSS_Working\screenshots\UltraTechCement_Invoice_20251109_200804_504323_UltraTechCement_Invoice_20251109_200804_504323_Source_failed_after_retry.png
üì∏ C:\KSS_Working\screenshots\UltraTechCement_Invoice_20251109_200804_504323_10_source_filled.png
‚ùå Persist check failed for Source: cleared after blur.
‚è± Immediate check for Destination: expected='PERUNDURAI', ui_val='PERUNDURAI'
üì∏ C:\KSS_Working\screenshots\UltraTechCement_Invoice_20251109_200804_504323_11_destination_filled.png
‚è± Immediate check for Vehicle: expected='TN45BQ0372', ui_val='TN45BQ0372'
üì∏ C:\KSS_Working\screenshots\UltraTechCement_Invoice_20251109_200804_504323_12_vehicle_filled.png
‚è± Immediate check for E-Way Bill No: expected='581885062793', ui_val='581885062793'
üì∏ C:\KSS_Working\screenshots\UltraTechCement_Invoice_20251109_200804_504323_13_ewaybill_filled.png
‚è± Immediate check for Consignor: expected='UltraTech Cement Limited', ui_val='ULTRATECH CEMENT LIMITED-AKM'
üì∏ C:\KSS_Working\screenshots\UltraTechCement_Invoice_20251109_200804_504323_15_consignor_filled.png
‚è± Immediate check for GST Type: expected='Unregistered', ui_val='Unregistered'
üì∏ C:\KSS_Working\screenshots\UltraTechCement_Invoice_20251109_200804_504323_17_gsttype_filled.png
‚è± Immediate check for Consignee: expected='DRYCHEM INDIA PRIVATE LIMITED', ui_val='DRYCHEM INDIA PRIVATE LIMITED'
üì∏ C:\KSS_Working\screenshots\UltraTechCement_Invoice_20251109_200804_504323_18_consignee_filled.png
‚è± Immediate check for Delivery Address: expected='DRYCHEM INDIA PRIVATE LIMITED, SIPCOT INDUSTRIAL AREA, Perundurai, Erode 638052', ui_val='DRYCHEM INDIA PRIVATE LIMITED, SIPCOT INDUSTRIAL AREA, Perundurai, Erode 638052'
‚Üª Delivery Address: first immediate check failed ‚Äî retrying once.
‚è± Immediate check for Delivery Address: expected='DRYCHEM INDIA PRIVATE LIMITED, SIPCOT INDUSTRIAL AREA, Perundurai, Erode 638052', ui_val='DRYCHEM INDIA PRIVATE LIMITED, SIPCOT INDUSTRIAL AREA, Perundurai, Erode 638052'
‚úÖ Delivery Address passed on retry.
üì∏ C:\KSS_Working\screenshots\UltraTechCement_Invoice_20251109_200804_504323_19_deliveryaddress_filled.png
üì∏ C:\KSS_Working\screenshots\UltraTechCement_Invoice_20251109_200804_504323_21_additem_clicked.png
‚è± Immediate check for Invoice No: expected='6978027607', ui_val='6978027607'
‚è± Immediate check for Content Name (Goods Name): expected='OPC BAG', ui_val='OPC BAG'
üì∏ C:\KSS_Working\screenshots\UltraTechCement_Invoice_20251109_200804_504323_22_insertitem_contentname.png
‚è± Immediate check for Actual Weight: expected='39.700', ui_val='39.700'
‚è± Immediate check for E-WayBill ValidUpto: expected='02-10-2025 23:59:00', ui_val='02/10/2025'
‚è± Immediate check for Invoice Date: expected='29.09.2025', ui_val='29/09/2025'
‚è± Immediate check for E-Way Bill Date: expected='29.09.2025', ui_val='29/09/2025'
‚è± Immediate check for E-Way Bill No: expected='581885062793', ui_val='581885062793'
üì∏ C:\KSS_Working\screenshots\UltraTechCement_Invoice_20251109_200804_504323_22_insertitem_filled.png
üì∏ C:\KSS_Working\screenshots\UltraTechCement_Invoice_20251109_200804_504323_24_addinvoice_clicked.png
üì∏ C:\KSS_Working\screenshots\UltraTechCement_Invoice_20251109_200804_504323_25_insertitem_closed.png
‚è± Immediate check for Rate: expected='1081.00', ui_val='1081'
üì∏ C:\KSS_Working\screenshots\UltraTechCement_Invoice_20251109_200804_504323_27_rate_filled.png
‚úÖ Popup closed with selector: id=btn-ok
‚ÑπÔ∏è Post-rate generic popup closed.

================= FIELD ENTRY AUDIT (DB vs ERP UI) =================
Field                    OK  Score  Mode      Expected  |  UI
-------------------------------------------------------------
Consignment No           ‚úî   1.0    equals    6447  |  6447
                             note: numeric~= OK
Date                     ‚úî   1.0    date      29.09.2025  |  29/09/2025
                             note: date normalized OK
Source                   ‚úñ   0.0    equals    ARAKONAM  |  
                             note: UI empty
Source                   ‚úñ   0.0    equals    ARAKONAM  |  
                             note: UI empty
Source                   ‚úñ   0.0    equals    ARAKONAM  |  
                             note: not persisted (ERP doesn't have this value)
Destination              ‚úî   1.0    equals    PERUNDURAI  |  PERUNDURAI
                             note: fuzzy OK
Vehicle                  ‚úî   1.0    equals    TN45BQ0372  |  TN45BQ0372
                             note: numeric~= OK
E-Way Bill No            ‚úî   1.0    contains  581885062793  |  581885062793
                             note: substring OK
Consignor                ‚úî   1.0    contains  UltraTech Cement Limited  |  ULTRATECH CEMENT LIMITED-AKM
                             note: substring OK
GST Type                 ‚úî   1.0    equals    Unregistered  |  Unregistered
                             note: fuzzy OK
Consignee                ‚úî   1.0    equals    DRYCHEM INDIA PRIVATE LIMITED  |  DRYCHEM INDIA PRIVATE LIMITED
                             note: fuzzy OK
Delivery Address         ‚úî   1.0    equals    DRYCHEM INDIA PRIVATE LIMITED, SIPCOT INDUSTRIAL AREA, Perundurai, Erode 638052  |  DRYCHEM INDIA PRIVATE LIMITED, SIPCOT INDUSTRIAL AREA, Perundurai, Erode 638052
                             note: numeric~= OK
Delivery Address         ‚úî   1.0    equals    DRYCHEM INDIA PRIVATE LIMITED, SIPCOT INDUSTRIAL AREA, Perundurai, Erode 638052  |  DRYCHEM INDIA PRIVATE LIMITED, SIPCOT INDUSTRIAL AREA, Perundurai, Erode 638052
                             note: numeric~= OK
Invoice No               ‚úî   1.0    equals    6978027607  |  6978027607
                             note: numeric~= OK
Content Name (Goods Name) ‚úî   1.0    equals    OPC BAG  |  OPC BAG
                             note: fuzzy OK
Actual Weight            ‚úî   1.0    equals    39.700  |  39.700
                             note: numeric~= OK
E-WayBill ValidUpto      ‚úî   1.0    date      02-10-2025 23:59:00  |  02/10/2025
                             note: date normalized OK
Invoice Date             ‚úî   1.0    date      29.09.2025  |  29/09/2025
                             note: date normalized OK
E-Way Bill Date          ‚úî   1.0    date      29.09.2025  |  29/09/2025
                             note: date normalized OK
E-Way Bill No            ‚úî   1.0    contains  581885062793  |  581885062793
                             note: substring OK
Rate                     ‚úî   1.0    equals    1081.00  |  1081
                             note: numeric~= OK
-------------------------------------------------------------
‚ùå Result: 3 field(s) failed 70% rule / empty mismatch.
====================================================================

üóÉÔ∏è ValidationStatus saved into extracted_json for doc_id=75
‚ùå doc_id 75 marked Failed due to validation errors.
‚è≥ Waiting 5s before closing browser...

‚ñ∂Ô∏è Claimed doc_id=76, file=UltraTechCement_Invoice_20251109_200804_565940.pdf
üì∏ C:\KSS_Working\screenshots\00_login_page.png
üì∏ C:\KSS_Working\screenshots\01_credentials_typed.png
‚úÖ Clicked Sign in
üìó Using extracted_json (status NOT STARTED or other).
‚ö†Ô∏è select_branch attempt failed for 'ARAKONAM': Message: Could not locate element with visible text: ARAKONAM; For documentation on this error, please visit: https://www.selenium.dev/documentation/webdriver/troubleshooting/errors#nosuchelementexception

‚úÖ Branch selected: ARAKKONAM
üì∏ C:\KSS_Working\screenshots\02_branch_selected.png
üì∏ C:\KSS_Working\screenshots\popup_handled_after_submit_attempt_1.png
‚úÖ Branch Submit clicked (handled popups if any)
üì∏ C:\KSS_Working\screenshots\03_after_branch_submit.png
‚úÖ select_branch succeeded for fallback 'ARAKKONAM'
‚è≥ Waiting for Operations tile...
‚ö†Ô∏è Operations tile not found in time (Message: 
), navigating directly to MENU_URL
üì∏ C:\KSS_Working\screenshots\04_on_menu_page_attempt_1.png
‚úÖ On Menu page
üì∏ C:\KSS_Working\screenshots\05_booking_operation_expanded.png
‚úÖ Booking Operation expanded
üì∏ C:\KSS_Working\screenshots\06_consignment_clicked.png
‚úÖ Consignment clicked
‚úÖ API clicked; checking for iframe...
üîç Found iframes: 1
üîÑ Switched into iframe
üì∏ C:\KSS_Working\screenshots\07_consignment_form_ready.png
üéØ Consignment form is open and ready inside iframe
üì∏ C:\KSS_Working\screenshots\08_date_field_ready.png
üìÖ Date field is also ready
üì∏ C:\KSS_Working\screenshots\UltraTechCement_Invoice_20251109_200804_565940_08_consignment_no_typed.png
‚è± Immediate check for Consignment No: expected='6679', ui_val='6679'
üì∏ C:\KSS_Working\screenshots\UltraTechCement_Invoice_20251109_200804_565940_08_consignment_no.png
‚è± Immediate check for Date: expected='05.10.2025', ui_val='05/10/2025'
üì∏ C:\KSS_Working\screenshots\UltraTechCement_Invoice_20251109_200804_565940_09_date_filled.png
‚è± Immediate check for Source: expected='ARAKONAM', ui_val=''
‚Üª Source: first immediate check failed ‚Äî retrying once.
‚è± Immediate check for Source: expected='ARAKONAM', ui_val=''
‚ùå Source failed after retry.
üì∏ C:\KSS_Working\screenshots\UltraTechCement_Invoice_20251109_200804_565940_UltraTechCement_Invoice_20251109_200804_565940_Source_failed_after_retry.png
üì∏ C:\KSS_Working\screenshots\UltraTechCement_Invoice_20251109_200804_565940_10_source_filled.png
‚ùå Persist check failed for Source: cleared after blur.
‚è± Immediate check for Destination: expected='KOVILAMBAKKAM', ui_val='KOVILAMBAKKAM'
üì∏ C:\KSS_Working\screenshots\UltraTechCement_Invoice_20251109_200804_565940_11_destination_filled.png
‚è± Immediate check for Vehicle: expected='TN88L6472', ui_val='TN88L6472'
üì∏ C:\KSS_Working\screenshots\UltraTechCement_Invoice_20251109_200804_565940_12_vehicle_filled.png
‚è± Immediate check for E-Way Bill No: expected='551887587802', ui_val='551887587802'
üì∏ C:\KSS_Working\screenshots\UltraTechCement_Invoice_20251109_200804_565940_13_ewaybill_filled.png
‚è± Immediate check for Consignor: expected='UltraTech Cement Limited', ui_val='ULTRATECH CEMENT LIMITED-AKM'
üì∏ C:\KSS_Working\screenshots\UltraTechCement_Invoice_20251109_200804_565940_15_consignor_filled.png
‚è± Immediate check for GST Type: expected='Unregistered', ui_val='Unregistered'
üì∏ C:\KSS_Working\screenshots\UltraTechCement_Invoice_20251109_200804_565940_17_gsttype_filled.png
‚è± Immediate check for Consignee: expected='THANGAM HARDWARDE STORES', ui_val=''
‚Üª Consignee: first immediate check failed ‚Äî retrying once.
‚è± Immediate check for Consignee: expected='THANGAM HARDWARDE STORES', ui_val=''
‚ùå Consignee failed after retry.
üì∏ C:\KSS_Working\screenshots\UltraTechCement_Invoice_20251109_200804_565940_UltraTechCement_Invoice_20251109_200804_565940_Consignee_failed_after_retry.png
üì∏ C:\KSS_Working\screenshots\UltraTechCement_Invoice_20251109_200804_565940_18_consignee_filled.png
‚ùå Persist check failed for Consignee: cleared after blur.
‚è± Immediate check for Delivery Address: expected='HCEMENT LIMITED, Chitteri Post, 631003', ui_val='HCEMENT LIMITED, Chitteri Post, 631003'
‚Üª Delivery Address: first immediate check failed ‚Äî retrying once.
‚è± Immediate check for Delivery Address: expected='HCEMENT LIMITED, Chitteri Post, 631003', ui_val='HCEMENT LIMITED, Chitteri Post, 631003'
‚úÖ Delivery Address passed on retry.
üì∏ C:\KSS_Working\screenshots\UltraTechCement_Invoice_20251109_200804_565940_19_deliveryaddress_filled.png
üì∏ C:\KSS_Working\screenshots\UltraTechCement_Invoice_20251109_200804_565940_21_additem_clicked.png
‚è± Immediate check for Invoice No: expected='6978029251', ui_val='6978029251'
‚è± Immediate check for Content Name (Goods Name): expected='PPC BAG', ui_val='PPC BAG'
üì∏ C:\KSS_Working\screenshots\UltraTechCement_Invoice_20251109_200804_565940_22_insertitem_contentname.png
‚è± Immediate check for Actual Weight: expected='13.000', ui_val='13.000'
‚è± Immediate check for E-WayBill ValidUpto: expected='06-10-2025 23:59:00', ui_val='06/10/2025'
‚è± Immediate check for Invoice Date: expected='05.10.2025', ui_val='05/10/2025'
‚è± Immediate check for E-Way Bill Date: expected='05.10.2025', ui_val='05/10/2025'
‚è± Immediate check for E-Way Bill No: expected='551887587802', ui_val='551887587802'
üì∏ C:\KSS_Working\screenshots\UltraTechCement_Invoice_20251109_200804_565940_22_insertitem_filled.png
üì∏ C:\KSS_Working\screenshots\UltraTechCement_Invoice_20251109_200804_565940_24_addinvoice_clicked.png
üì∏ C:\KSS_Working\screenshots\UltraTechCement_Invoice_20251109_200804_565940_25_insertitem_closed.png
‚è± Immediate check for Rate: expected='615.00', ui_val='615'
üì∏ C:\KSS_Working\screenshots\UltraTechCement_Invoice_20251109_200804_565940_27_rate_filled.png
‚úÖ Popup closed with selector: id=btn-ok
‚ÑπÔ∏è Post-rate generic popup closed.

================= FIELD ENTRY AUDIT (DB vs ERP UI) =================
Field                    OK  Score  Mode      Expected  |  UI
-------------------------------------------------------------
Consignment No           ‚úî   1.0    equals    6679  |  6679
                             note: numeric~= OK
Date                     ‚úî   1.0    date      05.10.2025  |  05/10/2025
                             note: date normalized OK
Source                   ‚úñ   0.0    equals    ARAKONAM  |  
                             note: UI empty
Source                   ‚úñ   0.0    equals    ARAKONAM  |  
                             note: UI empty
Source                   ‚úñ   0.0    equals    ARAKONAM  |  
                             note: not persisted (ERP doesn't have this value)
Destination              ‚úî   1.0    equals    KOVILAMBAKKAM  |  KOVILAMBAKKAM
                             note: fuzzy OK
Vehicle                  ‚úî   1.0    equals    TN88L6472  |  TN88L6472
                             note: numeric~= OK
E-Way Bill No            ‚úî   1.0    contains  551887587802  |  551887587802
                             note: substring OK
Consignor                ‚úî   1.0    contains  UltraTech Cement Limited  |  ULTRATECH CEMENT LIMITED-AKM
                             note: substring OK
GST Type                 ‚úî   1.0    equals    Unregistered  |  Unregistered
                             note: fuzzy OK
Consignee                ‚úñ   0.0    equals    THANGAM HARDWARDE STORES  |  
                             note: UI empty
Consignee                ‚úñ   0.0    equals    THANGAM HARDWARDE STORES  |  
                             note: UI empty
Consignee                ‚úñ   0.0    equals    THANGAM HARDWARDE STORES  |  
                             note: not persisted (ERP doesn't have this value)
Delivery Address         ‚úî   1.0    equals    HCEMENT LIMITED, Chitteri Post, 631003  |  HCEMENT LIMITED, Chitteri Post, 631003
                             note: numeric~= OK
Delivery Address         ‚úî   1.0    equals    HCEMENT LIMITED, Chitteri Post, 631003  |  HCEMENT LIMITED, Chitteri Post, 631003
                             note: numeric~= OK
Invoice No               ‚úî   1.0    equals    6978029251  |  6978029251
                             note: numeric~= OK
Content Name (Goods Name) ‚úî   1.0    equals    PPC BAG  |  PPC BAG
                             note: fuzzy OK
Actual Weight            ‚úî   1.0    equals    13.000  |  13.000
                             note: numeric~= OK
E-WayBill ValidUpto      ‚úî   1.0    date      06-10-2025 23:59:00  |  06/10/2025
                             note: date normalized OK
Invoice Date             ‚úî   1.0    date      05.10.2025  |  05/10/2025
                             note: date normalized OK
E-Way Bill Date          ‚úî   1.0    date      05.10.2025  |  05/10/2025
                             note: date normalized OK
E-Way Bill No            ‚úî   1.0    contains  551887587802  |  551887587802
                             note: substring OK
Rate                     ‚úî   1.0    equals    615.00  |  615
                             note: numeric~= OK
-------------------------------------------------------------
‚ùå Result: 6 field(s) failed 70% rule / empty mismatch.
====================================================================

üóÉÔ∏è ValidationStatus saved into extracted_json for doc_id=76
‚ùå doc_id 76 marked Failed due to validation errors.
‚è≥ Waiting 5s before closing browser...

‚ñ∂Ô∏è Claimed doc_id=72, file=UltraTechCement_Invoice_20251109_200804_354584.pdf
üì∏ C:\KSS_Working\screenshots\00_login_page.png
üì∏ C:\KSS_Working\screenshots\01_credentials_typed.png
‚úÖ Clicked Sign in
üìó Using extracted_json (status NOT STARTED or other).
‚ö†Ô∏è select_branch attempt failed for 'ARAKONAM': Message: Could not locate element with visible text: ARAKONAM; For documentation on this error, please visit: https://www.selenium.dev/documentation/webdriver/troubleshooting/errors#nosuchelementexception

‚úÖ Branch selected: ARAKKONAM
üì∏ C:\KSS_Working\screenshots\02_branch_selected.png
üì∏ C:\KSS_Working\screenshots\popup_handled_after_submit_attempt_1.png
‚úÖ Branch Submit clicked (handled popups if any)
üì∏ C:\KSS_Working\screenshots\03_after_branch_submit.png
‚úÖ select_branch succeeded for fallback 'ARAKKONAM'
‚è≥ Waiting for Operations tile...
‚ö†Ô∏è Operations tile not found in time (Message: 
), navigating directly to MENU_URL
üì∏ C:\KSS_Working\screenshots\04_on_menu_page_attempt_1.png
‚úÖ On Menu page
üì∏ C:\KSS_Working\screenshots\05_booking_operation_expanded.png
‚úÖ Booking Operation expanded
üì∏ C:\KSS_Working\screenshots\06_consignment_clicked.png
‚úÖ Consignment clicked
‚úÖ API clicked; checking for iframe...
üîç Found iframes: 1
üîÑ Switched into iframe
üì∏ C:\KSS_Working\screenshots\07_consignment_form_ready.png
üéØ Consignment form is open and ready inside iframe
üì∏ C:\KSS_Working\screenshots\08_date_field_ready.png
üìÖ Date field is also ready
üì∏ C:\KSS_Working\screenshots\UltraTechCement_Invoice_20251109_200804_354584_08_consignment_no_typed.png
‚è± Immediate check for Consignment No: expected='6725', ui_val='6725'
üì∏ C:\KSS_Working\screenshots\UltraTechCement_Invoice_20251109_200804_354584_08_consignment_no.png
‚è± Immediate check for Date: expected='06.10.2025', ui_val='06/10/2025'
üì∏ C:\KSS_Working\screenshots\UltraTechCement_Invoice_20251109_200804_354584_09_date_filled.png
‚è± Immediate check for Source: expected='ARAKONAM', ui_val=''
‚Üª Source: first immediate check failed ‚Äî retrying once.
‚è± Immediate check for Source: expected='ARAKONAM', ui_val=''
‚ùå Source failed after retry.
üì∏ C:\KSS_Working\screenshots\UltraTechCement_Invoice_20251109_200804_354584_UltraTechCement_Invoice_20251109_200804_354584_Source_failed_after_retry.png
üì∏ C:\KSS_Working\screenshots\UltraTechCement_Invoice_20251109_200804_354584_10_source_filled.png
‚ùå Persist check failed for Source: cleared after blur.
‚è± Immediate check for Destination: expected='PUTTUR', ui_val='PUTTUR'
üì∏ C:\KSS_Working\screenshots\UltraTechCement_Invoice_20251109_200804_354584_11_destination_filled.png
‚è± Immediate check for Vehicle: expected='TN29AV7179', ui_val='TN29AV7179'
üì∏ C:\KSS_Working\screenshots\UltraTechCement_Invoice_20251109_200804_354584_12_vehicle_filled.png
‚è± Immediate check for E-Way Bill No: expected='541888127675', ui_val='541888127675'
üì∏ C:\KSS_Working\screenshots\UltraTechCement_Invoice_20251109_200804_354584_13_ewaybill_filled.png
‚è± Immediate check for Consignor: expected='UltraTech Cement Limited', ui_val='ULTRATECH CEMENT LIMITED-AKM'
üì∏ C:\KSS_Working\screenshots\UltraTechCement_Invoice_20251109_200804_354584_15_consignor_filled.png
‚è± Immediate check for GST Type: expected='Unregistered', ui_val='Unregistered'
üì∏ C:\KSS_Working\screenshots\UltraTechCement_Invoice_20251109_200804_354584_17_gsttype_filled.png
‚è± Immediate check for Consignee: expected='SAI CHANDANA TRADERS', ui_val=''
‚Üª Consignee: first immediate check failed ‚Äî retrying once.
‚è± Immediate check for Consignee: expected='SAI CHANDANA TRADERS', ui_val=''
‚ùå Consignee failed after retry.
üì∏ C:\KSS_Working\screenshots\UltraTechCement_Invoice_20251109_200804_354584_UltraTechCement_Invoice_20251109_200804_354584_Consignee_failed_after_retry.png
üì∏ C:\KSS_Working\screenshots\UltraTechCement_Invoice_20251109_200804_354584_18_consignee_filled.png
‚ùå Persist check failed for Consignee: cleared after blur.
‚è± Immediate check for Delivery Address: expected='17 182, SH NO, Karvetinagaram Road, Areetamma Colony, Puttur', ui_val='17 182, SH NO, Karvetinagaram Road, Areetamma Colony, Puttur'
‚Üª Delivery Address: first immediate check failed ‚Äî retrying once.
‚è± Immediate check for Delivery Address: expected='17 182, SH NO, Karvetinagaram Road, Areetamma Colony, Puttur', ui_val='17 182, SH NO, Karvetinagaram Road, Areetamma Colony, Puttur'
‚úÖ Delivery Address passed on retry.
üì∏ C:\KSS_Working\screenshots\UltraTechCement_Invoice_20251109_200804_354584_19_deliveryaddress_filled.png
üì∏ C:\KSS_Working\screenshots\UltraTechCement_Invoice_20251109_200804_354584_21_additem_clicked.png
‚è± Immediate check for Invoice No: expected='6978029586', ui_val='6978029586'
‚è± Immediate check for Content Name (Goods Name): expected='PPC BAG', ui_val='PPC BAG'
üì∏ C:\KSS_Working\screenshots\UltraTechCement_Invoice_20251109_200804_354584_22_insertitem_contentname.png
‚è± Immediate check for Actual Weight: expected='25.000', ui_val='25.000'
‚è± Immediate check for E-WayBill ValidUpto: expected='07-10-2025 23:59:00', ui_val='07/10/2025'
‚è± Immediate check for Invoice Date: expected='06.10.2025', ui_val='06/10/2025'
‚è± Immediate check for E-Way Bill Date: expected='06.10.2025', ui_val='06/10/2025'
‚è± Immediate check for E-Way Bill No: expected='541888127675', ui_val='541888127675'
üì∏ C:\KSS_Working\screenshots\UltraTechCement_Invoice_20251109_200804_354584_22_insertitem_filled.png
üì∏ C:\KSS_Working\screenshots\UltraTechCement_Invoice_20251109_200804_354584_24_addinvoice_clicked.png
üì∏ C:\KSS_Working\screenshots\UltraTechCement_Invoice_20251109_200804_354584_25_insertitem_closed.png
‚è± Immediate check for Rate: expected='471.00', ui_val='471'
üì∏ C:\KSS_Working\screenshots\UltraTechCement_Invoice_20251109_200804_354584_27_rate_filled.png
‚úÖ Popup closed with selector: id=btn-ok
‚ÑπÔ∏è Post-rate generic popup closed.

================= FIELD ENTRY AUDIT (DB vs ERP UI) =================
Field                    OK  Score  Mode      Expected  |  UI
-------------------------------------------------------------
Consignment No           ‚úî   1.0    equals    6725  |  6725
                             note: numeric~= OK
Date                     ‚úî   1.0    date      06.10.2025  |  06/10/2025
                             note: date normalized OK
Source                   ‚úñ   0.0    equals    ARAKONAM  |  
                             note: UI empty
Source                   ‚úñ   0.0    equals    ARAKONAM  |  
                             note: UI empty
Source                   ‚úñ   0.0    equals    ARAKONAM  |  
                             note: not persisted (ERP doesn't have this value)
Destination              ‚úî   1.0    equals    PUTTUR  |  PUTTUR
                             note: fuzzy OK
Vehicle                  ‚úî   1.0    equals    TN29AV7179  |  TN29AV7179
                             note: numeric~= OK
E-Way Bill No            ‚úî   1.0    contains  541888127675  |  541888127675
                             note: substring OK
Consignor                ‚úî   1.0    contains  UltraTech Cement Limited  |  ULTRATECH CEMENT LIMITED-AKM
                             note: substring OK
GST Type                 ‚úî   1.0    equals    Unregistered  |  Unregistered
                             note: fuzzy OK
Consignee                ‚úñ   0.0    equals    SAI CHANDANA TRADERS  |  
                             note: UI empty
Consignee                ‚úñ   0.0    equals    SAI CHANDANA TRADERS  |  
                             note: UI empty
Consignee                ‚úñ   0.0    equals    SAI CHANDANA TRADERS  |  
                             note: not persisted (ERP doesn't have this value)
Delivery Address         ‚úî   1.0    equals    17 182, SH NO, Karvetinagaram Road, Areetamma Colony, Puttur  |  17 182, SH NO, Karvetinagaram Road, Areetamma Colony, Puttur
                             note: numeric~= OK
Delivery Address         ‚úî   1.0    equals    17 182, SH NO, Karvetinagaram Road, Areetamma Colony, Puttur  |  17 182, SH NO, Karvetinagaram Road, Areetamma Colony, Puttur
                             note: numeric~= OK
Invoice No               ‚úî   1.0    equals    6978029586  |  6978029586
                             note: numeric~= OK
Content Name (Goods Name) ‚úî   1.0    equals    PPC BAG  |  PPC BAG
                             note: fuzzy OK
Actual Weight            ‚úî   1.0    equals    25.000  |  25.000
                             note: numeric~= OK
E-WayBill ValidUpto      ‚úî   1.0    date      07-10-2025 23:59:00  |  07/10/2025
                             note: date normalized OK
Invoice Date             ‚úî   1.0    date      06.10.2025  |  06/10/2025
                             note: date normalized OK
E-Way Bill Date          ‚úî   1.0    date      06.10.2025  |  06/10/2025
                             note: date normalized OK
E-Way Bill No            ‚úî   1.0    contains  541888127675  |  541888127675
                             note: substring OK
Rate                     ‚úî   1.0    equals    471.00  |  471
                             note: numeric~= OK
-------------------------------------------------------------
‚ùå Result: 6 field(s) failed 70% rule / empty mismatch.
====================================================================

üóÉÔ∏è ValidationStatus saved into extracted_json for doc_id=72
‚ùå doc_id 72 marked Failed due to validation errors.
‚è≥ Waiting 5s before closing browser...

‚ñ∂Ô∏è Claimed doc_id=71, file=UltraTechCement_Invoice_20251109_200804_283252.pdf
üì∏ C:\KSS_Working\screenshots\00_login_page.png
üì∏ C:\KSS_Working\screenshots\01_credentials_typed.png
‚úÖ Clicked Sign in
üìó Using extracted_json (status NOT STARTED or other).
‚ö†Ô∏è select_branch attempt failed for 'ARAKONAM': Message: Could not locate element with visible text: ARAKONAM; For documentation on this error, please visit: https://www.selenium.dev/documentation/webdriver/troubleshooting/errors#nosuchelementexception

‚úÖ Branch selected: ARAKKONAM
üì∏ C:\KSS_Working\screenshots\02_branch_selected.png
üì∏ C:\KSS_Working\screenshots\popup_handled_after_submit_attempt_1.png
‚úÖ Branch Submit clicked (handled popups if any)
üì∏ C:\KSS_Working\screenshots\03_after_branch_submit.png
‚úÖ select_branch succeeded for fallback 'ARAKKONAM'
‚è≥ Waiting for Operations tile...
‚ö†Ô∏è Operations tile not found in time (Message: 
), navigating directly to MENU_URL
üì∏ C:\KSS_Working\screenshots\04_on_menu_page_attempt_1.png
‚úÖ On Menu page
üì∏ C:\KSS_Working\screenshots\05_booking_operation_expanded.png
‚úÖ Booking Operation expanded
üì∏ C:\KSS_Working\screenshots\06_consignment_clicked.png
‚úÖ Consignment clicked
‚úÖ API clicked; checking for iframe...
üîç Found iframes: 1
üîÑ Switched into iframe
üì∏ C:\KSS_Working\screenshots\07_consignment_form_ready.png
üéØ Consignment form is open and ready inside iframe
üì∏ C:\KSS_Working\screenshots\08_date_field_ready.png
üìÖ Date field is also ready
üì∏ C:\KSS_Working\screenshots\UltraTechCement_Invoice_20251109_200804_283252_08_consignment_no_typed.png
‚è± Immediate check for Consignment No: expected='6687', ui_val='6687'
üì∏ C:\KSS_Working\screenshots\UltraTechCement_Invoice_20251109_200804_283252_08_consignment_no.png
‚è± Immediate check for Date: expected='04.10.2025', ui_val='04/10/2025'
üì∏ C:\KSS_Working\screenshots\UltraTechCement_Invoice_20251109_200804_283252_09_date_filled.png
‚ö†Ô∏è Setter for Source raised: Message: invalid session id: session deleted as the browser has closed the connection
from disconnected: not connected to DevTools
  (Session info: chrome=141.0.7390.123); For documentation on this error, please visit: https://www.selenium.dev/documentation/webdriver/troubleshooting/errors#invalidsessionidexception
Stacktrace:
	GetHandleVerifier [0x0x121fe43+66515]
	GetHandleVerifier [0x0x121fe84+66580]
	(No symbol) [0x0x100dc48]
	(No symbol) [0x0xffce80]
	(No symbol) [0x0x101b81b]
	(No symbol) [0x0x1081c25]
	(No symbol) [0x0x109c4d9]
	(No symbol) [0x0x107afc6]
	(No symbol) [0x0x104c2ca]
	(No symbol) [0x0x104d154]
	GetHandleVerifier [0x0x1477353+2521315]
	GetHandleVerifier [0x0x14722d3+2500707]
	GetHandleVerifier [0x0x1247c94+229924]
	GetHandleVerifier [0x0x12381f8+165768]
	GetHandleVerifier [0x0x123ecad+193085]
	GetHandleVerifier [0x0x1228158+100072]
	GetHandleVerifier [0x0x12282f0+100480]
	GetHandleVerifier [0x0x12125aa+11066]
	BaseThreadInitThunk [0x0x76cd0419+25]
	RtlGetAppContainerNamedObjectPath [0x0x7751662d+237]
	RtlGetAppContainerNamedObjectPath [0x0x775165fd+189]

‚è± Immediate check for Source: expected='ARAKONAM', ui_val=''
‚Üª Source: first immediate check failed ‚Äî retrying once.
‚è± Immediate check for Source: expected='ARAKONAM', ui_val=''
‚ùå Source failed after retry.
‚ùå Error in fill_consignment_form: Message: invalid session id; For documentation on this error, please visit: https://www.selenium.dev/documentation/webdriver/troubleshooting/errors#invalidsessionidexception
Stacktrace:
	GetHandleVerifier [0x0x121fe43+66515]
	GetHandleVerifier [0x0x121fe84+66580]
	(No symbol) [0x0x100da6b]
	(No symbol) [0x0x104b5ab]
	(No symbol) [0x0x107b086]
	(No symbol) [0x0x107667c]
	(No symbol) [0x0x1075bf3]
	(No symbol) [0x0xfde72d]
	(No symbol) [0x0xfdecae]
	(No symbol) [0x0xfdf14d]
	GetHandleVerifier [0x0x1477353+2521315]
	GetHandleVerifier [0x0x14722d3+2500707]
	GetHandleVerifier [0x0x1247c94+229924]
	GetHandleVerifier [0x0x12381f8+165768]
	GetHandleVerifier [0x0x123ecad+193085]
	(No symbol) [0x0xfde3e3]
	(No symbol) [0x0xfddb60]
	GetHandleVerifier [0x0x15bc20f+3852191]
	BaseThreadInitThunk [0x0x76cd0419+25]
	RtlGetAppContainerNamedObjectPath [0x0x7751662d+237]
	RtlGetAppContainerNamedObjectPath [0x0x775165fd+189]

‚ùå process_row_with_driver exception: Message: invalid session id; For documentation on this error, please visit: https://www.selenium.dev/documentation/webdriver/troubleshooting/errors#invalidsessionidexception
Stacktrace:
	GetHandleVerifier [0x0x121fe43+66515]
	GetHandleVerifier [0x0x121fe84+66580]
	(No symbol) [0x0x100da6b]
	(No symbol) [0x0x104b5ab]
	(No symbol) [0x0x107b086]
	(No symbol) [0x0x107667c]
	(No symbol) [0x0x1075bf3]
	(No symbol) [0x0xfde72d]
	(No symbol) [0x0xfdecae]
	(No symbol) [0x0xfdf14d]
	GetHandleVerifier [0x0x1477353+2521315]
	GetHandleVerifier [0x0x14722d3+2500707]
	GetHandleVerifier [0x0x1247c94+229924]
	GetHandleVerifier [0x0x12381f8+165768]
	GetHandleVerifier [0x0x123ecad+193085]
	(No symbol) [0x0xfde3e3]
	(No symbol) [0x0xfddb60]
	GetHandleVerifier [0x0x15bc20f+3852191]
	BaseThreadInitThunk [0x0x76cd0419+25]
	RtlGetAppContainerNamedObjectPath [0x0x7751662d+237]
	RtlGetAppContainerNamedObjectPath [0x0x775165fd+189]

Traceback (most recent call last):
  File "C:\KSS_Working\consignment_form.py", line 789, in fill_consignment_form
    ss(driver, "10_source_filled.png", prefix=prefix)
    ~~^^^^^^^^^^^^^^^^^^^^^^^^^^^^^^^^^^^^^^^^^^^^^^^
  File "C:\KSS_Working\driver_utils.py", line 30, in ss
    driver.save_screenshot(path)
    ~~~~~~~~~~~~~~~~~~~~~~^^^^^^
  File "C:\KSS_Working\venv\Lib\site-packages\selenium\webdriver\remote\webdriver.py", line 1025, in save_screenshot
    return self.get_screenshot_as_file(filename)
           ~~~~~~~~~~~~~~~~~~~~~~~~~~~^^^^^^^^^^
  File "C:\KSS_Working\venv\Lib\site-packages\selenium\webdriver\remote\webdriver.py", line 1000, in get_screenshot_as_file
    png = self.get_screenshot_as_png()
  File "C:\KSS_Working\venv\Lib\site-packages\selenium\webdriver\remote\webdriver.py", line 1034, in get_screenshot_as_png
    return b64decode(self.get_screenshot_as_base64().encode("ascii"))
                     ~~~~~~~~~~~~~~~~~~~~~~~~~~~~~^^
  File "C:\KSS_Working\venv\Lib\site-packages\selenium\webdriver\remote\webdriver.py", line 1044, in get_screenshot_as_base64
    return self.execute(Command.SCREENSHOT)["value"]
           ~~~~~~~~~~~~^^^^^^^^^^^^^^^^^^^^
  File "C:\KSS_Working\venv\Lib\site-packages\selenium\webdriver\remote\webdriver.py", line 458, in execute
    self.error_handler.check_response(response)
    ~~~~~~~~~~~~~~~~~~~~~~~~~~~~~~~~~^^^^^^^^^^
  File "C:\KSS_Working\venv\Lib\site-packages\selenium\webdriver\remote\errorhandler.py", line 232, in check_response
    raise exception_class(message, screen, stacktrace)
selenium.common.exceptions.InvalidSessionIdException: Message: invalid session id; For documentation on this error, please visit: https://www.selenium.dev/documentation/webdriver/troubleshooting/errors#invalidsessionidexception
Stacktrace:
	GetHandleVerifier [0x0x121fe43+66515]
	GetHandleVerifier [0x0x121fe84+66580]
	(No symbol) [0x0x100da6b]
	(No symbol) [0x0x104b5ab]
	(No symbol) [0x0x107b086]
	(No symbol) [0x0x107667c]
	(No symbol) [0x0x1075bf3]
	(No symbol) [0x0xfde72d]
	(No symbol) [0x0xfdecae]
	(No symbol) [0x0xfdf14d]
	GetHandleVerifier [0x0x1477353+2521315]
	GetHandleVerifier [0x0x14722d3+2500707]
	GetHandleVerifier [0x0x1247c94+229924]
	GetHandleVerifier [0x0x12381f8+165768]
	GetHandleVerifier [0x0x123ecad+193085]
	(No symbol) [0x0xfde3e3]
	(No symbol) [0x0xfddb60]
	GetHandleVerifier [0x0x15bc20f+3852191]
	BaseThreadInitThunk [0x0x76cd0419+25]
	RtlGetAppContainerNamedObjectPath [0x0x7751662d+237]
	RtlGetAppContainerNamedObjectPath [0x0x775165fd+189]


During handling of the above exception, another exception occurred:

Traceback (most recent call last):
  File "C:\KSS_Working\main.py", line 334, in process_row_with_driver
    result = fill_consignment_form(driver, data=data, prefix=prefix)
  File "C:\KSS_Working\consignment_form.py", line 992, in fill_consignment_form
    ss(driver, "fill_consignment_form_exception.png", prefix=prefix)
    ~~^^^^^^^^^^^^^^^^^^^^^^^^^^^^^^^^^^^^^^^^^^^^^^^^^^^^^^^^^^^^^^
  File "C:\KSS_Working\driver_utils.py", line 30, in ss
    driver.save_screenshot(path)
    ~~~~~~~~~~~~~~~~~~~~~~^^^^^^
  File "C:\KSS_Working\venv\Lib\site-packages\selenium\webdriver\remote\webdriver.py", line 1025, in save_screenshot
    return self.get_screenshot_as_file(filename)
           ~~~~~~~~~~~~~~~~~~~~~~~~~~~^^^^^^^^^^
  File "C:\KSS_Working\venv\Lib\site-packages\selenium\webdriver\remote\webdriver.py", line 1000, in get_screenshot_as_file
    png = self.get_screenshot_as_png()
  File "C:\KSS_Working\venv\Lib\site-packages\selenium\webdriver\remote\webdriver.py", line 1034, in get_screenshot_as_png
    return b64decode(self.get_screenshot_as_base64().encode("ascii"))
                     ~~~~~~~~~~~~~~~~~~~~~~~~~~~~~^^
  File "C:\KSS_Working\venv\Lib\site-packages\selenium\webdriver\remote\webdriver.py", line 1044, in get_screenshot_as_base64
    return self.execute(Command.SCREENSHOT)["value"]
           ~~~~~~~~~~~~^^^^^^^^^^^^^^^^^^^^
  File "C:\KSS_Working\venv\Lib\site-packages\selenium\webdriver\remote\webdriver.py", line 458, in execute
    self.error_handler.check_response(response)
    ~~~~~~~~~~~~~~~~~~~~~~~~~~~~~~~~~^^^^^^^^^^
  File "C:\KSS_Working\venv\Lib\site-packages\selenium\webdriver\remote\errorhandler.py", line 232, in check_response
    raise exception_class(message, screen, stacktrace)
selenium.common.exceptions.InvalidSessionIdException: Message: invalid session id; For documentation on this error, please visit: https://www.selenium.dev/documentation/webdriver/troubleshooting/errors#invalidsessionidexception
Stacktrace:
	GetHandleVerifier [0x0x121fe43+66515]
	GetHandleVerifier [0x0x121fe84+66580]
	(No symbol) [0x0x100da6b]
	(No symbol) [0x0x104b5ab]
	(No symbol) [0x0x107b086]
	(No symbol) [0x0x107667c]
	(No symbol) [0x0x1075bf3]
	(No symbol) [0x0xfde72d]
	(No symbol) [0x0xfdecae]
	(No symbol) [0x0xfdf14d]
	GetHandleVerifier [0x0x1477353+2521315]
	GetHandleVerifier [0x0x14722d3+2500707]
	GetHandleVerifier [0x0x1247c94+229924]
	GetHandleVerifier [0x0x12381f8+165768]
	GetHandleVerifier [0x0x123ecad+193085]
	(No symbol) [0x0xfde3e3]
	(No symbol) [0x0xfddb60]
	GetHandleVerifier [0x0x15bc20f+3852191]
	BaseThreadInitThunk [0x0x76cd0419+25]
	RtlGetAppContainerNamedObjectPath [0x0x7751662d+237]
	RtlGetAppContainerNamedObjectPath [0x0x775165fd+189]


‚ùå doc_id 71 failed during processing: Message: invalid session id; For documentation on this error, please visit: https://www.selenium.dev/documentation/webdriver/troubleshooting/errors#invalidsessionidexception
Stacktrace:
	GetHandleVerifier [0x0x121fe43+66515]
	GetHandleVerifier [0x0x121fe84+66580]
	(No symbol) [0x0x100da6b]
	(No symbol) [0x0x104b5ab]
	(No symbol) [0x0x107b086]
	(No symbol) [0x0x107667c]
	(No symbol) [0x0x1075bf3]
	(No symbol) [0x0xfde72d]
	(No symbol) [0x0xfdecae]
	(No symbol) [0x0xfdf14d]
	GetHandleVerifier [0x0x1477353+2521315]
	GetHandleVerifier [0x0x14722d3+2500707]
	GetHandleVerifier [0x0x1247c94+229924]
	GetHandleVerifier [0x0x12381f8+165768]
	GetHandleVerifier [0x0x123ecad+193085]
	(No symbol) [0x0xfde3e3]
	(No symbol) [0x0xfddb60]
	GetHandleVerifier [0x0x15bc20f+3852191]
	BaseThreadInitThunk [0x0x76cd0419+25]
	RtlGetAppContainerNamedObjectPath [0x0x7751662d+237]
	RtlGetAppContainerNamedObjectPath [0x0x775165fd+189]

Traceback (most recent call last):
  File "C:\KSS_Working\main.py", line 455, in main_db_process
    raise Exception(msg)
Exception: Message: invalid session id; For documentation on this error, please visit: https://www.selenium.dev/documentation/webdriver/troubleshooting/errors#invalidsessionidexception
Stacktrace:
	GetHandleVerifier [0x0x121fe43+66515]
	GetHandleVerifier [0x0x121fe84+66580]
	(No symbol) [0x0x100da6b]
	(No symbol) [0x0x104b5ab]
	(No symbol) [0x0x107b086]
	(No symbol) [0x0x107667c]
	(No symbol) [0x0x1075bf3]
	(No symbol) [0x0xfde72d]
	(No symbol) [0x0xfdecae]
	(No symbol) [0x0xfdf14d]
	GetHandleVerifier [0x0x1477353+2521315]
	GetHandleVerifier [0x0x14722d3+2500707]
	GetHandleVerifier [0x0x1247c94+229924]
	GetHandleVerifier [0x0x12381f8+165768]
	GetHandleVerifier [0x0x123ecad+193085]
	(No symbol) [0x0xfde3e3]
	(No symbol) [0x0xfddb60]
	GetHandleVerifier [0x0x15bc20f+3852191]
	BaseThreadInitThunk [0x0x76cd0419+25]
	RtlGetAppContainerNamedObjectPath [0x0x7751662d+237]
	RtlGetAppContainerNamedObjectPath [0x0x775165fd+189]


‚è≥ Waiting 5s before closing browser...

‚ñ∂Ô∏è Claimed doc_id=73, file=UltraTechCement_Invoice_20251109_200804_407103.pdf
üì∏ C:\KSS_Working\screenshots\00_login_page.png
üì∏ C:\KSS_Working\screenshots\01_credentials_typed.png
‚úÖ Clicked Sign in
üìó Using extracted_json (status NOT STARTED or other).
‚ö†Ô∏è select_branch attempt failed for 'ARAKONAM': Message: Could not locate element with visible text: ARAKONAM; For documentation on this error, please visit: https://www.selenium.dev/documentation/webdriver/troubleshooting/errors#nosuchelementexception

‚úÖ Branch selected: ARAKKONAM
üì∏ C:\KSS_Working\screenshots\02_branch_selected.png
üì∏ C:\KSS_Working\screenshots\popup_handled_after_submit_attempt_1.png
‚úÖ Branch Submit clicked (handled popups if any)
üì∏ C:\KSS_Working\screenshots\03_after_branch_submit.png
‚úÖ select_branch succeeded for fallback 'ARAKKONAM'
‚è≥ Waiting for Operations tile...
‚ö†Ô∏è Operations tile not found in time (Message: 
), navigating directly to MENU_URL
üì∏ C:\KSS_Working\screenshots\04_on_menu_page_attempt_1.png
‚úÖ On Menu page
üì∏ C:\KSS_Working\screenshots\05_booking_operation_expanded.png
‚úÖ Booking Operation expanded
üì∏ C:\KSS_Working\screenshots\06_consignment_clicked.png
‚úÖ Consignment clicked
‚úÖ API clicked; checking for iframe...
üîç Found iframes: 1
üîÑ Switched into iframe
üì∏ C:\KSS_Working\screenshots\07_consignment_form_ready.png
üéØ Consignment form is open and ready inside iframe
üì∏ C:\KSS_Working\screenshots\08_date_field_ready.png
üìÖ Date field is also ready
üì∏ C:\KSS_Working\screenshots\UltraTechCement_Invoice_20251109_200804_407103_08_consignment_no_typed.png
‚è± Immediate check for Consignment No: expected='6730', ui_val='6730'
üì∏ C:\KSS_Working\screenshots\UltraTechCement_Invoice_20251109_200804_407103_08_consignment_no.png
‚è± Immediate check for Date: expected='06.10.2025', ui_val='06/10/2025'
üì∏ C:\KSS_Working\screenshots\UltraTechCement_Invoice_20251109_200804_407103_09_date_filled.png
‚è± Immediate check for Source: expected='ARAKONAM', ui_val=''
‚Üª Source: first immediate check failed ‚Äî retrying once.
‚è± Immediate check for Source: expected='ARAKONAM', ui_val=''
‚ùå Source failed after retry.
üì∏ C:\KSS_Working\screenshots\UltraTechCement_Invoice_20251109_200804_407103_UltraTechCement_Invoice_20251109_200804_407103_Source_failed_after_retry.png
üì∏ C:\KSS_Working\screenshots\UltraTechCement_Invoice_20251109_200804_407103_10_source_filled.png
‚ùå Persist check failed for Source: cleared after blur.
‚è± Immediate check for Destination: expected='WALAJAPET', ui_val='WALAJAPET'
üì∏ C:\KSS_Working\screenshots\UltraTechCement_Invoice_20251109_200804_407103_11_destination_filled.png
‚è± Immediate check for Vehicle: expected='TN23AK7032', ui_val='TN23AK7032'
üì∏ C:\KSS_Working\screenshots\UltraTechCement_Invoice_20251109_200804_407103_12_vehicle_filled.png
‚è± Immediate check for E-Way Bill No: expected='591888341155', ui_val='591888341155'
üì∏ C:\KSS_Working\screenshots\UltraTechCement_Invoice_20251109_200804_407103_13_ewaybill_filled.png
‚è± Immediate check for Consignor: expected='UltraTech Cement Limited', ui_val='ULTRATECH CEMENT LIMITED-AKM'
üì∏ C:\KSS_Working\screenshots\UltraTechCement_Invoice_20251109_200804_407103_15_consignor_filled.png
‚è± Immediate check for GST Type: expected='Unregistered', ui_val='Unregistered'
üì∏ C:\KSS_Working\screenshots\UltraTechCement_Invoice_20251109_200804_407103_17_gsttype_filled.png
‚è± Immediate check for Consignee: expected='PIDILITE INDUSTRIES LIMITED', ui_val='PIDILITE INDUSTRIES LIMITED'
üì∏ C:\KSS_Working\screenshots\UltraTechCement_Invoice_20251109_200804_407103_18_consignee_filled.png
‚è± Immediate check for Delivery Address: expected='PIDILITE INDUSTRIES LIMITED, CARMEL, PHASE II, SIPCOT SEZ, MOTTUR, WALAJAPET, RANIPET', ui_val='PIDILITE INDUSTRIES LIMITED, CARMEL, PHASE II, SIPCOT SEZ, MOTTUR, WALAJAPET, RANIPET'
‚Üª Delivery Address: first immediate check failed ‚Äî retrying once.
‚è± Immediate check for Delivery Address: expected='PIDILITE INDUSTRIES LIMITED, CARMEL, PHASE II, SIPCOT SEZ, MOTTUR, WALAJAPET, RANIPET', ui_val='PIDILITE INDUSTRIES LIMITED, CARMEL, PHASE II, SIPCOT SEZ, MOTTUR, WALAJAPET, RANIPET'
‚úÖ Delivery Address passed on retry.
üì∏ C:\KSS_Working\screenshots\UltraTechCement_Invoice_20251109_200804_407103_19_deliveryaddress_filled.png
üì∏ C:\KSS_Working\screenshots\UltraTechCement_Invoice_20251109_200804_407103_21_additem_clicked.png
‚è± Immediate check for Invoice No: expected='6978029647', ui_val='6978029647'
‚è± Immediate check for Content Name (Goods Name): expected='PPC BAG', ui_val='PPC BAG'
üì∏ C:\KSS_Working\screenshots\UltraTechCement_Invoice_20251109_200804_407103_22_insertitem_contentname.png
‚è± Immediate check for Actual Weight: expected='25.000', ui_val='25.000'
‚è± Immediate check for E-WayBill ValidUpto: expected='07-10-2025 23:59:00', ui_val='07/10/2025'
‚è± Immediate check for Invoice Date: expected='06.10.2025', ui_val='06/10/2025'
‚è± Immediate check for E-Way Bill Date: expected='06.10.2025', ui_val='06/10/2025'
‚è± Immediate check for E-Way Bill No: expected='591888341155', ui_val='591888341155'
üì∏ C:\KSS_Working\screenshots\UltraTechCement_Invoice_20251109_200804_407103_22_insertitem_filled.png
üì∏ C:\KSS_Working\screenshots\UltraTechCement_Invoice_20251109_200804_407103_24_addinvoice_clicked.png
üì∏ C:\KSS_Working\screenshots\UltraTechCement_Invoice_20251109_200804_407103_25_insertitem_closed.png
‚è± Immediate check for Rate: expected='421.00', ui_val='421'
üì∏ C:\KSS_Working\screenshots\UltraTechCement_Invoice_20251109_200804_407103_27_rate_filled.png
‚úÖ Popup closed with selector: id=btn-ok
‚ÑπÔ∏è Post-rate generic popup closed.

================= FIELD ENTRY AUDIT (DB vs ERP UI) =================
Field                    OK  Score  Mode      Expected  |  UI
-------------------------------------------------------------
Consignment No           ‚úî   1.0    equals    6730  |  6730
                             note: numeric~= OK
Date                     ‚úî   1.0    date      06.10.2025  |  06/10/2025
                             note: date normalized OK
Source                   ‚úñ   0.0    equals    ARAKONAM  |  
                             note: UI empty
Source                   ‚úñ   0.0    equals    ARAKONAM  |  
                             note: UI empty
Source                   ‚úñ   0.0    equals    ARAKONAM  |  
                             note: not persisted (ERP doesn't have this value)
Destination              ‚úî   1.0    equals    WALAJAPET  |  WALAJAPET
                             note: fuzzy OK
Vehicle                  ‚úî   1.0    equals    TN23AK7032  |  TN23AK7032
                             note: numeric~= OK
E-Way Bill No            ‚úî   1.0    contains  591888341155  |  591888341155
                             note: substring OK
Consignor                ‚úî   1.0    contains  UltraTech Cement Limited  |  ULTRATECH CEMENT LIMITED-AKM
                             note: substring OK
GST Type                 ‚úî   1.0    equals    Unregistered  |  Unregistered
                             note: fuzzy OK
Consignee                ‚úî   1.0    equals    PIDILITE INDUSTRIES LIMITED  |  PIDILITE INDUSTRIES LIMITED
                             note: fuzzy OK
Delivery Address         ‚úî   1.0    equals    PIDILITE INDUSTRIES LIMITED, CARMEL, PHASE II, SIPCOT SEZ, MOTTUR, WALAJAPET, RANIPET  |  PIDILITE INDUSTRIES LIMITED, CARMEL, PHASE II, SIPCOT SEZ, MOTTUR, WALAJAPET, RANIPET
                             note: fuzzy OK
Delivery Address         ‚úî   1.0    equals    PIDILITE INDUSTRIES LIMITED, CARMEL, PHASE II, SIPCOT SEZ, MOTTUR, WALAJAPET, RANIPET  |  PIDILITE INDUSTRIES LIMITED, CARMEL, PHASE II, SIPCOT SEZ, MOTTUR, WALAJAPET, RANIPET
                             note: fuzzy OK
Invoice No               ‚úî   1.0    equals    6978029647  |  6978029647
                             note: numeric~= OK
Content Name (Goods Name) ‚úî   1.0    equals    PPC BAG  |  PPC BAG
                             note: fuzzy OK
Actual Weight            ‚úî   1.0    equals    25.000  |  25.000
                             note: numeric~= OK
E-WayBill ValidUpto      ‚úî   1.0    date      07-10-2025 23:59:00  |  07/10/2025
                             note: date normalized OK
Invoice Date             ‚úî   1.0    date      06.10.2025  |  06/10/2025
                             note: date normalized OK
E-Way Bill Date          ‚úî   1.0    date      06.10.2025  |  06/10/2025
                             note: date normalized OK
E-Way Bill No            ‚úî   1.0    contains  591888341155  |  591888341155
                             note: substring OK
Rate                     ‚úî   1.0    equals    421.00  |  421
                             note: numeric~= OK
-------------------------------------------------------------
‚ùå Result: 3 field(s) failed 70% rule / empty mismatch.
====================================================================

üóÉÔ∏è ValidationStatus saved into extracted_json for doc_id=73
‚ùå doc_id 73 marked Failed due to validation errors.
‚è≥ Waiting 5s before closing browser...

‚ñ∂Ô∏è Claimed doc_id=71, file=UltraTechCement_Invoice_20251109_200804_283252.pdf
üì∏ C:\KSS_Working\screenshots\00_login_page.png
üì∏ C:\KSS_Working\screenshots\01_credentials_typed.png
‚úÖ Clicked Sign in
üìó Using extracted_json (status NOT STARTED or other).
‚ö†Ô∏è select_branch attempt failed for 'ARAKONAM': Message: Could not locate element with visible text: ARAKONAM; For documentation on this error, please visit: https://www.selenium.dev/documentation/webdriver/troubleshooting/errors#nosuchelementexception

‚úÖ Branch selected: ARAKKONAM
üì∏ C:\KSS_Working\screenshots\02_branch_selected.png
üì∏ C:\KSS_Working\screenshots\popup_handled_after_submit_attempt_1.png
‚úÖ Branch Submit clicked (handled popups if any)
üì∏ C:\KSS_Working\screenshots\03_after_branch_submit.png
‚úÖ select_branch succeeded for fallback 'ARAKKONAM'
‚è≥ Waiting for Operations tile...
‚ö†Ô∏è Operations tile not found in time (Message: 
), navigating directly to MENU_URL
üì∏ C:\KSS_Working\screenshots\04_on_menu_page_attempt_1.png
‚úÖ On Menu page
üì∏ C:\KSS_Working\screenshots\05_booking_operation_expanded.png
‚úÖ Booking Operation expanded
üì∏ C:\KSS_Working\screenshots\06_consignment_clicked.png
‚úÖ Consignment clicked
‚úÖ API clicked; checking for iframe...
üîç Found iframes: 1
üîÑ Switched into iframe
üì∏ C:\KSS_Working\screenshots\07_consignment_form_ready.png
üéØ Consignment form is open and ready inside iframe
üì∏ C:\KSS_Working\screenshots\08_date_field_ready.png
üìÖ Date field is also ready
üì∏ C:\KSS_Working\screenshots\UltraTechCement_Invoice_20251109_200804_283252_08_consignment_no_typed.png
‚è± Immediate check for Consignment No: expected='6687', ui_val='6687'
üì∏ C:\KSS_Working\screenshots\UltraTechCement_Invoice_20251109_200804_283252_08_consignment_no.png
‚è± Immediate check for Date: expected='04.10.2025', ui_val='04/10/2025'
üì∏ C:\KSS_Working\screenshots\UltraTechCement_Invoice_20251109_200804_283252_09_date_filled.png
‚è± Immediate check for Source: expected='ARAKKONAM', ui_val='ARAKKONAM'
üì∏ C:\KSS_Working\screenshots\UltraTechCement_Invoice_20251109_200804_283252_10_source_filled.png
‚è± Immediate check for Destination: expected='MADHAVARAM', ui_val='MADHAVARAM'
üì∏ C:\KSS_Working\screenshots\UltraTechCement_Invoice_20251109_200804_283252_11_destination_filled.png
‚è± Immediate check for Vehicle: expected='TN23BF1122', ui_val=''
‚Üª Vehicle: first immediate check failed ‚Äî retrying once.
‚è± Immediate check for Vehicle: expected='TN23BF1122', ui_val=''
‚ùå Vehicle failed after retry.
üì∏ C:\KSS_Working\screenshots\UltraTechCement_Invoice_20251109_200804_283252_UltraTechCement_Invoice_20251109_200804_283252_Vehicle_failed_after_retry.png
üì∏ C:\KSS_Working\screenshots\UltraTechCement_Invoice_20251109_200804_283252_12_vehicle_filled.png
‚ùå Persist check failed for Vehicle: cleared after blur.
‚è± Immediate check for E-Way Bill No: expected='571887546573', ui_val='571887546573'
üì∏ C:\KSS_Working\screenshots\UltraTechCement_Invoice_20251109_200804_283252_13_ewaybill_filled.png
‚è± Immediate check for Consignor: expected='UltraTech Cement Limited', ui_val='ULTRATECH CEMENT LIMITED-AKM'
üì∏ C:\KSS_Working\screenshots\UltraTechCement_Invoice_20251109_200804_283252_15_consignor_filled.png
‚è± Immediate check for GST Type: expected='Unregistered', ui_val='Unregistered'
üì∏ C:\KSS_Working\screenshots\UltraTechCement_Invoice_20251109_200804_283252_17_gsttype_filled.png
‚è± Immediate check for Consignee: expected='K.R.KANNAPPA CHETTIYAR', ui_val='K.R.KANNAPPA CHETTIYAR'
üì∏ C:\KSS_Working\screenshots\UltraTechCement_Invoice_20251109_200804_283252_18_consignee_filled.png
‚è± Immediate check for Delivery Address: expected='SHANMUGA DEPOT, Main Road, Laxmipuram, Madhavaram', ui_val='SHANMUGA DEPOT, Main Road, Laxmipuram, Madhavaram'
‚Üª Delivery Address: first immediate check failed ‚Äî retrying once.
‚è± Immediate check for Delivery Address: expected='SHANMUGA DEPOT, Main Road, Laxmipuram, Madhavaram', ui_val='SHANMUGA DEPOT, Main Road, Laxmipuram, Madhavaram'
‚úÖ Delivery Address passed on retry.
üì∏ C:\KSS_Working\screenshots\UltraTechCement_Invoice_20251109_200804_283252_19_deliveryaddress_filled.png
üì∏ C:\KSS_Working\screenshots\UltraTechCement_Invoice_20251109_200804_283252_21_additem_clicked.png
‚è± Immediate check for Invoice No: expected='6978029188', ui_val='6978029188'
‚è± Immediate check for Content Name (Goods Name): expected='PPC BAG', ui_val='PPC BAG'
üì∏ C:\KSS_Working\screenshots\UltraTechCement_Invoice_20251109_200804_283252_22_insertitem_contentname.png
‚è± Immediate check for Actual Weight: expected='25.000', ui_val='25.000'
‚è± Immediate check for E-WayBill ValidUpto: expected='05-10-2025 23:59:00', ui_val='05/10/2025'
‚è± Immediate check for Invoice Date: expected='04.10.2025', ui_val='04/10/2025'
‚è± Immediate check for E-Way Bill Date: expected='04.10.2025', ui_val='04/10/2025'
‚è± Immediate check for E-Way Bill No: expected='571887546573', ui_val='571887546573'
üì∏ C:\KSS_Working\screenshots\UltraTechCement_Invoice_20251109_200804_283252_22_insertitem_filled.png
üì∏ C:\KSS_Working\screenshots\UltraTechCement_Invoice_20251109_200804_283252_24_addinvoice_clicked.png
üì∏ C:\KSS_Working\screenshots\UltraTechCement_Invoice_20251109_200804_283252_25_insertitem_closed.png
‚è± Immediate check for Rate: expected='544.00', ui_val='544'
üì∏ C:\KSS_Working\screenshots\UltraTechCement_Invoice_20251109_200804_283252_27_rate_filled.png
‚úÖ Popup closed with selector: id=btn-ok
‚ÑπÔ∏è Post-rate generic popup closed.

================= FIELD ENTRY AUDIT (DB vs ERP UI) =================
Field                    OK  Score  Mode      Expected  |  UI
-------------------------------------------------------------
Consignment No           ‚úî   1.0    equals    6687  |  6687
                             note: numeric~= OK
Date                     ‚úî   1.0    date      04.10.2025  |  04/10/2025
                             note: date normalized OK
Source                   ‚úî   1.0    equals    ARAKKONAM  |  ARAKKONAM
                             note: fuzzy OK
Destination              ‚úî   1.0    equals    MADHAVARAM  |  MADHAVARAM
                             note: fuzzy OK
Vehicle                  ‚úñ   0.0    equals    TN23BF1122  |  
                             note: UI empty
Vehicle                  ‚úñ   0.0    equals    TN23BF1122  |  
                             note: UI empty
Vehicle                  ‚úñ   0.0    equals    TN23BF1122  |  
                             note: not persisted (ERP doesn't have this value)
E-Way Bill No            ‚úî   1.0    contains  571887546573  |  571887546573
                             note: substring OK
Consignor                ‚úî   1.0    contains  UltraTech Cement Limited  |  ULTRATECH CEMENT LIMITED-AKM
                             note: substring OK
GST Type                 ‚úî   1.0    equals    Unregistered  |  Unregistered
                             note: fuzzy OK
Consignee                ‚úî   1.0    equals    K.R.KANNAPPA CHETTIYAR  |  K.R.KANNAPPA CHETTIYAR
                             note: fuzzy OK
Delivery Address         ‚úî   1.0    equals    SHANMUGA DEPOT, Main Road, Laxmipuram, Madhavaram  |  SHANMUGA DEPOT, Main Road, Laxmipuram, Madhavaram
                             note: fuzzy OK
Delivery Address         ‚úî   1.0    equals    SHANMUGA DEPOT, Main Road, Laxmipuram, Madhavaram  |  SHANMUGA DEPOT, Main Road, Laxmipuram, Madhavaram
                             note: fuzzy OK
Invoice No               ‚úî   1.0    equals    6978029188  |  6978029188
                             note: numeric~= OK
Content Name (Goods Name) ‚úî   1.0    equals    PPC BAG  |  PPC BAG
                             note: fuzzy OK
Actual Weight            ‚úî   1.0    equals    25.000  |  25.000
                             note: numeric~= OK
E-WayBill ValidUpto      ‚úî   1.0    date      05-10-2025 23:59:00  |  05/10/2025
                             note: date normalized OK
Invoice Date             ‚úî   1.0    date      04.10.2025  |  04/10/2025
                             note: date normalized OK
E-Way Bill Date          ‚úî   1.0    date      04.10.2025  |  04/10/2025
                             note: date normalized OK
E-Way Bill No            ‚úî   1.0    contains  571887546573  |  571887546573
                             note: substring OK
Rate                     ‚úî   1.0    equals    544.00  |  544
                             note: numeric~= OK
-------------------------------------------------------------
‚ùå Result: 3 field(s) failed 70% rule / empty mismatch.
====================================================================

üóÉÔ∏è ValidationStatus saved into extracted_json for doc_id=71
‚ùå doc_id 71 marked Failed due to validation errors.
‚è≥ Waiting 5s before closing browser...

‚ñ∂Ô∏è Claimed doc_id=75, file=UltraTechCement_Invoice_20251109_200804_504323.pdf
üì∏ C:\KSS_Working\screenshots\00_login_page.png
üì∏ C:\KSS_Working\screenshots\01_credentials_typed.png
‚úÖ Clicked Sign in
üìó Using extracted_json (status NOT STARTED or other).
‚ö†Ô∏è select_branch attempt failed for 'ARAKONAM': Message: Could not locate element with visible text: ARAKONAM; For documentation on this error, please visit: https://www.selenium.dev/documentation/webdriver/troubleshooting/errors#nosuchelementexception

‚úÖ Branch selected: ARAKKONAM
üì∏ C:\KSS_Working\screenshots\02_branch_selected.png
üì∏ C:\KSS_Working\screenshots\popup_handled_after_submit_attempt_1.png
‚úÖ Branch Submit clicked (handled popups if any)
üì∏ C:\KSS_Working\screenshots\03_after_branch_submit.png
‚úÖ select_branch succeeded for fallback 'ARAKKONAM'
‚è≥ Waiting for Operations tile...
‚ö†Ô∏è Operations tile not found in time (Message: 
), navigating directly to MENU_URL
üì∏ C:\KSS_Working\screenshots\04_on_menu_page_attempt_1.png
‚úÖ On Menu page
üì∏ C:\KSS_Working\screenshots\05_booking_operation_expanded.png
‚úÖ Booking Operation expanded
üì∏ C:\KSS_Working\screenshots\06_consignment_clicked.png
‚úÖ Consignment clicked
‚úÖ API clicked; checking for iframe...
üîç Found iframes: 1
üîÑ Switched into iframe
üì∏ C:\KSS_Working\screenshots\07_consignment_form_ready.png
üéØ Consignment form is open and ready inside iframe
üì∏ C:\KSS_Working\screenshots\08_date_field_ready.png
üìÖ Date field is also ready
üì∏ C:\KSS_Working\screenshots\UltraTechCement_Invoice_20251109_200804_504323_08_consignment_no_typed.png
‚è± Immediate check for Consignment No: expected='6447', ui_val='6447'
üì∏ C:\KSS_Working\screenshots\UltraTechCement_Invoice_20251109_200804_504323_08_consignment_no.png
‚è± Immediate check for Date: expected='29.09.2025', ui_val='29/09/2025'
üì∏ C:\KSS_Working\screenshots\UltraTechCement_Invoice_20251109_200804_504323_09_date_filled.png
‚è± Immediate check for Source: expected='ARAKKONAM', ui_val='ARAKKONAM'
üì∏ C:\KSS_Working\screenshots\UltraTechCement_Invoice_20251109_200804_504323_10_source_filled.png
‚è± Immediate check for Destination: expected='PERUNDURAI', ui_val='PERUNDURAI'
üì∏ C:\KSS_Working\screenshots\UltraTechCement_Invoice_20251109_200804_504323_11_destination_filled.png
‚è± Immediate check for Vehicle: expected='TN45BQ0372', ui_val='TN45BQ0372'
üì∏ C:\KSS_Working\screenshots\UltraTechCement_Invoice_20251109_200804_504323_12_vehicle_filled.png
‚è± Immediate check for E-Way Bill No: expected='581885062793', ui_val='581885062793'
üì∏ C:\KSS_Working\screenshots\UltraTechCement_Invoice_20251109_200804_504323_13_ewaybill_filled.png
‚è± Immediate check for Consignor: expected='UltraTech Cement Limited', ui_val='ULTRATECH CEMENT LIMITED-AKM'
üì∏ C:\KSS_Working\screenshots\UltraTechCement_Invoice_20251109_200804_504323_15_consignor_filled.png
‚è± Immediate check for GST Type: expected='Unregistered', ui_val='Unregistered'
üì∏ C:\KSS_Working\screenshots\UltraTechCement_Invoice_20251109_200804_504323_17_gsttype_filled.png
‚è± Immediate check for Consignee: expected='DRYCHEM INDIA PRIVATE LIMITED', ui_val='DRYCHEM INDIA PRIVATE LIMITED'
üì∏ C:\KSS_Working\screenshots\UltraTechCement_Invoice_20251109_200804_504323_18_consignee_filled.png
‚è± Immediate check for Delivery Address: expected='DRYCHEM INDIA PRIVATE LIMITED, SIPCOT INDUSTRIAL AREA, Perundurai, Erode 638052', ui_val='DRYCHEM INDIA PRIVATE LIMITED, SIPCOT INDUSTRIAL AREA, Perundurai, Erode 638052'
‚Üª Delivery Address: first immediate check failed ‚Äî retrying once.
‚è± Immediate check for Delivery Address: expected='DRYCHEM INDIA PRIVATE LIMITED, SIPCOT INDUSTRIAL AREA, Perundurai, Erode 638052', ui_val='DRYCHEM INDIA PRIVATE LIMITED, SIPCOT INDUSTRIAL AREA, Perundurai, Erode 638052'
‚úÖ Delivery Address passed on retry.
üì∏ C:\KSS_Working\screenshots\UltraTechCement_Invoice_20251109_200804_504323_19_deliveryaddress_filled.png
üì∏ C:\KSS_Working\screenshots\UltraTechCement_Invoice_20251109_200804_504323_21_additem_clicked.png
‚è± Immediate check for Invoice No: expected='6978027607', ui_val='6978027607'
‚è± Immediate check for Content Name (Goods Name): expected='OPC BAG', ui_val='OPC BAG'
üì∏ C:\KSS_Working\screenshots\UltraTechCement_Invoice_20251109_200804_504323_22_insertitem_contentname.png
‚è± Immediate check for Actual Weight: expected='39.700', ui_val='39.700'
‚è± Immediate check for E-WayBill ValidUpto: expected='02-10-2025 23:59:00', ui_val='02/10/2025'
‚è± Immediate check for Invoice Date: expected='29.09.2025', ui_val='29/09/2025'
‚è± Immediate check for E-Way Bill Date: expected='29.09.2025', ui_val='29/09/2025'
‚è± Immediate check for E-Way Bill No: expected='581885062793', ui_val='581885062793'
üì∏ C:\KSS_Working\screenshots\UltraTechCement_Invoice_20251109_200804_504323_22_insertitem_filled.png
üì∏ C:\KSS_Working\screenshots\UltraTechCement_Invoice_20251109_200804_504323_24_addinvoice_clicked.png
üì∏ C:\KSS_Working\screenshots\UltraTechCement_Invoice_20251109_200804_504323_25_insertitem_closed.png
‚è± Immediate check for Rate: expected='1081.00', ui_val='1081'
üì∏ C:\KSS_Working\screenshots\UltraTechCement_Invoice_20251109_200804_504323_27_rate_filled.png
‚úÖ Popup closed with selector: id=btn-ok
‚ÑπÔ∏è Post-rate generic popup closed.

================= FIELD ENTRY AUDIT (DB vs ERP UI) =================
Field                    OK  Score  Mode      Expected  |  UI
-------------------------------------------------------------
Consignment No           ‚úî   1.0    equals    6447  |  6447
                             note: numeric~= OK
Date                     ‚úî   1.0    date      29.09.2025  |  29/09/2025
                             note: date normalized OK
Source                   ‚úî   1.0    equals    ARAKKONAM  |  ARAKKONAM
                             note: fuzzy OK
Destination              ‚úî   1.0    equals    PERUNDURAI  |  PERUNDURAI
                             note: fuzzy OK
Vehicle                  ‚úî   1.0    equals    TN45BQ0372  |  TN45BQ0372
                             note: numeric~= OK
E-Way Bill No            ‚úî   1.0    contains  581885062793  |  581885062793
                             note: substring OK
Consignor                ‚úî   1.0    contains  UltraTech Cement Limited  |  ULTRATECH CEMENT LIMITED-AKM
                             note: substring OK
GST Type                 ‚úî   1.0    equals    Unregistered  |  Unregistered
                             note: fuzzy OK
Consignee                ‚úî   1.0    equals    DRYCHEM INDIA PRIVATE LIMITED  |  DRYCHEM INDIA PRIVATE LIMITED
                             note: fuzzy OK
Delivery Address         ‚úî   1.0    equals    DRYCHEM INDIA PRIVATE LIMITED, SIPCOT INDUSTRIAL AREA, Perundurai, Erode 638052  |  DRYCHEM INDIA PRIVATE LIMITED, SIPCOT INDUSTRIAL AREA, Perundurai, Erode 638052
                             note: numeric~= OK
Delivery Address         ‚úî   1.0    equals    DRYCHEM INDIA PRIVATE LIMITED, SIPCOT INDUSTRIAL AREA, Perundurai, Erode 638052  |  DRYCHEM INDIA PRIVATE LIMITED, SIPCOT INDUSTRIAL AREA, Perundurai, Erode 638052
                             note: numeric~= OK
Invoice No               ‚úî   1.0    equals    6978027607  |  6978027607
                             note: numeric~= OK
Content Name (Goods Name) ‚úî   1.0    equals    OPC BAG  |  OPC BAG
                             note: fuzzy OK
Actual Weight            ‚úî   1.0    equals    39.700  |  39.700
                             note: numeric~= OK
E-WayBill ValidUpto      ‚úî   1.0    date      02-10-2025 23:59:00  |  02/10/2025
                             note: date normalized OK
Invoice Date             ‚úî   1.0    date      29.09.2025  |  29/09/2025
                             note: date normalized OK
E-Way Bill Date          ‚úî   1.0    date      29.09.2025  |  29/09/2025
                             note: date normalized OK
E-Way Bill No            ‚úî   1.0    contains  581885062793  |  581885062793
                             note: substring OK
Rate                     ‚úî   1.0    equals    1081.00  |  1081
                             note: numeric~= OK
-------------------------------------------------------------
‚úÖ Result: all fields passed (>=70% / numeric/date OK).
====================================================================

‚úÖ Submit button clicked successfully.
üì∏ C:\KSS_Working\screenshots\UltraTechCement_Invoice_20251109_200804_504323_28_submit_clicked.png
üéâ Submission successful ‚Äî success message detected.
üóÉÔ∏è ValidationStatus saved into extracted_json for doc_id=75
‚úÖ doc_id 75 processed & submitted successfully. Status = Completed
‚úÖ overall_status set to 'Completed' for doc_id=75
‚è≥ Waiting 5s before closing browser...

‚ñ∂Ô∏è Claimed doc_id=72, file=UltraTechCement_Invoice_20251109_200804_354584.pdf
üì∏ C:\KSS_Working\screenshots\00_login_page.png
üì∏ C:\KSS_Working\screenshots\01_credentials_typed.png
‚úÖ Clicked Sign in
üìó Using extracted_json (status NOT STARTED or other).
‚ö†Ô∏è select_branch attempt failed for 'ARAKONAM': Message: Could not locate element with visible text: ARAKONAM; For documentation on this error, please visit: https://www.selenium.dev/documentation/webdriver/troubleshooting/errors#nosuchelementexception

‚úÖ Branch selected: ARAKKONAM
üì∏ C:\KSS_Working\screenshots\02_branch_selected.png
üì∏ C:\KSS_Working\screenshots\popup_handled_after_submit_attempt_1.png
‚úÖ Branch Submit clicked (handled popups if any)
üì∏ C:\KSS_Working\screenshots\03_after_branch_submit.png
‚úÖ select_branch succeeded for fallback 'ARAKKONAM'
‚è≥ Waiting for Operations tile...
‚ö†Ô∏è Operations tile not found in time (Message: 
), navigating directly to MENU_URL
üì∏ C:\KSS_Working\screenshots\04_on_menu_page_attempt_1.png
‚úÖ On Menu page
üì∏ C:\KSS_Working\screenshots\05_booking_operation_expanded.png
‚úÖ Booking Operation expanded
üì∏ C:\KSS_Working\screenshots\06_consignment_clicked.png
‚úÖ Consignment clicked
‚úÖ API clicked; checking for iframe...
üîç Found iframes: 1
üîÑ Switched into iframe
üì∏ C:\KSS_Working\screenshots\07_consignment_form_ready.png
üéØ Consignment form is open and ready inside iframe
üì∏ C:\KSS_Working\screenshots\08_date_field_ready.png
üìÖ Date field is also ready
üì∏ C:\KSS_Working\screenshots\UltraTechCement_Invoice_20251109_200804_354584_08_consignment_no_typed.png
‚è± Immediate check for Consignment No: expected='6725', ui_val='6725'
üì∏ C:\KSS_Working\screenshots\UltraTechCement_Invoice_20251109_200804_354584_08_consignment_no.png
‚è± Immediate check for Date: expected='06.10.2025', ui_val='06/10/2025'
üì∏ C:\KSS_Working\screenshots\UltraTechCement_Invoice_20251109_200804_354584_09_date_filled.png
‚è± Immediate check for Source: expected='ARAKKONAM', ui_val='ARAKKONAM'
üì∏ C:\KSS_Working\screenshots\UltraTechCement_Invoice_20251109_200804_354584_10_source_filled.png
‚è± Immediate check for Destination: expected='PUTTUR', ui_val='PUTTUR'
üì∏ C:\KSS_Working\screenshots\UltraTechCement_Invoice_20251109_200804_354584_11_destination_filled.png
‚è± Immediate check for Vehicle: expected='TN29AV7179', ui_val='TN29AV7179'
üì∏ C:\KSS_Working\screenshots\UltraTechCement_Invoice_20251109_200804_354584_12_vehicle_filled.png
‚è± Immediate check for E-Way Bill No: expected='541888127675', ui_val='541888127675'
üì∏ C:\KSS_Working\screenshots\UltraTechCement_Invoice_20251109_200804_354584_13_ewaybill_filled.png
‚è± Immediate check for Consignor: expected='UltraTech Cement Limited', ui_val='ULTRATECH CEMENT LIMITED-AKM'
üì∏ C:\KSS_Working\screenshots\UltraTechCement_Invoice_20251109_200804_354584_15_consignor_filled.png
‚è± Immediate check for GST Type: expected='Unregistered', ui_val='Unregistered'
üì∏ C:\KSS_Working\screenshots\UltraTechCement_Invoice_20251109_200804_354584_17_gsttype_filled.png
‚è± Immediate check for Consignee: expected='SAI CHANDANA TRADERS', ui_val=''
‚Üª Consignee: first immediate check failed ‚Äî retrying once.
‚è± Immediate check for Consignee: expected='SAI CHANDANA TRADERS', ui_val=''
‚ùå Consignee failed after retry.
üì∏ C:\KSS_Working\screenshots\UltraTechCement_Invoice_20251109_200804_354584_UltraTechCement_Invoice_20251109_200804_354584_Consignee_failed_after_retry.png
üì∏ C:\KSS_Working\screenshots\UltraTechCement_Invoice_20251109_200804_354584_18_consignee_filled.png
‚ùå Persist check failed for Consignee: cleared after blur.
‚è± Immediate check for Delivery Address: expected='17 182, SH NO, Karvetinagaram Road, Areetamma Colony, Puttur', ui_val='17 182, SH NO, Karvetinagaram Road, Areetamma Colony, Puttur'
‚Üª Delivery Address: first immediate check failed ‚Äî retrying once.
‚è± Immediate check for Delivery Address: expected='17 182, SH NO, Karvetinagaram Road, Areetamma Colony, Puttur', ui_val='17 182, SH NO, Karvetinagaram Road, Areetamma Colony, Puttur'
‚úÖ Delivery Address passed on retry.
üì∏ C:\KSS_Working\screenshots\UltraTechCement_Invoice_20251109_200804_354584_19_deliveryaddress_filled.png
üì∏ C:\KSS_Working\screenshots\UltraTechCement_Invoice_20251109_200804_354584_21_additem_clicked.png
‚è± Immediate check for Invoice No: expected='6978029586', ui_val='6978029586'
‚è± Immediate check for Content Name (Goods Name): expected='PPC BAG', ui_val='PPC BAG'
üì∏ C:\KSS_Working\screenshots\UltraTechCement_Invoice_20251109_200804_354584_22_insertitem_contentname.png
‚è± Immediate check for Actual Weight: expected='25.000', ui_val='25.000'
‚è± Immediate check for E-WayBill ValidUpto: expected='07-10-2025 23:59:00', ui_val='07/10/2025'
‚è± Immediate check for Invoice Date: expected='06.10.2025', ui_val='06/10/2025'
‚è± Immediate check for E-Way Bill Date: expected='06.10.2025', ui_val='06/10/2025'
‚è± Immediate check for E-Way Bill No: expected='541888127675', ui_val='541888127675'
üì∏ C:\KSS_Working\screenshots\UltraTechCement_Invoice_20251109_200804_354584_22_insertitem_filled.png
üì∏ C:\KSS_Working\screenshots\UltraTechCement_Invoice_20251109_200804_354584_24_addinvoice_clicked.png
üì∏ C:\KSS_Working\screenshots\UltraTechCement_Invoice_20251109_200804_354584_25_insertitem_closed.png
‚è± Immediate check for Rate: expected='471.00', ui_val='471'
üì∏ C:\KSS_Working\screenshots\UltraTechCement_Invoice_20251109_200804_354584_27_rate_filled.png
‚úÖ Popup closed with selector: id=btn-ok
‚ÑπÔ∏è Post-rate generic popup closed.

================= FIELD ENTRY AUDIT (DB vs ERP UI) =================
Field                    OK  Score  Mode      Expected  |  UI
-------------------------------------------------------------
Consignment No           ‚úî   1.0    equals    6725  |  6725
                             note: numeric~= OK
Date                     ‚úî   1.0    date      06.10.2025  |  06/10/2025
                             note: date normalized OK
Source                   ‚úî   1.0    equals    ARAKKONAM  |  ARAKKONAM
                             note: fuzzy OK
Destination              ‚úî   1.0    equals    PUTTUR  |  PUTTUR
                             note: fuzzy OK
Vehicle                  ‚úî   1.0    equals    TN29AV7179  |  TN29AV7179
                             note: numeric~= OK
E-Way Bill No            ‚úî   1.0    contains  541888127675  |  541888127675
                             note: substring OK
Consignor                ‚úî   1.0    contains  UltraTech Cement Limited  |  ULTRATECH CEMENT LIMITED-AKM
                             note: substring OK
GST Type                 ‚úî   1.0    equals    Unregistered  |  Unregistered
                             note: fuzzy OK
Consignee                ‚úñ   0.0    equals    SAI CHANDANA TRADERS  |  
                             note: UI empty
Consignee                ‚úñ   0.0    equals    SAI CHANDANA TRADERS  |  
                             note: UI empty
Consignee                ‚úñ   0.0    equals    SAI CHANDANA TRADERS  |  
                             note: not persisted (ERP doesn't have this value)
Delivery Address         ‚úî   1.0    equals    17 182, SH NO, Karvetinagaram Road, Areetamma Colony, Puttur  |  17 182, SH NO, Karvetinagaram Road, Areetamma Colony, Puttur
                             note: numeric~= OK
Delivery Address         ‚úî   1.0    equals    17 182, SH NO, Karvetinagaram Road, Areetamma Colony, Puttur  |  17 182, SH NO, Karvetinagaram Road, Areetamma Colony, Puttur
                             note: numeric~= OK
Invoice No               ‚úî   1.0    equals    6978029586  |  6978029586
                             note: numeric~= OK
Content Name (Goods Name) ‚úî   1.0    equals    PPC BAG  |  PPC BAG
                             note: fuzzy OK
Actual Weight            ‚úî   1.0    equals    25.000  |  25.000
                             note: numeric~= OK
E-WayBill ValidUpto      ‚úî   1.0    date      07-10-2025 23:59:00  |  07/10/2025
                             note: date normalized OK
Invoice Date             ‚úî   1.0    date      06.10.2025  |  06/10/2025
                             note: date normalized OK
E-Way Bill Date          ‚úî   1.0    date      06.10.2025  |  06/10/2025
                             note: date normalized OK
E-Way Bill No            ‚úî   1.0    contains  541888127675  |  541888127675
                             note: substring OK
Rate                     ‚úî   1.0    equals    471.00  |  471
                             note: numeric~= OK
-------------------------------------------------------------
‚ùå Result: 3 field(s) failed 70% rule / empty mismatch.
====================================================================

üóÉÔ∏è ValidationStatus saved into extracted_json for doc_id=72
‚ùå doc_id 72 marked Failed due to validation errors.
‚è≥ Waiting 5s before closing browser...

‚ñ∂Ô∏è Claimed doc_id=73, file=UltraTechCement_Invoice_20251109_200804_407103.pdf
üì∏ C:\KSS_Working\screenshots\00_login_page.png
üì∏ C:\KSS_Working\screenshots\01_credentials_typed.png
‚úÖ Clicked Sign in
üìó Using extracted_json (status NOT STARTED or other).
‚ö†Ô∏è select_branch attempt failed for 'ARAKONAM': Message: Could not locate element with visible text: ARAKONAM; For documentation on this error, please visit: https://www.selenium.dev/documentation/webdriver/troubleshooting/errors#nosuchelementexception

‚úÖ Branch selected: ARAKKONAM
üì∏ C:\KSS_Working\screenshots\02_branch_selected.png
üì∏ C:\KSS_Working\screenshots\popup_handled_after_submit_attempt_1.png
‚úÖ Branch Submit clicked (handled popups if any)
üì∏ C:\KSS_Working\screenshots\03_after_branch_submit.png
‚úÖ select_branch succeeded for fallback 'ARAKKONAM'
‚è≥ Waiting for Operations tile...
‚ö†Ô∏è Operations tile not found in time (Message: 
), navigating directly to MENU_URL
üì∏ C:\KSS_Working\screenshots\04_on_menu_page_attempt_1.png
‚úÖ On Menu page
üì∏ C:\KSS_Working\screenshots\05_booking_operation_expanded.png
‚úÖ Booking Operation expanded
üì∏ C:\KSS_Working\screenshots\06_consignment_clicked.png
‚úÖ Consignment clicked
‚úÖ API clicked; checking for iframe...
üîç Found iframes: 1
üîÑ Switched into iframe
üì∏ C:\KSS_Working\screenshots\07_consignment_form_ready.png
üéØ Consignment form is open and ready inside iframe
üì∏ C:\KSS_Working\screenshots\08_date_field_ready.png
üìÖ Date field is also ready
üì∏ C:\KSS_Working\screenshots\UltraTechCement_Invoice_20251109_200804_407103_08_consignment_no_typed.png
‚è± Immediate check for Consignment No: expected='6730', ui_val='6730'
üì∏ C:\KSS_Working\screenshots\UltraTechCement_Invoice_20251109_200804_407103_08_consignment_no.png
‚è± Immediate check for Date: expected='06.10.2025', ui_val='06/10/2025'
üì∏ C:\KSS_Working\screenshots\UltraTechCement_Invoice_20251109_200804_407103_09_date_filled.png
‚è± Immediate check for Source: expected='ARAKKONAM', ui_val='ARAKKONAM'
üì∏ C:\KSS_Working\screenshots\UltraTechCement_Invoice_20251109_200804_407103_10_source_filled.png
‚è± Immediate check for Destination: expected='WALAJAPET', ui_val='WALAJAPET'
üì∏ C:\KSS_Working\screenshots\UltraTechCement_Invoice_20251109_200804_407103_11_destination_filled.png
‚è± Immediate check for Vehicle: expected='TN23AK7032', ui_val='TN23AK7032'
üì∏ C:\KSS_Working\screenshots\UltraTechCement_Invoice_20251109_200804_407103_12_vehicle_filled.png
‚è± Immediate check for E-Way Bill No: expected='591888341155', ui_val='591888341155'
üì∏ C:\KSS_Working\screenshots\UltraTechCement_Invoice_20251109_200804_407103_13_ewaybill_filled.png
‚è± Immediate check for Consignor: expected='UltraTech Cement Limited', ui_val='ULTRATECH CEMENT LIMITED-AKM'
üì∏ C:\KSS_Working\screenshots\UltraTechCement_Invoice_20251109_200804_407103_15_consignor_filled.png
‚è± Immediate check for GST Type: expected='Unregistered', ui_val='Unregistered'
üì∏ C:\KSS_Working\screenshots\UltraTechCement_Invoice_20251109_200804_407103_17_gsttype_filled.png
‚è± Immediate check for Consignee: expected='PIDILITE INDUSTRIES LIMITED', ui_val='PIDILITE INDUSTRIES LIMITED'
üì∏ C:\KSS_Working\screenshots\UltraTechCement_Invoice_20251109_200804_407103_18_consignee_filled.png
‚è± Immediate check for Delivery Address: expected='PIDILITE INDUSTRIES LIMITED, CARMEL, PHASE II, SIPCOT SEZ, MOTTUR, WALAJAPET, RANIPET', ui_val='PIDILITE INDUSTRIES LIMITED, CARMEL, PHASE II, SIPCOT SEZ, MOTTUR, WALAJAPET, RANIPET'
‚Üª Delivery Address: first immediate check failed ‚Äî retrying once.
‚è± Immediate check for Delivery Address: expected='PIDILITE INDUSTRIES LIMITED, CARMEL, PHASE II, SIPCOT SEZ, MOTTUR, WALAJAPET, RANIPET', ui_val='PIDILITE INDUSTRIES LIMITED, CARMEL, PHASE II, SIPCOT SEZ, MOTTUR, WALAJAPET, RANIPET'
‚úÖ Delivery Address passed on retry.
üì∏ C:\KSS_Working\screenshots\UltraTechCement_Invoice_20251109_200804_407103_19_deliveryaddress_filled.png
üì∏ C:\KSS_Working\screenshots\UltraTechCement_Invoice_20251109_200804_407103_21_additem_clicked.png
‚è± Immediate check for Invoice No: expected='6978029647', ui_val='6978029647'
‚è± Immediate check for Content Name (Goods Name): expected='PPC BAG', ui_val='PPC BAG'
üì∏ C:\KSS_Working\screenshots\UltraTechCement_Invoice_20251109_200804_407103_22_insertitem_contentname.png
‚è± Immediate check for Actual Weight: expected='25.000', ui_val='25.000'
‚è± Immediate check for E-WayBill ValidUpto: expected='07-10-2025 23:59:00', ui_val='07/10/2025'
‚è± Immediate check for Invoice Date: expected='06.10.2025', ui_val='06/10/2025'
‚è± Immediate check for E-Way Bill Date: expected='06.10.2025', ui_val='06/10/2025'
‚è± Immediate check for E-Way Bill No: expected='591888341155', ui_val='591888341155'
üì∏ C:\KSS_Working\screenshots\UltraTechCement_Invoice_20251109_200804_407103_22_insertitem_filled.png
üì∏ C:\KSS_Working\screenshots\UltraTechCement_Invoice_20251109_200804_407103_24_addinvoice_clicked.png
üì∏ C:\KSS_Working\screenshots\UltraTechCement_Invoice_20251109_200804_407103_25_insertitem_closed.png
‚è± Immediate check for Rate: expected='421.00', ui_val='421'
üì∏ C:\KSS_Working\screenshots\UltraTechCement_Invoice_20251109_200804_407103_27_rate_filled.png
‚úÖ Popup closed with selector: id=btn-ok
‚ÑπÔ∏è Post-rate generic popup closed.

================= FIELD ENTRY AUDIT (DB vs ERP UI) =================
Field                    OK  Score  Mode      Expected  |  UI
-------------------------------------------------------------
Consignment No           ‚úî   1.0    equals    6730  |  6730
                             note: numeric~= OK
Date                     ‚úî   1.0    date      06.10.2025  |  06/10/2025
                             note: date normalized OK
Source                   ‚úî   1.0    equals    ARAKKONAM  |  ARAKKONAM
                             note: fuzzy OK
Destination              ‚úî   1.0    equals    WALAJAPET  |  WALAJAPET
                             note: fuzzy OK
Vehicle                  ‚úî   1.0    equals    TN23AK7032  |  TN23AK7032
                             note: numeric~= OK
E-Way Bill No            ‚úî   1.0    contains  591888341155  |  591888341155
                             note: substring OK
Consignor                ‚úî   1.0    contains  UltraTech Cement Limited  |  ULTRATECH CEMENT LIMITED-AKM
                             note: substring OK
GST Type                 ‚úî   1.0    equals    Unregistered  |  Unregistered
                             note: fuzzy OK
Consignee                ‚úî   1.0    equals    PIDILITE INDUSTRIES LIMITED  |  PIDILITE INDUSTRIES LIMITED
                             note: fuzzy OK
Delivery Address         ‚úî   1.0    equals    PIDILITE INDUSTRIES LIMITED, CARMEL, PHASE II, SIPCOT SEZ, MOTTUR, WALAJAPET, RANIPET  |  PIDILITE INDUSTRIES LIMITED, CARMEL, PHASE II, SIPCOT SEZ, MOTTUR, WALAJAPET, RANIPET
                             note: fuzzy OK
Delivery Address         ‚úî   1.0    equals    PIDILITE INDUSTRIES LIMITED, CARMEL, PHASE II, SIPCOT SEZ, MOTTUR, WALAJAPET, RANIPET  |  PIDILITE INDUSTRIES LIMITED, CARMEL, PHASE II, SIPCOT SEZ, MOTTUR, WALAJAPET, RANIPET
                             note: fuzzy OK
Invoice No               ‚úî   1.0    equals    6978029647  |  6978029647
                             note: numeric~= OK
Content Name (Goods Name) ‚úî   1.0    equals    PPC BAG  |  PPC BAG
                             note: fuzzy OK
Actual Weight            ‚úî   1.0    equals    25.000  |  25.000
                             note: numeric~= OK
E-WayBill ValidUpto      ‚úî   1.0    date      07-10-2025 23:59:00  |  07/10/2025
                             note: date normalized OK
Invoice Date             ‚úî   1.0    date      06.10.2025  |  06/10/2025
                             note: date normalized OK
E-Way Bill Date          ‚úî   1.0    date      06.10.2025  |  06/10/2025
                             note: date normalized OK
E-Way Bill No            ‚úî   1.0    contains  591888341155  |  591888341155
                             note: substring OK
Rate                     ‚úî   1.0    equals    421.00  |  421
                             note: numeric~= OK
-------------------------------------------------------------
‚úÖ Result: all fields passed (>=70% / numeric/date OK).
====================================================================

‚úÖ Submit button clicked successfully.
üì∏ C:\KSS_Working\screenshots\UltraTechCement_Invoice_20251109_200804_407103_28_submit_clicked.png
üéâ Submission successful ‚Äî success message detected.
üóÉÔ∏è ValidationStatus saved into extracted_json for doc_id=73
‚úÖ doc_id 73 processed & submitted successfully. Status = Completed
‚úÖ overall_status set to 'Completed' for doc_id=73
‚è≥ Waiting 5s before closing browser...

‚ñ∂Ô∏è Claimed doc_id=74, file=UltraTechCement_Invoice_20251109_200804_461536.pdf
üì∏ C:\KSS_Working\screenshots\00_login_page.png
üì∏ C:\KSS_Working\screenshots\01_credentials_typed.png
‚úÖ Clicked Sign in
üìó Using extracted_json (status NOT STARTED or other).
‚ö†Ô∏è select_branch attempt failed for 'ARAKONAM': Message: Could not locate element with visible text: ARAKONAM; For documentation on this error, please visit: https://www.selenium.dev/documentation/webdriver/troubleshooting/errors#nosuchelementexception

‚úÖ Branch selected: ARAKKONAM
üì∏ C:\KSS_Working\screenshots\02_branch_selected.png
üì∏ C:\KSS_Working\screenshots\popup_handled_after_submit_attempt_1.png
‚úÖ Branch Submit clicked (handled popups if any)
üì∏ C:\KSS_Working\screenshots\03_after_branch_submit.png
‚úÖ select_branch succeeded for fallback 'ARAKKONAM'
‚è≥ Waiting for Operations tile...
‚ö†Ô∏è Operations tile not found in time (Message: 
), navigating directly to MENU_URL
üì∏ C:\KSS_Working\screenshots\04_on_menu_page_attempt_1.png
‚úÖ On Menu page
üì∏ C:\KSS_Working\screenshots\05_booking_operation_expanded.png
‚úÖ Booking Operation expanded
üì∏ C:\KSS_Working\screenshots\06_consignment_clicked.png
‚úÖ Consignment clicked
‚úÖ API clicked; checking for iframe...
üîç Found iframes: 1
üîÑ Switched into iframe
üì∏ C:\KSS_Working\screenshots\07_consignment_form_ready.png
üéØ Consignment form is open and ready inside iframe
üì∏ C:\KSS_Working\screenshots\08_date_field_ready.png
üìÖ Date field is also ready
üì∏ C:\KSS_Working\screenshots\UltraTechCement_Invoice_20251109_200804_461536_08_consignment_no_typed.png
‚è± Immediate check for Consignment No: expected='6661', ui_val='6661'
üì∏ C:\KSS_Working\screenshots\UltraTechCement_Invoice_20251109_200804_461536_08_consignment_no.png
‚è± Immediate check for Date: expected='04.10.2025', ui_val='04/10/2025'
üì∏ C:\KSS_Working\screenshots\UltraTechCement_Invoice_20251109_200804_461536_09_date_filled.png
‚è± Immediate check for Source: expected='ARAKKONAM', ui_val='ARAKKONAM'
üì∏ C:\KSS_Working\screenshots\UltraTechCement_Invoice_20251109_200804_461536_10_source_filled.png
‚è± Immediate check for Destination: expected='VILLUPURAM', ui_val=''
‚Üª Destination: first immediate check failed ‚Äî retrying once.
‚è± Immediate check for Destination: expected='VILLUPURAM', ui_val=''
‚ùå Destination failed after retry.
üì∏ C:\KSS_Working\screenshots\UltraTechCement_Invoice_20251109_200804_461536_UltraTechCement_Invoice_20251109_200804_461536_Destination_failed_after_retry.png
üì∏ C:\KSS_Working\screenshots\UltraTechCement_Invoice_20251109_200804_461536_11_destination_filled.png
‚ùå Persist check failed for Destination: cleared after blur.
‚è± Immediate check for Vehicle: expected='TN88L6496', ui_val='TN88L6496'
üì∏ C:\KSS_Working\screenshots\UltraTechCement_Invoice_20251109_200804_461536_12_vehicle_filled.png
‚è± Immediate check for E-Way Bill No: expected='None', ui_val='None'
üì∏ C:\KSS_Working\screenshots\UltraTechCement_Invoice_20251109_200804_461536_13_ewaybill_filled.png
‚è± Immediate check for Consignor: expected='UltraTech Cement Limited', ui_val='ULTRATECH CEMENT LIMITED-AKM'
üì∏ C:\KSS_Working\screenshots\UltraTechCement_Invoice_20251109_200804_461536_15_consignor_filled.png
‚è± Immediate check for GST Type: expected='Unregistered', ui_val='Unregistered'
üì∏ C:\KSS_Working\screenshots\UltraTechCement_Invoice_20251109_200804_461536_17_gsttype_filled.png
‚è± Immediate check for Consignee: expected='SPYN ASSOCIATES LLP', ui_val='SPYN ASSOCIATES LLP'
üì∏ C:\KSS_Working\screenshots\UltraTechCement_Invoice_20251109_200804_461536_18_consignee_filled.png
‚è± Immediate check for Delivery Address: expected='CHITTERI POST, 631003', ui_val='CHITTERI POST, 631003'
‚Üª Delivery Address: first immediate check failed ‚Äî retrying once.
‚è± Immediate check for Delivery Address: expected='CHITTERI POST, 631003', ui_val='CHITTERI POST, 631003'
‚úÖ Delivery Address passed on retry.
üì∏ C:\KSS_Working\screenshots\UltraTechCement_Invoice_20251109_200804_461536_19_deliveryaddress_filled.png
üì∏ C:\KSS_Working\screenshots\UltraTechCement_Invoice_20251109_200804_461536_21_additem_clicked.png
‚è± Immediate check for Invoice No: expected='6978029002', ui_val='6978029002'
‚è± Immediate check for Content Name (Goods Name): expected='PPC BAG', ui_val='PPC BAG'
üì∏ C:\KSS_Working\screenshots\UltraTechCement_Invoice_20251109_200804_461536_22_insertitem_contentname.png
‚è± Immediate check for Actual Weight: expected='13.000', ui_val='13.000'
‚è± Immediate check for E-WayBill ValidUpto: expected='05-10-2025 23:59:00', ui_val='05/10/2025'
‚è± Immediate check for Invoice Date: expected='04.10.2025', ui_val='04/10/2025'
‚è± Immediate check for E-Way Bill Date: expected='04.10.2025', ui_val='04/10/2025'
‚è± Immediate check for E-Way Bill No: expected='None', ui_val=''
‚Üª E-Way Bill No: first immediate check failed ‚Äî retrying once.
‚è± Immediate check for E-Way Bill No: expected='None', ui_val=''
‚ùå E-Way Bill No failed after retry.
üì∏ C:\KSS_Working\screenshots\UltraTechCement_Invoice_20251109_200804_461536_UltraTechCement_Invoice_20251109_200804_461536_E-Way Bill No_failed_after_retry.png
üì∏ C:\KSS_Working\screenshots\UltraTechCement_Invoice_20251109_200804_461536_22_insertitem_filled.png
üì∏ C:\KSS_Working\screenshots\UltraTechCement_Invoice_20251109_200804_461536_24_addinvoice_clicked.png
üì∏ C:\KSS_Working\screenshots\UltraTechCement_Invoice_20251109_200804_461536_25_insertitem_closed.png
‚è± Immediate check for Rate: expected='822.00', ui_val='822'
üì∏ C:\KSS_Working\screenshots\UltraTechCement_Invoice_20251109_200804_461536_27_rate_filled.png
‚úÖ Popup closed with selector: id=btn-ok
‚ÑπÔ∏è Post-rate generic popup closed.

================= FIELD ENTRY AUDIT (DB vs ERP UI) =================
Field                    OK  Score  Mode      Expected  |  UI
-------------------------------------------------------------
Consignment No           ‚úî   1.0    equals    6661  |  6661
                             note: numeric~= OK
Date                     ‚úî   1.0    date      04.10.2025  |  04/10/2025
                             note: date normalized OK
Source                   ‚úî   1.0    equals    ARAKKONAM  |  ARAKKONAM
                             note: fuzzy OK
Destination              ‚úñ   0.0    equals    VILLUPURAM  |  
                             note: UI empty
Destination              ‚úñ   0.0    equals    VILLUPURAM  |  
                             note: UI empty
Destination              ‚úñ   0.0    equals    VILLUPURAM  |  
                             note: not persisted (ERP doesn't have this value)
Vehicle                  ‚úî   1.0    equals    TN88L6496  |  TN88L6496
                             note: numeric~= OK
E-Way Bill No            ‚úî   1.0    contains  None  |  None
                             note: substring OK
Consignor                ‚úî   1.0    contains  UltraTech Cement Limited  |  ULTRATECH CEMENT LIMITED-AKM
                             note: substring OK
GST Type                 ‚úî   1.0    equals    Unregistered  |  Unregistered
                             note: fuzzy OK
Consignee                ‚úî   1.0    equals    SPYN ASSOCIATES LLP  |  SPYN ASSOCIATES LLP
                             note: fuzzy OK
Delivery Address         ‚úî   1.0    equals    CHITTERI POST, 631003  |  CHITTERI POST, 631003
                             note: numeric~= OK
Delivery Address         ‚úî   1.0    equals    CHITTERI POST, 631003  |  CHITTERI POST, 631003
                             note: numeric~= OK
Invoice No               ‚úî   1.0    equals    6978029002  |  6978029002
                             note: numeric~= OK
Content Name (Goods Name) ‚úî   1.0    equals    PPC BAG  |  PPC BAG
                             note: fuzzy OK
Actual Weight            ‚úî   1.0    equals    13.000  |  13.000
                             note: numeric~= OK
E-WayBill ValidUpto      ‚úî   1.0    date      05-10-2025 23:59:00  |  05/10/2025
                             note: date normalized OK
Invoice Date             ‚úî   1.0    date      04.10.2025  |  04/10/2025
                             note: date normalized OK
E-Way Bill Date          ‚úî   1.0    date      04.10.2025  |  04/10/2025
                             note: date normalized OK
E-Way Bill No            ‚úñ   0.0    contains  None  |  
                             note: UI empty
E-Way Bill No            ‚úñ   0.0    contains  None  |  
                             note: UI empty
Rate                     ‚úî   1.0    equals    822.00  |  822
                             note: numeric~= OK
-------------------------------------------------------------
‚ùå Result: 5 field(s) failed 70% rule / empty mismatch.
====================================================================

üóÉÔ∏è ValidationStatus saved into extracted_json for doc_id=74
‚ùå doc_id 74 marked Failed due to validation errors.
‚è≥ Waiting 5s before closing browser...

‚ñ∂Ô∏è Claimed doc_id=76, file=UltraTechCement_Invoice_20251109_200804_565940.pdf
üì∏ C:\KSS_Working\screenshots\00_login_page.png
üì∏ C:\KSS_Working\screenshots\01_credentials_typed.png
‚úÖ Clicked Sign in
üìó Using extracted_json (status NOT STARTED or other).
‚ö†Ô∏è select_branch attempt failed for 'ARAKONAM': Message: Could not locate element with visible text: ARAKONAM; For documentation on this error, please visit: https://www.selenium.dev/documentation/webdriver/troubleshooting/errors#nosuchelementexception

‚úÖ Branch selected: ARAKKONAM
üì∏ C:\KSS_Working\screenshots\02_branch_selected.png
üì∏ C:\KSS_Working\screenshots\popup_handled_after_submit_attempt_1.png
‚úÖ Branch Submit clicked (handled popups if any)
üì∏ C:\KSS_Working\screenshots\03_after_branch_submit.png
‚úÖ select_branch succeeded for fallback 'ARAKKONAM'
‚è≥ Waiting for Operations tile...
‚ö†Ô∏è Operations tile not found in time (Message: 
), navigating directly to MENU_URL
üì∏ C:\KSS_Working\screenshots\04_on_menu_page_attempt_1.png
‚úÖ On Menu page
üì∏ C:\KSS_Working\screenshots\05_booking_operation_expanded.png
‚úÖ Booking Operation expanded
üì∏ C:\KSS_Working\screenshots\06_consignment_clicked.png
‚úÖ Consignment clicked
‚úÖ API clicked; checking for iframe...
üîç Found iframes: 1
üîÑ Switched into iframe
üì∏ C:\KSS_Working\screenshots\07_consignment_form_ready.png
üéØ Consignment form is open and ready inside iframe
üì∏ C:\KSS_Working\screenshots\08_date_field_ready.png
üìÖ Date field is also ready
üì∏ C:\KSS_Working\screenshots\UltraTechCement_Invoice_20251109_200804_565940_08_consignment_no_typed.png
‚è± Immediate check for Consignment No: expected='6679', ui_val='6679'
üì∏ C:\KSS_Working\screenshots\UltraTechCement_Invoice_20251109_200804_565940_08_consignment_no.png
‚è± Immediate check for Date: expected='05.10.2025', ui_val='05/10/2025'
üì∏ C:\KSS_Working\screenshots\UltraTechCement_Invoice_20251109_200804_565940_09_date_filled.png
‚è± Immediate check for Source: expected='ARAKKONAM', ui_val='ARAKKONAM'
üì∏ C:\KSS_Working\screenshots\UltraTechCement_Invoice_20251109_200804_565940_10_source_filled.png
‚è± Immediate check for Destination: expected='KOVILAMBAKKAM', ui_val='KOVILAMBAKKAM'
üì∏ C:\KSS_Working\screenshots\UltraTechCement_Invoice_20251109_200804_565940_11_destination_filled.png
‚è± Immediate check for Vehicle: expected='TN88L6472', ui_val='TN88L6472'
üì∏ C:\KSS_Working\screenshots\UltraTechCement_Invoice_20251109_200804_565940_12_vehicle_filled.png
‚è± Immediate check for E-Way Bill No: expected='551887587802', ui_val='551887587802'
üì∏ C:\KSS_Working\screenshots\UltraTechCement_Invoice_20251109_200804_565940_13_ewaybill_filled.png
‚è± Immediate check for Consignor: expected='UltraTech Cement Limited', ui_val='ULTRATECH CEMENT LIMITED-AKM'
üì∏ C:\KSS_Working\screenshots\UltraTechCement_Invoice_20251109_200804_565940_15_consignor_filled.png
‚è± Immediate check for GST Type: expected='Unregistered', ui_val='Unregistered'
üì∏ C:\KSS_Working\screenshots\UltraTechCement_Invoice_20251109_200804_565940_17_gsttype_filled.png
‚è± Immediate check for Consignee: expected='THANGAM HARDWARDE STORES', ui_val=''
‚Üª Consignee: first immediate check failed ‚Äî retrying once.
‚è± Immediate check for Consignee: expected='THANGAM HARDWARDE STORES', ui_val=''
‚ùå Consignee failed after retry.
üì∏ C:\KSS_Working\screenshots\UltraTechCement_Invoice_20251109_200804_565940_UltraTechCement_Invoice_20251109_200804_565940_Consignee_failed_after_retry.png
üì∏ C:\KSS_Working\screenshots\UltraTechCement_Invoice_20251109_200804_565940_18_consignee_filled.png
‚ùå Persist check failed for Consignee: cleared after blur.
‚è± Immediate check for Delivery Address: expected='HCEMENT LIMITED, Chitteri Post, 631003', ui_val='HCEMENT LIMITED, Chitteri Post, 631003'
‚Üª Delivery Address: first immediate check failed ‚Äî retrying once.
‚è± Immediate check for Delivery Address: expected='HCEMENT LIMITED, Chitteri Post, 631003', ui_val='HCEMENT LIMITED, Chitteri Post, 631003'
‚úÖ Delivery Address passed on retry.
üì∏ C:\KSS_Working\screenshots\UltraTechCement_Invoice_20251109_200804_565940_19_deliveryaddress_filled.png
üì∏ C:\KSS_Working\screenshots\UltraTechCement_Invoice_20251109_200804_565940_21_additem_clicked.png
‚è± Immediate check for Invoice No: expected='6978029251', ui_val='6978029251'
‚è± Immediate check for Content Name (Goods Name): expected='PPC BAG', ui_val='PPC BAG'
üì∏ C:\KSS_Working\screenshots\UltraTechCement_Invoice_20251109_200804_565940_22_insertitem_contentname.png
‚è± Immediate check for Actual Weight: expected='13.000', ui_val='13.000'
‚è± Immediate check for E-WayBill ValidUpto: expected='06-10-2025 23:59:00', ui_val='06/10/2025'
‚è± Immediate check for Invoice Date: expected='05.10.2025', ui_val='05/10/2025'
‚è± Immediate check for E-Way Bill Date: expected='05.10.2025', ui_val='05/10/2025'
‚è± Immediate check for E-Way Bill No: expected='551887587802', ui_val='551887587802'
üì∏ C:\KSS_Working\screenshots\UltraTechCement_Invoice_20251109_200804_565940_22_insertitem_filled.png
üì∏ C:\KSS_Working\screenshots\UltraTechCement_Invoice_20251109_200804_565940_24_addinvoice_clicked.png
üì∏ C:\KSS_Working\screenshots\UltraTechCement_Invoice_20251109_200804_565940_25_insertitem_closed.png
‚è± Immediate check for Rate: expected='615.00', ui_val='615'
üì∏ C:\KSS_Working\screenshots\UltraTechCement_Invoice_20251109_200804_565940_27_rate_filled.png
‚úÖ Popup closed with selector: id=btn-ok
‚ÑπÔ∏è Post-rate generic popup closed.

================= FIELD ENTRY AUDIT (DB vs ERP UI) =================
Field                    OK  Score  Mode      Expected  |  UI
-------------------------------------------------------------
Consignment No           ‚úî   1.0    equals    6679  |  6679
                             note: numeric~= OK
Date                     ‚úî   1.0    date      05.10.2025  |  05/10/2025
                             note: date normalized OK
Source                   ‚úî   1.0    equals    ARAKKONAM  |  ARAKKONAM
                             note: fuzzy OK
Destination              ‚úî   1.0    equals    KOVILAMBAKKAM  |  KOVILAMBAKKAM
                             note: fuzzy OK
Vehicle                  ‚úî   1.0    equals    TN88L6472  |  TN88L6472
                             note: numeric~= OK
E-Way Bill No            ‚úî   1.0    contains  551887587802  |  551887587802
                             note: substring OK
Consignor                ‚úî   1.0    contains  UltraTech Cement Limited  |  ULTRATECH CEMENT LIMITED-AKM
                             note: substring OK
GST Type                 ‚úî   1.0    equals    Unregistered  |  Unregistered
                             note: fuzzy OK
Consignee                ‚úñ   0.0    equals    THANGAM HARDWARDE STORES  |  
                             note: UI empty
Consignee                ‚úñ   0.0    equals    THANGAM HARDWARDE STORES  |  
                             note: UI empty
Consignee                ‚úñ   0.0    equals    THANGAM HARDWARDE STORES  |  
                             note: not persisted (ERP doesn't have this value)
Delivery Address         ‚úî   1.0    equals    HCEMENT LIMITED, Chitteri Post, 631003  |  HCEMENT LIMITED, Chitteri Post, 631003
                             note: numeric~= OK
Delivery Address         ‚úî   1.0    equals    HCEMENT LIMITED, Chitteri Post, 631003  |  HCEMENT LIMITED, Chitteri Post, 631003
                             note: numeric~= OK
Invoice No               ‚úî   1.0    equals    6978029251  |  6978029251
                             note: numeric~= OK
Content Name (Goods Name) ‚úî   1.0    equals    PPC BAG  |  PPC BAG
                             note: fuzzy OK
Actual Weight            ‚úî   1.0    equals    13.000  |  13.000
                             note: numeric~= OK
E-WayBill ValidUpto      ‚úî   1.0    date      06-10-2025 23:59:00  |  06/10/2025
                             note: date normalized OK
Invoice Date             ‚úî   1.0    date      05.10.2025  |  05/10/2025
                             note: date normalized OK
E-Way Bill Date          ‚úî   1.0    date      05.10.2025  |  05/10/2025
                             note: date normalized OK
E-Way Bill No            ‚úî   1.0    contains  551887587802  |  551887587802
                             note: substring OK
Rate                     ‚úî   1.0    equals    615.00  |  615
                             note: numeric~= OK
-------------------------------------------------------------
‚ùå Result: 3 field(s) failed 70% rule / empty mismatch.
====================================================================

üóÉÔ∏è ValidationStatus saved into extracted_json for doc_id=76
‚ùå doc_id 76 marked Failed due to validation errors.
‚è≥ Waiting 5s before closing browser...
‚ö†Ô∏è No pending rows found. Exiting loop.
üèÅ Finished DB loop.
[01:49] Execution finished. 
 
[02:19] Starting main.py 
‚úÖ Connected to Remote PostgreSQL
üöÄ Starting DB driven processing loop...
‚ö†Ô∏è No pending rows found. Exiting loop.
üèÅ Finished DB loop.
[02:19] Execution finished. 
 
[02:24] Starting main.py 
‚úÖ Connected to Remote PostgreSQL
üöÄ Starting DB driven processing loop...
‚ö†Ô∏è No pending rows found. Exiting loop.
üèÅ Finished DB loop.
[02:24] Execution finished. 
 
[02:29] Starting main.py 
‚úÖ Connected to Remote PostgreSQL
üöÄ Starting DB driven processing loop...
‚ö†Ô∏è No pending rows found. Exiting loop.
üèÅ Finished DB loop.
[02:29] Execution finished. 
 
[02:34] Starting main.py 
‚úÖ Connected to Remote PostgreSQL
üöÄ Starting DB driven processing loop...
‚ö†Ô∏è No pending rows found. Exiting loop.
üèÅ Finished DB loop.
[02:34] Execution finished. 
 
[02:39] Starting main.py 
‚úÖ Connected to Remote PostgreSQL
üöÄ Starting DB driven processing loop...
‚ö†Ô∏è No pending rows found. Exiting loop.
üèÅ Finished DB loop.
[02:39] Execution finished. 
 
[02:44] Starting main.py 
‚úÖ Connected to Remote PostgreSQL
üöÄ Starting DB driven processing loop...
‚ö†Ô∏è No pending rows found. Exiting loop.
üèÅ Finished DB loop.
[02:44] Execution finished. 
 
[02:49] Starting main.py 
‚úÖ Connected to Remote PostgreSQL
üöÄ Starting DB driven processing loop...
‚ö†Ô∏è No pending rows found. Exiting loop.
üèÅ Finished DB loop.
[02:49] Execution finished. 
 
[02:54] Starting main.py 
‚úÖ Connected to Remote PostgreSQL
üöÄ Starting DB driven processing loop...
‚ö†Ô∏è No pending rows found. Exiting loop.
üèÅ Finished DB loop.
[02:54] Execution finished. 
 
[02:59] Starting main.py 
‚úÖ Connected to Remote PostgreSQL
üöÄ Starting DB driven processing loop...
‚ö†Ô∏è No pending rows found. Exiting loop.
üèÅ Finished DB loop.
[02:59] Execution finished. 
 
[03:04] Starting main.py 
‚úÖ Connected to Remote PostgreSQL
üöÄ Starting DB driven processing loop...
‚ö†Ô∏è No pending rows found. Exiting loop.
üèÅ Finished DB loop.
[03:04] Execution finished. 
 
[03:09] Starting main.py 
‚úÖ Connected to Remote PostgreSQL
üöÄ Starting DB driven processing loop...
‚ö†Ô∏è No pending rows found. Exiting loop.
üèÅ Finished DB loop.
[03:09] Execution finished. 
 
[03:14] Starting main.py 
‚úÖ Connected to Remote PostgreSQL
üöÄ Starting DB driven processing loop...
‚ö†Ô∏è No pending rows found. Exiting loop.
üèÅ Finished DB loop.
[03:14] Execution finished. 
 
[03:19] Starting main.py 
‚úÖ Connected to Remote PostgreSQL
üöÄ Starting DB driven processing loop...
‚ö†Ô∏è No pending rows found. Exiting loop.
üèÅ Finished DB loop.
[03:19] Execution finished. 
 
[03:24] Starting main.py 
‚úÖ Connected to Remote PostgreSQL
üöÄ Starting DB driven processing loop...
‚ö†Ô∏è No pending rows found. Exiting loop.
üèÅ Finished DB loop.
[03:24] Execution finished. 
 
[03:29] Starting main.py 
‚úÖ Connected to Remote PostgreSQL
üöÄ Starting DB driven processing loop...
‚ö†Ô∏è No pending rows found. Exiting loop.
üèÅ Finished DB loop.
[03:29] Execution finished. 
 
[03:34] Starting main.py 
‚úÖ Connected to Remote PostgreSQL
üöÄ Starting DB driven processing loop...
‚ö†Ô∏è No pending rows found. Exiting loop.
üèÅ Finished DB loop.
[03:34] Execution finished. 
 
[03:39] Starting main.py 
‚úÖ Connected to Remote PostgreSQL
üöÄ Starting DB driven processing loop...
‚ö†Ô∏è No pending rows found. Exiting loop.
üèÅ Finished DB loop.
[03:39] Execution finished. 
 
[03:44] Starting main.py 
‚úÖ Connected to Remote PostgreSQL
üöÄ Starting DB driven processing loop...
‚ö†Ô∏è No pending rows found. Exiting loop.
üèÅ Finished DB loop.
[03:44] Execution finished. 
 
[03:49] Starting main.py 
‚úÖ Connected to Remote PostgreSQL
üöÄ Starting DB driven processing loop...
‚ö†Ô∏è No pending rows found. Exiting loop.
üèÅ Finished DB loop.
[03:49] Execution finished. 
 
[03:54] Starting main.py 
‚úÖ Connected to Remote PostgreSQL
üöÄ Starting DB driven processing loop...
‚ö†Ô∏è No pending rows found. Exiting loop.
üèÅ Finished DB loop.
[03:54] Execution finished. 
 
[03:59] Starting main.py 
‚úÖ Connected to Remote PostgreSQL
üöÄ Starting DB driven processing loop...
‚ö†Ô∏è No pending rows found. Exiting loop.
üèÅ Finished DB loop.
[03:59] Execution finished. 
 
[04:04] Starting main.py 
‚úÖ Connected to Remote PostgreSQL
üöÄ Starting DB driven processing loop...
‚ö†Ô∏è No pending rows found. Exiting loop.
üèÅ Finished DB loop.
[04:04] Execution finished. 
 
[04:09] Starting main.py 
‚úÖ Connected to Remote PostgreSQL
üöÄ Starting DB driven processing loop...
‚ö†Ô∏è No pending rows found. Exiting loop.
üèÅ Finished DB loop.
[04:09] Execution finished. 
 
[04:14] Starting main.py 
‚úÖ Connected to Remote PostgreSQL
üöÄ Starting DB driven processing loop...
‚ö†Ô∏è No pending rows found. Exiting loop.
üèÅ Finished DB loop.
[04:14] Execution finished. 
 
[04:19] Starting main.py 
‚úÖ Connected to Remote PostgreSQL
üöÄ Starting DB driven processing loop...
‚ö†Ô∏è No pending rows found. Exiting loop.
üèÅ Finished DB loop.
[04:19] Execution finished. 
 
[04:24] Starting main.py 
‚úÖ Connected to Remote PostgreSQL
üöÄ Starting DB driven processing loop...
‚ö†Ô∏è No pending rows found. Exiting loop.
üèÅ Finished DB loop.
[04:24] Execution finished. 
 
[04:29] Starting main.py 
‚úÖ Connected to Remote PostgreSQL
üöÄ Starting DB driven processing loop...
‚ö†Ô∏è No pending rows found. Exiting loop.
üèÅ Finished DB loop.
[04:29] Execution finished. 
 
[04:34] Starting main.py 
‚úÖ Connected to Remote PostgreSQL
üöÄ Starting DB driven processing loop...
‚ö†Ô∏è No pending rows found. Exiting loop.
üèÅ Finished DB loop.
[04:34] Execution finished. 
 
[04:39] Starting main.py 
‚úÖ Connected to Remote PostgreSQL
üöÄ Starting DB driven processing loop...
‚ö†Ô∏è No pending rows found. Exiting loop.
üèÅ Finished DB loop.
[04:39] Execution finished. 
 
[04:44] Starting main.py 
‚úÖ Connected to Remote PostgreSQL
üöÄ Starting DB driven processing loop...
‚ö†Ô∏è No pending rows found. Exiting loop.
üèÅ Finished DB loop.
[04:44] Execution finished. 
 
[04:49] Starting main.py 
‚úÖ Connected to Remote PostgreSQL
üöÄ Starting DB driven processing loop...
‚ö†Ô∏è No pending rows found. Exiting loop.
üèÅ Finished DB loop.
[04:49] Execution finished. 
 
[04:54] Starting main.py 
‚úÖ Connected to Remote PostgreSQL
üöÄ Starting DB driven processing loop...
‚ö†Ô∏è No pending rows found. Exiting loop.
üèÅ Finished DB loop.
[04:54] Execution finished. 
 
[04:59] Starting main.py 
‚úÖ Connected to Remote PostgreSQL
üöÄ Starting DB driven processing loop...
‚ö†Ô∏è No pending rows found. Exiting loop.
üèÅ Finished DB loop.
[04:59] Execution finished. 
 
[05:04] Starting main.py 
‚úÖ Connected to Remote PostgreSQL
üöÄ Starting DB driven processing loop...
‚ö†Ô∏è No pending rows found. Exiting loop.
üèÅ Finished DB loop.
[05:04] Execution finished. 
 
[05:09] Starting main.py 
‚úÖ Connected to Remote PostgreSQL
üöÄ Starting DB driven processing loop...
‚ö†Ô∏è No pending rows found. Exiting loop.
üèÅ Finished DB loop.
[05:09] Execution finished. 
 
[05:14] Starting main.py 
‚úÖ Connected to Remote PostgreSQL
üöÄ Starting DB driven processing loop...
‚ö†Ô∏è No pending rows found. Exiting loop.
üèÅ Finished DB loop.
[05:14] Execution finished. 
 
[05:19] Starting main.py 
‚úÖ Connected to Remote PostgreSQL
üöÄ Starting DB driven processing loop...
‚ö†Ô∏è No pending rows found. Exiting loop.
üèÅ Finished DB loop.
[05:19] Execution finished. 
 
[05:24] Starting main.py 
‚úÖ Connected to Remote PostgreSQL
üöÄ Starting DB driven processing loop...
‚ö†Ô∏è No pending rows found. Exiting loop.
üèÅ Finished DB loop.
[05:24] Execution finished. 
 
[05:29] Starting main.py 
‚úÖ Connected to Remote PostgreSQL
üöÄ Starting DB driven processing loop...
‚ö†Ô∏è No pending rows found. Exiting loop.
üèÅ Finished DB loop.
[05:29] Execution finished. 
 
[05:34] Starting main.py 
‚úÖ Connected to Remote PostgreSQL
üöÄ Starting DB driven processing loop...
‚ö†Ô∏è No pending rows found. Exiting loop.
üèÅ Finished DB loop.
[05:34] Execution finished. 
 
[05:39] Starting main.py 
‚úÖ Connected to Remote PostgreSQL
üöÄ Starting DB driven processing loop...
‚ö†Ô∏è No pending rows found. Exiting loop.
üèÅ Finished DB loop.
[05:39] Execution finished. 
 
[05:44] Starting main.py 
‚úÖ Connected to Remote PostgreSQL
üöÄ Starting DB driven processing loop...
‚ö†Ô∏è No pending rows found. Exiting loop.
üèÅ Finished DB loop.
[05:44] Execution finished. 
 
[05:49] Starting main.py 
‚úÖ Connected to Remote PostgreSQL
üöÄ Starting DB driven processing loop...
‚ö†Ô∏è No pending rows found. Exiting loop.
üèÅ Finished DB loop.
[05:49] Execution finished. 
 
[05:54] Starting main.py 
‚úÖ Connected to Remote PostgreSQL
üöÄ Starting DB driven processing loop...
‚ö†Ô∏è No pending rows found. Exiting loop.
üèÅ Finished DB loop.
[05:54] Execution finished. 
 
[05:59] Starting main.py 
‚úÖ Connected to Remote PostgreSQL
üöÄ Starting DB driven processing loop...
‚ö†Ô∏è No pending rows found. Exiting loop.
üèÅ Finished DB loop.
[05:59] Execution finished. 
 
[06:04] Starting main.py 
‚úÖ Connected to Remote PostgreSQL
üöÄ Starting DB driven processing loop...
‚ö†Ô∏è No pending rows found. Exiting loop.
üèÅ Finished DB loop.
[06:04] Execution finished. 
 
[06:09] Starting main.py 
‚úÖ Connected to Remote PostgreSQL
üöÄ Starting DB driven processing loop...
‚ö†Ô∏è No pending rows found. Exiting loop.
üèÅ Finished DB loop.
[06:09] Execution finished. 
 
[06:14] Starting main.py 
‚úÖ Connected to Remote PostgreSQL
üöÄ Starting DB driven processing loop...
‚ö†Ô∏è No pending rows found. Exiting loop.
üèÅ Finished DB loop.
[06:14] Execution finished. 
 
[06:19] Starting main.py 
‚úÖ Connected to Remote PostgreSQL
üöÄ Starting DB driven processing loop...
‚ö†Ô∏è No pending rows found. Exiting loop.
üèÅ Finished DB loop.
[06:19] Execution finished. 
 
[06:24] Starting main.py 
‚úÖ Connected to Remote PostgreSQL
üöÄ Starting DB driven processing loop...
‚ö†Ô∏è No pending rows found. Exiting loop.
üèÅ Finished DB loop.
[06:24] Execution finished. 
 
[06:29] Starting main.py 
‚úÖ Connected to Remote PostgreSQL
üöÄ Starting DB driven processing loop...
‚ö†Ô∏è No pending rows found. Exiting loop.
üèÅ Finished DB loop.
[06:29] Execution finished. 
 
[06:34] Starting main.py 
‚úÖ Connected to Remote PostgreSQL
üöÄ Starting DB driven processing loop...
‚ö†Ô∏è No pending rows found. Exiting loop.
üèÅ Finished DB loop.
[06:34] Execution finished. 
 
[06:39] Starting main.py 
‚úÖ Connected to Remote PostgreSQL
üöÄ Starting DB driven processing loop...
‚ö†Ô∏è No pending rows found. Exiting loop.
üèÅ Finished DB loop.
[06:39] Execution finished. 
 
[06:44] Starting main.py 
‚úÖ Connected to Remote PostgreSQL
üöÄ Starting DB driven processing loop...
‚ö†Ô∏è No pending rows found. Exiting loop.
üèÅ Finished DB loop.
[06:44] Execution finished. 
 
[06:49] Starting main.py 
‚úÖ Connected to Remote PostgreSQL
üöÄ Starting DB driven processing loop...
‚ö†Ô∏è No pending rows found. Exiting loop.
üèÅ Finished DB loop.
[06:49] Execution finished. 
 
[06:54] Starting main.py 
‚úÖ Connected to Remote PostgreSQL
üöÄ Starting DB driven processing loop...
‚ö†Ô∏è No pending rows found. Exiting loop.
üèÅ Finished DB loop.
[06:54] Execution finished. 
 
[06:59] Starting main.py 
‚úÖ Connected to Remote PostgreSQL
üöÄ Starting DB driven processing loop...
‚ö†Ô∏è No pending rows found. Exiting loop.
üèÅ Finished DB loop.
[06:59] Execution finished. 
 
[07:04] Starting main.py 
‚úÖ Connected to Remote PostgreSQL
üöÄ Starting DB driven processing loop...
‚ö†Ô∏è No pending rows found. Exiting loop.
üèÅ Finished DB loop.
[07:04] Execution finished. 
 
[07:09] Starting main.py 
‚úÖ Connected to Remote PostgreSQL
üöÄ Starting DB driven processing loop...
‚ö†Ô∏è No pending rows found. Exiting loop.
üèÅ Finished DB loop.
[07:09] Execution finished. 
 
[07:14] Starting main.py 
‚úÖ Connected to Remote PostgreSQL
üöÄ Starting DB driven processing loop...
‚ö†Ô∏è No pending rows found. Exiting loop.
üèÅ Finished DB loop.
[07:14] Execution finished. 
 
[07:19] Starting main.py 
‚úÖ Connected to Remote PostgreSQL
üöÄ Starting DB driven processing loop...
‚ö†Ô∏è No pending rows found. Exiting loop.
üèÅ Finished DB loop.
[07:19] Execution finished. 
 
[07:24] Starting main.py 
‚úÖ Connected to Remote PostgreSQL
üöÄ Starting DB driven processing loop...
‚ö†Ô∏è No pending rows found. Exiting loop.
üèÅ Finished DB loop.
[07:24] Execution finished. 
 
[07:29] Starting main.py 
‚úÖ Connected to Remote PostgreSQL
üöÄ Starting DB driven processing loop...
‚ö†Ô∏è No pending rows found. Exiting loop.
üèÅ Finished DB loop.
[07:29] Execution finished. 
 
[07:34] Starting main.py 
‚úÖ Connected to Remote PostgreSQL
üöÄ Starting DB driven processing loop...
‚ö†Ô∏è No pending rows found. Exiting loop.
üèÅ Finished DB loop.
[07:34] Execution finished. 
 
[07:39] Starting main.py 
‚úÖ Connected to Remote PostgreSQL
üöÄ Starting DB driven processing loop...
‚ö†Ô∏è No pending rows found. Exiting loop.
üèÅ Finished DB loop.
[07:39] Execution finished. 
 
[07:44] Starting main.py 
‚úÖ Connected to Remote PostgreSQL
üöÄ Starting DB driven processing loop...
‚ö†Ô∏è No pending rows found. Exiting loop.
üèÅ Finished DB loop.
[07:44] Execution finished. 
 
[07:49] Starting main.py 
‚úÖ Connected to Remote PostgreSQL
üöÄ Starting DB driven processing loop...
‚ö†Ô∏è No pending rows found. Exiting loop.
üèÅ Finished DB loop.
[07:49] Execution finished. 
 
[07:54] Starting main.py 
‚úÖ Connected to Remote PostgreSQL
üöÄ Starting DB driven processing loop...
‚ö†Ô∏è No pending rows found. Exiting loop.
üèÅ Finished DB loop.
[07:54] Execution finished. 
 
[07:59] Starting main.py 
‚úÖ Connected to Remote PostgreSQL
üöÄ Starting DB driven processing loop...
‚ö†Ô∏è No pending rows found. Exiting loop.
üèÅ Finished DB loop.
[07:59] Execution finished. 
 
[08:04] Starting main.py 
‚úÖ Connected to Remote PostgreSQL
üöÄ Starting DB driven processing loop...
‚ö†Ô∏è No pending rows found. Exiting loop.
üèÅ Finished DB loop.
[08:04] Execution finished. 
 
[08:09] Starting main.py 
‚úÖ Connected to Remote PostgreSQL
üöÄ Starting DB driven processing loop...
‚ö†Ô∏è No pending rows found. Exiting loop.
üèÅ Finished DB loop.
[08:09] Execution finished. 
 
[08:14] Starting main.py 
‚úÖ Connected to Remote PostgreSQL
üöÄ Starting DB driven processing loop...
‚ö†Ô∏è No pending rows found. Exiting loop.
üèÅ Finished DB loop.
[08:14] Execution finished. 
 
[08:19] Starting main.py 
‚úÖ Connected to Remote PostgreSQL
üöÄ Starting DB driven processing loop...
‚ö†Ô∏è No pending rows found. Exiting loop.
üèÅ Finished DB loop.
[08:19] Execution finished. 
 
[08:24] Starting main.py 
‚úÖ Connected to Remote PostgreSQL
üöÄ Starting DB driven processing loop...
‚ö†Ô∏è No pending rows found. Exiting loop.
üèÅ Finished DB loop.
[08:24] Execution finished. 
 
[08:29] Starting main.py 
‚úÖ Connected to Remote PostgreSQL
üöÄ Starting DB driven processing loop...
‚ö†Ô∏è No pending rows found. Exiting loop.
üèÅ Finished DB loop.
[08:29] Execution finished. 
 
[08:34] Starting main.py 
‚úÖ Connected to Remote PostgreSQL
üöÄ Starting DB driven processing loop...
‚ö†Ô∏è No pending rows found. Exiting loop.
üèÅ Finished DB loop.
[08:34] Execution finished. 
 
[08:39] Starting main.py 
‚úÖ Connected to Remote PostgreSQL
üöÄ Starting DB driven processing loop...
‚ö†Ô∏è No pending rows found. Exiting loop.
üèÅ Finished DB loop.
[08:39] Execution finished. 
 
[08:44] Starting main.py 
‚úÖ Connected to Remote PostgreSQL
üöÄ Starting DB driven processing loop...
‚ö†Ô∏è No pending rows found. Exiting loop.
üèÅ Finished DB loop.
[08:44] Execution finished. 
 
[08:49] Starting main.py 
‚úÖ Connected to Remote PostgreSQL
üöÄ Starting DB driven processing loop...
‚ö†Ô∏è No pending rows found. Exiting loop.
üèÅ Finished DB loop.
[08:49] Execution finished. 
 
[08:54] Starting main.py 
‚úÖ Connected to Remote PostgreSQL
üöÄ Starting DB driven processing loop...
‚ö†Ô∏è No pending rows found. Exiting loop.
üèÅ Finished DB loop.
[08:54] Execution finished. 
 
[08:59] Starting main.py 
‚úÖ Connected to Remote PostgreSQL
üöÄ Starting DB driven processing loop...
‚ö†Ô∏è No pending rows found. Exiting loop.
üèÅ Finished DB loop.
[08:59] Execution finished. 
 
[09:04] Starting main.py 
‚úÖ Connected to Remote PostgreSQL
üöÄ Starting DB driven processing loop...
‚ö†Ô∏è No pending rows found. Exiting loop.
üèÅ Finished DB loop.
[09:04] Execution finished. 
 
[09:09] Starting main.py 
‚úÖ Connected to Remote PostgreSQL
üöÄ Starting DB driven processing loop...
‚ö†Ô∏è No pending rows found. Exiting loop.
üèÅ Finished DB loop.
[09:09] Execution finished. 
 
[09:14] Starting main.py 
‚úÖ Connected to Remote PostgreSQL
üöÄ Starting DB driven processing loop...
‚ö†Ô∏è No pending rows found. Exiting loop.
üèÅ Finished DB loop.
[09:14] Execution finished. 
 
[09:19] Starting main.py 
‚úÖ Connected to Remote PostgreSQL
üöÄ Starting DB driven processing loop...
‚ö†Ô∏è No pending rows found. Exiting loop.
üèÅ Finished DB loop.
[09:19] Execution finished. 
 
[09:24] Starting main.py 
‚úÖ Connected to Remote PostgreSQL
üöÄ Starting DB driven processing loop...
‚ö†Ô∏è No pending rows found. Exiting loop.
üèÅ Finished DB loop.
[09:24] Execution finished. 
 
[09:29] Starting main.py 
‚úÖ Connected to Remote PostgreSQL
üöÄ Starting DB driven processing loop...
‚ö†Ô∏è No pending rows found. Exiting loop.
üèÅ Finished DB loop.
[09:29] Execution finished. 
 
[09:34] Starting main.py 
‚úÖ Connected to Remote PostgreSQL
üöÄ Starting DB driven processing loop...
‚ö†Ô∏è No pending rows found. Exiting loop.
üèÅ Finished DB loop.
[09:34] Execution finished. 
 
[09:39] Starting main.py 
‚úÖ Connected to Remote PostgreSQL
üöÄ Starting DB driven processing loop...
‚ö†Ô∏è No pending rows found. Exiting loop.
üèÅ Finished DB loop.
[09:39] Execution finished. 
 
[09:44] Starting main.py 
‚úÖ Connected to Remote PostgreSQL
üöÄ Starting DB driven processing loop...
‚ö†Ô∏è No pending rows found. Exiting loop.
üèÅ Finished DB loop.
[09:44] Execution finished. 
 
[09:49] Starting main.py 
‚úÖ Connected to Remote PostgreSQL
üöÄ Starting DB driven processing loop...
‚ö†Ô∏è No pending rows found. Exiting loop.
üèÅ Finished DB loop.
[09:49] Execution finished. 
 
[09:54] Starting main.py 
‚úÖ Connected to Remote PostgreSQL
üöÄ Starting DB driven processing loop...
‚ö†Ô∏è No pending rows found. Exiting loop.
üèÅ Finished DB loop.
[09:54] Execution finished. 
 
[09:59] Starting main.py 
‚úÖ Connected to Remote PostgreSQL
üöÄ Starting DB driven processing loop...
‚ö†Ô∏è No pending rows found. Exiting loop.
üèÅ Finished DB loop.
[09:59] Execution finished. 
 
[10:04] Starting main.py 
‚úÖ Connected to Remote PostgreSQL
üöÄ Starting DB driven processing loop...
‚ö†Ô∏è No pending rows found. Exiting loop.
üèÅ Finished DB loop.
[10:04] Execution finished. 
 
[10:09] Starting main.py 
‚úÖ Connected to Remote PostgreSQL
üöÄ Starting DB driven processing loop...
‚ö†Ô∏è No pending rows found. Exiting loop.
üèÅ Finished DB loop.
[10:09] Execution finished. 
 
[10:14] Starting main.py 
‚úÖ Connected to Remote PostgreSQL
üöÄ Starting DB driven processing loop...
‚ö†Ô∏è No pending rows found. Exiting loop.
üèÅ Finished DB loop.
[10:14] Execution finished. 
 
[10:19] Starting main.py 
‚úÖ Connected to Remote PostgreSQL
üöÄ Starting DB driven processing loop...
‚ö†Ô∏è No pending rows found. Exiting loop.
üèÅ Finished DB loop.
[10:19] Execution finished. 
 
[10:24] Starting main.py 
‚úÖ Connected to Remote PostgreSQL
üöÄ Starting DB driven processing loop...
‚ö†Ô∏è No pending rows found. Exiting loop.
üèÅ Finished DB loop.
[10:24] Execution finished. 
 
[10:29] Starting main.py 
‚úÖ Connected to Remote PostgreSQL
üöÄ Starting DB driven processing loop...
‚ö†Ô∏è No pending rows found. Exiting loop.
üèÅ Finished DB loop.
[10:29] Execution finished. 
 
[10:34] Starting main.py 
‚úÖ Connected to Remote PostgreSQL
üöÄ Starting DB driven processing loop...
‚ö†Ô∏è No pending rows found. Exiting loop.
üèÅ Finished DB loop.
[10:34] Execution finished. 
 
[10:39] Starting main.py 
‚úÖ Connected to Remote PostgreSQL
üöÄ Starting DB driven processing loop...
‚ö†Ô∏è No pending rows found. Exiting loop.
üèÅ Finished DB loop.
[10:39] Execution finished. 
 
[10:44] Starting main.py 
‚úÖ Connected to Remote PostgreSQL
üöÄ Starting DB driven processing loop...
‚ö†Ô∏è No pending rows found. Exiting loop.
üèÅ Finished DB loop.
[10:44] Execution finished. 
 
[10:49] Starting main.py 
‚úÖ Connected to Remote PostgreSQL
üöÄ Starting DB driven processing loop...
‚ö†Ô∏è No pending rows found. Exiting loop.
üèÅ Finished DB loop.
[10:49] Execution finished. 
 
[10:54] Starting main.py 
‚úÖ Connected to Remote PostgreSQL
üöÄ Starting DB driven processing loop...
‚ö†Ô∏è No pending rows found. Exiting loop.
üèÅ Finished DB loop.
[10:54] Execution finished. 
 
[10:59] Starting main.py 
‚úÖ Connected to Remote PostgreSQL
üöÄ Starting DB driven processing loop...
‚ö†Ô∏è No pending rows found. Exiting loop.
üèÅ Finished DB loop.
[10:59] Execution finished. 
 
[11:04] Starting main.py 
‚úÖ Connected to Remote PostgreSQL
üöÄ Starting DB driven processing loop...
‚ö†Ô∏è No pending rows found. Exiting loop.
üèÅ Finished DB loop.
[11:04] Execution finished. 
 
[11:09] Starting main.py 
‚úÖ Connected to Remote PostgreSQL
üöÄ Starting DB driven processing loop...
‚ö†Ô∏è No pending rows found. Exiting loop.
üèÅ Finished DB loop.
[11:09] Execution finished. 
 
[11:14] Starting main.py 
‚úÖ Connected to Remote PostgreSQL
üöÄ Starting DB driven processing loop...
‚ö†Ô∏è No pending rows found. Exiting loop.
üèÅ Finished DB loop.
[11:14] Execution finished. 
 
[11:19] Starting main.py 
‚úÖ Connected to Remote PostgreSQL
üöÄ Starting DB driven processing loop...
‚ö†Ô∏è No pending rows found. Exiting loop.
üèÅ Finished DB loop.
[11:19] Execution finished. 
 
[11:24] Starting main.py 
‚úÖ Connected to Remote PostgreSQL
üöÄ Starting DB driven processing loop...
‚ö†Ô∏è No pending rows found. Exiting loop.
üèÅ Finished DB loop.
[11:24] Execution finished. 
 
[11:29] Starting main.py 
‚úÖ Connected to Remote PostgreSQL
üöÄ Starting DB driven processing loop...
‚ö†Ô∏è No pending rows found. Exiting loop.
üèÅ Finished DB loop.
[11:29] Execution finished. 
 
[11:34] Starting main.py 
‚úÖ Connected to Remote PostgreSQL
üöÄ Starting DB driven processing loop...
‚ö†Ô∏è No pending rows found. Exiting loop.
üèÅ Finished DB loop.
[11:34] Execution finished. 
 
[11:39] Starting main.py 
‚úÖ Connected to Remote PostgreSQL
üöÄ Starting DB driven processing loop...
‚ö†Ô∏è No pending rows found. Exiting loop.
üèÅ Finished DB loop.
[11:39] Execution finished. 
 
[11:44] Starting main.py 
‚úÖ Connected to Remote PostgreSQL
üöÄ Starting DB driven processing loop...
‚ö†Ô∏è No pending rows found. Exiting loop.
üèÅ Finished DB loop.
[11:44] Execution finished. 
 
[11:49] Starting main.py 
‚úÖ Connected to Remote PostgreSQL
üöÄ Starting DB driven processing loop...
‚ö†Ô∏è No pending rows found. Exiting loop.
üèÅ Finished DB loop.
[11:49] Execution finished. 
 
[11:54] Starting main.py 
‚úÖ Connected to Remote PostgreSQL
üöÄ Starting DB driven processing loop...
‚ö†Ô∏è No pending rows found. Exiting loop.
üèÅ Finished DB loop.
[11:54] Execution finished. 
 
[11:59] Starting main.py 
‚úÖ Connected to Remote PostgreSQL
üöÄ Starting DB driven processing loop...
‚ö†Ô∏è No pending rows found. Exiting loop.
üèÅ Finished DB loop.
[11:59] Execution finished. 
 
[12:04] Starting main.py 
‚úÖ Connected to Remote PostgreSQL
üöÄ Starting DB driven processing loop...
‚ö†Ô∏è No pending rows found. Exiting loop.
üèÅ Finished DB loop.
[12:04] Execution finished. 
 
[12:09] Starting main.py 
‚úÖ Connected to Remote PostgreSQL
üöÄ Starting DB driven processing loop...
‚ö†Ô∏è No pending rows found. Exiting loop.
üèÅ Finished DB loop.
[12:09] Execution finished. 
 
[12:14] Starting main.py 
‚úÖ Connected to Remote PostgreSQL
üöÄ Starting DB driven processing loop...
‚ö†Ô∏è No pending rows found. Exiting loop.
üèÅ Finished DB loop.
[12:14] Execution finished. 
 
[12:19] Starting main.py 
‚úÖ Connected to Remote PostgreSQL
üöÄ Starting DB driven processing loop...
‚ö†Ô∏è No pending rows found. Exiting loop.
üèÅ Finished DB loop.
[12:19] Execution finished. 
 
[12:24] Starting main.py 
‚úÖ Connected to Remote PostgreSQL
üöÄ Starting DB driven processing loop...
‚ö†Ô∏è No pending rows found. Exiting loop.
üèÅ Finished DB loop.
[12:24] Execution finished. 
 
[12:29] Starting main.py 
‚úÖ Connected to Remote PostgreSQL
üöÄ Starting DB driven processing loop...
‚ö†Ô∏è No pending rows found. Exiting loop.
üèÅ Finished DB loop.
[12:29] Execution finished. 
 
[12:34] Starting main.py 
‚úÖ Connected to Remote PostgreSQL
üöÄ Starting DB driven processing loop...
‚ö†Ô∏è No pending rows found. Exiting loop.
üèÅ Finished DB loop.
[12:34] Execution finished. 
 
[12:39] Starting main.py 
‚úÖ Connected to Remote PostgreSQL
üöÄ Starting DB driven processing loop...
‚ö†Ô∏è No pending rows found. Exiting loop.
üèÅ Finished DB loop.
[12:39] Execution finished. 
 
[12:44] Starting main.py 
‚úÖ Connected to Remote PostgreSQL
üöÄ Starting DB driven processing loop...
‚ö†Ô∏è No pending rows found. Exiting loop.
üèÅ Finished DB loop.
[12:44] Execution finished. 
 
[12:49] Starting main.py 
‚úÖ Connected to Remote PostgreSQL
üöÄ Starting DB driven processing loop...
‚ö†Ô∏è No pending rows found. Exiting loop.
üèÅ Finished DB loop.
[12:49] Execution finished. 
 
[12:54] Starting main.py 
‚úÖ Connected to Remote PostgreSQL
üöÄ Starting DB driven processing loop...
‚ö†Ô∏è No pending rows found. Exiting loop.
üèÅ Finished DB loop.
[12:54] Execution finished. 
 
[12:59] Starting main.py 
‚úÖ Connected to Remote PostgreSQL
üöÄ Starting DB driven processing loop...
‚ö†Ô∏è No pending rows found. Exiting loop.
üèÅ Finished DB loop.
[12:59] Execution finished. 
 
[13:04] Starting main.py 
‚úÖ Connected to Remote PostgreSQL
üöÄ Starting DB driven processing loop...
‚ö†Ô∏è No pending rows found. Exiting loop.
üèÅ Finished DB loop.
[13:04] Execution finished. 
 
[13:09] Starting main.py 
‚úÖ Connected to Remote PostgreSQL
üöÄ Starting DB driven processing loop...
‚ö†Ô∏è No pending rows found. Exiting loop.
üèÅ Finished DB loop.
[13:09] Execution finished. 
 
[13:14] Starting main.py 
‚úÖ Connected to Remote PostgreSQL
üöÄ Starting DB driven processing loop...
‚ö†Ô∏è No pending rows found. Exiting loop.
üèÅ Finished DB loop.
[13:14] Execution finished. 
 
[13:19] Starting main.py 
‚úÖ Connected to Remote PostgreSQL
üöÄ Starting DB driven processing loop...
‚ö†Ô∏è No pending rows found. Exiting loop.
üèÅ Finished DB loop.
[13:19] Execution finished. 
 
[13:24] Starting main.py 
‚úÖ Connected to Remote PostgreSQL
üöÄ Starting DB driven processing loop...
‚ö†Ô∏è No pending rows found. Exiting loop.
üèÅ Finished DB loop.
[13:24] Execution finished. 
 
[13:29] Starting main.py 
‚úÖ Connected to Remote PostgreSQL
üöÄ Starting DB driven processing loop...
‚ö†Ô∏è No pending rows found. Exiting loop.
üèÅ Finished DB loop.
[13:29] Execution finished. 
 
[13:34] Starting main.py 
‚úÖ Connected to Remote PostgreSQL
üöÄ Starting DB driven processing loop...
‚ö†Ô∏è No pending rows found. Exiting loop.
üèÅ Finished DB loop.
[13:34] Execution finished. 
 
[13:39] Starting main.py 
‚úÖ Connected to Remote PostgreSQL
üöÄ Starting DB driven processing loop...
‚ö†Ô∏è No pending rows found. Exiting loop.
üèÅ Finished DB loop.
[13:39] Execution finished. 
 
[13:44] Starting main.py 
‚úÖ Connected to Remote PostgreSQL
üöÄ Starting DB driven processing loop...
‚ö†Ô∏è No pending rows found. Exiting loop.
üèÅ Finished DB loop.
[13:44] Execution finished. 
 
[13:49] Starting main.py 
‚úÖ Connected to Remote PostgreSQL
üöÄ Starting DB driven processing loop...
‚ö†Ô∏è No pending rows found. Exiting loop.
üèÅ Finished DB loop.
[13:49] Execution finished. 
 
[13:54] Starting main.py 
‚úÖ Connected to Remote PostgreSQL
üöÄ Starting DB driven processing loop...
‚ö†Ô∏è No pending rows found. Exiting loop.
üèÅ Finished DB loop.
[13:54] Execution finished. 
 
[13:59] Starting main.py 
‚úÖ Connected to Remote PostgreSQL
üöÄ Starting DB driven processing loop...
‚ö†Ô∏è No pending rows found. Exiting loop.
üèÅ Finished DB loop.
[13:59] Execution finished. 
 
[14:04] Starting main.py 
‚úÖ Connected to Remote PostgreSQL
üöÄ Starting DB driven processing loop...
‚ö†Ô∏è No pending rows found. Exiting loop.
üèÅ Finished DB loop.
[14:04] Execution finished. 
 
[14:09] Starting main.py 
‚úÖ Connected to Remote PostgreSQL
üöÄ Starting DB driven processing loop...
‚ö†Ô∏è No pending rows found. Exiting loop.
üèÅ Finished DB loop.
[14:09] Execution finished. 
 
[14:14] Starting main.py 
‚úÖ Connected to Remote PostgreSQL
üöÄ Starting DB driven processing loop...
‚ö†Ô∏è No pending rows found. Exiting loop.
üèÅ Finished DB loop.
[14:14] Execution finished. 
 
[14:19] Starting main.py 
‚úÖ Connected to Remote PostgreSQL
üöÄ Starting DB driven processing loop...
‚ö†Ô∏è No pending rows found. Exiting loop.
üèÅ Finished DB loop.
[14:19] Execution finished. 
 
[14:24] Starting main.py 
‚úÖ Connected to Remote PostgreSQL
üöÄ Starting DB driven processing loop...
‚ö†Ô∏è No pending rows found. Exiting loop.
üèÅ Finished DB loop.
[14:24] Execution finished. 
 
[14:29] Starting main.py 
‚úÖ Connected to Remote PostgreSQL
üöÄ Starting DB driven processing loop...
‚ö†Ô∏è No pending rows found. Exiting loop.
üèÅ Finished DB loop.
[14:29] Execution finished. 
 
[14:34] Starting main.py 
‚úÖ Connected to Remote PostgreSQL
üöÄ Starting DB driven processing loop...
‚ö†Ô∏è No pending rows found. Exiting loop.
üèÅ Finished DB loop.
[14:34] Execution finished. 
 
[14:39] Starting main.py 
‚úÖ Connected to Remote PostgreSQL
üöÄ Starting DB driven processing loop...
‚ö†Ô∏è No pending rows found. Exiting loop.
üèÅ Finished DB loop.
[14:39] Execution finished. 
 
[14:44] Starting main.py 
‚úÖ Connected to Remote PostgreSQL
üöÄ Starting DB driven processing loop...
‚ö†Ô∏è No pending rows found. Exiting loop.
üèÅ Finished DB loop.
[14:44] Execution finished. 
 
[14:49] Starting main.py 
‚úÖ Connected to Remote PostgreSQL
üöÄ Starting DB driven processing loop...
‚ö†Ô∏è No pending rows found. Exiting loop.
üèÅ Finished DB loop.
[14:49] Execution finished. 
 
[14:54] Starting main.py 
‚úÖ Connected to Remote PostgreSQL
üöÄ Starting DB driven processing loop...
‚ö†Ô∏è No pending rows found. Exiting loop.
üèÅ Finished DB loop.
[14:54] Execution finished. 
 
[14:59] Starting main.py 
‚úÖ Connected to Remote PostgreSQL
üöÄ Starting DB driven processing loop...
‚ö†Ô∏è No pending rows found. Exiting loop.
üèÅ Finished DB loop.
[14:59] Execution finished. 
 
[15:04] Starting main.py 
‚úÖ Connected to Remote PostgreSQL
üöÄ Starting DB driven processing loop...
‚ö†Ô∏è No pending rows found. Exiting loop.
üèÅ Finished DB loop.
[15:04] Execution finished. 
 
[15:09] Starting main.py 
‚úÖ Connected to Remote PostgreSQL
üöÄ Starting DB driven processing loop...
‚ö†Ô∏è No pending rows found. Exiting loop.
üèÅ Finished DB loop.
[15:09] Execution finished. 
 
[15:14] Starting main.py 
‚úÖ Connected to Remote PostgreSQL
üöÄ Starting DB driven processing loop...
‚ö†Ô∏è No pending rows found. Exiting loop.
üèÅ Finished DB loop.
[15:14] Execution finished. 
 
[15:19] Starting main.py 
‚úÖ Connected to Remote PostgreSQL
üöÄ Starting DB driven processing loop...
‚ö†Ô∏è No pending rows found. Exiting loop.
üèÅ Finished DB loop.
[15:19] Execution finished. 
 
[15:24] Starting main.py 
‚úÖ Connected to Remote PostgreSQL
üöÄ Starting DB driven processing loop...
‚ö†Ô∏è No pending rows found. Exiting loop.
üèÅ Finished DB loop.
[15:24] Execution finished. 
 
[15:29] Starting main.py 
‚úÖ Connected to Remote PostgreSQL
üöÄ Starting DB driven processing loop...
‚ö†Ô∏è No pending rows found. Exiting loop.
üèÅ Finished DB loop.
[15:29] Execution finished. 
 
[15:34] Starting main.py 
‚úÖ Connected to Remote PostgreSQL
üöÄ Starting DB driven processing loop...
‚ö†Ô∏è No pending rows found. Exiting loop.
üèÅ Finished DB loop.
[15:34] Execution finished. 
 
[15:39] Starting main.py 
‚úÖ Connected to Remote PostgreSQL
üöÄ Starting DB driven processing loop...
‚ö†Ô∏è No pending rows found. Exiting loop.
üèÅ Finished DB loop.
[15:39] Execution finished. 
 
[15:44] Starting main.py 
‚úÖ Connected to Remote PostgreSQL
üöÄ Starting DB driven processing loop...
‚ö†Ô∏è No pending rows found. Exiting loop.
üèÅ Finished DB loop.
[15:44] Execution finished. 
 
[15:49] Starting main.py 
‚úÖ Connected to Remote PostgreSQL
üöÄ Starting DB driven processing loop...
‚ö†Ô∏è No pending rows found. Exiting loop.
üèÅ Finished DB loop.
[15:49] Execution finished. 
 
[15:54] Starting main.py 
‚úÖ Connected to Remote PostgreSQL
üöÄ Starting DB driven processing loop...
‚ö†Ô∏è No pending rows found. Exiting loop.
üèÅ Finished DB loop.
[15:54] Execution finished. 
 
[15:59] Starting main.py 
‚úÖ Connected to Remote PostgreSQL
üöÄ Starting DB driven processing loop...
‚ö†Ô∏è No pending rows found. Exiting loop.
üèÅ Finished DB loop.
[15:59] Execution finished. 
 
[16:04] Starting main.py 
‚úÖ Connected to Remote PostgreSQL
üöÄ Starting DB driven processing loop...
‚ö†Ô∏è No pending rows found. Exiting loop.
üèÅ Finished DB loop.
[16:04] Execution finished. 
 
[16:09] Starting main.py 
‚úÖ Connected to Remote PostgreSQL
üöÄ Starting DB driven processing loop...
‚ö†Ô∏è No pending rows found. Exiting loop.
üèÅ Finished DB loop.
[16:09] Execution finished. 
 
[16:14] Starting main.py 
‚úÖ Connected to Remote PostgreSQL
üöÄ Starting DB driven processing loop...
‚ö†Ô∏è No pending rows found. Exiting loop.
üèÅ Finished DB loop.
[16:14] Execution finished. 
 
[16:19] Starting main.py 
‚úÖ Connected to Remote PostgreSQL
üöÄ Starting DB driven processing loop...
‚ö†Ô∏è No pending rows found. Exiting loop.
üèÅ Finished DB loop.
[16:19] Execution finished. 
 
[16:24] Starting main.py 
‚úÖ Connected to Remote PostgreSQL
üöÄ Starting DB driven processing loop...
‚ö†Ô∏è No pending rows found. Exiting loop.
üèÅ Finished DB loop.
[16:24] Execution finished. 
 
[16:29] Starting main.py 
‚úÖ Connected to Remote PostgreSQL
üöÄ Starting DB driven processing loop...
‚ö†Ô∏è No pending rows found. Exiting loop.
üèÅ Finished DB loop.
[16:29] Execution finished. 
 
[16:34] Starting main.py 
‚úÖ Connected to Remote PostgreSQL
üöÄ Starting DB driven processing loop...
‚ö†Ô∏è No pending rows found. Exiting loop.
üèÅ Finished DB loop.
[16:34] Execution finished. 
 
[16:39] Starting main.py 
‚úÖ Connected to Remote PostgreSQL
üöÄ Starting DB driven processing loop...
‚ö†Ô∏è No pending rows found. Exiting loop.
üèÅ Finished DB loop.
[16:39] Execution finished. 
 
[16:44] Starting main.py 
‚úÖ Connected to Remote PostgreSQL
üöÄ Starting DB driven processing loop...
‚ö†Ô∏è No pending rows found. Exiting loop.
üèÅ Finished DB loop.
[16:44] Execution finished. 
 
[16:49] Starting main.py 
‚úÖ Connected to Remote PostgreSQL
üöÄ Starting DB driven processing loop...
‚ö†Ô∏è No pending rows found. Exiting loop.
üèÅ Finished DB loop.
[16:49] Execution finished. 
 
[16:54] Starting main.py 
‚úÖ Connected to Remote PostgreSQL
üöÄ Starting DB driven processing loop...
‚ö†Ô∏è No pending rows found. Exiting loop.
üèÅ Finished DB loop.
[16:54] Execution finished. 
 
[16:59] Starting main.py 
‚úÖ Connected to Remote PostgreSQL
üöÄ Starting DB driven processing loop...
‚ö†Ô∏è No pending rows found. Exiting loop.
üèÅ Finished DB loop.
[16:59] Execution finished. 
 
[17:04] Starting main.py 
‚úÖ Connected to Remote PostgreSQL
üöÄ Starting DB driven processing loop...
‚ö†Ô∏è No pending rows found. Exiting loop.
üèÅ Finished DB loop.
[17:04] Execution finished. 
 
[17:09] Starting main.py 
‚úÖ Connected to Remote PostgreSQL
üöÄ Starting DB driven processing loop...
‚ö†Ô∏è No pending rows found. Exiting loop.
üèÅ Finished DB loop.
[17:09] Execution finished. 
 
[17:14] Starting main.py 
‚úÖ Connected to Remote PostgreSQL
üöÄ Starting DB driven processing loop...
‚ö†Ô∏è No pending rows found. Exiting loop.
üèÅ Finished DB loop.
[17:14] Execution finished. 
 
[17:19] Starting main.py 
‚úÖ Connected to Remote PostgreSQL
üöÄ Starting DB driven processing loop...
‚ö†Ô∏è No pending rows found. Exiting loop.
üèÅ Finished DB loop.
[17:19] Execution finished. 
 
[17:24] Starting main.py 
‚úÖ Connected to Remote PostgreSQL
üöÄ Starting DB driven processing loop...
‚ö†Ô∏è No pending rows found. Exiting loop.
üèÅ Finished DB loop.
[17:24] Execution finished. 
 
[17:29] Starting main.py 
‚úÖ Connected to Remote PostgreSQL
üöÄ Starting DB driven processing loop...
‚ö†Ô∏è No pending rows found. Exiting loop.
üèÅ Finished DB loop.
[17:29] Execution finished. 
 
[17:34] Starting main.py 
‚úÖ Connected to Remote PostgreSQL
üöÄ Starting DB driven processing loop...
‚ö†Ô∏è No pending rows found. Exiting loop.
üèÅ Finished DB loop.
[17:34] Execution finished. 
 
[17:39] Starting main.py 
‚úÖ Connected to Remote PostgreSQL
üöÄ Starting DB driven processing loop...
‚ö†Ô∏è No pending rows found. Exiting loop.
üèÅ Finished DB loop.
[17:39] Execution finished. 
 
[17:44] Starting main.py 
‚úÖ Connected to Remote PostgreSQL
üöÄ Starting DB driven processing loop...
‚ö†Ô∏è No pending rows found. Exiting loop.
üèÅ Finished DB loop.
[17:44] Execution finished. 
 
[17:49] Starting main.py 
‚úÖ Connected to Remote PostgreSQL
üöÄ Starting DB driven processing loop...
‚ö†Ô∏è No pending rows found. Exiting loop.
üèÅ Finished DB loop.
[17:49] Execution finished. 
 
[17:54] Starting main.py 
‚úÖ Connected to Remote PostgreSQL
üöÄ Starting DB driven processing loop...
‚ö†Ô∏è No pending rows found. Exiting loop.
üèÅ Finished DB loop.
[17:54] Execution finished. 
 
[17:59] Starting main.py 
‚úÖ Connected to Remote PostgreSQL
üöÄ Starting DB driven processing loop...
‚ö†Ô∏è No pending rows found. Exiting loop.
üèÅ Finished DB loop.
[17:59] Execution finished. 
 
[18:04] Starting main.py 
‚úÖ Connected to Remote PostgreSQL
üöÄ Starting DB driven processing loop...
‚ö†Ô∏è No pending rows found. Exiting loop.
üèÅ Finished DB loop.
[18:04] Execution finished. 
 
[18:09] Starting main.py 
‚úÖ Connected to Remote PostgreSQL
üöÄ Starting DB driven processing loop...
‚ö†Ô∏è No pending rows found. Exiting loop.
üèÅ Finished DB loop.
[18:09] Execution finished. 
 
[18:14] Starting main.py 
‚úÖ Connected to Remote PostgreSQL
üöÄ Starting DB driven processing loop...
‚ö†Ô∏è No pending rows found. Exiting loop.
üèÅ Finished DB loop.
[18:14] Execution finished. 
 
[18:19] Starting main.py 
‚úÖ Connected to Remote PostgreSQL
üöÄ Starting DB driven processing loop...
‚ö†Ô∏è No pending rows found. Exiting loop.
üèÅ Finished DB loop.
[18:19] Execution finished. 
 
[18:24] Starting main.py 
‚úÖ Connected to Remote PostgreSQL
üöÄ Starting DB driven processing loop...
‚ö†Ô∏è No pending rows found. Exiting loop.
üèÅ Finished DB loop.
[18:24] Execution finished. 
 
[18:29] Starting main.py 
‚úÖ Connected to Remote PostgreSQL
üöÄ Starting DB driven processing loop...
‚ö†Ô∏è No pending rows found. Exiting loop.
üèÅ Finished DB loop.
[18:29] Execution finished. 
 
[18:34] Starting main.py 
‚úÖ Connected to Remote PostgreSQL
üöÄ Starting DB driven processing loop...
‚ö†Ô∏è No pending rows found. Exiting loop.
üèÅ Finished DB loop.
[18:34] Execution finished. 
 
[18:39] Starting main.py 
‚úÖ Connected to Remote PostgreSQL
üöÄ Starting DB driven processing loop...
‚ö†Ô∏è No pending rows found. Exiting loop.
üèÅ Finished DB loop.
[18:39] Execution finished. 
 
[18:44] Starting main.py 
‚úÖ Connected to Remote PostgreSQL
üöÄ Starting DB driven processing loop...
‚ö†Ô∏è No pending rows found. Exiting loop.
üèÅ Finished DB loop.
[18:44] Execution finished. 
 
[18:49] Starting main.py 
‚úÖ Connected to Remote PostgreSQL
üöÄ Starting DB driven processing loop...
‚ö†Ô∏è No pending rows found. Exiting loop.
üèÅ Finished DB loop.
[18:49] Execution finished. 
 
[18:54] Starting main.py 
‚úÖ Connected to Remote PostgreSQL
üöÄ Starting DB driven processing loop...
‚ö†Ô∏è No pending rows found. Exiting loop.
üèÅ Finished DB loop.
[18:54] Execution finished. 
 
[18:59] Starting main.py 
‚úÖ Connected to Remote PostgreSQL
üöÄ Starting DB driven processing loop...
‚ö†Ô∏è No pending rows found. Exiting loop.
üèÅ Finished DB loop.
[18:59] Execution finished. 
 
[19:04] Starting main.py 
‚úÖ Connected to Remote PostgreSQL
üöÄ Starting DB driven processing loop...
‚ö†Ô∏è No pending rows found. Exiting loop.
üèÅ Finished DB loop.
[19:04] Execution finished. 
 
[19:09] Starting main.py 
‚úÖ Connected to Remote PostgreSQL
üöÄ Starting DB driven processing loop...
‚ö†Ô∏è No pending rows found. Exiting loop.
üèÅ Finished DB loop.
[19:09] Execution finished. 
 
[19:14] Starting main.py 
‚úÖ Connected to Remote PostgreSQL
üöÄ Starting DB driven processing loop...
‚ö†Ô∏è No pending rows found. Exiting loop.
üèÅ Finished DB loop.
[19:14] Execution finished. 
 
[19:19] Starting main.py 
‚úÖ Connected to Remote PostgreSQL
üöÄ Starting DB driven processing loop...
‚ö†Ô∏è No pending rows found. Exiting loop.
üèÅ Finished DB loop.
[19:19] Execution finished. 
 
[19:24] Starting main.py 
‚úÖ Connected to Remote PostgreSQL
üöÄ Starting DB driven processing loop...
‚ö†Ô∏è No pending rows found. Exiting loop.
üèÅ Finished DB loop.
[19:24] Execution finished. 
 
[19:29] Starting main.py 
‚úÖ Connected to Remote PostgreSQL
üöÄ Starting DB driven processing loop...
‚ö†Ô∏è No pending rows found. Exiting loop.
üèÅ Finished DB loop.
[19:29] Execution finished. 
 
[19:34] Starting main.py 
‚úÖ Connected to Remote PostgreSQL
üöÄ Starting DB driven processing loop...
‚ö†Ô∏è No pending rows found. Exiting loop.
üèÅ Finished DB loop.
[19:34] Execution finished. 
 
[19:39] Starting main.py 
‚úÖ Connected to Remote PostgreSQL
üöÄ Starting DB driven processing loop...
‚ö†Ô∏è No pending rows found. Exiting loop.
üèÅ Finished DB loop.
[19:39] Execution finished. 
 
[19:44] Starting main.py 
‚úÖ Connected to Remote PostgreSQL
üöÄ Starting DB driven processing loop...
‚ö†Ô∏è No pending rows found. Exiting loop.
üèÅ Finished DB loop.
[19:44] Execution finished. 
 
[19:49] Starting main.py 
‚úÖ Connected to Remote PostgreSQL
üöÄ Starting DB driven processing loop...
‚ö†Ô∏è No pending rows found. Exiting loop.
üèÅ Finished DB loop.
[19:49] Execution finished. 
 
[19:54] Starting main.py 
‚úÖ Connected to Remote PostgreSQL
üöÄ Starting DB driven processing loop...
‚ö†Ô∏è No pending rows found. Exiting loop.
üèÅ Finished DB loop.
[19:54] Execution finished. 
 
[19:59] Starting main.py 
‚úÖ Connected to Remote PostgreSQL
üöÄ Starting DB driven processing loop...
‚ö†Ô∏è No pending rows found. Exiting loop.
üèÅ Finished DB loop.
[19:59] Execution finished. 
 
[20:04] Starting main.py 
‚úÖ Connected to Remote PostgreSQL
üöÄ Starting DB driven processing loop...
‚ö†Ô∏è No pending rows found. Exiting loop.
üèÅ Finished DB loop.
[20:04] Execution finished. 
 
[20:09] Starting main.py 
‚úÖ Connected to Remote PostgreSQL
üöÄ Starting DB driven processing loop...
‚ö†Ô∏è No pending rows found. Exiting loop.
üèÅ Finished DB loop.
[20:09] Execution finished. 
 
[20:14] Starting main.py 
‚úÖ Connected to Remote PostgreSQL
üöÄ Starting DB driven processing loop...
‚ö†Ô∏è No pending rows found. Exiting loop.
üèÅ Finished DB loop.
[20:14] Execution finished. 
 
[20:19] Starting main.py 
‚úÖ Connected to Remote PostgreSQL
üöÄ Starting DB driven processing loop...
‚ö†Ô∏è No pending rows found. Exiting loop.
üèÅ Finished DB loop.
[20:19] Execution finished. 
 
[20:24] Starting main.py 
‚úÖ Connected to Remote PostgreSQL
üöÄ Starting DB driven processing loop...
‚ö†Ô∏è No pending rows found. Exiting loop.
üèÅ Finished DB loop.
[20:24] Execution finished. 
 
[20:29] Starting main.py 
‚úÖ Connected to Remote PostgreSQL
üöÄ Starting DB driven processing loop...
‚ö†Ô∏è No pending rows found. Exiting loop.
üèÅ Finished DB loop.
[20:29] Execution finished. 
 
[20:34] Starting main.py 
‚úÖ Connected to Remote PostgreSQL
üöÄ Starting DB driven processing loop...
‚ö†Ô∏è No pending rows found. Exiting loop.
üèÅ Finished DB loop.
[20:34] Execution finished. 
 
[20:39] Starting main.py 
‚úÖ Connected to Remote PostgreSQL
üöÄ Starting DB driven processing loop...
‚ö†Ô∏è No pending rows found. Exiting loop.
üèÅ Finished DB loop.
[20:39] Execution finished. 
 
[20:44] Starting main.py 
‚úÖ Connected to Remote PostgreSQL
üöÄ Starting DB driven processing loop...
‚ö†Ô∏è No pending rows found. Exiting loop.
üèÅ Finished DB loop.
[20:44] Execution finished. 
 
[20:49] Starting main.py 
‚úÖ Connected to Remote PostgreSQL
üöÄ Starting DB driven processing loop...
‚ö†Ô∏è No pending rows found. Exiting loop.
üèÅ Finished DB loop.
[20:49] Execution finished. 
 
[20:54] Starting main.py 
‚úÖ Connected to Remote PostgreSQL
üöÄ Starting DB driven processing loop...
‚ö†Ô∏è No pending rows found. Exiting loop.
üèÅ Finished DB loop.
[20:54] Execution finished. 
 
[20:59] Starting main.py 
‚úÖ Connected to Remote PostgreSQL
üöÄ Starting DB driven processing loop...
‚ö†Ô∏è No pending rows found. Exiting loop.
üèÅ Finished DB loop.
[20:59] Execution finished. 
 
[21:04] Starting main.py 
‚úÖ Connected to Remote PostgreSQL
üöÄ Starting DB driven processing loop...
‚ö†Ô∏è No pending rows found. Exiting loop.
üèÅ Finished DB loop.
[21:04] Execution finished. 
 
[21:09] Starting main.py 
‚úÖ Connected to Remote PostgreSQL
üöÄ Starting DB driven processing loop...
‚ö†Ô∏è No pending rows found. Exiting loop.
üèÅ Finished DB loop.
[21:09] Execution finished. 
 
[21:14] Starting main.py 
‚úÖ Connected to Remote PostgreSQL
üöÄ Starting DB driven processing loop...
‚ö†Ô∏è No pending rows found. Exiting loop.
üèÅ Finished DB loop.
[21:14] Execution finished. 
 
[21:19] Starting main.py 
‚úÖ Connected to Remote PostgreSQL
üöÄ Starting DB driven processing loop...
‚ö†Ô∏è No pending rows found. Exiting loop.
üèÅ Finished DB loop.
[21:19] Execution finished. 
 
[21:24] Starting main.py 
‚úÖ Connected to Remote PostgreSQL
üöÄ Starting DB driven processing loop...
‚ö†Ô∏è No pending rows found. Exiting loop.
üèÅ Finished DB loop.
[21:24] Execution finished. 
 
[21:29] Starting main.py 
‚úÖ Connected to Remote PostgreSQL
üöÄ Starting DB driven processing loop...
‚ö†Ô∏è No pending rows found. Exiting loop.
üèÅ Finished DB loop.
[21:29] Execution finished. 
 
[21:34] Starting main.py 
‚úÖ Connected to Remote PostgreSQL
üöÄ Starting DB driven processing loop...
‚ö†Ô∏è No pending rows found. Exiting loop.
üèÅ Finished DB loop.
[21:34] Execution finished. 
 
[21:39] Starting main.py 
‚úÖ Connected to Remote PostgreSQL
üöÄ Starting DB driven processing loop...
‚ö†Ô∏è No pending rows found. Exiting loop.
üèÅ Finished DB loop.
[21:39] Execution finished. 
 
[21:44] Starting main.py 
‚úÖ Connected to Remote PostgreSQL
üöÄ Starting DB driven processing loop...
‚ö†Ô∏è No pending rows found. Exiting loop.
üèÅ Finished DB loop.
[21:44] Execution finished. 
 
[21:49] Starting main.py 
‚úÖ Connected to Remote PostgreSQL
üöÄ Starting DB driven processing loop...
‚ö†Ô∏è No pending rows found. Exiting loop.
üèÅ Finished DB loop.
[21:49] Execution finished. 
 
[21:54] Starting main.py 
‚úÖ Connected to Remote PostgreSQL
üöÄ Starting DB driven processing loop...
‚ö†Ô∏è No pending rows found. Exiting loop.
üèÅ Finished DB loop.
[21:54] Execution finished. 
 
[21:59] Starting main.py 
‚úÖ Connected to Remote PostgreSQL
üöÄ Starting DB driven processing loop...
‚ö†Ô∏è No pending rows found. Exiting loop.
üèÅ Finished DB loop.
[21:59] Execution finished. 
 
[22:04] Starting main.py 
‚úÖ Connected to Remote PostgreSQL
üöÄ Starting DB driven processing loop...
‚ö†Ô∏è No pending rows found. Exiting loop.
üèÅ Finished DB loop.
[22:04] Execution finished. 
 
[22:09] Starting main.py 
‚úÖ Connected to Remote PostgreSQL
üöÄ Starting DB driven processing loop...
‚ö†Ô∏è No pending rows found. Exiting loop.
üèÅ Finished DB loop.
[22:09] Execution finished. 
 
[22:14] Starting main.py 
‚úÖ Connected to Remote PostgreSQL
üöÄ Starting DB driven processing loop...
‚ö†Ô∏è No pending rows found. Exiting loop.
üèÅ Finished DB loop.
[22:14] Execution finished. 
 
[22:19] Starting main.py 
‚úÖ Connected to Remote PostgreSQL
üöÄ Starting DB driven processing loop...
‚ö†Ô∏è No pending rows found. Exiting loop.
üèÅ Finished DB loop.
[22:19] Execution finished. 
 
[22:24] Starting main.py 
‚úÖ Connected to Remote PostgreSQL
üöÄ Starting DB driven processing loop...
‚ö†Ô∏è No pending rows found. Exiting loop.
üèÅ Finished DB loop.
[22:24] Execution finished. 
 
[22:29] Starting main.py 
‚úÖ Connected to Remote PostgreSQL
üöÄ Starting DB driven processing loop...
‚ö†Ô∏è No pending rows found. Exiting loop.
üèÅ Finished DB loop.
[22:29] Execution finished. 
 
[22:34] Starting main.py 
‚úÖ Connected to Remote PostgreSQL
üöÄ Starting DB driven processing loop...
‚ö†Ô∏è No pending rows found. Exiting loop.
üèÅ Finished DB loop.
[22:34] Execution finished. 
 
[22:39] Starting main.py 
‚úÖ Connected to Remote PostgreSQL
üöÄ Starting DB driven processing loop...
‚ö†Ô∏è No pending rows found. Exiting loop.
üèÅ Finished DB loop.
[22:39] Execution finished. 
 
[22:44] Starting main.py 
‚úÖ Connected to Remote PostgreSQL
üöÄ Starting DB driven processing loop...
‚ö†Ô∏è No pending rows found. Exiting loop.
üèÅ Finished DB loop.
[22:44] Execution finished. 
 
[22:49] Starting main.py 
‚úÖ Connected to Remote PostgreSQL
üöÄ Starting DB driven processing loop...
‚ö†Ô∏è No pending rows found. Exiting loop.
üèÅ Finished DB loop.
[22:49] Execution finished. 
 
[22:54] Starting main.py 
‚úÖ Connected to Remote PostgreSQL
üöÄ Starting DB driven processing loop...
‚ö†Ô∏è No pending rows found. Exiting loop.
üèÅ Finished DB loop.
[22:54] Execution finished. 
 
[22:59] Starting main.py 
‚úÖ Connected to Remote PostgreSQL
üöÄ Starting DB driven processing loop...
‚ö†Ô∏è No pending rows found. Exiting loop.
üèÅ Finished DB loop.
[22:59] Execution finished. 
 
[23:04] Starting main.py 
‚úÖ Connected to Remote PostgreSQL
üöÄ Starting DB driven processing loop...
‚ö†Ô∏è No pending rows found. Exiting loop.
üèÅ Finished DB loop.
[23:04] Execution finished. 
 
[23:09] Starting main.py 
‚úÖ Connected to Remote PostgreSQL
üöÄ Starting DB driven processing loop...
‚ö†Ô∏è No pending rows found. Exiting loop.
üèÅ Finished DB loop.
[23:09] Execution finished. 
 
[23:14] Starting main.py 
‚úÖ Connected to Remote PostgreSQL
üöÄ Starting DB driven processing loop...
‚ö†Ô∏è No pending rows found. Exiting loop.
üèÅ Finished DB loop.
[23:14] Execution finished. 
 
[23:19] Starting main.py 
‚úÖ Connected to Remote PostgreSQL
üöÄ Starting DB driven processing loop...
‚ö†Ô∏è No pending rows found. Exiting loop.
üèÅ Finished DB loop.
[23:19] Execution finished. 
 
[23:24] Starting main.py 
‚úÖ Connected to Remote PostgreSQL
üöÄ Starting DB driven processing loop...
‚ö†Ô∏è No pending rows found. Exiting loop.
üèÅ Finished DB loop.
[23:24] Execution finished. 
 
[23:29] Starting main.py 
‚úÖ Connected to Remote PostgreSQL
üöÄ Starting DB driven processing loop...
‚ö†Ô∏è No pending rows found. Exiting loop.
üèÅ Finished DB loop.
[23:29] Execution finished. 
 
[23:34] Starting main.py 
‚úÖ Connected to Remote PostgreSQL
üöÄ Starting DB driven processing loop...
‚ö†Ô∏è No pending rows found. Exiting loop.
üèÅ Finished DB loop.
[23:34] Execution finished. 
 
[23:39] Starting main.py 
‚úÖ Connected to Remote PostgreSQL
üöÄ Starting DB driven processing loop...
‚ö†Ô∏è No pending rows found. Exiting loop.
üèÅ Finished DB loop.
[23:39] Execution finished. 
 
[23:44] Starting main.py 
‚úÖ Connected to Remote PostgreSQL
üöÄ Starting DB driven processing loop...
‚ö†Ô∏è No pending rows found. Exiting loop.
üèÅ Finished DB loop.
[23:44] Execution finished. 
 
[23:49] Starting main.py 
‚úÖ Connected to Remote PostgreSQL
üöÄ Starting DB driven processing loop...
‚ö†Ô∏è No pending rows found. Exiting loop.
üèÅ Finished DB loop.
[23:49] Execution finished. 
 
[23:54] Starting main.py 
‚úÖ Connected to Remote PostgreSQL
üöÄ Starting DB driven processing loop...
‚ö†Ô∏è No pending rows found. Exiting loop.
üèÅ Finished DB loop.
[23:54] Execution finished. 
 
[23:59] Starting main.py 
‚úÖ Connected to Remote PostgreSQL
üöÄ Starting DB driven processing loop...
‚ö†Ô∏è No pending rows found. Exiting loop.
üèÅ Finished DB loop.
[23:59] Execution finished. 
 
