===== Data Entry Log for 2025-10-02 ===== 
[20:51] Starting main.py 
Traceback (most recent call last):
  File "C:\KSS_Working\main.py", line 125, in <module>
    main()
    ~~~~^^
  File "C:\KSS_Working\main.py", line 84, in main
    print("\U0001f5c2\ufe0f  INPUT_DIR     :", INPUT_DIR)
    ~~~~~^^^^^^^^^^^^^^^^^^^^^^^^^^^^^^^^^^
  File "C:\Users\Administrator\AppData\Local\Programs\Python\Python313\Lib\encodings\cp1252.py", line 19, in encode
    return codecs.charmap_encode(input,self.errors,encoding_table)[0]
           ~~~~~~~~~~~~~~~~~~~~~^^^^^^^^^^^^^^^^^^^^^^^^^^^^^^^^^^
UnicodeEncodeError: 'charmap' codec can't encode characters in position 0-1: character maps to <undefined>
[20:51] Execution finished. 
 
[20:55] Starting main.py 
ğŸ—‚ï¸  INPUT_DIR     : C:\KSS_Working\input
ğŸ“¦ PROCESSED_DIR : C:\KSS_Working\processed
ğŸ§° FAILED_DIR    : C:\KSS_Working\failed

â–¶ï¸ Processing file: test_20251002_150152.json
ğŸ“¸ C:\KSS_Working\screenshots\00_login_page.png
ğŸ“¸ C:\KSS_Working\screenshots\01_credentials_typed.png
âœ… Clicked Sign in
âœ… Branch selected: ARAKKONAM
ğŸ“¸ C:\KSS_Working\screenshots\02_branch_selected.png
ğŸ“¸ C:\KSS_Working\screenshots\popup_handled_after_submit_attempt_1.png
âœ… Branch Submit clicked (handled popups if any)
ğŸ“¸ C:\KSS_Working\screenshots\03_after_branch_submit.png
â³ Waiting for Operations tile...
âš ï¸ Operations tile not found in time (Message: 
), navigating directly to MENU_URL
ğŸ“¸ C:\KSS_Working\screenshots\04_on_menu_page_attempt_1.png
âœ… On Menu page
ğŸ“¸ C:\KSS_Working\screenshots\05_booking_operation_expanded.png
âœ… Booking Operation expanded
ğŸ“¸ C:\KSS_Working\screenshots\06_consignment_clicked.png
âœ… Consignment clicked
âœ… API clicked; checking for iframe...
ğŸ” Found iframes: 1
ğŸ”„ Switched into iframe
ğŸ“¸ C:\KSS_Working\screenshots\07_consignment_form_ready.png
ğŸ¯ Consignment form is open and ready inside iframe
ğŸ“¸ C:\KSS_Working\screenshots\08_date_field_ready.png
ğŸ“… Date field is also ready
âœ… ConsignmentNo filled: 5247
ğŸ“¸ C:\KSS_Working\screenshots\test_20251002_150152_08_consignment_no.png
âœ… Date filled: 01.09.2025
ğŸ“¸ C:\KSS_Working\screenshots\test_20251002_150152_09_date_filled.png
âŒ Error while processing test_20251002_150152.json: Message: 

ğŸ“¦ Moved failed file to: C:\KSS_Working\failed\test_20251002_150152.json
â³ Waiting 30s for inspection before closing browser...

ğŸ¯ All files processed.
[20:55] Execution finished. 
 
